2024-09-30 12:53:23 [info] : [Platform Server] Regenerating BSP for standalone_ps7_cortexa9_0 domain of C:\Users\miwoj\Desktop\Zybo\GPIO_Interrupt\Vitis\platform platform output stream finished - platform. 
2024-09-30 12:54:08 [info] : [Platform Server] Generate platform output stream finished - platform. 
2024-09-30 12:59:01 [info] : [Build Server] Build output stream finished - app::. 
2024-09-30 12:59:17 [info] : [Debug Manager] Successfully verified the target connection used  Local 
2024-09-30 12:59:17 [info] : [Debug Manager] Starting launch in 'run' mode using configuration: {"type":"tcf-debug","request":"launch","name":"app_app_hw_1","debugType":"baremetal-zynq","attachToRunningTargetOptions":{"targetSetupMode":"standalone","executeScript":true,"scriptPath":""},"autoAttachProcessChildren":false,"target":{"targetConnectionId":"Local","peersIniPath":"../../../.peers.ini","context":"zynq"},"targetSetup":{"resetSystem":true,"programDevice":true,"resetAPU":false,"bitstreamFile":"${workspaceFolder}\\app\\_ide\\bitstream\\design_1_wrapper.bit","zynqInitialization":{"isFsbl":false,"usingFSBL":{"initWithFSBL":true,"fsblFile":"c:\\Users\\miwoj\\Desktop\\Zybo\\GPIO_Interrupt\\Vitis\\platform\\export\\platform\\sw\\boot\\fsbl.elf","fsblExitSymbol":"FsblHandoffJtagExit"},"usingPs7Init":{"runPs7Init":true,"runPs7PostInit":true,"ps7InitTclFile":"${workspaceFolder}\\app\\_ide\\psinit\\ps7_init.tcl"}},"downloadElf":[{"core":"ps7_cortexa9_0","resetProcessor":true,"elfFile":"${workspaceFolder}\\app\\build\\app.elf","stopAtEntry":false}],"crossTriggerBreakpoints":{"isSelected":false,"breakpoints":[]}},"internalConsoleOptions":"openOnSessionStart","__configUri":"file:///c%3A/Users/miwoj/Desktop/Zybo/GPIO_Interrupt/Vitis/app/_ide/.theia/launch.json"} 
2024-09-30 12:59:18 [info] : [Debug Manager] Disabling breakpoints in the tool to enable run mode for 'app_app_hw_1'. 
2024-09-30 12:59:18 [info] : [Debug Manager] Launch session has started on the configuration 'app_app_hw_1' 
2024-09-30 12:59:35 [info] : [Debug Manager] Launch session has terminated on the configuration 'app_app_hw_1' 
2024-09-30 12:59:35 [info] : [Debug Manager] Enabling breakpoints after running the application using 'app_app_hw_1'. 
2024-09-30 12:59:56 [info] : [Debug Manager] Successfully verified the target connection used  Local 
2024-09-30 12:59:56 [info] : [Debug Manager] Starting launch in 'run' mode using configuration: {"type":"tcf-debug","request":"launch","name":"app_app_hw_1","debugType":"baremetal-zynq","attachToRunningTargetOptions":{"targetSetupMode":"standalone","executeScript":true,"scriptPath":""},"autoAttachProcessChildren":false,"target":{"targetConnectionId":"Local","peersIniPath":"../../../.peers.ini","context":"zynq"},"targetSetup":{"resetSystem":true,"programDevice":true,"resetAPU":false,"bitstreamFile":"${workspaceFolder}\\app\\_ide\\bitstream\\design_1_wrapper.bit","zynqInitialization":{"isFsbl":false,"usingFSBL":{"initWithFSBL":true,"fsblFile":"c:\\Users\\miwoj\\Desktop\\Zybo\\GPIO_Interrupt\\Vitis\\platform\\export\\platform\\sw\\boot\\fsbl.elf","fsblExitSymbol":"FsblHandoffJtagExit"},"usingPs7Init":{"runPs7Init":true,"runPs7PostInit":true,"ps7InitTclFile":"${workspaceFolder}\\app\\_ide\\psinit\\ps7_init.tcl"}},"downloadElf":[{"core":"ps7_cortexa9_0","resetProcessor":true,"elfFile":"${workspaceFolder}\\app\\build\\app.elf","stopAtEntry":false}],"crossTriggerBreakpoints":{"isSelected":false,"breakpoints":[]}},"internalConsoleOptions":"openOnSessionStart","__configUri":"file:///c%3A/Users/miwoj/Desktop/Zybo/GPIO_Interrupt/Vitis/app/_ide/.theia/launch.json"} 
2024-09-30 12:59:56 [info] : [Debug Manager] Disabling breakpoints in the tool to enable run mode for 'app_app_hw_1'. 
2024-09-30 12:59:57 [info] : [Debug Manager] Launch session has started on the configuration 'app_app_hw_1' 
2024-09-30 15:21:29 [info] : [Platform Server] Generate platform output stream finished - platform. 
2024-09-30 15:21:38 [info] : [Build Server] Build output stream finished - app::. 
2024-09-30 15:22:03 [info] : [Build Server] Build output stream finished - app::. 
2024-09-30 15:22:11 [info] : [Build Server] Build output stream finished - app::. 
2024-09-30 15:22:30 [info] : [Build Server] Build output stream finished - app::. 
2024-09-30 15:22:34 [info] : [Build Server] Build output stream finished - app::. 
2024-09-30 15:23:09 [info] : [Build Server] Build output stream finished - app::. 
2024-09-30 15:23:17 [info] : [Debug Manager] Successfully verified the target connection used  Local 
2024-09-30 15:23:17 [info] : [Debug Manager] Starting launch in 'run' mode using configuration: {"type":"tcf-debug","request":"launch","name":"app_app_hw_1","debugType":"baremetal-zynq","attachToRunningTargetOptions":{"targetSetupMode":"standalone","executeScript":true,"scriptPath":""},"autoAttachProcessChildren":false,"target":{"targetConnectionId":"Local","peersIniPath":"../../../.peers.ini","context":"zynq"},"targetSetup":{"resetSystem":true,"programDevice":true,"resetAPU":false,"bitstreamFile":"${workspaceFolder}\\app\\_ide\\bitstream\\design_1_wrapper.bit","zynqInitialization":{"isFsbl":false,"usingFSBL":{"initWithFSBL":true,"fsblFile":"c:\\Users\\miwoj\\Desktop\\Zybo\\GPIO_Interrupt\\Vitis\\platform\\export\\platform\\sw\\boot\\fsbl.elf","fsblExitSymbol":"FsblHandoffJtagExit"},"usingPs7Init":{"runPs7Init":true,"runPs7PostInit":true,"ps7InitTclFile":"${workspaceFolder}\\app\\_ide\\psinit\\ps7_init.tcl"}},"downloadElf":[{"core":"ps7_cortexa9_0","resetProcessor":true,"elfFile":"${workspaceFolder}\\app\\build\\app.elf","stopAtEntry":false}],"crossTriggerBreakpoints":{"isSelected":false,"breakpoints":[]}},"internalConsoleOptions":"openOnSessionStart","__configUri":"file:///c%3A/Users/miwoj/Desktop/Zybo/GPIO_Interrupt/Vitis/app/_ide/.theia/launch.json"} 
2024-09-30 15:23:52 [info] : [Debug Manager] Successfully verified the target connection used  Local 
2024-09-30 15:23:52 [info] : [Debug Manager] Starting launch in 'debug' mode using configuration: {"type":"tcf-debug","request":"launch","name":"app_app_hw_1","debugType":"baremetal-zynq","attachToRunningTargetOptions":{"targetSetupMode":"standalone","executeScript":true,"scriptPath":""},"autoAttachProcessChildren":false,"target":{"targetConnectionId":"Local","peersIniPath":"../../../.peers.ini","context":"zynq"},"targetSetup":{"resetSystem":true,"programDevice":true,"resetAPU":false,"bitstreamFile":"${workspaceFolder}\\app\\_ide\\bitstream\\design_1_wrapper.bit","zynqInitialization":{"isFsbl":false,"usingFSBL":{"initWithFSBL":true,"fsblFile":"c:\\Users\\miwoj\\Desktop\\Zybo\\GPIO_Interrupt\\Vitis\\platform\\export\\platform\\sw\\boot\\fsbl.elf","fsblExitSymbol":"FsblHandoffJtagExit"},"usingPs7Init":{"runPs7Init":true,"runPs7PostInit":true,"ps7InitTclFile":"${workspaceFolder}\\app\\_ide\\psinit\\ps7_init.tcl"}},"downloadElf":[{"core":"ps7_cortexa9_0","resetProcessor":true,"elfFile":"${workspaceFolder}\\app\\build\\app.elf","stopAtEntry":false}],"crossTriggerBreakpoints":{"isSelected":false,"breakpoints":[]}},"internalConsoleOptions":"openOnSessionStart","__configUri":"file:///c%3A/Users/miwoj/Desktop/Zybo/GPIO_Interrupt/Vitis/app/_ide/.theia/launch.json"} 
2024-09-30 15:23:54 [info] : [Debug Manager] Launch session has terminated on the configuration 'app_app_hw_1' 
2024-09-30 15:23:54 [info] : [Debug Manager] Enabling breakpoints after running the application using 'app_app_hw_1'. 
2024-09-30 15:24:05 [info] : [Debug Manager] Successfully verified the target connection used  Local 
2024-09-30 15:24:05 [info] : [Debug Manager] Starting launch in 'debug' mode using configuration: {"type":"tcf-debug","request":"launch","name":"app_app_hw_1","debugType":"baremetal-zynq","attachToRunningTargetOptions":{"targetSetupMode":"standalone","executeScript":true,"scriptPath":""},"autoAttachProcessChildren":false,"target":{"targetConnectionId":"Local","peersIniPath":"../../../.peers.ini","context":"zynq"},"targetSetup":{"resetSystem":true,"programDevice":true,"resetAPU":false,"bitstreamFile":"${workspaceFolder}\\app\\_ide\\bitstream\\design_1_wrapper.bit","zynqInitialization":{"isFsbl":false,"usingFSBL":{"initWithFSBL":true,"fsblFile":"c:\\Users\\miwoj\\Desktop\\Zybo\\GPIO_Interrupt\\Vitis\\platform\\export\\platform\\sw\\boot\\fsbl.elf","fsblExitSymbol":"FsblHandoffJtagExit"},"usingPs7Init":{"runPs7Init":true,"runPs7PostInit":true,"ps7InitTclFile":"${workspaceFolder}\\app\\_ide\\psinit\\ps7_init.tcl"}},"downloadElf":[{"core":"ps7_cortexa9_0","resetProcessor":true,"elfFile":"${workspaceFolder}\\app\\build\\app.elf","stopAtEntry":false}],"crossTriggerBreakpoints":{"isSelected":false,"breakpoints":[]}},"internalConsoleOptions":"openOnSessionStart","__configUri":"file:///c%3A/Users/miwoj/Desktop/Zybo/GPIO_Interrupt/Vitis/app/_ide/.theia/launch.json"} 
2024-09-30 15:24:06 [info] : [Debug Manager] Added breakpoint:main 
2024-09-30 15:24:06 [info] : [Debug Manager] Added breakpoint:_exit 
2024-09-30 15:24:06 [info] : [Debug Manager] Launch session has started on the configuration 'app_app_hw_1' 
2024-09-30 15:25:35 [info] : [Debug Manager] Removed breakpoint: main 
2024-09-30 15:25:35 [info] : [Debug Manager] Removed breakpoint: _exit 
2024-09-30 15:25:35 [info] : [Debug Manager] Launch session has terminated on the configuration 'app_app_hw_1' 
2024-09-30 15:25:35 [info] : [Debug Manager] Added breakpoint:main 
2024-09-30 15:25:35 [info] : [Debug Manager] Added breakpoint:_exit 
2024-09-30 15:25:36 [info] : [Debug Manager] Launch session has started on the configuration 'app_app_hw_1' 
2024-09-30 15:25:36 [info] : [Debug Manager] Removed breakpoint: main 
2024-09-30 15:25:36 [info] : [Debug Manager] Removed breakpoint: _exit 
2024-09-30 15:25:36 [info] : [Debug Manager] Launch session has terminated on the configuration 'app_app_hw_1' 
2024-09-30 15:25:45 [info] : [Debug Manager] Successfully verified the target connection used  Local 
2024-09-30 15:25:45 [info] : [Debug Manager] Starting launch in 'debug' mode using configuration: {"type":"tcf-debug","request":"launch","name":"app_app_hw_1","debugType":"baremetal-zynq","attachToRunningTargetOptions":{"targetSetupMode":"standalone","executeScript":true,"scriptPath":""},"autoAttachProcessChildren":false,"target":{"targetConnectionId":"Local","peersIniPath":"../../../.peers.ini","context":"zynq"},"targetSetup":{"resetSystem":true,"programDevice":true,"resetAPU":false,"bitstreamFile":"${workspaceFolder}\\app\\_ide\\bitstream\\design_1_wrapper.bit","zynqInitialization":{"isFsbl":false,"usingFSBL":{"initWithFSBL":true,"fsblFile":"c:\\Users\\miwoj\\Desktop\\Zybo\\GPIO_Interrupt\\Vitis\\platform\\export\\platform\\sw\\boot\\fsbl.elf","fsblExitSymbol":"FsblHandoffJtagExit"},"usingPs7Init":{"runPs7Init":true,"runPs7PostInit":true,"ps7InitTclFile":"${workspaceFolder}\\app\\_ide\\psinit\\ps7_init.tcl"}},"downloadElf":[{"core":"ps7_cortexa9_0","resetProcessor":true,"elfFile":"${workspaceFolder}\\app\\build\\app.elf","stopAtEntry":false}],"crossTriggerBreakpoints":{"isSelected":false,"breakpoints":[]}},"internalConsoleOptions":"openOnSessionStart","__configUri":"file:///c%3A/Users/miwoj/Desktop/Zybo/GPIO_Interrupt/Vitis/app/_ide/.theia/launch.json"} 
2024-09-30 15:25:45 [info] : [Debug Manager] Added breakpoint:main 
2024-09-30 15:25:45 [info] : [Debug Manager] Added breakpoint:_exit 
2024-09-30 15:25:46 [info] : [Debug Manager] Launch session has started on the configuration 'app_app_hw_1' 
2024-09-30 15:26:40 [info] : [Debug Manager] Removed breakpoint: main 
2024-09-30 15:26:40 [info] : [Debug Manager] Removed breakpoint: _exit 
2024-09-30 15:26:40 [info] : [Debug Manager] Launch session has terminated on the configuration 'app_app_hw_1' 
2024-09-30 15:26:49 [info] : [Debug Manager] Successfully verified the target connection used  Local 
2024-09-30 15:26:49 [info] : [Debug Manager] Starting launch in 'debug' mode using configuration: {"type":"tcf-debug","request":"launch","name":"app_app_hw_1","debugType":"baremetal-zynq","attachToRunningTargetOptions":{"targetSetupMode":"standalone","executeScript":true,"scriptPath":""},"autoAttachProcessChildren":false,"target":{"targetConnectionId":"Local","peersIniPath":"../../../.peers.ini","context":"zynq"},"targetSetup":{"resetSystem":true,"programDevice":true,"resetAPU":false,"bitstreamFile":"${workspaceFolder}\\app\\_ide\\bitstream\\design_1_wrapper.bit","zynqInitialization":{"isFsbl":false,"usingFSBL":{"initWithFSBL":true,"fsblFile":"c:\\Users\\miwoj\\Desktop\\Zybo\\GPIO_Interrupt\\Vitis\\platform\\export\\platform\\sw\\boot\\fsbl.elf","fsblExitSymbol":"FsblHandoffJtagExit"},"usingPs7Init":{"runPs7Init":true,"runPs7PostInit":true,"ps7InitTclFile":"${workspaceFolder}\\app\\_ide\\psinit\\ps7_init.tcl"}},"downloadElf":[{"core":"ps7_cortexa9_0","resetProcessor":true,"elfFile":"${workspaceFolder}\\app\\build\\app.elf","stopAtEntry":false}],"crossTriggerBreakpoints":{"isSelected":false,"breakpoints":[]}},"internalConsoleOptions":"openOnSessionStart","__configUri":"file:///c%3A/Users/miwoj/Desktop/Zybo/GPIO_Interrupt/Vitis/app/_ide/.theia/launch.json"} 
2024-09-30 15:26:50 [info] : [Debug Manager] Added breakpoint:main 
2024-09-30 15:26:50 [info] : [Debug Manager] Added breakpoint:_exit 
2024-09-30 15:26:50 [info] : [Debug Manager] Launch session has started on the configuration 'app_app_hw_1' 
2024-09-30 15:28:45 [info] : [Debug Manager] Removed breakpoint: main 
2024-09-30 15:28:45 [info] : [Debug Manager] Removed breakpoint: _exit 
2024-09-30 15:28:45 [info] : [Debug Manager] Launch session has terminated on the configuration 'app_app_hw_1' 
2024-09-30 15:28:50 [info] : [Build Server] Build output stream finished - app::. 
2024-09-30 15:29:00 [info] : [Debug Manager] Successfully verified the target connection used  Local 
2024-09-30 15:29:00 [info] : [Debug Manager] Starting launch in 'run' mode using configuration: {"type":"tcf-debug","request":"launch","name":"app_app_hw_1","debugType":"baremetal-zynq","attachToRunningTargetOptions":{"targetSetupMode":"standalone","executeScript":true,"scriptPath":""},"autoAttachProcessChildren":false,"target":{"targetConnectionId":"Local","peersIniPath":"../../../.peers.ini","context":"zynq"},"targetSetup":{"resetSystem":true,"programDevice":true,"resetAPU":false,"bitstreamFile":"${workspaceFolder}\\app\\_ide\\bitstream\\design_1_wrapper.bit","zynqInitialization":{"isFsbl":false,"usingFSBL":{"initWithFSBL":true,"fsblFile":"c:\\Users\\miwoj\\Desktop\\Zybo\\GPIO_Interrupt\\Vitis\\platform\\export\\platform\\sw\\boot\\fsbl.elf","fsblExitSymbol":"FsblHandoffJtagExit"},"usingPs7Init":{"runPs7Init":true,"runPs7PostInit":true,"ps7InitTclFile":"${workspaceFolder}\\app\\_ide\\psinit\\ps7_init.tcl"}},"downloadElf":[{"core":"ps7_cortexa9_0","resetProcessor":true,"elfFile":"${workspaceFolder}\\app\\build\\app.elf","stopAtEntry":false}],"crossTriggerBreakpoints":{"isSelected":false,"breakpoints":[]}},"internalConsoleOptions":"openOnSessionStart","__configUri":"file:///c%3A/Users/miwoj/Desktop/Zybo/GPIO_Interrupt/Vitis/app/_ide/.theia/launch.json"} 
2024-09-30 15:29:01 [info] : [Debug Manager] Disabling breakpoints in the tool to enable run mode for 'app_app_hw_1'. 
2024-09-30 15:29:01 [info] : [Debug Manager] Launch session has started on the configuration 'app_app_hw_1' 
2024-09-30 15:29:16 [info] : [Build Server] Build output stream finished - app::. 
2024-09-30 15:29:27 [info] : [Debug Manager] Successfully verified the target connection used  Local 
2024-09-30 15:29:27 [info] : [Debug Manager] Starting launch in 'run' mode using configuration: {"type":"tcf-debug","request":"launch","name":"app_app_hw_1","debugType":"baremetal-zynq","attachToRunningTargetOptions":{"targetSetupMode":"standalone","executeScript":true,"scriptPath":""},"autoAttachProcessChildren":false,"target":{"targetConnectionId":"Local","peersIniPath":"../../../.peers.ini","context":"zynq"},"targetSetup":{"resetSystem":true,"programDevice":true,"resetAPU":false,"bitstreamFile":"${workspaceFolder}\\app\\_ide\\bitstream\\design_1_wrapper.bit","zynqInitialization":{"isFsbl":false,"usingFSBL":{"initWithFSBL":true,"fsblFile":"c:\\Users\\miwoj\\Desktop\\Zybo\\GPIO_Interrupt\\Vitis\\platform\\export\\platform\\sw\\boot\\fsbl.elf","fsblExitSymbol":"FsblHandoffJtagExit"},"usingPs7Init":{"runPs7Init":true,"runPs7PostInit":true,"ps7InitTclFile":"${workspaceFolder}\\app\\_ide\\psinit\\ps7_init.tcl"}},"downloadElf":[{"core":"ps7_cortexa9_0","resetProcessor":true,"elfFile":"${workspaceFolder}\\app\\build\\app.elf","stopAtEntry":false}],"crossTriggerBreakpoints":{"isSelected":false,"breakpoints":[]}},"internalConsoleOptions":"openOnSessionStart","__configUri":"file:///c%3A/Users/miwoj/Desktop/Zybo/GPIO_Interrupt/Vitis/app/_ide/.theia/launch.json"} 
2024-09-30 15:29:33 [info] : [Debug Manager] Launch session has terminated on the configuration 'app_app_hw_1' 
2024-09-30 15:29:33 [info] : [Debug Manager] Enabling breakpoints after running the application using 'app_app_hw_1'. 
2024-09-30 15:32:22 [info] : [Build Server] Build output stream finished - app::. 
2024-09-30 15:32:36 [info] : [Debug Manager] Successfully verified the target connection used  Local 
2024-09-30 15:32:36 [info] : [Debug Manager] Starting launch in 'run' mode using configuration: {"type":"tcf-debug","request":"launch","name":"app_app_hw_1","debugType":"baremetal-zynq","attachToRunningTargetOptions":{"targetSetupMode":"standalone","executeScript":true,"scriptPath":""},"autoAttachProcessChildren":false,"target":{"targetConnectionId":"Local","peersIniPath":"../../../.peers.ini","context":"zynq"},"targetSetup":{"resetSystem":true,"programDevice":true,"resetAPU":false,"bitstreamFile":"${workspaceFolder}\\app\\_ide\\bitstream\\design_1_wrapper.bit","zynqInitialization":{"isFsbl":false,"usingFSBL":{"initWithFSBL":true,"fsblFile":"c:\\Users\\miwoj\\Desktop\\Zybo\\GPIO_Interrupt\\Vitis\\platform\\export\\platform\\sw\\boot\\fsbl.elf","fsblExitSymbol":"FsblHandoffJtagExit"},"usingPs7Init":{"runPs7Init":true,"runPs7PostInit":true,"ps7InitTclFile":"${workspaceFolder}\\app\\_ide\\psinit\\ps7_init.tcl"}},"downloadElf":[{"core":"ps7_cortexa9_0","resetProcessor":true,"elfFile":"${workspaceFolder}\\app\\build\\app.elf","stopAtEntry":false}],"crossTriggerBreakpoints":{"isSelected":false,"breakpoints":[]}},"internalConsoleOptions":"openOnSessionStart","__configUri":"file:///c%3A/Users/miwoj/Desktop/Zybo/GPIO_Interrupt/Vitis/app/_ide/.theia/launch.json"} 
2024-09-30 15:32:37 [info] : [Debug Manager] Disabling breakpoints in the tool to enable run mode for 'app_app_hw_1'. 
2024-09-30 15:32:37 [info] : [Debug Manager] Launch session has started on the configuration 'app_app_hw_1' 
2024-09-30 15:32:43 [info] : [Debug Manager] Launch session has terminated on the configuration 'app_app_hw_1' 
2024-09-30 15:32:43 [info] : [Debug Manager] Enabling breakpoints after running the application using 'app_app_hw_1'. 
2024-09-30 15:32:55 [info] : [Build Server] Build output stream finished - app::. 
2024-09-30 15:33:10 [info] : [Debug Manager] Successfully verified the target connection used  Local 
2024-09-30 15:33:10 [info] : [Debug Manager] Starting launch in 'run' mode using configuration: {"type":"tcf-debug","request":"launch","name":"app_app_hw_1","debugType":"baremetal-zynq","attachToRunningTargetOptions":{"targetSetupMode":"standalone","executeScript":true,"scriptPath":""},"autoAttachProcessChildren":false,"target":{"targetConnectionId":"Local","peersIniPath":"../../../.peers.ini","context":"zynq"},"targetSetup":{"resetSystem":true,"programDevice":true,"resetAPU":false,"bitstreamFile":"${workspaceFolder}\\app\\_ide\\bitstream\\design_1_wrapper.bit","zynqInitialization":{"isFsbl":false,"usingFSBL":{"initWithFSBL":true,"fsblFile":"c:\\Users\\miwoj\\Desktop\\Zybo\\GPIO_Interrupt\\Vitis\\platform\\export\\platform\\sw\\boot\\fsbl.elf","fsblExitSymbol":"FsblHandoffJtagExit"},"usingPs7Init":{"runPs7Init":true,"runPs7PostInit":true,"ps7InitTclFile":"${workspaceFolder}\\app\\_ide\\psinit\\ps7_init.tcl"}},"downloadElf":[{"core":"ps7_cortexa9_0","resetProcessor":true,"elfFile":"${workspaceFolder}\\app\\build\\app.elf","stopAtEntry":false}],"crossTriggerBreakpoints":{"isSelected":false,"breakpoints":[]}},"internalConsoleOptions":"openOnSessionStart","__configUri":"file:///c%3A/Users/miwoj/Desktop/Zybo/GPIO_Interrupt/Vitis/app/_ide/.theia/launch.json"} 
2024-09-30 15:33:10 [info] : [Debug Manager] Disabling breakpoints in the tool to enable run mode for 'app_app_hw_1'. 
2024-09-30 15:33:11 [info] : [Debug Manager] Launch session has started on the configuration 'app_app_hw_1' 
2024-09-30 15:33:46 [info] : [Build Server] Build output stream finished - app::. 
2024-09-30 15:33:53 [info] : [Debug Manager] Successfully verified the target connection used  Local 
2024-09-30 15:33:53 [info] : [Debug Manager] Starting launch in 'run' mode using configuration: {"type":"tcf-debug","request":"launch","name":"app_app_hw_1","debugType":"baremetal-zynq","attachToRunningTargetOptions":{"targetSetupMode":"standalone","executeScript":true,"scriptPath":""},"autoAttachProcessChildren":false,"target":{"targetConnectionId":"Local","peersIniPath":"../../../.peers.ini","context":"zynq"},"targetSetup":{"resetSystem":true,"programDevice":true,"resetAPU":false,"bitstreamFile":"${workspaceFolder}\\app\\_ide\\bitstream\\design_1_wrapper.bit","zynqInitialization":{"isFsbl":false,"usingFSBL":{"initWithFSBL":true,"fsblFile":"c:\\Users\\miwoj\\Desktop\\Zybo\\GPIO_Interrupt\\Vitis\\platform\\export\\platform\\sw\\boot\\fsbl.elf","fsblExitSymbol":"FsblHandoffJtagExit"},"usingPs7Init":{"runPs7Init":true,"runPs7PostInit":true,"ps7InitTclFile":"${workspaceFolder}\\app\\_ide\\psinit\\ps7_init.tcl"}},"downloadElf":[{"core":"ps7_cortexa9_0","resetProcessor":true,"elfFile":"${workspaceFolder}\\app\\build\\app.elf","stopAtEntry":false}],"crossTriggerBreakpoints":{"isSelected":false,"breakpoints":[]}},"internalConsoleOptions":"openOnSessionStart","__configUri":"file:///c%3A/Users/miwoj/Desktop/Zybo/GPIO_Interrupt/Vitis/app/_ide/.theia/launch.json"} 
2024-09-30 15:33:56 [info] : [Debug Manager] Launch session has terminated on the configuration 'app_app_hw_1' 
2024-09-30 15:33:56 [info] : [Debug Manager] Enabling breakpoints after running the application using 'app_app_hw_1'. 
2024-09-30 15:34:01 [info] : [Build Server] Build output stream finished - app::. 
2024-09-30 15:34:17 [info] : [Debug Manager] Successfully verified the target connection used  Local 
2024-09-30 15:34:17 [info] : [Debug Manager] Starting launch in 'run' mode using configuration: {"type":"tcf-debug","request":"launch","name":"app_app_hw_1","debugType":"baremetal-zynq","attachToRunningTargetOptions":{"targetSetupMode":"standalone","executeScript":true,"scriptPath":""},"autoAttachProcessChildren":false,"target":{"targetConnectionId":"Local","peersIniPath":"../../../.peers.ini","context":"zynq"},"targetSetup":{"resetSystem":true,"programDevice":true,"resetAPU":false,"bitstreamFile":"${workspaceFolder}\\app\\_ide\\bitstream\\design_1_wrapper.bit","zynqInitialization":{"isFsbl":false,"usingFSBL":{"initWithFSBL":true,"fsblFile":"c:\\Users\\miwoj\\Desktop\\Zybo\\GPIO_Interrupt\\Vitis\\platform\\export\\platform\\sw\\boot\\fsbl.elf","fsblExitSymbol":"FsblHandoffJtagExit"},"usingPs7Init":{"runPs7Init":true,"runPs7PostInit":true,"ps7InitTclFile":"${workspaceFolder}\\app\\_ide\\psinit\\ps7_init.tcl"}},"downloadElf":[{"core":"ps7_cortexa9_0","resetProcessor":true,"elfFile":"${workspaceFolder}\\app\\build\\app.elf","stopAtEntry":false}],"crossTriggerBreakpoints":{"isSelected":false,"breakpoints":[]}},"internalConsoleOptions":"openOnSessionStart","__configUri":"file:///c%3A/Users/miwoj/Desktop/Zybo/GPIO_Interrupt/Vitis/app/_ide/.theia/launch.json"} 
2024-09-30 15:34:17 [info] : [Debug Manager] Disabling breakpoints in the tool to enable run mode for 'app_app_hw_1'. 
2024-09-30 15:34:18 [info] : [Debug Manager] Launch session has started on the configuration 'app_app_hw_1' 
2024-09-30 15:35:59 [info] : [Build Server] Build output stream finished - app::. 
2024-09-30 15:36:07 [info] : [Debug Manager] Successfully verified the target connection used  Local 
2024-09-30 15:36:07 [info] : [Debug Manager] Starting launch in 'run' mode using configuration: {"type":"tcf-debug","request":"launch","name":"app_app_hw_1","debugType":"baremetal-zynq","attachToRunningTargetOptions":{"targetSetupMode":"standalone","executeScript":true,"scriptPath":""},"autoAttachProcessChildren":false,"target":{"targetConnectionId":"Local","peersIniPath":"../../../.peers.ini","context":"zynq"},"targetSetup":{"resetSystem":true,"programDevice":true,"resetAPU":false,"bitstreamFile":"${workspaceFolder}\\app\\_ide\\bitstream\\design_1_wrapper.bit","zynqInitialization":{"isFsbl":false,"usingFSBL":{"initWithFSBL":true,"fsblFile":"c:\\Users\\miwoj\\Desktop\\Zybo\\GPIO_Interrupt\\Vitis\\platform\\export\\platform\\sw\\boot\\fsbl.elf","fsblExitSymbol":"FsblHandoffJtagExit"},"usingPs7Init":{"runPs7Init":true,"runPs7PostInit":true,"ps7InitTclFile":"${workspaceFolder}\\app\\_ide\\psinit\\ps7_init.tcl"}},"downloadElf":[{"core":"ps7_cortexa9_0","resetProcessor":true,"elfFile":"${workspaceFolder}\\app\\build\\app.elf","stopAtEntry":false}],"crossTriggerBreakpoints":{"isSelected":false,"breakpoints":[]}},"internalConsoleOptions":"openOnSessionStart","__configUri":"file:///c%3A/Users/miwoj/Desktop/Zybo/GPIO_Interrupt/Vitis/app/_ide/.theia/launch.json"} 
2024-09-30 15:57:45 [info] : [Debug Manager] Launch session has terminated on the configuration 'app_app_hw_1' 
2024-09-30 15:57:45 [info] : [Debug Manager] Enabling breakpoints after running the application using 'app_app_hw_1'. 
