Copyright 1986-2022 Xilinx, Inc. All Rights Reserved. Copyright 2022-2024 Advanced Micro Devices, Inc. All Rights Reserved.
---------------------------------------------------------------------------------------------------------------------------------------------
| Tool Version : Vivado v.2024.1 (win64) Build 5076996 Wed May 22 18:37:14 MDT 2024
| Date         : Mon Dec  9 08:53:23 2024
| Host         : Soeren-Laptop running 64-bit major release  (build 9200)
| Command      : report_control_sets -verbose -file MC_wrapper_control_sets_placed.rpt
| Design       : MC_wrapper
| Device       : xc7z020
---------------------------------------------------------------------------------------------------------------------------------------------

Control Set Information

Table of Contents
-----------------
1. Summary
2. Histogram
3. Flip-Flop Distribution
4. Detailed Control Set Information

1. Summary
----------

+----------------------------------------------------------+-------+
|                          Status                          | Count |
+----------------------------------------------------------+-------+
| Total control sets                                       |    50 |
|    Minimum number of control sets                        |    50 |
|    Addition due to synthesis replication                 |     0 |
|    Addition due to physical synthesis replication        |     0 |
| Unused register locations in slices containing registers |   149 |
+----------------------------------------------------------+-------+
* Control sets can be merged at opt_design using control_set_merge or merge_equivalent_drivers
** Run report_qor_suggestions for automated merging and remapping suggestions


2. Histogram
------------

+--------------------+-------+
|       Fanout       | Count |
+--------------------+-------+
| Total control sets |    50 |
| >= 0 to < 4        |     2 |
| >= 4 to < 6        |     8 |
| >= 6 to < 8        |     2 |
| >= 8 to < 10       |     2 |
| >= 10 to < 12      |     1 |
| >= 12 to < 14      |     6 |
| >= 14 to < 16      |     3 |
| >= 16              |    26 |
+--------------------+-------+
* Control sets can be remapped at either synth_design or opt_design


3. Flip-Flop Distribution
-------------------------

+--------------+-----------------------+------------------------+-----------------+--------------+
| Clock Enable | Synchronous Set/Reset | Asynchronous Set/Reset | Total Registers | Total Slices |
+--------------+-----------------------+------------------------+-----------------+--------------+
| No           | No                    | No                     |             254 |           81 |
| No           | No                    | Yes                    |               0 |            0 |
| No           | Yes                   | No                     |             285 |           91 |
| Yes          | No                    | No                     |             457 |          101 |
| Yes          | No                    | Yes                    |               0 |            0 |
| Yes          | Yes                   | No                     |             215 |           64 |
+--------------+-----------------------+------------------------+-----------------+--------------+


4. Detailed Control Set Information
-----------------------------------

+-----------------------------------------------+----------------------------------------------------------------------------------------------------------------------------------------------------------+-------------------------------------------------------------------------------------------------------------------------------------------------+------------------+----------------+--------------+
|                  Clock Signal                 |                                                                       Enable Signal                                                                      |                                                                 Set/Reset Signal                                                                | Slice Load Count | Bel Load Count | Bels / Slice |
+-----------------------------------------------+----------------------------------------------------------------------------------------------------------------------------------------------------------+-------------------------------------------------------------------------------------------------------------------------------------------------+------------------+----------------+--------------+
|  MC_i/processing_system7_0/inst/FCLK_CLK0     | MC_i/ps7_0_axi_periph/s00_couplers/auto_pc/inst/gen_axilite.gen_b2s_conv.axilite_b2s/WR.aw_channel_0/aw_cmd_fsm_0/FSM_sequential_state_reg[0]_1          | MC_i/ps7_0_axi_periph/s00_couplers/auto_pc/inst/gen_axilite.gen_b2s_conv.axilite_b2s/WR.aw_channel_0/aw_cmd_fsm_0/FSM_sequential_state_reg[0]_0 |                1 |              1 |         1.00 |
|  MC_i/processing_system7_0/inst/FCLK_CLK0     | MC_i/ps7_0_axi_periph/s00_couplers/auto_pc/inst/gen_axilite.gen_b2s_conv.axilite_b2s/WR.b_channel_0/bid_fifo_0/sel                                       |                                                                                                                                                 |                1 |              2 |         2.00 |
|  MC_i/processing_system7_0/inst/FCLK_CLK0     |                                                                                                                                                          | MC_i/rst_ps7_0_100M/U0/EXT_LPF/lpf_int                                                                                                          |                3 |              4 |         1.33 |
|  MC_i/processing_system7_0/inst/FCLK_CLK0     |                                                                                                                                                          | MC_i/ps7_0_axi_periph/s00_couplers/auto_pc/inst/gen_axilite.gen_b2s_conv.axilite_b2s/SI_REG/aw.aw_pipe/aresetn_d_reg[1]_inv_0                   |                4 |              4 |         1.00 |
|  MC_i/processing_system7_0/inst/FCLK_CLK0     |                                                                                                                                                          | MC_i/axi_gpio_0/U0/AXI_LITE_IPIF_I/I_SLAVE_ATTACHMENT/clear                                                                                     |                1 |              4 |         4.00 |
|  MC_i/processing_system7_0/inst/FCLK_CLK0     | MC_i/ps7_0_axi_periph/s00_couplers/auto_pc/inst/gen_axilite.gen_b2s_conv.axilite_b2s/RD.ar_channel_0/ar_cmd_fsm_0/m_axi_arready_2                        | MC_i/ps7_0_axi_periph/s00_couplers/auto_pc/inst/gen_axilite.gen_b2s_conv.axilite_b2s/RD.ar_channel_0/ar_cmd_fsm_0/FSM_sequential_state_reg[1]_0 |                2 |              4 |         2.00 |
|  MC_i/processing_system7_0/inst/FCLK_CLK0     |                                                                                                                                                          | MC_i/ps7_0_axi_periph/s00_couplers/auto_pc/inst/gen_axilite.gen_b2s_conv.axilite_b2s/SI_REG/aw.aw_pipe/aresetn_d_reg[0]_0                       |                2 |              4 |         2.00 |
|  MC_i/processing_system7_0/inst/FCLK_CLK0     | MC_i/xadc_wiz_0/U0/AXI_XADC_CORE_I/D[6]                                                                                                                  | MC_i/xadc_wiz_0/U0/AXI_LITE_IPIF_I/I_SLAVE_ATTACHMENT/reset2ip_reset                                                                            |                1 |              4 |         4.00 |
|  MC_i/processing_system7_0/inst/FCLK_CLK0     | MC_i/ps7_0_axi_periph/s00_couplers/auto_pc/inst/gen_axilite.gen_b2s_conv.axilite_b2s/RD.r_channel_0/rd_data_fifo_0/cnt_read[4]_i_1__0_n_0                | MC_i/ps7_0_axi_periph/s00_couplers/auto_pc/inst/gen_axilite.gen_b2s_conv.axilite_b2s/areset_d1                                                  |                2 |              5 |         2.50 |
|  MC_i/processing_system7_0/inst/FCLK_CLK0     | MC_i/ps7_0_axi_periph/s00_couplers/auto_pc/inst/gen_axilite.gen_b2s_conv.axilite_b2s/RD.r_channel_0/transaction_fifo_0/cnt_read[4]_i_1_n_0               | MC_i/ps7_0_axi_periph/s00_couplers/auto_pc/inst/gen_axilite.gen_b2s_conv.axilite_b2s/areset_d1                                                  |                2 |              5 |         2.50 |
|  MC_i/processing_system7_0/inst/FCLK_CLK0     | MC_i/rst_ps7_0_100M/U0/SEQ/seq_cnt_en                                                                                                                    | MC_i/rst_ps7_0_100M/U0/SEQ/SEQ_COUNTER/clear                                                                                                    |                1 |              6 |         6.00 |
|  MC_i/processing_system7_0/inst/FCLK_CLK0     |                                                                                                                                                          | MC_i/xadc_wiz_0/U0/AXI_LITE_IPIF_I/I_SLAVE_ATTACHMENT/INCLUDE_DPHASE_TIMER.dpto_cnt0                                                            |                3 |              7 |         2.33 |
|  MC_i/processing_system7_0/inst/FCLK_CLK0     | MC_i/axi_gpio_0/U0/AXI_LITE_IPIF_I/I_SLAVE_ATTACHMENT/bus2ip_addr_i[8]_i_1_n_0                                                                           | MC_i/axi_gpio_0/U0/AXI_LITE_IPIF_I/I_SLAVE_ATTACHMENT/SR[0]                                                                                     |                1 |              8 |         8.00 |
|  MC_i/processing_system7_0/inst/FCLK_CLK0     | MC_i/ps7_0_axi_periph/s00_couplers/auto_pc/inst/gen_axilite.gen_b2s_conv.axilite_b2s/WR.b_channel_0/mhandshake_r                                         | MC_i/ps7_0_axi_periph/s00_couplers/auto_pc/inst/gen_axilite.gen_b2s_conv.axilite_b2s/WR.b_channel_0/bid_fifo_0/SR[0]                            |                3 |              8 |         2.67 |
|  MC_i/processing_system7_0/inst/FCLK_CLK0     |                                                                                                                                                          | MC_i/ps7_0_axi_periph/s00_couplers/auto_pc/inst/gen_axilite.gen_b2s_conv.axilite_b2s/areset_d1                                                  |                5 |             10 |         2.00 |
|  MC_i/processing_system7_0/inst/FCLK_CLK0     |                                                                                                                                                          | MC_i/ps7_0_axi_periph/xbar/inst/gen_sasd.crossbar_sasd_0/addr_arbiter_inst/SR[0]                                                                |                4 |             12 |         3.00 |
|  MC_i/processing_system7_0/inst/FCLK_CLK0     | MC_i/ps7_0_axi_periph/s00_couplers/auto_pc/inst/gen_axilite.gen_b2s_conv.axilite_b2s/WR.aw_channel_0/cmd_translator_0/incr_cmd_0/axaddr_incr[11]_i_1_n_0 |                                                                                                                                                 |                2 |             12 |         6.00 |
|  MC_i/processing_system7_0/inst/FCLK_CLK0     | MC_i/ps7_0_axi_periph/s00_couplers/auto_pc/inst/gen_axilite.gen_b2s_conv.axilite_b2s/WR.aw_channel_0/aw_cmd_fsm_0/m_valid_i_reg[0]                       |                                                                                                                                                 |                5 |             12 |         2.40 |
|  MC_i/processing_system7_0/inst/FCLK_CLK0     | MC_i/ps7_0_axi_periph/s00_couplers/auto_pc/inst/gen_axilite.gen_b2s_conv.axilite_b2s/RD.ar_channel_0/ar_cmd_fsm_0/E[0]                                   |                                                                                                                                                 |                3 |             12 |         4.00 |
|  MC_i/processing_system7_0/inst/FCLK_CLK0     | MC_i/ps7_0_axi_periph/s00_couplers/auto_pc/inst/gen_axilite.gen_b2s_conv.axilite_b2s/RD.ar_channel_0/ar_cmd_fsm_0/sel_first_reg[0]                       |                                                                                                                                                 |                3 |             12 |         4.00 |
|  MC_i/processing_system7_0/inst/FCLK_CLK0     | MC_i/ps7_0_axi_periph/s00_couplers/auto_pc/inst/gen_axilite.gen_b2s_conv.axilite_b2s/RD.r_channel_0/r_push_r                                             |                                                                                                                                                 |                4 |             13 |         3.25 |
|  MC_i/processing_system7_0/inst/FCLK_CLK0     | MC_i/ps7_0_axi_periph/s00_couplers/auto_pc/inst/gen_axilite.gen_b2s_conv.axilite_b2s/SI_REG/b.b_pipe/s_ready_i_reg_0                                     |                                                                                                                                                 |                2 |             14 |         7.00 |
|  MC_i/processing_system7_0/inst/FCLK_CLK0     | MC_i/ps7_0_axi_periph/s00_couplers/auto_pc/inst/gen_axilite.gen_b2s_conv.axilite_b2s/SI_REG/b.b_pipe/p_1_in                                              |                                                                                                                                                 |                2 |             14 |         7.00 |
|  MC_i/processing_system7_0/inst/FCLK_CLK0     | MC_i/ps7_0_axi_periph/xbar/inst/gen_sasd.crossbar_sasd_0/reg_slice_r/aa_rready                                                                           |                                                                                                                                                 |                7 |             15 |         2.14 |
|  MC_i/processing_system7_0/inst/FCLK_CLK0     |                                                                                                                                                          | MC_i/xadc_wiz_0/U0/AXI_XADC_CORE_I/do_reg[15]_i_1_n_0                                                                                           |                5 |             16 |         3.20 |
|  MC_i/processing_system7_0/inst/FCLK_CLK0     | MC_i/ps7_0_axi_periph/s00_couplers/auto_pc/inst/gen_axilite.gen_b2s_conv.axilite_b2s/WR.aw_channel_0/aw_cmd_fsm_0/m_axi_awready_0                        |                                                                                                                                                 |                3 |             16 |         5.33 |
|  MC_i/processing_system7_0/inst/FCLK_CLK0     |                                                                                                                                                          | MC_i/axi_gpio_0/U0/gpio_core_1/Not_Dual.ALLIN1_ND.READ_REG_GEN[16].reg1[31]_i_1_n_0                                                             |                5 |             17 |         3.40 |
|  MC_i/SDC_Monitor_CAR_0/U0/startup_delay_1sec |                                                                                                                                                          |                                                                                                                                                 |                8 |             17 |         2.12 |
|  MC_i/processing_system7_0/inst/FCLK_CLK0     | MC_i/axi_gpio_0/U0/AXI_LITE_IPIF_I/I_SLAVE_ATTACHMENT/I_DECODER/E[0]                                                                                     | MC_i/axi_gpio_0/U0/AXI_LITE_IPIF_I/I_SLAVE_ATTACHMENT/SR[0]                                                                                     |                3 |             17 |         5.67 |
|  MC_i/processing_system7_0/inst/FCLK_CLK0     | MC_i/xadc_wiz_0/U0/AXI_LITE_IPIF_I/I_SLAVE_ATTACHMENT/I_DECODER/E[0]                                                                                     | MC_i/xadc_wiz_0/U0/AXI_LITE_IPIF_I/I_SLAVE_ATTACHMENT/reset2ip_reset                                                                            |                8 |             17 |         2.12 |
|  MC_i/processing_system7_0/inst/FCLK_CLK0     | MC_i/axi_gpio_0/U0/AXI_LITE_IPIF_I/I_SLAVE_ATTACHMENT/s_axi_rresp_i                                                                                      | MC_i/axi_gpio_0/U0/AXI_LITE_IPIF_I/I_SLAVE_ATTACHMENT/SR[0]                                                                                     |                5 |             19 |         3.80 |
|  MC_i/processing_system7_0/inst/FCLK_CLK0     | MC_i/xadc_wiz_0/U0/AXI_LITE_IPIF_I/I_SLAVE_ATTACHMENT/s_axi_rresp_i                                                                                      | MC_i/xadc_wiz_0/U0/AXI_LITE_IPIF_I/I_SLAVE_ATTACHMENT/SR[0]                                                                                     |                5 |             20 |         4.00 |
|  MC_i/processing_system7_0/inst/FCLK_CLK0     | MC_i/axi_gpio_0/U0/AXI_LITE_IPIF_I/I_SLAVE_ATTACHMENT/start2                                                                                             | MC_i/axi_gpio_0/U0/AXI_LITE_IPIF_I/I_SLAVE_ATTACHMENT/I_DECODER/cs_ce_clr                                                                       |                4 |             21 |         5.25 |
|  MC_i/processing_system7_0/inst/FCLK_CLK0     | MC_i/ps7_0_axi_periph/s00_couplers/auto_pc/inst/gen_axilite.gen_b2s_conv.axilite_b2s/RD.ar_channel_0/ar_cmd_fsm_0/m_axi_arready_2                        |                                                                                                                                                 |                7 |             21 |         3.00 |
|  MC_i/processing_system7_0/inst/FCLK_CLK0     | MC_i/ps7_0_axi_periph/xbar/inst/gen_sasd.crossbar_sasd_0/addr_arbiter_inst/p_0_in1_in                                                                    | MC_i/ps7_0_axi_periph/xbar/inst/gen_sasd.crossbar_sasd_0/addr_arbiter_inst/SR[0]                                                                |                8 |             24 |         3.00 |
|  MC_i/processing_system7_0/inst/FCLK_CLK0     | MC_i/ps7_0_axi_periph/s00_couplers/auto_pc/inst/gen_axilite.gen_b2s_conv.axilite_b2s/WR.aw_channel_0/aw_cmd_fsm_0/FSM_sequential_state_reg[0]_1          |                                                                                                                                                 |               10 |             24 |         2.40 |
|  MC_i/processing_system7_0/inst/FCLK_CLK0     | MC_i/xadc_wiz_0/U0/AXI_LITE_IPIF_I/I_SLAVE_ATTACHMENT/I_DECODER/start                                                                                    | MC_i/xadc_wiz_0/U0/AXI_LITE_IPIF_I/I_SLAVE_ATTACHMENT/I_DECODER/cs_ce_clr                                                                       |                9 |             25 |         2.78 |
|  MC_i/processing_system7_0/inst/FCLK_CLK0     |                                                                                                                                                          | MC_i/xadc_wiz_0/U0/AXI_LITE_IPIF_I/I_SLAVE_ATTACHMENT/SR[0]                                                                                     |                7 |             26 |         3.71 |
|  MC_i/processing_system7_0/inst/FCLK_CLK0     | MC_i/SDC_Monitor_CAR_0/U0/counter[30]_i_2_n_0                                                                                                            | MC_i/SDC_Monitor_CAR_0/U0/counter_reg0                                                                                                          |                9 |             31 |         3.44 |
|  MC_i/processing_system7_0/inst/FCLK_CLK0     | MC_i/ps7_0_axi_periph/s00_couplers/auto_pc/inst/gen_axilite.gen_b2s_conv.axilite_b2s/RD.r_channel_0/rd_data_fifo_0/wr_en0                                |                                                                                                                                                 |                9 |             34 |         3.78 |
|  MC_i/processing_system7_0/inst/FCLK_CLK0     | MC_i/ps7_0_axi_periph/xbar/inst/gen_sasd.crossbar_sasd_0/addr_arbiter_inst/E[0]                                                                          |                                                                                                                                                 |                6 |             35 |         5.83 |
|  MC_i/processing_system7_0/inst/FCLK_CLK0     | MC_i/ps7_0_axi_periph/s00_couplers/auto_pc/inst/gen_axilite.gen_b2s_conv.axilite_b2s/SI_REG/r.r_pipe/s_ready_i_reg_0                                     |                                                                                                                                                 |                8 |             47 |         5.88 |
|  MC_i/processing_system7_0/inst/FCLK_CLK0     | MC_i/ps7_0_axi_periph/s00_couplers/auto_pc/inst/gen_axilite.gen_b2s_conv.axilite_b2s/SI_REG/r.r_pipe/p_1_in                                              |                                                                                                                                                 |                8 |             47 |         5.88 |
|  MC_i/processing_system7_0/inst/FCLK_CLK0     | MC_i/ps7_0_axi_periph/s00_couplers/auto_pc/inst/gen_axilite.gen_b2s_conv.axilite_b2s/SI_REG/ar.ar_pipe/s_ready_i_reg_0                                   |                                                                                                                                                 |                9 |             48 |         5.33 |
|  MC_i/processing_system7_0/inst/FCLK_CLK0     | MC_i/ps7_0_axi_periph/s00_couplers/auto_pc/inst/gen_axilite.gen_b2s_conv.axilite_b2s/SI_REG/aw.aw_pipe/s_ready_i_reg_0                                   |                                                                                                                                                 |                8 |             48 |         6.00 |
|  MC_i/processing_system7_0/inst/FCLK_CLK0     | MC_i/ps7_0_axi_periph/s00_couplers/auto_pc/inst/gen_axilite.gen_b2s_conv.axilite_b2s/RD.ar_channel_0/ar_cmd_fsm_0/m_valid_i_reg[0]                       |                                                                                                                                                 |               12 |             48 |         4.00 |
|  MC_i/processing_system7_0/inst/FCLK_CLK0     | MC_i/ps7_0_axi_periph/s00_couplers/auto_pc/inst/gen_axilite.gen_b2s_conv.axilite_b2s/WR.aw_channel_0/aw_cmd_fsm_0/E[0]                                   |                                                                                                                                                 |                9 |             48 |         5.33 |
|  MC_i/processing_system7_0/inst/FCLK_CLK0     |                                                                                                                                                          | MC_i/axi_gpio_0/U0/AXI_LITE_IPIF_I/I_SLAVE_ATTACHMENT/SR[0]                                                                                     |               24 |             66 |         2.75 |
|  MC_i/processing_system7_0/inst/FCLK_CLK0     |                                                                                                                                                          | MC_i/xadc_wiz_0/U0/AXI_LITE_IPIF_I/I_SLAVE_ATTACHMENT/reset2ip_reset                                                                            |               28 |            115 |         4.11 |
|  MC_i/processing_system7_0/inst/FCLK_CLK0     |                                                                                                                                                          |                                                                                                                                                 |               74 |            238 |         3.22 |
+-----------------------------------------------+----------------------------------------------------------------------------------------------------------------------------------------------------------+-------------------------------------------------------------------------------------------------------------------------------------------------+------------------+----------------+--------------+


