#-----------------------------------------------------------
# Vivado v2024.1 (64-bit)
# SW Build 5076996 on Wed May 22 18:37:14 MDT 2024
# IP Build 5075265 on Wed May 22 21:45:21 MDT 2024
# SharedData Build 5076995 on Wed May 22 18:29:18 MDT 2024
# Start of session at: Mon Dec 23 11:07:17 2024
# Process ID: 5924
# Current directory: C:/B_Git/MCS/MC/MC_V1/Vivado
# Command line: vivado.exe -gui_launcher_event rodinguilauncherevent11256 C:\B_Git\MCS\MC\MC_V1\Vivado\Vivado.xpr
# Log file: C:/B_Git/MCS/MC/MC_V1/Vivado/vivado.log
# Journal file: C:/B_Git/MCS/MC/MC_V1/Vivado\vivado.jou
# Running On        :mikkelsPC
# Platform          :Windows Server 2016 or Windows 10
# Operating System  :22631
# Processor Detail  :11th Gen Intel(R) Core(TM) i5-1135G7 @ 2.40GHz
# CPU Frequency     :2419 MHz
# CPU Physical cores:4
# CPU Logical cores :8
# Host memory       :8379 MB
# Swap memory       :21474 MB
# Total Virtual     :29854 MB
# Available Virtual :13326 MB
#-----------------------------------------------------------
start_gui
open_project C:/B_Git/MCS/MC/MC_V1/Vivado/Vivado.xpr
WARNING: [Board 49-26] cannot add Board Part xilinx.com:vek280_es:part0:1.0 available at C:/Vivado/2024.1/data/xhub/boards/XilinxBoardStore/boards/Xilinx/vek280/es/rev_a/1.0/board.xml as part xcve2802-vsvh1760-2lp-e-s-es1 specified in board_part file is either invalid or not available
WARNING: [Board 49-26] cannot add Board Part xilinx.com:vek280_es:part0:1.1 available at C:/Vivado/2024.1/data/xhub/boards/XilinxBoardStore/boards/Xilinx/vek280/es/rev_a/1.1/board.xml as part xcve2802-vsvh1760-2lp-e-s-es1 specified in board_part file is either invalid or not available
WARNING: [Board 49-26] cannot add Board Part xilinx.com:vek280_es_revb:part0:1.0 available at C:/Vivado/2024.1/data/xhub/boards/XilinxBoardStore/boards/Xilinx/vek280/es/rev_b/1.0/board.xml as part xcve2802-vsvh1760-2mp-e-s-es1 specified in board_part file is either invalid or not available
WARNING: [Board 49-26] cannot add Board Part xilinx.com:vek280_es_revb:part0:1.1 available at C:/Vivado/2024.1/data/xhub/boards/XilinxBoardStore/boards/Xilinx/vek280/es/rev_b/1.1/board.xml as part xcve2802-vsvh1760-2mp-e-s-es1 specified in board_part file is either invalid or not available
WARNING: [Board 49-26] cannot add Board Part xilinx.com:vhk158_es:part0:1.0 available at C:/Vivado/2024.1/data/xhub/boards/XilinxBoardStore/boards/Xilinx/vhk158/es/1.0/board.xml as part xcvh1582-vsva3697-2mp-e-s-es1 specified in board_part file is either invalid or not available
WARNING: [Board 49-26] cannot add Board Part xilinx.com:vhk158_es:part0:1.1 available at C:/Vivado/2024.1/data/xhub/boards/XilinxBoardStore/boards/Xilinx/vhk158/es/1.1/board.xml as part xcvh1582-vsva3697-2mp-e-s-es1 specified in board_part file is either invalid or not available
WARNING: [Board 49-26] cannot add Board Part xilinx.com:zcu208ld:part0:2.0 available at C:/Vivado/2024.1/data/xhub/boards/XilinxBoardStore/boards/Xilinx/zcu208ld/production/2.0/board.xml as part xczu58dr-fsvg1517-2-i specified in board_part file is either invalid or not available
WARNING: [Board 49-26] cannot add Board Part xilinx.com:zcu216ld:part0:2.0 available at C:/Vivado/2024.1/data/xhub/boards/XilinxBoardStore/boards/Xilinx/zcu216ld/production/2.0/board.xml as part xczu59dr-ffvf1760-2-i specified in board_part file is either invalid or not available
WARNING: [Board 49-26] cannot add Board Part xilinx.com:zcu670ld:part0:1.0 available at C:/Vivado/2024.1/data/xhub/boards/XilinxBoardStore/boards/Xilinx/zcu670ld/1.0/board.xml as part xczu57dr-fsve1156-2-i specified in board_part file is either invalid or not available
Scanning sources...
Finished scanning sources
INFO: [IP_Flow 19-234] Refreshing IP repositories
INFO: [IP_Flow 19-1704] No user IP repositories specified
INFO: [IP_Flow 19-2313] Loaded Vivado IP repository 'C:/Vivado/2024.1/data/ip'.
open_project: Time (s): cpu = 00:00:11 ; elapsed = 00:00:24 . Memory (MB): peak = 1640.516 ; gain = 478.559
update_compile_order -fileset sources_1
open_bd_design {C:/B_Git/MCS/MC/MC_V1/Vivado/Vivado.srcs/sources_1/bd/MC/MC.bd}
Reading block design file <C:/B_Git/MCS/MC/MC_V1/Vivado/Vivado.srcs/sources_1/bd/MC/MC.bd>...
Adding component instance block -- xilinx.com:ip:processing_system7:5.5 - processing_system7_0
Adding component instance block -- xilinx.com:ip:axi_gpio:2.0 - axi_gpio_0
Adding component instance block -- xilinx.com:ip:axi_interconnect:2.1 - ps7_0_axi_periph
Adding component instance block -- xilinx.com:ip:axi_protocol_converter:2.1 - auto_pc
Adding component instance block -- xilinx.com:ip:proc_sys_reset:5.0 - rst_ps7_0_100M
Adding component instance block -- xilinx.com:ip:xlconstant:1.1 - xlconstant_0
Adding component instance block -- xilinx.com:module_ref:SDC_Monitor_CAR:1.0 - SDC_Monitor_CAR_0
Adding component instance block -- xilinx.com:ip:xlconstant:1.1 - xlconstant_1
Adding component instance block -- xilinx.com:ip:xlconstant:1.1 - xlconstant
Successfully read diagram <MC> from block design file <C:/B_Git/MCS/MC/MC_V1/Vivado/Vivado.srcs/sources_1/bd/MC/MC.bd>
open_bd_design: Time (s): cpu = 00:00:05 ; elapsed = 00:00:10 . Memory (MB): peak = 1767.910 ; gain = 110.035
CRITICAL WARNING: [PSU-1]  Parameter : PCW_UIPARAM_DDR_DQS_TO_CLK_DELAY_0 has negative value -0.073 . PS DDR interfaces might fail when entering negative DQS skew values. 
CRITICAL WARNING: [PSU-2]  Parameter : PCW_UIPARAM_DDR_DQS_TO_CLK_DELAY_1 has negative value -0.072 . PS DDR interfaces might fail when entering negative DQS skew values. 
CRITICAL WARNING: [PSU-1]  Parameter : PCW_UIPARAM_DDR_DQS_TO_CLK_DELAY_0 has negative value -0.073 . PS DDR interfaces might fail when entering negative DQS skew values. 
CRITICAL WARNING: [PSU-2]  Parameter : PCW_UIPARAM_DDR_DQS_TO_CLK_DELAY_1 has negative value -0.072 . PS DDR interfaces might fail when entering negative DQS skew values. 
WARNING: [IP_Flow 19-474] Invalid Parameter 'Component_Name'
CRITICAL WARNING: [PSU-1]  Parameter : PCW_UIPARAM_DDR_DQS_TO_CLK_DELAY_0 has negative value -0.073 . PS DDR interfaces might fail when entering negative DQS skew values. 
CRITICAL WARNING: [PSU-2]  Parameter : PCW_UIPARAM_DDR_DQS_TO_CLK_DELAY_1 has negative value -0.072 . PS DDR interfaces might fail when entering negative DQS skew values. 
CRITICAL WARNING: [PSU-1]  Parameter : PCW_UIPARAM_DDR_DQS_TO_CLK_DELAY_0 has negative value -0.073 . PS DDR interfaces might fail when entering negative DQS skew values. 
CRITICAL WARNING: [PSU-2]  Parameter : PCW_UIPARAM_DDR_DQS_TO_CLK_DELAY_1 has negative value -0.072 . PS DDR interfaces might fail when entering negative DQS skew values. 
WARNING: [IP_Flow 19-474] Invalid Parameter 'Component_Name'
CRITICAL WARNING: [PSU-1]  Parameter : PCW_UIPARAM_DDR_DQS_TO_CLK_DELAY_0 has negative value -0.073 . PS DDR interfaces might fail when entering negative DQS skew values. 
CRITICAL WARNING: [PSU-2]  Parameter : PCW_UIPARAM_DDR_DQS_TO_CLK_DELAY_1 has negative value -0.072 . PS DDR interfaces might fail when entering negative DQS skew values. 
CRITICAL WARNING: [PSU-1]  Parameter : PCW_UIPARAM_DDR_DQS_TO_CLK_DELAY_0 has negative value -0.073 . PS DDR interfaces might fail when entering negative DQS skew values. 
CRITICAL WARNING: [PSU-2]  Parameter : PCW_UIPARAM_DDR_DQS_TO_CLK_DELAY_1 has negative value -0.072 . PS DDR interfaces might fail when entering negative DQS skew values. 
WARNING: [IP_Flow 19-474] Invalid Parameter 'Component_Name'
CRITICAL WARNING: [PSU-1]  Parameter : PCW_UIPARAM_DDR_DQS_TO_CLK_DELAY_0 has negative value -0.073 . PS DDR interfaces might fail when entering negative DQS skew values. 
CRITICAL WARNING: [PSU-2]  Parameter : PCW_UIPARAM_DDR_DQS_TO_CLK_DELAY_1 has negative value -0.072 . PS DDR interfaces might fail when entering negative DQS skew values. 
CRITICAL WARNING: [PSU-1]  Parameter : PCW_UIPARAM_DDR_DQS_TO_CLK_DELAY_0 has negative value -0.073 . PS DDR interfaces might fail when entering negative DQS skew values. 
CRITICAL WARNING: [PSU-2]  Parameter : PCW_UIPARAM_DDR_DQS_TO_CLK_DELAY_1 has negative value -0.072 . PS DDR interfaces might fail when entering negative DQS skew values. 
startgroup
set_property -dict [list \
  CONFIG.PCW_CAN_PERIPHERAL_CLKSRC {ARM PLL} \
  CONFIG.PCW_QSPI_GRP_SINGLE_SS_ENABLE {1} \
] [get_bd_cells processing_system7_0]
CRITICAL WARNING: [PSU-1]  Parameter : PCW_UIPARAM_DDR_DQS_TO_CLK_DELAY_0 has negative value -0.073 . PS DDR interfaces might fail when entering negative DQS skew values. 
CRITICAL WARNING: [PSU-2]  Parameter : PCW_UIPARAM_DDR_DQS_TO_CLK_DELAY_1 has negative value -0.072 . PS DDR interfaces might fail when entering negative DQS skew values. 
endgroup
save_bd_design
Wrote  : <C:\B_Git\MCS\MC\MC_V1\Vivado\Vivado.srcs\sources_1\bd\MC\MC.bd> 
Wrote  : <C:/B_Git/MCS/MC/MC_V1/Vivado/Vivado.srcs/sources_1/bd/MC/ui/bd_1fb9e3f6.ui> 
reset_run synth_1
INFO: [Project 1-1161] Replacing file C:/B_Git/MCS/MC/MC_V1/Vivado/Vivado.srcs/utils_1/imports/synth_1/MC_wrapper.dcp with file C:/B_Git/MCS/MC/MC_V1/Vivado/Vivado.runs/synth_1/MC_wrapper.dcp
reset_run MC_processing_system7_0_0_synth_1
launch_runs impl_1 -to_step write_bitstream -jobs 5
WARNING: [#UNDEF] When using EMIO pins for SPI_0 tie SSIN High in the PL bitstream
Wrote  : <C:\B_Git\MCS\MC\MC_V1\Vivado\Vivado.srcs\sources_1\bd\MC\MC.bd> 
VHDL Output written to : c:/B_Git/MCS/MC/MC_V1/Vivado/Vivado.gen/sources_1/bd/MC/synth/MC.vhd
VHDL Output written to : c:/B_Git/MCS/MC/MC_V1/Vivado/Vivado.gen/sources_1/bd/MC/sim/MC.vhd
VHDL Output written to : c:/B_Git/MCS/MC/MC_V1/Vivado/Vivado.gen/sources_1/bd/MC/hdl/MC_wrapper.vhd
INFO: [IP_Flow 19-5611] Unable to find an associated reset port for the interface 'M_AXI_GP0'. A default connection has been created.
INFO: [BD 41-1029] Generation completed for the IP Integrator block processing_system7_0 .
WARNING: [IP_Flow 19-4994] Overwriting existing constraint file 'c:/B_Git/MCS/MC/MC_V1/Vivado/Vivado.gen/sources_1/bd/MC/ip/MC_auto_pc_0/MC_auto_pc_0_ooc.xdc'
INFO: [BD 41-1029] Generation completed for the IP Integrator block ps7_0_axi_periph/s00_couplers/auto_pc .
Exporting to file c:/B_Git/MCS/MC/MC_V1/Vivado/Vivado.gen/sources_1/bd/MC/hw_handoff/MC.hwh
Generated Hardware Definition File c:/B_Git/MCS/MC/MC_V1/Vivado/Vivado.gen/sources_1/bd/MC/synth/MC.hwdef
INFO: [IP_Flow 19-6924] IPCACHE: Running cache check for IP inst: MC_auto_pc_0
INFO: [IP_Flow 19-6922] IPCACHE: Exporting cached entry cc2c65d4154d723c to dir: c:/B_Git/MCS/MC/MC_V1/Vivado/Vivado.gen/sources_1/bd/MC/ip/MC_auto_pc_0
INFO: [IP_Flow 19-6928] IPCACHE: copied cached file c:/B_Git/MCS/MC/MC_V1/Vivado/Vivado.cache/ip/2024.1/c/c/cc2c65d4154d723c/MC_auto_pc_0.dcp to c:/B_Git/MCS/MC/MC_V1/Vivado/Vivado.gen/sources_1/bd/MC/ip/MC_auto_pc_0/MC_auto_pc_0.dcp.
INFO: [IP_Flow 19-6926] IPCACHE: added file to list for BOM: c:/B_Git/MCS/MC/MC_V1/Vivado/Vivado.gen/sources_1/bd/MC/ip/MC_auto_pc_0/MC_auto_pc_0.dcp
INFO: [IP_Flow 19-6928] IPCACHE: copied cached file c:/B_Git/MCS/MC/MC_V1/Vivado/Vivado.cache/ip/2024.1/c/c/cc2c65d4154d723c/MC_auto_pc_0_sim_netlist.v to c:/B_Git/MCS/MC/MC_V1/Vivado/Vivado.gen/sources_1/bd/MC/ip/MC_auto_pc_0/MC_auto_pc_0_sim_netlist.v.
INFO: [IP_Flow 19-6926] IPCACHE: added file to list for BOM: c:/B_Git/MCS/MC/MC_V1/Vivado/Vivado.gen/sources_1/bd/MC/ip/MC_auto_pc_0/MC_auto_pc_0_sim_netlist.v
INFO: [IP_Flow 19-6928] IPCACHE: copied cached file c:/B_Git/MCS/MC/MC_V1/Vivado/Vivado.cache/ip/2024.1/c/c/cc2c65d4154d723c/MC_auto_pc_0_sim_netlist.vhdl to c:/B_Git/MCS/MC/MC_V1/Vivado/Vivado.gen/sources_1/bd/MC/ip/MC_auto_pc_0/MC_auto_pc_0_sim_netlist.vhdl.
INFO: [IP_Flow 19-6926] IPCACHE: added file to list for BOM: c:/B_Git/MCS/MC/MC_V1/Vivado/Vivado.gen/sources_1/bd/MC/ip/MC_auto_pc_0/MC_auto_pc_0_sim_netlist.vhdl
INFO: [IP_Flow 19-6928] IPCACHE: copied cached file c:/B_Git/MCS/MC/MC_V1/Vivado/Vivado.cache/ip/2024.1/c/c/cc2c65d4154d723c/MC_auto_pc_0_stub.v to c:/B_Git/MCS/MC/MC_V1/Vivado/Vivado.gen/sources_1/bd/MC/ip/MC_auto_pc_0/MC_auto_pc_0_stub.v.
INFO: [IP_Flow 19-6926] IPCACHE: added file to list for BOM: c:/B_Git/MCS/MC/MC_V1/Vivado/Vivado.gen/sources_1/bd/MC/ip/MC_auto_pc_0/MC_auto_pc_0_stub.v
INFO: [IP_Flow 19-6928] IPCACHE: copied cached file c:/B_Git/MCS/MC/MC_V1/Vivado/Vivado.cache/ip/2024.1/c/c/cc2c65d4154d723c/MC_auto_pc_0_stub.vhdl to c:/B_Git/MCS/MC/MC_V1/Vivado/Vivado.gen/sources_1/bd/MC/ip/MC_auto_pc_0/MC_auto_pc_0_stub.vhdl.
INFO: [IP_Flow 19-6926] IPCACHE: added file to list for BOM: c:/B_Git/MCS/MC/MC_V1/Vivado/Vivado.gen/sources_1/bd/MC/ip/MC_auto_pc_0/MC_auto_pc_0_stub.vhdl
INFO: [IP_Flow 19-4993] Using cached IP synthesis design for IP MC_auto_pc_0, cache-ID = cc2c65d4154d723c; cache size = 13.264 MB.
[Mon Dec 23 11:40:58 2024] Launched MC_processing_system7_0_0_synth_1, synth_1...
Run output will be captured here:
MC_processing_system7_0_0_synth_1: C:/B_Git/MCS/MC/MC_V1/Vivado/Vivado.runs/MC_processing_system7_0_0_synth_1/runme.log
synth_1: C:/B_Git/MCS/MC/MC_V1/Vivado/Vivado.runs/synth_1/runme.log
[Mon Dec 23 11:40:59 2024] Launched impl_1...
Run output will be captured here: C:/B_Git/MCS/MC/MC_V1/Vivado/Vivado.runs/impl_1/runme.log
launch_runs: Time (s): cpu = 00:00:21 ; elapsed = 00:00:45 . Memory (MB): peak = 2224.668 ; gain = 293.285
file copy -force C:/B_Git/MCS/MC/MC_V1/Vivado/Vivado.runs/impl_1/MC_wrapper.bit C:/B_Git/MCS/MC/MC_V1/test/bitstream_test.bit
write_hw_platform -fixed -include_bit -force -file C:/B_Git/MCS/MC/MC_V1/test/bitstream_test.xsa
INFO: [Project 1-1918] Creating Hardware Platform: C:/B_Git/MCS/MC/MC_V1/test/bitstream_test.xsa ...
INFO: [Project 1-1943] The Hardware Platform can be used for Hardware
INFO: [Project 1-1941] Successfully created Hardware Platform: C:/B_Git/MCS/MC/MC_V1/test/bitstream_test.xsa
INFO: [Hsi 55-2053] elapsed time for repository (C:/Vivado/2024.1/data/embeddedsw) loading 0 seconds
write_hw_platform -fixed -include_bit -force -file C:/B_Git/MCS/MC/MC_V1/test/bitstream_test.xsa
INFO: [Project 1-1918] Creating Hardware Platform: C:/B_Git/MCS/MC/MC_V1/test/bitstream_test.xsa ...
INFO: [Project 1-1943] The Hardware Platform can be used for Hardware
INFO: [Project 1-1941] Successfully created Hardware Platform: C:/B_Git/MCS/MC/MC_V1/test/bitstream_test.xsa
CRITICAL WARNING: [PSU-1]  Parameter : PCW_UIPARAM_DDR_DQS_TO_CLK_DELAY_0 has negative value -0.073 . PS DDR interfaces might fail when entering negative DQS skew values. 
CRITICAL WARNING: [PSU-2]  Parameter : PCW_UIPARAM_DDR_DQS_TO_CLK_DELAY_1 has negative value -0.072 . PS DDR interfaces might fail when entering negative DQS skew values. 
WARNING: [IP_Flow 19-474] Invalid Parameter 'Component_Name'
CRITICAL WARNING: [PSU-1]  Parameter : PCW_UIPARAM_DDR_DQS_TO_CLK_DELAY_0 has negative value -0.073 . PS DDR interfaces might fail when entering negative DQS skew values. 
CRITICAL WARNING: [PSU-2]  Parameter : PCW_UIPARAM_DDR_DQS_TO_CLK_DELAY_1 has negative value -0.072 . PS DDR interfaces might fail when entering negative DQS skew values. 
WARNING: [IP_Flow 19-474] Invalid Parameter 'Component_Name'
CRITICAL WARNING: [PSU-1]  Parameter : PCW_UIPARAM_DDR_DQS_TO_CLK_DELAY_0 has negative value -0.073 . PS DDR interfaces might fail when entering negative DQS skew values. 
CRITICAL WARNING: [PSU-2]  Parameter : PCW_UIPARAM_DDR_DQS_TO_CLK_DELAY_1 has negative value -0.072 . PS DDR interfaces might fail when entering negative DQS skew values. 
WARNING: [IP_Flow 19-474] Invalid Parameter 'Component_Name'
CRITICAL WARNING: [PSU-1]  Parameter : PCW_UIPARAM_DDR_DQS_TO_CLK_DELAY_0 has negative value -0.073 . PS DDR interfaces might fail when entering negative DQS skew values. 
CRITICAL WARNING: [PSU-2]  Parameter : PCW_UIPARAM_DDR_DQS_TO_CLK_DELAY_1 has negative value -0.072 . PS DDR interfaces might fail when entering negative DQS skew values. 
CRITICAL WARNING: [PSU-1]  Parameter : PCW_UIPARAM_DDR_DQS_TO_CLK_DELAY_0 has negative value -0.073 . PS DDR interfaces might fail when entering negative DQS skew values. 
CRITICAL WARNING: [PSU-2]  Parameter : PCW_UIPARAM_DDR_DQS_TO_CLK_DELAY_1 has negative value -0.072 . PS DDR interfaces might fail when entering negative DQS skew values. 
startgroup
set_property -dict [list \
  CONFIG.PCW_CAN_PERIPHERAL_CLKSRC {IO PLL} \
  CONFIG.PCW_QSPI_GRP_SINGLE_SS_ENABLE {1} \
] [get_bd_cells processing_system7_0]
CRITICAL WARNING: [PSU-1]  Parameter : PCW_UIPARAM_DDR_DQS_TO_CLK_DELAY_0 has negative value -0.073 . PS DDR interfaces might fail when entering negative DQS skew values. 
CRITICAL WARNING: [PSU-2]  Parameter : PCW_UIPARAM_DDR_DQS_TO_CLK_DELAY_1 has negative value -0.072 . PS DDR interfaces might fail when entering negative DQS skew values. 
endgroup
exit
INFO: [Common 17-206] Exiting Vivado at Mon Dec 23 17:54:11 2024...
