2024-09-30 09:40:37 [info] : [Platform Server] Creating platform platform  output stream finished - platform. 
2024-09-30 09:42:48 [info] : [Platform Server] Regenerating BSP for standalone_ps7_cortexa9_0 domain of C:\Users\miwoj\Desktop\Zybo\xADC\Vitis\platform platform output stream finished - platform. 
2024-09-30 09:43:19 [info] : [Platform Server] Regenerating BSP for standalone_ps7_cortexa9_0 domain of C:\Users\miwoj\Desktop\Zybo\xADC\Vitis\platform platform output stream finished - platform. 
2024-09-30 09:43:53 [info] : [Platform Server] Generate platform output stream finished - platform. 
2024-09-30 09:44:06 [info] : [Build Server] Build output stream finished - hello_world::. 
2024-09-30 09:44:24 [info] : [Debug Manager] Successfully verified the target connection used  Local 
2024-09-30 09:44:24 [info] : [Debug Manager] Starting launch in 'run' mode using configuration: {"type":"tcf-debug","request":"launch","name":"hello_world_app_hw_1","debugType":"baremetal-zynq","attachToRunningTargetOptions":{"targetSetupMode":"standalone","executeScript":true,"scriptPath":""},"autoAttachProcessChildren":false,"target":{"targetConnectionId":"Local","peersIniPath":"../../../.peers.ini","context":"zynq"},"targetSetup":{"resetSystem":true,"programDevice":true,"resetAPU":false,"bitstreamFile":"${workspaceFolder}\\hello_world\\_ide\\bitstream\\design_1_wrapper.bit","zynqInitialization":{"isFsbl":false,"usingFSBL":{"initWithFSBL":true,"fsblFile":"${workspaceFolder}\\platform\\export\\platform\\sw\\boot\\fsbl.elf","fsblExitSymbol":"FsblHandoffJtagExit"},"usingPs7Init":{"runPs7Init":true,"runPs7PostInit":true,"ps7InitTclFile":"${workspaceFolder}\\hello_world\\_ide\\psinit\\ps7_init.tcl"}},"downloadElf":[{"core":"ps7_cortexa9_0","resetProcessor":true,"elfFile":"${workspaceFolder}\\hello_world\\build\\hello_world.elf","stopAtEntry":false}],"crossTriggerBreakpoints":{"isSelected":false,"breakpoints":[]}},"internalConsoleOptions":"openOnSessionStart","__configUri":"file:///c%3A/Users/miwoj/Desktop/Zybo/xADC/Vitis/hello_world/_ide/.theia/launch.json"} 
2024-09-30 09:44:25 [info] : [Debug Manager] Disabling breakpoints in the tool to enable run mode for 'hello_world_app_hw_1'. 
2024-09-30 09:44:25 [info] : [Debug Manager] Launch session has started on the configuration 'hello_world_app_hw_1' 
2024-09-30 09:45:42 [info] : [Debug Manager] Launch session has terminated on the configuration 'hello_world_app_hw_1' 
2024-09-30 09:45:42 [info] : [Debug Manager] Enabling breakpoints after running the application using 'hello_world_app_hw_1'. 
2024-09-30 09:45:43 [info] : [Build Server] Build output stream finished - hello_world::. 
2024-09-30 09:45:45 [info] : [Build Server] Build output stream finished - hello_world::. 
2024-09-30 09:46:17 [info] : [Debug Manager] Successfully verified the target connection used  Local 
2024-09-30 09:46:17 [info] : [Debug Manager] Starting launch in 'run' mode using configuration: {"type":"tcf-debug","request":"launch","name":"hello_world_app_hw_1","debugType":"baremetal-zynq","attachToRunningTargetOptions":{"targetSetupMode":"standalone","executeScript":true,"scriptPath":""},"autoAttachProcessChildren":false,"target":{"targetConnectionId":"Local","peersIniPath":"../../../.peers.ini","context":"zynq"},"targetSetup":{"resetSystem":true,"programDevice":true,"resetAPU":false,"bitstreamFile":"${workspaceFolder}\\hello_world\\_ide\\bitstream\\design_1_wrapper.bit","zynqInitialization":{"isFsbl":false,"usingFSBL":{"initWithFSBL":true,"fsblFile":"${workspaceFolder}\\platform\\export\\platform\\sw\\boot\\fsbl.elf","fsblExitSymbol":"FsblHandoffJtagExit"},"usingPs7Init":{"runPs7Init":true,"runPs7PostInit":true,"ps7InitTclFile":"${workspaceFolder}\\hello_world\\_ide\\psinit\\ps7_init.tcl"}},"downloadElf":[{"core":"ps7_cortexa9_0","resetProcessor":true,"elfFile":"${workspaceFolder}\\hello_world\\build\\hello_world.elf","stopAtEntry":false}],"crossTriggerBreakpoints":{"isSelected":false,"breakpoints":[]}},"internalConsoleOptions":"openOnSessionStart","__configUri":"file:///c%3A/Users/miwoj/Desktop/Zybo/xADC/Vitis/hello_world/_ide/.theia/launch.json"} 
2024-09-30 09:46:17 [info] : [Debug Manager] Disabling breakpoints in the tool to enable run mode for 'hello_world_app_hw_1'. 
2024-09-30 09:46:18 [info] : [Debug Manager] Launch session has started on the configuration 'hello_world_app_hw_1' 
2024-09-30 09:46:30 [info] : [Build Server] Build output stream finished - hello_world::. 
2024-09-30 09:46:32 [info] : [Debug Manager] Launch session has terminated on the configuration 'hello_world_app_hw_1' 
2024-09-30 09:46:32 [info] : [Debug Manager] Enabling breakpoints after running the application using 'hello_world_app_hw_1'. 
2024-09-30 09:46:35 [info] : [Build Server] Build output stream finished - hello_world::. 
2024-09-30 09:47:45 [info] : [Build Server] Build output stream finished - hello_world::. 
2024-09-30 09:47:57 [info] : [Debug Manager] Successfully verified the target connection used  Local 
2024-09-30 09:47:57 [info] : [Debug Manager] Starting launch in 'run' mode using configuration: {"type":"tcf-debug","request":"launch","name":"hello_world_app_hw_1","debugType":"baremetal-zynq","attachToRunningTargetOptions":{"targetSetupMode":"standalone","executeScript":true,"scriptPath":""},"autoAttachProcessChildren":false,"target":{"targetConnectionId":"Local","peersIniPath":"../../../.peers.ini","context":"zynq"},"targetSetup":{"resetSystem":true,"programDevice":true,"resetAPU":false,"bitstreamFile":"${workspaceFolder}\\hello_world\\_ide\\bitstream\\design_1_wrapper.bit","zynqInitialization":{"isFsbl":false,"usingFSBL":{"initWithFSBL":true,"fsblFile":"${workspaceFolder}\\platform\\export\\platform\\sw\\boot\\fsbl.elf","fsblExitSymbol":"FsblHandoffJtagExit"},"usingPs7Init":{"runPs7Init":true,"runPs7PostInit":true,"ps7InitTclFile":"${workspaceFolder}\\hello_world\\_ide\\psinit\\ps7_init.tcl"}},"downloadElf":[{"core":"ps7_cortexa9_0","resetProcessor":true,"elfFile":"${workspaceFolder}\\hello_world\\build\\hello_world.elf","stopAtEntry":false}],"crossTriggerBreakpoints":{"isSelected":false,"breakpoints":[]}},"internalConsoleOptions":"openOnSessionStart","__configUri":"file:///c%3A/Users/miwoj/Desktop/Zybo/xADC/Vitis/hello_world/_ide/.theia/launch.json"} 
2024-09-30 09:47:57 [info] : [Debug Manager] Disabling breakpoints in the tool to enable run mode for 'hello_world_app_hw_1'. 
2024-09-30 09:47:58 [info] : [Debug Manager] Launch session has started on the configuration 'hello_world_app_hw_1' 
2024-09-30 09:48:15 [info] : [Debug Manager] Launch session has terminated on the configuration 'hello_world_app_hw_1' 
2024-09-30 09:48:15 [info] : [Debug Manager] Enabling breakpoints after running the application using 'hello_world_app_hw_1'. 
2024-09-30 09:48:52 [info] : [Build Server] Build output stream finished - hello_world::. 
2024-09-30 09:49:04 [info] : [Debug Manager] Successfully verified the target connection used  Local 
2024-09-30 09:49:04 [info] : [Debug Manager] Starting launch in 'run' mode using configuration: {"type":"tcf-debug","request":"launch","name":"hello_world_app_hw_1","debugType":"baremetal-zynq","attachToRunningTargetOptions":{"targetSetupMode":"standalone","executeScript":true,"scriptPath":""},"autoAttachProcessChildren":false,"target":{"targetConnectionId":"Local","peersIniPath":"../../../.peers.ini","context":"zynq"},"targetSetup":{"resetSystem":true,"programDevice":true,"resetAPU":false,"bitstreamFile":"${workspaceFolder}\\hello_world\\_ide\\bitstream\\design_1_wrapper.bit","zynqInitialization":{"isFsbl":false,"usingFSBL":{"initWithFSBL":true,"fsblFile":"${workspaceFolder}\\platform\\export\\platform\\sw\\boot\\fsbl.elf","fsblExitSymbol":"FsblHandoffJtagExit"},"usingPs7Init":{"runPs7Init":true,"runPs7PostInit":true,"ps7InitTclFile":"${workspaceFolder}\\hello_world\\_ide\\psinit\\ps7_init.tcl"}},"downloadElf":[{"core":"ps7_cortexa9_0","resetProcessor":true,"elfFile":"${workspaceFolder}\\hello_world\\build\\hello_world.elf","stopAtEntry":false}],"crossTriggerBreakpoints":{"isSelected":false,"breakpoints":[]}},"internalConsoleOptions":"openOnSessionStart","__configUri":"file:///c%3A/Users/miwoj/Desktop/Zybo/xADC/Vitis/hello_world/_ide/.theia/launch.json"} 
2024-09-30 09:49:04 [info] : [Debug Manager] Disabling breakpoints in the tool to enable run mode for 'hello_world_app_hw_1'. 
2024-09-30 09:49:04 [info] : [Debug Manager] Launch session has started on the configuration 'hello_world_app_hw_1' 
2024-09-30 09:49:25 [info] : [Debug Manager] Successfully verified the target connection used  Local 
2024-09-30 09:49:25 [info] : [Debug Manager] Starting launch in 'debug' mode using configuration: {"type":"tcf-debug","request":"launch","name":"hello_world_app_hw_1","debugType":"baremetal-zynq","attachToRunningTargetOptions":{"targetSetupMode":"standalone","executeScript":true,"scriptPath":""},"autoAttachProcessChildren":false,"target":{"targetConnectionId":"Local","peersIniPath":"../../../.peers.ini","context":"zynq"},"targetSetup":{"resetSystem":true,"programDevice":true,"resetAPU":false,"bitstreamFile":"${workspaceFolder}\\hello_world\\_ide\\bitstream\\design_1_wrapper.bit","zynqInitialization":{"isFsbl":false,"usingFSBL":{"initWithFSBL":true,"fsblFile":"${workspaceFolder}\\platform\\export\\platform\\sw\\boot\\fsbl.elf","fsblExitSymbol":"FsblHandoffJtagExit"},"usingPs7Init":{"runPs7Init":true,"runPs7PostInit":true,"ps7InitTclFile":"${workspaceFolder}\\hello_world\\_ide\\psinit\\ps7_init.tcl"}},"downloadElf":[{"core":"ps7_cortexa9_0","resetProcessor":true,"elfFile":"${workspaceFolder}\\hello_world\\build\\hello_world.elf","stopAtEntry":false}],"crossTriggerBreakpoints":{"isSelected":false,"breakpoints":[]}},"internalConsoleOptions":"openOnSessionStart","__configUri":"file:///c%3A/Users/miwoj/Desktop/Zybo/xADC/Vitis/hello_world/_ide/.theia/launch.json"} 
2024-09-30 09:50:36 [info] : [Debug Manager] Launch session has terminated on the configuration 'hello_world_app_hw_1' 
2024-09-30 09:50:36 [info] : [Debug Manager] Enabling breakpoints after running the application using 'hello_world_app_hw_1'. 
2024-09-30 09:52:06 [info] : [Debug Manager] Successfully verified the target connection used  Local 
2024-09-30 09:52:06 [info] : [Debug Manager] Starting launch in 'debug' mode using configuration: {"type":"tcf-debug","request":"launch","name":"hello_world_app_hw_1","debugType":"baremetal-zynq","attachToRunningTargetOptions":{"targetSetupMode":"standalone","executeScript":true,"scriptPath":""},"autoAttachProcessChildren":false,"target":{"targetConnectionId":"Local","peersIniPath":"../../../.peers.ini","context":"zynq"},"targetSetup":{"resetSystem":true,"programDevice":true,"resetAPU":false,"bitstreamFile":"${workspaceFolder}\\hello_world\\_ide\\bitstream\\design_1_wrapper.bit","zynqInitialization":{"isFsbl":false,"usingFSBL":{"initWithFSBL":true,"fsblFile":"${workspaceFolder}\\platform\\export\\platform\\sw\\boot\\fsbl.elf","fsblExitSymbol":"FsblHandoffJtagExit"},"usingPs7Init":{"runPs7Init":true,"runPs7PostInit":true,"ps7InitTclFile":"${workspaceFolder}\\hello_world\\_ide\\psinit\\ps7_init.tcl"}},"downloadElf":[{"core":"ps7_cortexa9_0","resetProcessor":true,"elfFile":"${workspaceFolder}\\hello_world\\build\\hello_world.elf","stopAtEntry":false}],"crossTriggerBreakpoints":{"isSelected":false,"breakpoints":[]}},"internalConsoleOptions":"openOnSessionStart","__configUri":"file:///c%3A/Users/miwoj/Desktop/Zybo/xADC/Vitis/hello_world/_ide/.theia/launch.json"} 
2024-09-30 09:52:06 [info] : [Debug Manager] Added breakpoint:main 
2024-09-30 09:52:06 [info] : [Debug Manager] Added breakpoint:_exit 
2024-09-30 09:52:06 [info] : [Debug Manager] Launch session has started on the configuration 'hello_world_app_hw_1' 
2024-09-30 09:53:01 [info] : [Debug Manager] Removed breakpoint: main 
2024-09-30 09:53:01 [info] : [Debug Manager] Removed breakpoint: _exit 
2024-09-30 09:53:01 [info] : [Debug Manager] Launch session has terminated on the configuration 'hello_world_app_hw_1' 
2024-09-30 09:53:11 [info] : [Debug Manager] Successfully verified the target connection used  Local 
2024-09-30 09:53:11 [info] : [Debug Manager] Starting launch in 'debug' mode using configuration: {"type":"tcf-debug","request":"launch","name":"hello_world_app_hw_1","debugType":"baremetal-zynq","attachToRunningTargetOptions":{"targetSetupMode":"standalone","executeScript":true,"scriptPath":""},"autoAttachProcessChildren":false,"target":{"targetConnectionId":"Local","peersIniPath":"../../../.peers.ini","context":"zynq"},"targetSetup":{"resetSystem":true,"programDevice":true,"resetAPU":false,"bitstreamFile":"${workspaceFolder}\\hello_world\\_ide\\bitstream\\design_1_wrapper.bit","zynqInitialization":{"isFsbl":false,"usingFSBL":{"initWithFSBL":true,"fsblFile":"${workspaceFolder}\\platform\\export\\platform\\sw\\boot\\fsbl.elf","fsblExitSymbol":"FsblHandoffJtagExit"},"usingPs7Init":{"runPs7Init":true,"runPs7PostInit":true,"ps7InitTclFile":"${workspaceFolder}\\hello_world\\_ide\\psinit\\ps7_init.tcl"}},"downloadElf":[{"core":"ps7_cortexa9_0","resetProcessor":true,"elfFile":"${workspaceFolder}\\hello_world\\build\\hello_world.elf","stopAtEntry":false}],"crossTriggerBreakpoints":{"isSelected":false,"breakpoints":[]}},"internalConsoleOptions":"openOnSessionStart","__configUri":"file:///c%3A/Users/miwoj/Desktop/Zybo/xADC/Vitis/hello_world/_ide/.theia/launch.json"} 
2024-09-30 09:53:11 [info] : [Debug Manager] Added breakpoint:main 
2024-09-30 09:53:11 [info] : [Debug Manager] Added breakpoint:_exit 
2024-09-30 09:53:11 [info] : [Debug Manager] Launch session has started on the configuration 'hello_world_app_hw_1' 
2024-09-30 09:53:19 [info] : [Debug Manager] Removed breakpoint: main 
2024-09-30 09:53:19 [info] : [Debug Manager] Removed breakpoint: _exit 
2024-09-30 09:53:19 [info] : [Debug Manager] Launch session has terminated on the configuration 'hello_world_app_hw_1' 
2024-09-30 09:53:30 [info] : [Debug Manager] Successfully verified the target connection used  Local 
2024-09-30 09:53:30 [info] : [Debug Manager] Starting launch in 'debug' mode using configuration: {"type":"tcf-debug","request":"launch","name":"hello_world_app_hw_1","debugType":"baremetal-zynq","attachToRunningTargetOptions":{"targetSetupMode":"standalone","executeScript":true,"scriptPath":""},"autoAttachProcessChildren":false,"target":{"targetConnectionId":"Local","peersIniPath":"../../../.peers.ini","context":"zynq"},"targetSetup":{"resetSystem":true,"programDevice":true,"resetAPU":false,"bitstreamFile":"${workspaceFolder}\\hello_world\\_ide\\bitstream\\design_1_wrapper.bit","zynqInitialization":{"isFsbl":false,"usingFSBL":{"initWithFSBL":true,"fsblFile":"${workspaceFolder}\\platform\\export\\platform\\sw\\boot\\fsbl.elf","fsblExitSymbol":"FsblHandoffJtagExit"},"usingPs7Init":{"runPs7Init":true,"runPs7PostInit":true,"ps7InitTclFile":"${workspaceFolder}\\hello_world\\_ide\\psinit\\ps7_init.tcl"}},"downloadElf":[{"core":"ps7_cortexa9_0","resetProcessor":true,"elfFile":"${workspaceFolder}\\hello_world\\build\\hello_world.elf","stopAtEntry":false}],"crossTriggerBreakpoints":{"isSelected":false,"breakpoints":[]}},"internalConsoleOptions":"openOnSessionStart","__configUri":"file:///c%3A/Users/miwoj/Desktop/Zybo/xADC/Vitis/hello_world/_ide/.theia/launch.json"} 
2024-09-30 09:53:30 [info] : [Debug Manager] Added breakpoint:main 
2024-09-30 09:53:30 [info] : [Debug Manager] Added breakpoint:_exit 
2024-09-30 09:53:31 [info] : [Debug Manager] Launch session has started on the configuration 'hello_world_app_hw_1' 
2024-09-30 11:19:31 [info] : [Build Server] Build output stream finished - hello_world::. 
2024-09-30 11:20:09 [info] : [Platform Server] Generate platform output stream finished - platform. 
2024-09-30 11:21:03 [info] : [Build Server] Build output stream finished - hello_world::. 
2024-09-30 11:21:37 [info] : [Build Server] Build output stream finished - hello_world::. 
2024-09-30 11:21:45 [info] : [Debug Manager] Successfully verified the target connection used  Local 
2024-09-30 11:21:45 [info] : [Debug Manager] Starting launch in 'run' mode using configuration: {"type":"tcf-debug","request":"launch","name":"hello_world_app_hw_1","debugType":"baremetal-zynq","attachToRunningTargetOptions":{"targetSetupMode":"standalone","executeScript":true,"scriptPath":""},"autoAttachProcessChildren":false,"target":{"targetConnectionId":"Local","peersIniPath":"../../../.peers.ini","context":"zynq"},"targetSetup":{"resetSystem":true,"programDevice":true,"resetAPU":false,"bitstreamFile":"${workspaceFolder}\\hello_world\\_ide\\bitstream\\design_1_wrapper.bit","zynqInitialization":{"isFsbl":false,"usingFSBL":{"initWithFSBL":true,"fsblFile":"${workspaceFolder}\\platform\\export\\platform\\sw\\boot\\fsbl.elf","fsblExitSymbol":"FsblHandoffJtagExit"},"usingPs7Init":{"runPs7Init":true,"runPs7PostInit":true,"ps7InitTclFile":"${workspaceFolder}\\hello_world\\_ide\\psinit\\ps7_init.tcl"}},"downloadElf":[{"core":"ps7_cortexa9_0","resetProcessor":true,"elfFile":"${workspaceFolder}\\hello_world\\build\\hello_world.elf","stopAtEntry":false}],"crossTriggerBreakpoints":{"isSelected":false,"breakpoints":[]}},"internalConsoleOptions":"openOnSessionStart","__configUri":"file:///c%3A/Users/miwoj/Desktop/Zybo/xADC/Vitis/hello_world/_ide/.theia/launch.json"} 
2024-09-30 11:21:58 [info] : [Debug Manager] Removed breakpoint: main 
2024-09-30 11:21:58 [info] : [Debug Manager] Removed breakpoint: _exit 
2024-09-30 11:21:58 [info] : [Debug Manager] Launch session has terminated on the configuration 'hello_world_app_hw_1' 
2024-09-30 11:22:08 [info] : [Debug Manager] Successfully verified the target connection used  Local 
2024-09-30 11:22:08 [info] : [Debug Manager] Starting launch in 'run' mode using configuration: {"type":"tcf-debug","request":"launch","name":"hello_world_app_hw_1","debugType":"baremetal-zynq","attachToRunningTargetOptions":{"targetSetupMode":"standalone","executeScript":true,"scriptPath":""},"autoAttachProcessChildren":false,"target":{"targetConnectionId":"Local","peersIniPath":"../../../.peers.ini","context":"zynq"},"targetSetup":{"resetSystem":true,"programDevice":true,"resetAPU":false,"bitstreamFile":"${workspaceFolder}\\hello_world\\_ide\\bitstream\\design_1_wrapper.bit","zynqInitialization":{"isFsbl":false,"usingFSBL":{"initWithFSBL":true,"fsblFile":"${workspaceFolder}\\platform\\export\\platform\\sw\\boot\\fsbl.elf","fsblExitSymbol":"FsblHandoffJtagExit"},"usingPs7Init":{"runPs7Init":true,"runPs7PostInit":true,"ps7InitTclFile":"${workspaceFolder}\\hello_world\\_ide\\psinit\\ps7_init.tcl"}},"downloadElf":[{"core":"ps7_cortexa9_0","resetProcessor":true,"elfFile":"${workspaceFolder}\\hello_world\\build\\hello_world.elf","stopAtEntry":false}],"crossTriggerBreakpoints":{"isSelected":false,"breakpoints":[]}},"internalConsoleOptions":"openOnSessionStart","__configUri":"file:///c%3A/Users/miwoj/Desktop/Zybo/xADC/Vitis/hello_world/_ide/.theia/launch.json"} 
2024-09-30 11:22:08 [info] : [Debug Manager] Disabling breakpoints in the tool to enable run mode for 'hello_world_app_hw_1'. 
2024-09-30 11:22:09 [info] : [Debug Manager] Launch session has started on the configuration 'hello_world_app_hw_1' 
2024-09-30 11:27:56 [info] : [Debug Manager] Successfully verified the target connection used  Local 
2024-09-30 11:27:56 [info] : [Debug Manager] Starting launch in 'debug' mode using configuration: {"type":"tcf-debug","request":"launch","name":"hello_world_app_hw_1","debugType":"baremetal-zynq","attachToRunningTargetOptions":{"targetSetupMode":"standalone","executeScript":true,"scriptPath":""},"autoAttachProcessChildren":false,"target":{"targetConnectionId":"Local","peersIniPath":"../../../.peers.ini","context":"zynq"},"targetSetup":{"resetSystem":true,"programDevice":true,"resetAPU":false,"bitstreamFile":"${workspaceFolder}\\hello_world\\_ide\\bitstream\\design_1_wrapper.bit","zynqInitialization":{"isFsbl":false,"usingFSBL":{"initWithFSBL":true,"fsblFile":"${workspaceFolder}\\platform\\export\\platform\\sw\\boot\\fsbl.elf","fsblExitSymbol":"FsblHandoffJtagExit"},"usingPs7Init":{"runPs7Init":true,"runPs7PostInit":true,"ps7InitTclFile":"${workspaceFolder}\\hello_world\\_ide\\psinit\\ps7_init.tcl"}},"downloadElf":[{"core":"ps7_cortexa9_0","resetProcessor":true,"elfFile":"${workspaceFolder}\\hello_world\\build\\hello_world.elf","stopAtEntry":false}],"crossTriggerBreakpoints":{"isSelected":false,"breakpoints":[]}},"internalConsoleOptions":"openOnSessionStart","__configUri":"file:///c%3A/Users/miwoj/Desktop/Zybo/xADC/Vitis/hello_world/_ide/.theia/launch.json"} 
2024-09-30 11:28:49 [info] : [Debug Manager] Launch session has terminated on the configuration 'hello_world_app_hw_1' 
2024-09-30 11:28:49 [info] : [Debug Manager] Enabling breakpoints after running the application using 'hello_world_app_hw_1'. 
2024-09-30 11:28:50 [info] : [Debug Manager] Disabling breakpoints in the tool to enable run mode for 'hello_world_app_hw_1'. 
2024-09-30 11:28:50 [info] : [Debug Manager] Launch session has started on the configuration 'hello_world_app_hw_1' 
2024-09-30 11:29:06 [info] : [Debug Manager] Launch session has terminated on the configuration 'hello_world_app_hw_1' 
2024-09-30 11:29:06 [info] : [Debug Manager] Enabling breakpoints after running the application using 'hello_world_app_hw_1'. 
2024-09-30 11:29:16 [info] : [Debug Manager] Successfully verified the target connection used  Local 
2024-09-30 11:29:16 [info] : [Debug Manager] Starting launch in 'debug' mode using configuration: {"type":"tcf-debug","request":"launch","name":"hello_world_app_hw_1","debugType":"baremetal-zynq","attachToRunningTargetOptions":{"targetSetupMode":"standalone","executeScript":true,"scriptPath":""},"autoAttachProcessChildren":false,"target":{"targetConnectionId":"Local","peersIniPath":"../../../.peers.ini","context":"zynq"},"targetSetup":{"resetSystem":true,"programDevice":true,"resetAPU":false,"bitstreamFile":"${workspaceFolder}\\hello_world\\_ide\\bitstream\\design_1_wrapper.bit","zynqInitialization":{"isFsbl":false,"usingFSBL":{"initWithFSBL":true,"fsblFile":"${workspaceFolder}\\platform\\export\\platform\\sw\\boot\\fsbl.elf","fsblExitSymbol":"FsblHandoffJtagExit"},"usingPs7Init":{"runPs7Init":true,"runPs7PostInit":true,"ps7InitTclFile":"${workspaceFolder}\\hello_world\\_ide\\psinit\\ps7_init.tcl"}},"downloadElf":[{"core":"ps7_cortexa9_0","resetProcessor":true,"elfFile":"${workspaceFolder}\\hello_world\\build\\hello_world.elf","stopAtEntry":false}],"crossTriggerBreakpoints":{"isSelected":false,"breakpoints":[]}},"internalConsoleOptions":"openOnSessionStart","__configUri":"file:///c%3A/Users/miwoj/Desktop/Zybo/xADC/Vitis/hello_world/_ide/.theia/launch.json"} 
2024-09-30 11:29:17 [info] : [Debug Manager] Added breakpoint:main 
2024-09-30 11:29:17 [info] : [Debug Manager] Added breakpoint:_exit 
2024-09-30 11:29:17 [info] : [Debug Manager] Launch session has started on the configuration 'hello_world_app_hw_1' 
2024-09-30 11:30:15 [info] : [Debug Manager] Removed breakpoint: main 
2024-09-30 11:30:15 [info] : [Debug Manager] Removed breakpoint: _exit 
2024-09-30 11:30:15 [info] : [Debug Manager] Launch session has terminated on the configuration 'hello_world_app_hw_1' 
2024-09-30 11:30:25 [info] : [Debug Manager] Successfully verified the target connection used  Local 
2024-09-30 11:30:25 [info] : [Debug Manager] Starting launch in 'debug' mode using configuration: {"type":"tcf-debug","request":"launch","name":"hello_world_app_hw_1","debugType":"baremetal-zynq","attachToRunningTargetOptions":{"targetSetupMode":"standalone","executeScript":true,"scriptPath":""},"autoAttachProcessChildren":false,"target":{"targetConnectionId":"Local","peersIniPath":"../../../.peers.ini","context":"zynq"},"targetSetup":{"resetSystem":true,"programDevice":true,"resetAPU":false,"bitstreamFile":"${workspaceFolder}\\hello_world\\_ide\\bitstream\\design_1_wrapper.bit","zynqInitialization":{"isFsbl":false,"usingFSBL":{"initWithFSBL":true,"fsblFile":"${workspaceFolder}\\platform\\export\\platform\\sw\\boot\\fsbl.elf","fsblExitSymbol":"FsblHandoffJtagExit"},"usingPs7Init":{"runPs7Init":true,"runPs7PostInit":true,"ps7InitTclFile":"${workspaceFolder}\\hello_world\\_ide\\psinit\\ps7_init.tcl"}},"downloadElf":[{"core":"ps7_cortexa9_0","resetProcessor":true,"elfFile":"${workspaceFolder}\\hello_world\\build\\hello_world.elf","stopAtEntry":false}],"crossTriggerBreakpoints":{"isSelected":false,"breakpoints":[]}},"internalConsoleOptions":"openOnSessionStart","__configUri":"file:///c%3A/Users/miwoj/Desktop/Zybo/xADC/Vitis/hello_world/_ide/.theia/launch.json"} 
2024-09-30 11:30:25 [info] : [Debug Manager] Added breakpoint:main 
2024-09-30 11:30:25 [info] : [Debug Manager] Added breakpoint:_exit 
2024-09-30 11:30:25 [info] : [Debug Manager] Launch session has started on the configuration 'hello_world_app_hw_1' 
2024-09-30 11:30:35 [info] : [Debug Manager] Removed breakpoint: main 
2024-09-30 11:30:35 [info] : [Debug Manager] Removed breakpoint: _exit 
2024-09-30 11:30:35 [info] : [Debug Manager] Launch session has terminated on the configuration 'hello_world_app_hw_1' 
2024-09-30 11:38:08 [info] : [Build Server] Build output stream finished - hello_world::. 
2024-09-30 11:38:20 [info] : [Debug Manager] Successfully verified the target connection used  Local 
2024-09-30 11:38:20 [info] : [Debug Manager] Starting launch in 'run' mode using configuration: {"type":"tcf-debug","request":"launch","name":"hello_world_app_hw_1","debugType":"baremetal-zynq","attachToRunningTargetOptions":{"targetSetupMode":"standalone","executeScript":true,"scriptPath":""},"autoAttachProcessChildren":false,"target":{"targetConnectionId":"Local","peersIniPath":"../../../.peers.ini","context":"zynq"},"targetSetup":{"resetSystem":true,"programDevice":true,"resetAPU":false,"bitstreamFile":"${workspaceFolder}\\hello_world\\_ide\\bitstream\\design_1_wrapper.bit","zynqInitialization":{"isFsbl":false,"usingFSBL":{"initWithFSBL":true,"fsblFile":"${workspaceFolder}\\platform\\export\\platform\\sw\\boot\\fsbl.elf","fsblExitSymbol":"FsblHandoffJtagExit"},"usingPs7Init":{"runPs7Init":true,"runPs7PostInit":true,"ps7InitTclFile":"${workspaceFolder}\\hello_world\\_ide\\psinit\\ps7_init.tcl"}},"downloadElf":[{"core":"ps7_cortexa9_0","resetProcessor":true,"elfFile":"${workspaceFolder}\\hello_world\\build\\hello_world.elf","stopAtEntry":false}],"crossTriggerBreakpoints":{"isSelected":false,"breakpoints":[]}},"internalConsoleOptions":"openOnSessionStart","__configUri":"file:///c%3A/Users/miwoj/Desktop/Zybo/xADC/Vitis/hello_world/_ide/.theia/launch.json"} 
2024-09-30 11:38:20 [info] : [Debug Manager] Disabling breakpoints in the tool to enable run mode for 'hello_world_app_hw_1'. 
2024-09-30 11:38:21 [info] : [Debug Manager] Launch session has started on the configuration 'hello_world_app_hw_1' 
