09:38:56 INFO  : updated workspace path: C:\Users\miwoj\Desktop\Zybo\xADC\Vitis
09:38:56 INFO  : created .gitignore file for the project C:\Users\miwoj\Desktop\Zybo\xADC\Vitis
09:38:56 INFO  : updated workspace path: C:\Users\miwoj\Desktop\Zybo\xADC\Vitis
09:38:58 INFO  : Successfully created repository data at C:\Users\miwoj\AppData\Local\Temp\rigel_lopper_miwoj10003488255692697711
09:38:58 INFO  : cmd.exe, /C, C:\Xilinx\Vitis\2023.2\tps\win64\lopper-1.1.0\env\Scripts\activate.bat && python C:\Xilinx\Vitis\2023.2\data\embeddedsw\scripts\pyesw\\get_template_data.py -d C:\Users\miwoj\AppData\Local\Temp\rigel_lopper_miwoj2197592689048560131 -r C:\Users\miwoj\AppData\Local\Temp\rigel_lopper_miwoj10003488255692697711\.repo.yaml && C:\Xilinx\Vitis\2023.2\tps\win64\lopper-1.1.0\env\Scripts\deactivate.bat
09:38:59 INFO  : Embedded Template List generated successfully
09:38:59 INFO  : cmd.exe, /C, C:\Xilinx\Vitis\2023.2\tps\win64\lopper-1.1.0\env\Scripts\activate.bat && python C:\Xilinx\Vitis\2023.2\data\embeddedsw\scripts\pyesw\\repo.py -st   C:\Xilinx\Vitis\2023.2\data\embeddedsw && C:\Xilinx\Vitis\2023.2\tps\win64\lopper-1.1.0\env\Scripts\deactivate.bat
09:39:00 INFO  : Successfully created repository data at C:\Users\miwoj\Desktop\Zybo\xADC\Vitis
09:39:00 INFO  : cmd.exe, /C, C:\Xilinx\Vitis\2023.2\tps\win64\lopper-1.1.0\env\Scripts\activate.bat && python C:\Xilinx\Vitis\2023.2\data\embeddedsw\scripts\pyesw\\get_template_data.py -d C:\Users\miwoj\AppData\Local\Temp\rigel_lopper_miwoj103000841714228799 -r C:\Users\miwoj\Desktop\Zybo\xADC\Vitis\.repo.yaml && C:\Xilinx\Vitis\2023.2\tps\win64\lopper-1.1.0\env\Scripts\deactivate.bat
09:39:00 INFO  : Embedded Template List generated successfully
09:39:00 INFO  : cmd.exe, /C, C:\Xilinx\Vitis\2023.2\tps\win64\lopper-1.1.0\env\Scripts\activate.bat && python C:\Xilinx\Vitis\2023.2\data\embeddedsw\scripts\pyesw\\get_template_data.py -d C:\Users\miwoj\AppData\Local\Temp\rigel_lopper_miwoj9389110741705668634 -r C:\Users\miwoj\Desktop\Zybo\xADC\Vitis\.repo.yaml && C:\Xilinx\Vitis\2023.2\tps\win64\lopper-1.1.0\env\Scripts\deactivate.bat
09:39:01 INFO  : Embedded Template List generated successfully
09:39:46 INFO  : Found no platform with name 'design_1_wrapper' in install repositories
09:39:46 INFO  : cmd.exe, /C, C:\Xilinx\Vitis\2023.2\tps\win64\lopper-1.1.0\env\Scripts\activate.bat && xsct.bat C:\Xilinx\Vitis\2023.2\vitisng-server\scripts\platformutil.tcl C:\Users\miwoj\Desktop\Zybo\xADC\Vitis\design_1_wrapper.xsa C:\Users\miwoj\Desktop\Zybo\xADC\Vitis\.rigel_lopper_temp_platform\design_1_wrapper\hw\sdt && C:\Xilinx\Vitis\2023.2\tps\win64\lopper-1.1.0\env\Scripts\deactivate.bat
09:39:57 INFO  : INFO: [Hsi 55-2053] elapsed time for repository (C:/Xilinx/Vitis/2023.2/data/embeddedsw) loading 2 seconds
09:39:57 INFO  : WARNING: [Common 17-673] Cannot get value of property 'C_QSPI_MODE' because this property is not valid in conjunction with other property setting on this object.
09:39:57 INFO  : WARNING: [Common 17-673] Cannot get value of property 'C_EMIO_GPIO_WIDTH' because this property is not valid in conjunction with other property setting on this object.
09:39:57 INFO  : WARNING: [Common 17-673] Cannot get value of property 'C_MIO_GPIO_MASK' because this property is not valid in conjunction with other property setting on this object.
09:39:57 INFO  : SDT generated successfully
09:39:57 INFO  : Lopper command for cpu List generation: lopper -O C:\Users\miwoj\Desktop\Zybo\xADC\Vitis\.rigel_lopper -f -i C:\Xilinx\Vitis\2023.2\tps\win64\lopper-1.1.0\env\Lib\site-packages\lopper\lops\lop-cpulist.dts C:\Users\miwoj\Desktop\Zybo\xADC\Vitis\.rigel_lopper_temp_platform\design_1_wrapper\hw\sdt\system-top.dts
09:39:57 INFO  : cmd.exe, /C, C:\Xilinx\Vitis\2023.2\tps\win64\lopper-1.1.0\env\Scripts\activate.bat && lopper -O C:\Users\miwoj\Desktop\Zybo\xADC\Vitis\.rigel_lopper -f -i C:\Xilinx\Vitis\2023.2\tps\win64\lopper-1.1.0\env\Lib\site-packages\lopper\lops\lop-cpulist.dts C:\Users\miwoj\Desktop\Zybo\xADC\Vitis\.rigel_lopper_temp_platform\design_1_wrapper\hw\sdt\system-top.dts && C:\Xilinx\Vitis\2023.2\tps\win64\lopper-1.1.0\env\Scripts\deactivate.bat
09:39:59 INFO  : ps7_cortexa9_0
09:39:59 INFO  : ps7_cortexa9_1
09:39:59 INFO  : CPU List generated successfully
09:40:06 INFO  : Platform  platform creation started.
09:40:06 INFO  : Found no platform with name 'design_1_wrapper' in install repositories
09:40:06 INFO  : Lopper command for cpu List generation: lopper -O C:\Users\miwoj\Desktop\Zybo\xADC\Vitis\.rigel_lopper -f -i C:\Xilinx\Vitis\2023.2\tps\win64\lopper-1.1.0\env\Lib\site-packages\lopper\lops\lop-cpulist.dts C:\Users\miwoj\Desktop\Zybo\xADC\Vitis\platform\hw\sdt\system-top.dts
09:40:06 INFO  : cmd.exe, /C, C:\Xilinx\Vitis\2023.2\tps\win64\lopper-1.1.0\env\Scripts\activate.bat && lopper -O C:\Users\miwoj\Desktop\Zybo\xADC\Vitis\.rigel_lopper -f -i C:\Xilinx\Vitis\2023.2\tps\win64\lopper-1.1.0\env\Lib\site-packages\lopper\lops\lop-cpulist.dts C:\Users\miwoj\Desktop\Zybo\xADC\Vitis\platform\hw\sdt\system-top.dts && C:\Xilinx\Vitis\2023.2\tps\win64\lopper-1.1.0\env\Scripts\deactivate.bat
09:40:07 INFO  : ps7_cortexa9_0
09:40:07 INFO  : ps7_cortexa9_1
09:40:07 INFO  : CPU List generated successfully
09:40:07 INFO  : SDT generated successfully.
09:40:07 INFO  : created .gitignore file for the project C:\Users\miwoj\Desktop\Zybo\xADC\Vitis\platform
09:40:07 INFO  : ZYNQ: Using the QEMU args from install at  : C:\Xilinx\Vitis\2023.2\data\emulation\platforms\zynq\sw\a9_linux\qemu\qemu_args.txt
09:40:07 INFO  : ZYNQ: Using the QEMU args from install at  : C:\Xilinx\Vitis\2023.2\data\emulation\platforms\zynq\sw\a9_standalone\qemu\qemu_args.txt
09:40:07 INFO  : ZYNQ: Using the QEMU args from install at  : C:\Xilinx\Vitis\2023.2\data\emulation\platforms\zynq\sw\a9_standalone\qemu\qemu_args.txt
09:40:07 INFO  : lopper command to generate BSP :python C:\Xilinx\Vitis\2023.2\data\embeddedsw/scripts/pyesw//create_bsp.py -w C:\Users\miwoj\Desktop\Zybo\xADC\Vitis\platform\ps7_cortexa9_0\standalone_ps7_cortexa9_0\bsp -p ps7_cortexa9_0 -o standalone -s C:\Users\miwoj\Desktop\Zybo\xADC\Vitis\platform\hw\sdt\system-top.dts -t empty_application -r C:\Users\miwoj\Desktop\Zybo\xADC\Vitis\.repo.yaml
09:40:07 INFO  : lopper command to generate BSP :python C:\Xilinx\Vitis\2023.2\data\embeddedsw/scripts/pyesw//create_bsp.py -w C:\Users\miwoj\Desktop\Zybo\xADC\Vitis\platform\zynq_fsbl\zynq_fsbl_bsp -p ps7_cortexa9_0 -o standalone -s C:\Users\miwoj\Desktop\Zybo\xADC\Vitis\platform\hw\sdt\system-top.dts -t zynq_fsbl -r C:\Users\miwoj\Desktop\Zybo\xADC\Vitis\.repo.yaml
09:40:07 INFO  : cmd.exe, /C, C:\Xilinx\Vitis\2023.2\tps\win64\lopper-1.1.0\env\Scripts\activate.bat && python C:\Xilinx\Vitis\2023.2\data\embeddedsw\scripts\pyesw\\create_bsp.py -w C:\Users\miwoj\Desktop\Zybo\xADC\Vitis\platform\zynq_fsbl\zynq_fsbl_bsp -p ps7_cortexa9_0 -o standalone -s C:\Users\miwoj\Desktop\Zybo\xADC\Vitis\platform\hw\sdt\system-top.dts -t zynq_fsbl -r C:\Users\miwoj\Desktop\Zybo\xADC\Vitis\.repo.yaml && C:\Xilinx\Vitis\2023.2\tps\win64\lopper-1.1.0\env\Scripts\deactivate.bat
09:40:07 INFO  : cmd.exe, /C, C:\Xilinx\Vitis\2023.2\tps\win64\lopper-1.1.0\env\Scripts\activate.bat && python C:\Xilinx\Vitis\2023.2\data\embeddedsw\scripts\pyesw\\create_bsp.py -w C:\Users\miwoj\Desktop\Zybo\xADC\Vitis\platform\ps7_cortexa9_0\standalone_ps7_cortexa9_0\bsp -p ps7_cortexa9_0 -o standalone -s C:\Users\miwoj\Desktop\Zybo\xADC\Vitis\platform\hw\sdt\system-top.dts -t empty_application -r C:\Users\miwoj\Desktop\Zybo\xADC\Vitis\.repo.yaml && C:\Xilinx\Vitis\2023.2\tps\win64\lopper-1.1.0\env\Scripts\deactivate.bat
09:40:31 INFO  : -- The C compiler identification is GNU 12.2.0
09:40:31 INFO  : -- The CXX compiler identification is GNU 12.2.0
09:40:31 INFO  : -- Detecting C compiler ABI info
09:40:31 INFO  : -- Detecting C compiler ABI info - done
09:40:31 INFO  : -- Check for working C compiler: C:/Xilinx/Vitis/2023.2/gnu/aarch32/nt/gcc-arm-none-eabi/bin/arm-none-eabi-gcc.exe - skipped
09:40:31 INFO  : -- Detecting C compile features
09:40:31 INFO  : -- Detecting C compile features - done
09:40:31 INFO  : -- Detecting CXX compiler ABI info
09:40:31 INFO  : -- Detecting CXX compiler ABI info - done
09:40:31 INFO  : -- Check for working CXX compiler: C:/Xilinx/Vitis/2023.2/gnu/aarch32/nt/gcc-arm-none-eabi/bin/arm-none-eabi-g++.exe - skipped
09:40:31 INFO  : -- Detecting CXX compile features
09:40:31 INFO  : -- Detecting CXX compile features - done
09:40:31 INFO  : -- Configuring done
09:40:31 INFO  : -- Generating done
09:40:31 INFO  : CMake Warning:
09:40:31 INFO  :   Manually-specified variables were not used by the project:
09:40:31 INFO  : 
09:40:31 INFO  :     CMAKE_LIBRARY_PATH
09:40:31 INFO  : 
09:40:31 INFO  : 
09:40:31 INFO  : -- Build files have been written to: C:/Users/miwoj/Desktop/Zybo/xADC/Vitis/platform/ps7_cortexa9_0/standalone_ps7_cortexa9_0/bsp/libsrc/build_configs/gen_bsp
09:40:31 INFO  : Successfully created Domain at C:/Users/miwoj/Desktop/Zybo/xADC/Vitis/platform/ps7_cortexa9_0/standalone_ps7_cortexa9_0/bsp
09:40:31 INFO  : Successfully Generated Domain C:\Users\miwoj\Desktop\Zybo\xADC\Vitis\platform\ps7_cortexa9_0\standalone_ps7_cortexa9_0\bsp
09:40:31 INFO  : Domain standalone_ps7_cortexa9_0 added successfully.
09:40:32 INFO  : -- The C compiler identification is GNU 12.2.0
09:40:32 INFO  : -- The CXX compiler identification is GNU 12.2.0
09:40:32 INFO  : -- Detecting C compiler ABI info
09:40:32 INFO  : -- Detecting C compiler ABI info - done
09:40:32 INFO  : -- Check for working C compiler: C:/Xilinx/Vitis/2023.2/gnu/aarch32/nt/gcc-arm-none-eabi/bin/arm-none-eabi-gcc.exe - skipped
09:40:32 INFO  : -- Detecting C compile features
09:40:32 INFO  : -- Detecting C compile features - done
09:40:32 INFO  : -- Detecting CXX compiler ABI info
09:40:32 INFO  : -- Detecting CXX compiler ABI info - done
09:40:32 INFO  : -- Check for working CXX compiler: C:/Xilinx/Vitis/2023.2/gnu/aarch32/nt/gcc-arm-none-eabi/bin/arm-none-eabi-g++.exe - skipped
09:40:32 INFO  : -- Detecting CXX compile features
09:40:32 INFO  : -- Detecting CXX compile features - done
09:40:32 INFO  : -- Configuring done
09:40:32 INFO  : -- Generating done
09:40:32 INFO  : CMake Warning:
09:40:32 INFO  :   Manually-specified variables were not used by the project:
09:40:32 INFO  : 
09:40:32 INFO  :     CMAKE_LIBRARY_PATH
09:40:32 INFO  : 
09:40:32 INFO  : 
09:40:32 INFO  : -- Build files have been written to: C:/Users/miwoj/Desktop/Zybo/xADC/Vitis/platform/zynq_fsbl/zynq_fsbl_bsp/libsrc/build_configs/gen_bsp
09:40:32 INFO  : Successfully created Domain at C:/Users/miwoj/Desktop/Zybo/xADC/Vitis/platform/zynq_fsbl/zynq_fsbl_bsp
09:40:32 INFO  : Successfully Generated Domain C:\Users\miwoj\Desktop\Zybo\xADC\Vitis\platform\zynq_fsbl\zynq_fsbl_bsp
09:40:32 INFO  : lopper command to create baremetal application :python C:\Xilinx\Vitis\2023.2\data\embeddedsw/scripts/pyesw//create_app.py -s C:\Users\miwoj\Desktop\Zybo\xADC\Vitis\platform\zynq_fsbl -t zynq_fsbl -d C:\Users\miwoj\Desktop\Zybo\xADC\Vitis\platform\zynq_fsbl\zynq_fsbl_bsp -n fsbl -r C:\Users\miwoj\Desktop\Zybo\xADC\Vitis\.repo.yaml
09:40:32 INFO  : cmd.exe, /C, C:\Xilinx\Vitis\2023.2\tps\win64\lopper-1.1.0\env\Scripts\activate.bat && python C:\Xilinx\Vitis\2023.2\data\embeddedsw\scripts\pyesw\\validate_bsp.py -t zynq_fsbl -d C:\Users\miwoj\Desktop\Zybo\xADC\Vitis\platform\zynq_fsbl\zynq_fsbl_bsp -r C:\Users\miwoj\Desktop\Zybo\xADC\Vitis\.repo.yaml && C:\Xilinx\Vitis\2023.2\tps\win64\lopper-1.1.0\env\Scripts\deactivate.bat
09:40:33 INFO  : Successfully validated template zynq_fsbl
09:40:33 INFO  : cmd.exe, /C, C:\Xilinx\Vitis\2023.2\tps\win64\lopper-1.1.0\env\Scripts\activate.bat && python C:\Xilinx\Vitis\2023.2\data\embeddedsw\scripts\pyesw\\create_app.py -s C:\Users\miwoj\Desktop\Zybo\xADC\Vitis\platform\zynq_fsbl -t zynq_fsbl -d C:\Users\miwoj\Desktop\Zybo\xADC\Vitis\platform\zynq_fsbl\zynq_fsbl_bsp -n fsbl -r C:\Users\miwoj\Desktop\Zybo\xADC\Vitis\.repo.yaml && C:\Xilinx\Vitis\2023.2\tps\win64\lopper-1.1.0\env\Scripts\deactivate.bat
09:40:36 INFO  : Successfully Created Application sources at C:/Users/miwoj/Desktop/Zybo/xADC/Vitis/platform/zynq_fsbl
09:40:36 INFO  : Successfully created Application C:\Users\miwoj\Desktop\Zybo\xADC\Vitis\platform\zynq_fsbl
09:40:36 INFO  : Platform FSBL Boot domain added successfully.
09:40:36 INFO  : Platform creation finished successfully.
09:40:36 INFO  : Platform Quick Build initiated.
09:40:36 INFO  : Generating Export directory
09:40:37 INFO  : Generated platform metadata for creating application(s) based on platform platform.
09:42:16 INFO  : cmd.exe, /C, C:\Xilinx\Vitis\2023.2\tps\win64\lopper-1.1.0\env\Scripts\activate.bat && python C:\Xilinx\Vitis\2023.2\data\embeddedsw\scripts\pyesw\\validate_bsp.py -t hello_world -d C:\Users\miwoj\Desktop\Zybo\xADC\Vitis\platform\export\platform\sw\standalone_ps7_cortexa9_0 -r C:\Users\miwoj\Desktop\Zybo\xADC\Vitis\.repo.yaml && C:\Xilinx\Vitis\2023.2\tps\win64\lopper-1.1.0\env\Scripts\deactivate.bat
09:42:17 INFO  : Successfully validated template hello_world
09:42:19 INFO  : lopper command to create baremetal application :python C:\Xilinx\Vitis\2023.2\data\embeddedsw/scripts/pyesw//create_app.py -s C:\Users\miwoj\Desktop\Zybo\xADC\Vitis\hello_world\src -t hello_world -d C:\Users\miwoj\Desktop\Zybo\xADC\Vitis\platform\export\platform\sw\standalone_ps7_cortexa9_0 -n hello_world -r C:\Users\miwoj\Desktop\Zybo\xADC\Vitis\.repo.yaml
09:42:19 INFO  : cmd.exe, /C, C:\Xilinx\Vitis\2023.2\tps\win64\lopper-1.1.0\env\Scripts\activate.bat && python C:\Xilinx\Vitis\2023.2\data\embeddedsw\scripts\pyesw\\validate_bsp.py -t hello_world -d C:\Users\miwoj\Desktop\Zybo\xADC\Vitis\platform\export\platform\sw\standalone_ps7_cortexa9_0 -r C:\Users\miwoj\Desktop\Zybo\xADC\Vitis\.repo.yaml && C:\Xilinx\Vitis\2023.2\tps\win64\lopper-1.1.0\env\Scripts\deactivate.bat
09:42:19 INFO  : Successfully validated template hello_world
09:42:19 INFO  : cmd.exe, /C, C:\Xilinx\Vitis\2023.2\tps\win64\lopper-1.1.0\env\Scripts\activate.bat && python C:\Xilinx\Vitis\2023.2\data\embeddedsw\scripts\pyesw\\create_app.py -s C:\Users\miwoj\Desktop\Zybo\xADC\Vitis\hello_world\src -t hello_world -d C:\Users\miwoj\Desktop\Zybo\xADC\Vitis\platform\export\platform\sw\standalone_ps7_cortexa9_0 -n hello_world -r C:\Users\miwoj\Desktop\Zybo\xADC\Vitis\.repo.yaml && C:\Xilinx\Vitis\2023.2\tps\win64\lopper-1.1.0\env\Scripts\deactivate.bat
09:42:23 INFO  : Successfully Created Application sources at C:/Users/miwoj/Desktop/Zybo/xADC/Vitis/hello_world/src
09:42:23 INFO  : Successfully created Application C:\Users\miwoj\Desktop\Zybo\xADC\Vitis\hello_world\src
09:42:23 INFO  : created .gitignore file for the project C:\Users\miwoj\Desktop\Zybo\xADC\Vitis\hello_world
09:42:23 INFO  : The hardware specification used by project 'C:\Users\miwoj\Desktop\Zybo\xADC\Vitis\hello_world' is out of sync with the platform. Resource files extracted from the hardware specification will be updated.
09:42:23 INFO  : The updated bitstream files are copied from platform to folder 'C:\Users\miwoj\Desktop\Zybo\xADC\Vitis\hello_world\_ide\bitstream' in project 'C:\Users\miwoj\Desktop\Zybo\xADC\Vitis\hello_world'.
09:42:23 INFO  : The updated ps init files are copied from platform to folder 'C:\Users\miwoj\Desktop\Zybo\xADC\Vitis\hello_world\_ide\psinit' in project 'C:\Users\miwoj\Desktop\Zybo\xADC\Vitis\hello_world'.
09:42:30 INFO  : cmd.exe, /C, C:\Xilinx\Vitis\2023.2\tps\win64\lopper-1.1.0\env\Scripts\activate.bat && lopper -O  . C:\Users\miwoj\Desktop\Zybo\xADC\Vitis\platform\hw\sdt\system-top.dts -- baremetal_getsupported_comp_xlnx ps7_cortexa9_0 C:\Users\miwoj\Desktop\Zybo\xADC\Vitis\.repo.yaml && C:\Xilinx\Vitis\2023.2\tps\win64\lopper-1.1.0\env\Scripts\deactivate.bat
09:42:31 INFO  : Supported Library List generated.
09:42:32 INFO  : Adding Library to the given BSP C:\Users\miwoj\Desktop\Zybo\xADC\Vitis\platform\ps7_cortexa9_0\standalone_ps7_cortexa9_0\bsp
09:42:32 INFO  : cmd.exe, /C, C:\Xilinx\Vitis\2023.2\tps\win64\lopper-1.1.0\env\Scripts\activate.bat && python C:\Xilinx\Vitis\2023.2\data\embeddedsw\scripts\pyesw\\config_bsp.py -d C:\Users\miwoj\Desktop\Zybo\xADC\Vitis\platform\ps7_cortexa9_0\standalone_ps7_cortexa9_0\bsp -al  xilflash C:\Xilinx\Vitis\2023.2\data\embeddedsw\lib\sw_services\xilflash_v4_10 -r C:\Users\miwoj\Desktop\Zybo\xADC\Vitis\.repo.yaml && C:\Xilinx\Vitis\2023.2\tps\win64\lopper-1.1.0\env\Scripts\deactivate.bat
09:42:34 INFO  : Library added to BSP successfully
09:42:34 INFO  : cmd.exe, /C, C:\Xilinx\Vitis\2023.2\tps\win64\lopper-1.1.0\env\Scripts\activate.bat && lopper -O  . C:\Users\miwoj\Desktop\Zybo\xADC\Vitis\platform\hw\sdt\system-top.dts -- baremetal_getsupported_comp_xlnx ps7_cortexa9_0 C:\Users\miwoj\Desktop\Zybo\xADC\Vitis\.repo.yaml && C:\Xilinx\Vitis\2023.2\tps\win64\lopper-1.1.0\env\Scripts\deactivate.bat
09:42:35 INFO  : Supported Library List generated.
09:42:36 INFO  : Regenerating BSP 
09:42:36 INFO  : lopper command to regenerate BSP :python C:\Xilinx\Vitis\2023.2\data\embeddedsw/scripts/pyesw//regen_bsp.py -s C:\Users\miwoj\Desktop\Zybo\xADC\Vitis\platform\hw\sdt\system-top.dts -d C:\Users\miwoj\Desktop\Zybo\xADC\Vitis\platform\ps7_cortexa9_0\standalone_ps7_cortexa9_0\bsp -r C:\Users\miwoj\Desktop\Zybo\xADC\Vitis\.repo.yaml
09:42:36 INFO  : cmd.exe, /C, C:\Xilinx\Vitis\2023.2\tps\win64\lopper-1.1.0\env\Scripts\activate.bat && python C:\Xilinx\Vitis\2023.2\data\embeddedsw\scripts\pyesw\\regen_bsp.py -s C:\Users\miwoj\Desktop\Zybo\xADC\Vitis\platform\hw\sdt\system-top.dts -d C:\Users\miwoj\Desktop\Zybo\xADC\Vitis\platform\ps7_cortexa9_0\standalone_ps7_cortexa9_0\bsp -r C:\Users\miwoj\Desktop\Zybo\xADC\Vitis\.repo.yaml && C:\Xilinx\Vitis\2023.2\tps\win64\lopper-1.1.0\env\Scripts\deactivate.bat
09:42:48 INFO  : -- The C compiler identification is GNU 12.2.0
09:42:48 INFO  : -- The CXX compiler identification is GNU 12.2.0
09:42:48 INFO  : -- Detecting C compiler ABI info
09:42:48 INFO  : -- Detecting C compiler ABI info - done
09:42:48 INFO  : -- Check for working C compiler: C:/Xilinx/Vitis/2023.2/gnu/aarch32/nt/gcc-arm-none-eabi/bin/arm-none-eabi-gcc.exe - skipped
09:42:48 INFO  : -- Detecting C compile features
09:42:48 INFO  : -- Detecting C compile features - done
09:42:48 INFO  : -- Detecting CXX compiler ABI info
09:42:48 INFO  : -- Detecting CXX compiler ABI info - done
09:42:48 INFO  : -- Check for working CXX compiler: C:/Xilinx/Vitis/2023.2/gnu/aarch32/nt/gcc-arm-none-eabi/bin/arm-none-eabi-g++.exe - skipped
09:42:48 INFO  : -- Detecting CXX compile features
09:42:48 INFO  : -- Detecting CXX compile features - done
09:42:48 INFO  : -- Configuring done
09:42:48 INFO  : -- Generating done
09:42:48 INFO  : CMake Warning:
09:42:48 INFO  :   Manually-specified variables were not used by the project:
09:42:48 INFO  : 
09:42:48 INFO  :     CMAKE_LIBRARY_PATH
09:42:48 INFO  : 
09:42:48 INFO  : 
09:42:48 INFO  : -- Build files have been written to: C:/Users/miwoj/Desktop/Zybo/xADC/Vitis/platform/ps7_cortexa9_0/standalone_ps7_cortexa9_0/bsp/libsrc/build_configs/gen_bsp
09:42:48 INFO  : -- Configuring done
09:42:48 INFO  : -- Generating done
09:42:48 INFO  : -- Build files have been written to: C:/Users/miwoj/Desktop/Zybo/xADC/Vitis/platform/ps7_cortexa9_0/standalone_ps7_cortexa9_0/bsp/libsrc/build_configs/gen_bsp
09:42:48 INFO  : Successfully created Domain at C:/Users/miwoj/Desktop/Zybo/xADC/Vitis/platform/ps7_cortexa9_0/standalone_ps7_cortexa9_0/bsp
09:42:48 INFO  : BSP regenerated successfully
09:42:48 INFO  : BSP regeneration finished successfully
09:42:48 INFO  : cmd.exe, /C, C:\Xilinx\Vitis\2023.2\tps\win64\lopper-1.1.0\env\Scripts\activate.bat && lopper -O  . C:\Users\miwoj\Desktop\Zybo\xADC\Vitis\platform\hw\sdt\system-top.dts -- baremetal_getsupported_comp_xlnx ps7_cortexa9_0 C:\Users\miwoj\Desktop\Zybo\xADC\Vitis\.repo.yaml && C:\Xilinx\Vitis\2023.2\tps\win64\lopper-1.1.0\env\Scripts\deactivate.bat
09:42:48 INFO  : Supported Library List generated.
09:42:59 INFO  : cmd.exe, /C, C:\Xilinx\Vitis\2023.2\tps\win64\lopper-1.1.0\env\Scripts\activate.bat && lopper -O  . C:\Users\miwoj\Desktop\Zybo\xADC\Vitis\platform\hw\sdt\system-top.dts -- baremetal_getsupported_comp_xlnx ps7_cortexa9_0 C:\Users\miwoj\Desktop\Zybo\xADC\Vitis\.repo.yaml && C:\Xilinx\Vitis\2023.2\tps\win64\lopper-1.1.0\env\Scripts\deactivate.bat
09:43:01 INFO  : Supported Library List generated.
09:43:06 INFO  : Regenerating BSP 
09:43:06 INFO  : lopper command to regenerate BSP :python C:\Xilinx\Vitis\2023.2\data\embeddedsw/scripts/pyesw//regen_bsp.py -s C:\Users\miwoj\Desktop\Zybo\xADC\Vitis\platform\hw\sdt\system-top.dts -d C:\Users\miwoj\Desktop\Zybo\xADC\Vitis\platform\ps7_cortexa9_0\standalone_ps7_cortexa9_0\bsp -r C:\Users\miwoj\Desktop\Zybo\xADC\Vitis\.repo.yaml
09:43:06 INFO  : cmd.exe, /C, C:\Xilinx\Vitis\2023.2\tps\win64\lopper-1.1.0\env\Scripts\activate.bat && python C:\Xilinx\Vitis\2023.2\data\embeddedsw\scripts\pyesw\\regen_bsp.py -s C:\Users\miwoj\Desktop\Zybo\xADC\Vitis\platform\hw\sdt\system-top.dts -d C:\Users\miwoj\Desktop\Zybo\xADC\Vitis\platform\ps7_cortexa9_0\standalone_ps7_cortexa9_0\bsp -r C:\Users\miwoj\Desktop\Zybo\xADC\Vitis\.repo.yaml && C:\Xilinx\Vitis\2023.2\tps\win64\lopper-1.1.0\env\Scripts\deactivate.bat
09:43:19 INFO  : -- The C compiler identification is GNU 12.2.0
09:43:19 INFO  : -- The CXX compiler identification is GNU 12.2.0
09:43:19 INFO  : -- Detecting C compiler ABI info
09:43:19 INFO  : -- Detecting C compiler ABI info - done
09:43:19 INFO  : -- Check for working C compiler: C:/Xilinx/Vitis/2023.2/gnu/aarch32/nt/gcc-arm-none-eabi/bin/arm-none-eabi-gcc.exe - skipped
09:43:19 INFO  : -- Detecting C compile features
09:43:19 INFO  : -- Detecting C compile features - done
09:43:19 INFO  : -- Detecting CXX compiler ABI info
09:43:19 INFO  : -- Detecting CXX compiler ABI info - done
09:43:19 INFO  : -- Check for working CXX compiler: C:/Xilinx/Vitis/2023.2/gnu/aarch32/nt/gcc-arm-none-eabi/bin/arm-none-eabi-g++.exe - skipped
09:43:19 INFO  : -- Detecting CXX compile features
09:43:19 INFO  : -- Detecting CXX compile features - done
09:43:19 INFO  : -- Configuring done
09:43:19 INFO  : -- Generating done
09:43:19 INFO  : CMake Warning:
09:43:19 INFO  :   Manually-specified variables were not used by the project:
09:43:19 INFO  : 
09:43:19 INFO  :     CMAKE_LIBRARY_PATH
09:43:19 INFO  : 
09:43:19 INFO  : 
09:43:19 INFO  : -- Build files have been written to: C:/Users/miwoj/Desktop/Zybo/xADC/Vitis/platform/ps7_cortexa9_0/standalone_ps7_cortexa9_0/bsp/libsrc/build_configs/gen_bsp
09:43:19 INFO  : -- Configuring done
09:43:19 INFO  : -- Generating done
09:43:19 INFO  : -- Build files have been written to: C:/Users/miwoj/Desktop/Zybo/xADC/Vitis/platform/ps7_cortexa9_0/standalone_ps7_cortexa9_0/bsp/libsrc/build_configs/gen_bsp
09:43:19 INFO  : Successfully created Domain at C:/Users/miwoj/Desktop/Zybo/xADC/Vitis/platform/ps7_cortexa9_0/standalone_ps7_cortexa9_0/bsp
09:43:19 INFO  : BSP regenerated successfully
09:43:19 INFO  : BSP regeneration finished successfully
09:43:19 INFO  : cmd.exe, /C, C:\Xilinx\Vitis\2023.2\tps\win64\lopper-1.1.0\env\Scripts\activate.bat && lopper -O  . C:\Users\miwoj\Desktop\Zybo\xADC\Vitis\platform\hw\sdt\system-top.dts -- baremetal_getsupported_comp_xlnx ps7_cortexa9_0 C:\Users\miwoj\Desktop\Zybo\xADC\Vitis\.repo.yaml && C:\Xilinx\Vitis\2023.2\tps\win64\lopper-1.1.0\env\Scripts\deactivate.bat
09:43:20 INFO  : Supported Library List generated.
09:43:21 INFO  : BSP build will be initiated for Domain zynq_fsbl
09:43:21 INFO  : Generating BSP for the domain C:\Users\miwoj\Desktop\Zybo\xADC\Vitis\platform\zynq_fsbl\zynq_fsbl_bsp
09:43:21 INFO  : lopper command to build BSP :python C:\Xilinx\Vitis\2023.2\data\embeddedsw/scripts/pyesw//build_bsp.py -d C:\Users\miwoj\Desktop\Zybo\xADC\Vitis\platform\zynq_fsbl\zynq_fsbl_bsp
09:43:21 INFO  : cmd.exe, /C, C:\Xilinx\Vitis\2023.2\tps\win64\lopper-1.1.0\env\Scripts\activate.bat && python C:\Xilinx\Vitis\2023.2\data\embeddedsw\scripts\pyesw\\build_bsp.py -d C:\Users\miwoj\Desktop\Zybo\xADC\Vitis\platform\zynq_fsbl\zynq_fsbl_bsp && C:\Xilinx\Vitis\2023.2\tps\win64\lopper-1.1.0\env\Scripts\deactivate.bat
09:43:21 INFO  : BSP build will be initiated for Domain standalone_ps7_cortexa9_0
09:43:21 INFO  : Generating BSP for the domain C:\Users\miwoj\Desktop\Zybo\xADC\Vitis\platform\ps7_cortexa9_0\standalone_ps7_cortexa9_0\bsp
09:43:21 INFO  : lopper command to build BSP :python C:\Xilinx\Vitis\2023.2\data\embeddedsw/scripts/pyesw//build_bsp.py -d C:\Users\miwoj\Desktop\Zybo\xADC\Vitis\platform\ps7_cortexa9_0\standalone_ps7_cortexa9_0\bsp
09:43:21 INFO  : cmd.exe, /C, C:\Xilinx\Vitis\2023.2\tps\win64\lopper-1.1.0\env\Scripts\activate.bat && python C:\Xilinx\Vitis\2023.2\data\embeddedsw\scripts\pyesw\\build_bsp.py -d C:\Users\miwoj\Desktop\Zybo\xADC\Vitis\platform\ps7_cortexa9_0\standalone_ps7_cortexa9_0\bsp && C:\Xilinx\Vitis\2023.2\tps\win64\lopper-1.1.0\env\Scripts\deactivate.bat
09:43:49 INFO  : Domain build successfully
09:43:49 INFO  : Domain build successfully
09:43:49 INFO  : Generating Boot ELFs
09:43:49 INFO  : lopper command to build baremetal application :python C:\Xilinx\Vitis\2023.2\data\embeddedsw/scripts/pyesw//build_app.py -s C:\Users\miwoj\Desktop\Zybo\xADC\Vitis\platform\zynq_fsbl -b C:\Users\miwoj\Desktop\Zybo\xADC\Vitis\platform\zynq_fsbl\build
09:43:49 INFO  : cmd.exe, /C, C:\Xilinx\Vitis\2023.2\tps\win64\lopper-1.1.0\env\Scripts\activate.bat && python C:\Xilinx\Vitis\2023.2\data\embeddedsw\scripts\pyesw\\build_app.py -s C:\Users\miwoj\Desktop\Zybo\xADC\Vitis\platform\zynq_fsbl -b C:\Users\miwoj\Desktop\Zybo\xADC\Vitis\platform\zynq_fsbl\build && C:\Xilinx\Vitis\2023.2\tps\win64\lopper-1.1.0\env\Scripts\deactivate.bat
09:43:53 INFO  : Successfully building the baremetal applicationC:\Users\miwoj\Desktop\Zybo\xADC\Vitis\platform\zynq_fsbl\build
09:43:53 INFO  : Generating Export directory
09:43:53 INFO  : Platform Build Finished successfully.
09:44:03 INFO  : cmd.exe, /C, C:\Xilinx\Vitis\2023.2\tps\win64\lopper-1.1.0\env\Scripts\activate.bat && python C:\Xilinx\Vitis\2023.2\data\embeddedsw\scripts\pyesw\\build_app.py -s c:\Users\miwoj\Desktop\Zybo\xADC\Vitis\hello_world\src -b c:\Users\miwoj\Desktop\Zybo\xADC\Vitis\hello_world\build && C:\Xilinx\Vitis\2023.2\tps\win64\lopper-1.1.0\env\Scripts\deactivate.bat
09:44:12 INFO  : XSDB server has started successfully from frontend.
09:44:12 INFO  : It has taken  3secs.
09:44:13 INFO  : Connection to XSDB Server established.
09:44:13 INFO  : It has taken  1secs.
09:44:15 INFO  : Done
09:44:15 INFO  : connect -url tcp:127.0.0.1:3121
09:44:18 INFO  : bpremove -all
09:44:18 INFO  : Context for 'APU' is selected.
09:44:18 INFO  : System reset is completed.
09:44:21 INFO  : 'after 3000' command is executed.
09:44:21 INFO  : 'targets -set -filter {jtag_cable_name =~ "Digilent Zybo 210279785460A" && level==0 && jtag_device_ctx=="jsn-Zybo-210279785460A-13722093-0"}' command is executed.
09:44:23 INFO  : Device configured successfully with "C:/Users/miwoj/Desktop/Zybo/xADC/Vitis/hello_world/_ide/bitstream/design_1_wrapper.bit"
09:44:23 INFO  : targets -set -nocase -filter {name =~"APU*"}
09:44:23 INFO  : loadhw -hw C:/Users/miwoj/Desktop/Zybo/xADC/Vitis/platform/export/platform/hw/design_1_wrapper.xsa -mem-ranges [list {0x40000000 0xbfffffff}]
09:44:23 INFO  : configparams force-mem-access 1
09:44:23 INFO  : targets -set -nocase -filter {name =~"APU*"}
09:44:23 INFO  : source C:/Users/miwoj/Desktop/Zybo/xADC/Vitis/hello_world/_ide/psinit/ps7_init.tcl
09:44:23 INFO  : ps7_init
09:44:23 INFO  : ps7_post_config
09:44:23 INFO  : targets -set -nocase -filter {name =~ "*A9*#0"}
09:44:23 INFO  : rst -processor
09:44:23 INFO  : dow C:/Users/miwoj/Desktop/Zybo/xADC/Vitis/hello_world/build/hello_world.elf
09:44:23 INFO  : con
09:44:23 INFO  : configparams force-mem-access 0
09:44:24 INFO  : Testing the connection for 127.0.0.1
09:45:38 INFO  : connect -url tcp:127.0.0.1:3121
09:45:38 INFO  : bpremove -all
09:45:38 INFO  : Context for 'APU' is selected.
09:45:38 INFO  : System reset is completed.
09:45:39 INFO  : cmd.exe, /C, C:\Xilinx\Vitis\2023.2\tps\win64\lopper-1.1.0\env\Scripts\activate.bat && python C:\Xilinx\Vitis\2023.2\data\embeddedsw\scripts\pyesw\\build_app.py -s c:\Users\miwoj\Desktop\Zybo\xADC\Vitis\hello_world\src -b c:\Users\miwoj\Desktop\Zybo\xADC\Vitis\hello_world\build && C:\Xilinx\Vitis\2023.2\tps\win64\lopper-1.1.0\env\Scripts\deactivate.bat
09:45:41 INFO  : 'after 3000' command is executed.
09:45:41 INFO  : 'targets -set -filter {jtag_cable_name =~ "Digilent Zybo 210279785460A" && level==0 && jtag_device_ctx=="jsn-Zybo-210279785460A-13722093-0"}' command is executed.
09:45:43 INFO  : Device configured successfully with "C:/Users/miwoj/Desktop/Zybo/xADC/Vitis/hello_world/_ide/bitstream/design_1_wrapper.bit"
09:45:43 INFO  : disconnect
09:45:43 ERROR : Failed to initialize the hardware Invalid target. Use "connect" command to connect to hw_server/TCF agent
09:45:44 INFO  : cmd.exe, /C, C:\Xilinx\Vitis\2023.2\tps\win64\lopper-1.1.0\env\Scripts\activate.bat && python C:\Xilinx\Vitis\2023.2\data\embeddedsw\scripts\pyesw\\build_app.py -s c:\Users\miwoj\Desktop\Zybo\xADC\Vitis\hello_world\src -b c:\Users\miwoj\Desktop\Zybo\xADC\Vitis\hello_world\build && C:\Xilinx\Vitis\2023.2\tps\win64\lopper-1.1.0\env\Scripts\deactivate.bat
09:46:09 INFO  : connect -url tcp:127.0.0.1:3121
09:46:09 INFO  : bpremove -all
09:46:09 INFO  : Context for 'APU' is selected.
09:46:09 INFO  : System reset is completed.
09:46:12 INFO  : 'after 3000' command is executed.
09:46:12 INFO  : 'targets -set -filter {jtag_cable_name =~ "Digilent Zybo 210279785460A" && level==0 && jtag_device_ctx=="jsn-Zybo-210279785460A-13722093-0"}' command is executed.
09:46:13 INFO  : Device configured successfully with "C:/Users/miwoj/Desktop/Zybo/xADC/Vitis/hello_world/_ide/bitstream/design_1_wrapper.bit"
09:46:13 INFO  : targets -set -nocase -filter {name =~"APU*"}
09:46:15 INFO  : loadhw -hw C:/Users/miwoj/Desktop/Zybo/xADC/Vitis/platform/export/platform/hw/design_1_wrapper.xsa -mem-ranges [list {0x40000000 0xbfffffff}]
09:46:15 INFO  : configparams force-mem-access 1
09:46:15 INFO  : targets -set -nocase -filter {name =~"APU*"}
09:46:15 INFO  : source C:/Users/miwoj/Desktop/Zybo/xADC/Vitis/hello_world/_ide/psinit/ps7_init.tcl
09:46:16 INFO  : ps7_init
09:46:16 INFO  : ps7_post_config
09:46:16 INFO  : targets -set -nocase -filter {name =~ "*A9*#0"}
09:46:16 INFO  : rst -processor
09:46:16 INFO  : dow C:/Users/miwoj/Desktop/Zybo/xADC/Vitis/hello_world/build/hello_world.elf
09:46:16 INFO  : con
09:46:16 INFO  : configparams force-mem-access 0
09:46:17 INFO  : Testing the connection for 127.0.0.1
09:46:29 INFO  : cmd.exe, /C, C:\Xilinx\Vitis\2023.2\tps\win64\lopper-1.1.0\env\Scripts\activate.bat && python C:\Xilinx\Vitis\2023.2\data\embeddedsw\scripts\pyesw\\build_app.py -s c:\Users\miwoj\Desktop\Zybo\xADC\Vitis\hello_world\src -b c:\Users\miwoj\Desktop\Zybo\xADC\Vitis\hello_world\build && C:\Xilinx\Vitis\2023.2\tps\win64\lopper-1.1.0\env\Scripts\deactivate.bat
09:46:32 INFO  : disconnect
09:46:35 INFO  : cmd.exe, /C, C:\Xilinx\Vitis\2023.2\tps\win64\lopper-1.1.0\env\Scripts\activate.bat && python C:\Xilinx\Vitis\2023.2\data\embeddedsw\scripts\pyesw\\build_app.py -s c:\Users\miwoj\Desktop\Zybo\xADC\Vitis\hello_world\src -b c:\Users\miwoj\Desktop\Zybo\xADC\Vitis\hello_world\build && C:\Xilinx\Vitis\2023.2\tps\win64\lopper-1.1.0\env\Scripts\deactivate.bat
09:47:42 INFO  : cmd.exe, /C, C:\Xilinx\Vitis\2023.2\tps\win64\lopper-1.1.0\env\Scripts\activate.bat && python C:\Xilinx\Vitis\2023.2\data\embeddedsw\scripts\pyesw\\build_app.py -s c:\Users\miwoj\Desktop\Zybo\xADC\Vitis\hello_world\src -b c:\Users\miwoj\Desktop\Zybo\xADC\Vitis\hello_world\build && C:\Xilinx\Vitis\2023.2\tps\win64\lopper-1.1.0\env\Scripts\deactivate.bat
09:47:49 INFO  : connect -url tcp:127.0.0.1:3121
09:47:49 INFO  : bpremove -all
09:47:49 INFO  : Context for 'APU' is selected.
09:47:49 INFO  : System reset is completed.
09:47:52 INFO  : 'after 3000' command is executed.
09:47:52 INFO  : 'targets -set -filter {jtag_cable_name =~ "Digilent Zybo 210279785460A" && level==0 && jtag_device_ctx=="jsn-Zybo-210279785460A-13722093-0"}' command is executed.
09:47:54 INFO  : Device configured successfully with "C:/Users/miwoj/Desktop/Zybo/xADC/Vitis/hello_world/_ide/bitstream/design_1_wrapper.bit"
09:47:54 INFO  : targets -set -nocase -filter {name =~"APU*"}
09:47:56 INFO  : loadhw -hw C:/Users/miwoj/Desktop/Zybo/xADC/Vitis/platform/export/platform/hw/design_1_wrapper.xsa -mem-ranges [list {0x40000000 0xbfffffff}]
09:47:56 INFO  : configparams force-mem-access 1
09:47:56 INFO  : targets -set -nocase -filter {name =~"APU*"}
09:47:56 INFO  : source C:/Users/miwoj/Desktop/Zybo/xADC/Vitis/hello_world/_ide/psinit/ps7_init.tcl
09:47:56 INFO  : ps7_init
09:47:56 INFO  : ps7_post_config
09:47:56 INFO  : targets -set -nocase -filter {name =~ "*A9*#0"}
09:47:56 INFO  : rst -processor
09:47:56 INFO  : dow C:/Users/miwoj/Desktop/Zybo/xADC/Vitis/hello_world/build/hello_world.elf
09:47:56 INFO  : con
09:47:56 INFO  : configparams force-mem-access 0
09:47:57 INFO  : Testing the connection for 127.0.0.1
09:48:15 INFO  : disconnect
09:48:49 INFO  : cmd.exe, /C, C:\Xilinx\Vitis\2023.2\tps\win64\lopper-1.1.0\env\Scripts\activate.bat && python C:\Xilinx\Vitis\2023.2\data\embeddedsw\scripts\pyesw\\build_app.py -s c:\Users\miwoj\Desktop\Zybo\xADC\Vitis\hello_world\src -b c:\Users\miwoj\Desktop\Zybo\xADC\Vitis\hello_world\build && C:\Xilinx\Vitis\2023.2\tps\win64\lopper-1.1.0\env\Scripts\deactivate.bat
09:48:56 INFO  : connect -url tcp:127.0.0.1:3121
09:48:56 INFO  : bpremove -all
09:48:56 INFO  : Context for 'APU' is selected.
09:48:56 INFO  : System reset is completed.
09:48:59 INFO  : 'after 3000' command is executed.
09:48:59 INFO  : 'targets -set -filter {jtag_cable_name =~ "Digilent Zybo 210279785460A" && level==0 && jtag_device_ctx=="jsn-Zybo-210279785460A-13722093-0"}' command is executed.
09:49:00 INFO  : Device configured successfully with "C:/Users/miwoj/Desktop/Zybo/xADC/Vitis/hello_world/_ide/bitstream/design_1_wrapper.bit"
09:49:00 INFO  : targets -set -nocase -filter {name =~"APU*"}
09:49:02 INFO  : loadhw -hw C:/Users/miwoj/Desktop/Zybo/xADC/Vitis/platform/export/platform/hw/design_1_wrapper.xsa -mem-ranges [list {0x40000000 0xbfffffff}]
09:49:02 INFO  : configparams force-mem-access 1
09:49:02 INFO  : targets -set -nocase -filter {name =~"APU*"}
09:49:02 INFO  : source C:/Users/miwoj/Desktop/Zybo/xADC/Vitis/hello_world/_ide/psinit/ps7_init.tcl
09:49:02 INFO  : ps7_init
09:49:02 INFO  : ps7_post_config
09:49:02 INFO  : targets -set -nocase -filter {name =~ "*A9*#0"}
09:49:03 INFO  : rst -processor
09:49:03 INFO  : dow C:/Users/miwoj/Desktop/Zybo/xADC/Vitis/hello_world/build/hello_world.elf
09:49:03 INFO  : con
09:49:03 INFO  : configparams force-mem-access 0
09:49:04 INFO  : Testing the connection for 127.0.0.1
09:49:19 INFO  : connect -url tcp:127.0.0.1:3121
09:49:19 INFO  : bpremove -all
09:49:19 INFO  : Context for 'APU' is selected.
09:49:19 INFO  : System reset is completed.
09:49:22 INFO  : 'after 3000' command is executed.
09:49:22 INFO  : 'targets -set -filter {jtag_cable_name =~ "Digilent Zybo 210279785460A" && level==0 && jtag_device_ctx=="jsn-Zybo-210279785460A-13722093-0"}' command is executed.
09:49:23 INFO  : Device configured successfully with "C:/Users/miwoj/Desktop/Zybo/xADC/Vitis/hello_world/_ide/bitstream/design_1_wrapper.bit"
09:49:23 INFO  : targets -set -nocase -filter {name =~"APU*"}
09:49:23 INFO  : loadhw -hw C:/Users/miwoj/Desktop/Zybo/xADC/Vitis/platform/export/platform/hw/design_1_wrapper.xsa -mem-ranges [list {0x40000000 0xbfffffff}]
09:49:23 INFO  : configparams force-mem-access 1
09:49:23 INFO  : targets -set -nocase -filter {name =~"APU*"}
09:49:23 INFO  : source C:/Users/miwoj/Desktop/Zybo/xADC/Vitis/hello_world/_ide/psinit/ps7_init.tcl
09:49:23 INFO  : ps7_init
09:49:24 INFO  : ps7_post_config
09:49:24 INFO  : targets -set -nocase -filter {name =~ "*A9*#0"}
09:49:24 INFO  : rst -processor
09:49:24 INFO  : dow C:/Users/miwoj/Desktop/Zybo/xADC/Vitis/hello_world/build/hello_world.elf
09:49:24 INFO  : bpadd main
09:49:24 INFO  : con
09:49:24 INFO  : configparams force-mem-access 0
09:49:25 INFO  : Testing the connection for 127.0.0.1
09:50:36 INFO  : disconnect
09:51:58 INFO  : connect -url tcp:127.0.0.1:3121
09:51:58 INFO  : bpremove -all
09:51:58 INFO  : Context for 'APU' is selected.
09:51:58 INFO  : System reset is completed.
09:52:01 INFO  : 'after 3000' command is executed.
09:52:01 INFO  : 'targets -set -filter {jtag_cable_name =~ "Digilent Zybo 210279785460A" && level==0 && jtag_device_ctx=="jsn-Zybo-210279785460A-13722093-0"}' command is executed.
09:52:02 INFO  : Device configured successfully with "C:/Users/miwoj/Desktop/Zybo/xADC/Vitis/hello_world/_ide/bitstream/design_1_wrapper.bit"
09:52:02 INFO  : targets -set -nocase -filter {name =~"APU*"}
09:52:04 INFO  : loadhw -hw C:/Users/miwoj/Desktop/Zybo/xADC/Vitis/platform/export/platform/hw/design_1_wrapper.xsa -mem-ranges [list {0x40000000 0xbfffffff}]
09:52:04 INFO  : configparams force-mem-access 1
09:52:04 INFO  : targets -set -nocase -filter {name =~"APU*"}
09:52:04 INFO  : source C:/Users/miwoj/Desktop/Zybo/xADC/Vitis/hello_world/_ide/psinit/ps7_init.tcl
09:52:04 INFO  : ps7_init
09:52:04 INFO  : ps7_post_config
09:52:04 INFO  : targets -set -nocase -filter {name =~ "*A9*#0"}
09:52:04 INFO  : rst -processor
09:52:05 INFO  : dow C:/Users/miwoj/Desktop/Zybo/xADC/Vitis/hello_world/build/hello_world.elf
09:52:05 INFO  : bpadd main
09:52:05 INFO  : con
09:52:05 INFO  : configparams force-mem-access 0
09:52:06 INFO  : Testing the connection for 127.0.0.1
09:53:01 INFO  : disconnect
09:53:03 INFO  : connect -url tcp:127.0.0.1:3121
09:53:03 INFO  : bpremove -all
09:53:03 INFO  : Context for 'APU' is selected.
09:53:03 INFO  : System reset is completed.
09:53:06 INFO  : 'after 3000' command is executed.
09:53:06 INFO  : 'targets -set -filter {jtag_cable_name =~ "Digilent Zybo 210279785460A" && level==0 && jtag_device_ctx=="jsn-Zybo-210279785460A-13722093-0"}' command is executed.
09:53:07 INFO  : Device configured successfully with "C:/Users/miwoj/Desktop/Zybo/xADC/Vitis/hello_world/_ide/bitstream/design_1_wrapper.bit"
09:53:07 INFO  : targets -set -nocase -filter {name =~"APU*"}
09:53:09 INFO  : loadhw -hw C:/Users/miwoj/Desktop/Zybo/xADC/Vitis/platform/export/platform/hw/design_1_wrapper.xsa -mem-ranges [list {0x40000000 0xbfffffff}]
09:53:09 INFO  : configparams force-mem-access 1
09:53:09 INFO  : targets -set -nocase -filter {name =~"APU*"}
09:53:09 INFO  : source C:/Users/miwoj/Desktop/Zybo/xADC/Vitis/hello_world/_ide/psinit/ps7_init.tcl
09:53:09 INFO  : ps7_init
09:53:09 INFO  : ps7_post_config
09:53:09 INFO  : targets -set -nocase -filter {name =~ "*A9*#0"}
09:53:09 INFO  : rst -processor
09:53:09 INFO  : dow C:/Users/miwoj/Desktop/Zybo/xADC/Vitis/hello_world/build/hello_world.elf
09:53:09 INFO  : bpadd main
09:53:10 INFO  : con
09:53:10 INFO  : configparams force-mem-access 0
09:53:11 INFO  : Testing the connection for 127.0.0.1
09:53:19 INFO  : disconnect
09:53:20 INFO  : connect -url tcp:127.0.0.1:3121
09:53:20 INFO  : bpremove -all
09:53:22 INFO  : Context for 'APU' is selected.
09:53:22 INFO  : System reset is completed.
09:53:25 INFO  : 'after 3000' command is executed.
09:53:25 INFO  : 'targets -set -filter {jtag_cable_name =~ "Digilent Zybo 210279785460A" && level==0 && jtag_device_ctx=="jsn-Zybo-210279785460A-13722093-0"}' command is executed.
09:53:26 INFO  : Device configured successfully with "C:/Users/miwoj/Desktop/Zybo/xADC/Vitis/hello_world/_ide/bitstream/design_1_wrapper.bit"
09:53:26 INFO  : targets -set -nocase -filter {name =~"APU*"}
09:53:28 INFO  : loadhw -hw C:/Users/miwoj/Desktop/Zybo/xADC/Vitis/platform/export/platform/hw/design_1_wrapper.xsa -mem-ranges [list {0x40000000 0xbfffffff}]
09:53:28 INFO  : configparams force-mem-access 1
09:53:28 INFO  : targets -set -nocase -filter {name =~"APU*"}
09:53:28 INFO  : source C:/Users/miwoj/Desktop/Zybo/xADC/Vitis/hello_world/_ide/psinit/ps7_init.tcl
09:53:28 INFO  : ps7_init
09:53:28 INFO  : ps7_post_config
09:53:28 INFO  : targets -set -nocase -filter {name =~ "*A9*#0"}
09:53:28 INFO  : rst -processor
09:53:29 INFO  : dow C:/Users/miwoj/Desktop/Zybo/xADC/Vitis/hello_world/build/hello_world.elf
09:53:29 INFO  : bpadd main
09:53:29 INFO  : con
09:53:29 INFO  : configparams force-mem-access 0
09:53:30 INFO  : Testing the connection for 127.0.0.1
11:19:27 INFO  : cmd.exe, /C, C:\Xilinx\Vitis\2023.2\tps\win64\lopper-1.1.0\env\Scripts\activate.bat && python C:\Xilinx\Vitis\2023.2\data\embeddedsw\scripts\pyesw\\build_app.py -s c:\Users\miwoj\Desktop\Zybo\xADC\Vitis\hello_world\src -b c:\Users\miwoj\Desktop\Zybo\xADC\Vitis\hello_world\build && C:\Xilinx\Vitis\2023.2\tps\win64\lopper-1.1.0\env\Scripts\deactivate.bat
11:19:39 INFO  : BSP build will be initiated for Domain standalone_ps7_cortexa9_0
11:19:39 INFO  : BSP build will be initiated for Domain zynq_fsbl
11:19:39 INFO  : Generating BSP for the domain C:\Users\miwoj\Desktop\Zybo\xADC\Vitis\platform\ps7_cortexa9_0\standalone_ps7_cortexa9_0\bsp
11:19:39 INFO  : lopper command to build BSP :python C:\Xilinx\Vitis\2023.2\data\embeddedsw/scripts/pyesw//build_bsp.py -d C:\Users\miwoj\Desktop\Zybo\xADC\Vitis\platform\ps7_cortexa9_0\standalone_ps7_cortexa9_0\bsp
11:19:39 INFO  : Generating BSP for the domain C:\Users\miwoj\Desktop\Zybo\xADC\Vitis\platform\zynq_fsbl\zynq_fsbl_bsp
11:19:39 INFO  : lopper command to build BSP :python C:\Xilinx\Vitis\2023.2\data\embeddedsw/scripts/pyesw//build_bsp.py -d C:\Users\miwoj\Desktop\Zybo\xADC\Vitis\platform\zynq_fsbl\zynq_fsbl_bsp
11:19:39 INFO  : cmd.exe, /C, C:\Xilinx\Vitis\2023.2\tps\win64\lopper-1.1.0\env\Scripts\activate.bat && python C:\Xilinx\Vitis\2023.2\data\embeddedsw\scripts\pyesw\\build_bsp.py -d C:\Users\miwoj\Desktop\Zybo\xADC\Vitis\platform\ps7_cortexa9_0\standalone_ps7_cortexa9_0\bsp && C:\Xilinx\Vitis\2023.2\tps\win64\lopper-1.1.0\env\Scripts\deactivate.bat
11:19:39 INFO  : cmd.exe, /C, C:\Xilinx\Vitis\2023.2\tps\win64\lopper-1.1.0\env\Scripts\activate.bat && python C:\Xilinx\Vitis\2023.2\data\embeddedsw\scripts\pyesw\\build_bsp.py -d C:\Users\miwoj\Desktop\Zybo\xADC\Vitis\platform\zynq_fsbl\zynq_fsbl_bsp && C:\Xilinx\Vitis\2023.2\tps\win64\lopper-1.1.0\env\Scripts\deactivate.bat
11:20:05 INFO  : Domain build successfully
11:20:05 INFO  : Domain build successfully
11:20:05 INFO  : Generating Boot ELFs
11:20:05 INFO  : lopper command to build baremetal application :python C:\Xilinx\Vitis\2023.2\data\embeddedsw/scripts/pyesw//build_app.py -s C:\Users\miwoj\Desktop\Zybo\xADC\Vitis\platform\zynq_fsbl -b C:\Users\miwoj\Desktop\Zybo\xADC\Vitis\platform\zynq_fsbl\build
11:20:05 INFO  : cmd.exe, /C, C:\Xilinx\Vitis\2023.2\tps\win64\lopper-1.1.0\env\Scripts\activate.bat && python C:\Xilinx\Vitis\2023.2\data\embeddedsw\scripts\pyesw\\build_app.py -s C:\Users\miwoj\Desktop\Zybo\xADC\Vitis\platform\zynq_fsbl -b C:\Users\miwoj\Desktop\Zybo\xADC\Vitis\platform\zynq_fsbl\build && C:\Xilinx\Vitis\2023.2\tps\win64\lopper-1.1.0\env\Scripts\deactivate.bat
11:20:09 INFO  : Successfully building the baremetal applicationC:\Users\miwoj\Desktop\Zybo\xADC\Vitis\platform\zynq_fsbl\build
11:20:09 INFO  : Generating Export directory
11:20:09 INFO  : Platform Build Finished successfully.
11:21:00 INFO  : cmd.exe, /C, C:\Xilinx\Vitis\2023.2\tps\win64\lopper-1.1.0\env\Scripts\activate.bat && python C:\Xilinx\Vitis\2023.2\data\embeddedsw\scripts\pyesw\\build_app.py -s c:\Users\miwoj\Desktop\Zybo\xADC\Vitis\hello_world\src -b c:\Users\miwoj\Desktop\Zybo\xADC\Vitis\hello_world\build && C:\Xilinx\Vitis\2023.2\tps\win64\lopper-1.1.0\env\Scripts\deactivate.bat
11:21:35 INFO  : cmd.exe, /C, C:\Xilinx\Vitis\2023.2\tps\win64\lopper-1.1.0\env\Scripts\activate.bat && python C:\Xilinx\Vitis\2023.2\data\embeddedsw\scripts\pyesw\\build_app.py -s c:\Users\miwoj\Desktop\Zybo\xADC\Vitis\hello_world\src -b c:\Users\miwoj\Desktop\Zybo\xADC\Vitis\hello_world\build && C:\Xilinx\Vitis\2023.2\tps\win64\lopper-1.1.0\env\Scripts\deactivate.bat
11:21:38 INFO  : connect -url tcp:127.0.0.1:3121
11:21:38 INFO  : bpremove -all
11:21:39 INFO  : Context for 'APU' is selected.
11:21:39 INFO  : System reset is completed.
11:21:42 INFO  : 'after 3000' command is executed.
11:21:42 INFO  : 'targets -set -filter {jtag_cable_name =~ "Digilent Zybo 210279785460A" && level==0 && jtag_device_ctx=="jsn-Zybo-210279785460A-13722093-0"}' command is executed.
11:21:43 INFO  : Device configured successfully with "C:/Users/miwoj/Desktop/Zybo/xADC/Vitis/hello_world/_ide/bitstream/design_1_wrapper.bit"
11:21:43 INFO  : targets -set -nocase -filter {name =~"APU*"}
11:21:43 INFO  : loadhw -hw C:/Users/miwoj/Desktop/Zybo/xADC/Vitis/platform/export/platform/hw/design_1_wrapper.xsa -mem-ranges [list {0x40000000 0xbfffffff}]
11:21:43 INFO  : configparams force-mem-access 1
11:21:43 INFO  : targets -set -nocase -filter {name =~"APU*"}
11:21:43 INFO  : source C:/Users/miwoj/Desktop/Zybo/xADC/Vitis/hello_world/_ide/psinit/ps7_init.tcl
11:21:43 INFO  : ps7_init
11:21:43 INFO  : ps7_post_config
11:21:43 INFO  : targets -set -nocase -filter {name =~ "*A9*#0"}
11:21:43 INFO  : rst -processor
11:21:44 INFO  : dow C:/Users/miwoj/Desktop/Zybo/xADC/Vitis/hello_world/build/hello_world.elf
11:21:44 INFO  : con
11:21:44 INFO  : configparams force-mem-access 0
11:21:45 INFO  : Testing the connection for 127.0.0.1
11:21:58 INFO  : disconnect
11:21:59 INFO  : connect -url tcp:127.0.0.1:3121
11:21:59 INFO  : bpremove -all
11:22:00 INFO  : Context for 'APU' is selected.
11:22:00 INFO  : System reset is completed.
11:22:03 INFO  : 'after 3000' command is executed.
11:22:03 INFO  : 'targets -set -filter {jtag_cable_name =~ "Digilent Zybo 210279785460A" && level==0 && jtag_device_ctx=="jsn-Zybo-210279785460A-13722093-0"}' command is executed.
11:22:04 INFO  : Device configured successfully with "C:/Users/miwoj/Desktop/Zybo/xADC/Vitis/hello_world/_ide/bitstream/design_1_wrapper.bit"
11:22:04 INFO  : targets -set -nocase -filter {name =~"APU*"}
11:22:06 INFO  : loadhw -hw C:/Users/miwoj/Desktop/Zybo/xADC/Vitis/platform/export/platform/hw/design_1_wrapper.xsa -mem-ranges [list {0x40000000 0xbfffffff}]
11:22:06 INFO  : configparams force-mem-access 1
11:22:06 INFO  : targets -set -nocase -filter {name =~"APU*"}
11:22:06 INFO  : source C:/Users/miwoj/Desktop/Zybo/xADC/Vitis/hello_world/_ide/psinit/ps7_init.tcl
11:22:07 INFO  : ps7_init
11:22:07 INFO  : ps7_post_config
11:22:07 INFO  : targets -set -nocase -filter {name =~ "*A9*#0"}
11:22:07 INFO  : rst -processor
11:22:07 INFO  : dow C:/Users/miwoj/Desktop/Zybo/xADC/Vitis/hello_world/build/hello_world.elf
11:22:07 INFO  : con
11:22:07 INFO  : configparams force-mem-access 0
11:22:08 INFO  : Testing the connection for 127.0.0.1
11:27:50 INFO  : connect -url tcp:127.0.0.1:3121
11:27:50 INFO  : bpremove -all
11:27:50 INFO  : Context for 'APU' is selected.
11:27:50 INFO  : System reset is completed.
11:27:53 INFO  : 'after 3000' command is executed.
11:27:53 INFO  : 'targets -set -filter {jtag_cable_name =~ "Digilent Zybo 210279785460A" && level==0 && jtag_device_ctx=="jsn-Zybo-210279785460A-13722093-0"}' command is executed.
11:27:54 INFO  : Device configured successfully with "C:/Users/miwoj/Desktop/Zybo/xADC/Vitis/hello_world/_ide/bitstream/design_1_wrapper.bit"
11:27:54 INFO  : targets -set -nocase -filter {name =~"APU*"}
11:27:54 INFO  : loadhw -hw C:/Users/miwoj/Desktop/Zybo/xADC/Vitis/platform/export/platform/hw/design_1_wrapper.xsa -mem-ranges [list {0x40000000 0xbfffffff}]
11:27:54 INFO  : configparams force-mem-access 1
11:27:54 INFO  : targets -set -nocase -filter {name =~"APU*"}
11:27:54 INFO  : source C:/Users/miwoj/Desktop/Zybo/xADC/Vitis/hello_world/_ide/psinit/ps7_init.tcl
11:27:54 INFO  : ps7_init
11:27:54 INFO  : ps7_post_config
11:27:54 INFO  : targets -set -nocase -filter {name =~ "*A9*#0"}
11:27:54 INFO  : rst -processor
11:27:55 INFO  : dow C:/Users/miwoj/Desktop/Zybo/xADC/Vitis/hello_world/build/hello_world.elf
11:27:55 INFO  : bpadd main
11:27:55 INFO  : con
11:27:55 INFO  : configparams force-mem-access 0
11:27:56 INFO  : Testing the connection for 127.0.0.1
11:28:49 INFO  : disconnect
11:29:06 ERROR : no channel specified
11:29:06 ERROR : Error in handling the notification no channel specified
11:29:08 INFO  : connect -url tcp:127.0.0.1:3121
11:29:08 INFO  : bpremove -all
11:29:08 INFO  : Context for 'APU' is selected.
11:29:08 INFO  : System reset is completed.
11:29:11 INFO  : 'after 3000' command is executed.
11:29:11 INFO  : 'targets -set -filter {jtag_cable_name =~ "Digilent Zybo 210279785460A" && level==0 && jtag_device_ctx=="jsn-Zybo-210279785460A-13722093-0"}' command is executed.
11:29:13 INFO  : Device configured successfully with "C:/Users/miwoj/Desktop/Zybo/xADC/Vitis/hello_world/_ide/bitstream/design_1_wrapper.bit"
11:29:13 INFO  : targets -set -nocase -filter {name =~"APU*"}
11:29:15 INFO  : loadhw -hw C:/Users/miwoj/Desktop/Zybo/xADC/Vitis/platform/export/platform/hw/design_1_wrapper.xsa -mem-ranges [list {0x40000000 0xbfffffff}]
11:29:15 INFO  : configparams force-mem-access 1
11:29:15 INFO  : targets -set -nocase -filter {name =~"APU*"}
11:29:15 INFO  : source C:/Users/miwoj/Desktop/Zybo/xADC/Vitis/hello_world/_ide/psinit/ps7_init.tcl
11:29:15 INFO  : ps7_init
11:29:15 INFO  : ps7_post_config
11:29:15 INFO  : targets -set -nocase -filter {name =~ "*A9*#0"}
11:29:15 INFO  : rst -processor
11:29:15 INFO  : dow C:/Users/miwoj/Desktop/Zybo/xADC/Vitis/hello_world/build/hello_world.elf
11:29:15 INFO  : bpadd main
11:29:15 INFO  : con
11:29:15 INFO  : configparams force-mem-access 0
11:29:16 INFO  : Testing the connection for 127.0.0.1
11:30:15 INFO  : disconnect
11:30:16 INFO  : connect -url tcp:127.0.0.1:3121
11:30:16 INFO  : bpremove -all
11:30:17 INFO  : Context for 'APU' is selected.
11:30:17 INFO  : System reset is completed.
11:30:20 INFO  : 'after 3000' command is executed.
11:30:20 INFO  : 'targets -set -filter {jtag_cable_name =~ "Digilent Zybo 210279785460A" && level==0 && jtag_device_ctx=="jsn-Zybo-210279785460A-13722093-0"}' command is executed.
11:30:21 INFO  : Device configured successfully with "C:/Users/miwoj/Desktop/Zybo/xADC/Vitis/hello_world/_ide/bitstream/design_1_wrapper.bit"
11:30:21 INFO  : targets -set -nocase -filter {name =~"APU*"}
11:30:23 INFO  : loadhw -hw C:/Users/miwoj/Desktop/Zybo/xADC/Vitis/platform/export/platform/hw/design_1_wrapper.xsa -mem-ranges [list {0x40000000 0xbfffffff}]
11:30:23 INFO  : configparams force-mem-access 1
11:30:23 INFO  : targets -set -nocase -filter {name =~"APU*"}
11:30:23 INFO  : source C:/Users/miwoj/Desktop/Zybo/xADC/Vitis/hello_world/_ide/psinit/ps7_init.tcl
11:30:23 INFO  : ps7_init
11:30:23 INFO  : ps7_post_config
11:30:23 INFO  : targets -set -nocase -filter {name =~ "*A9*#0"}
11:30:23 INFO  : rst -processor
11:30:23 INFO  : dow C:/Users/miwoj/Desktop/Zybo/xADC/Vitis/hello_world/build/hello_world.elf
11:30:23 INFO  : bpadd main
11:30:23 INFO  : con
11:30:23 INFO  : configparams force-mem-access 0
11:30:24 INFO  : Testing the connection for 127.0.0.1
11:30:35 INFO  : disconnect
11:32:54 INFO  : cmd.exe, /C, C:\Xilinx\Vitis\2023.2\tps\win64\lopper-1.1.0\env\Scripts\activate.bat && lopper -O  . C:\Users\miwoj\Desktop\Zybo\xADC\Vitis\platform\hw\sdt\system-top.dts -- baremetal_getsupported_comp_xlnx ps7_cortexa9_0 C:\Users\miwoj\Desktop\Zybo\xADC\Vitis\.repo.yaml && C:\Xilinx\Vitis\2023.2\tps\win64\lopper-1.1.0\env\Scripts\deactivate.bat
11:32:55 INFO  : Supported Library List generated.
11:33:11 INFO  : Updating Examples in Driver C:\Users\miwoj\Desktop\Zybo\xADC\Vitis\platform\ps7_cortexa9_0\standalone_ps7_cortexa9_0\bsp
11:33:11 INFO  : cmd.exe, /C, C:\Xilinx\Vitis\2023.2\tps\win64\lopper-1.1.0\env\Scripts\activate.bat && python C:\Xilinx\Vitis\2023.2\data\embeddedsw\scripts\pyesw\\load_example.py -d C:\Users\miwoj\Desktop\Zybo\xADC\Vitis\platform\ps7_cortexa9_0\standalone_ps7_cortexa9_0\bsp && C:\Xilinx\Vitis\2023.2\tps\win64\lopper-1.1.0\env\Scripts\deactivate.bat
11:33:19 INFO  : -- The C compiler identification is GNU 12.2.0
11:33:19 INFO  : -- The CXX compiler identification is GNU 12.2.0
11:33:19 INFO  : -- Detecting C compiler ABI info
11:33:19 INFO  : -- Detecting C compiler ABI info - done
11:33:19 INFO  : -- Check for working C compiler: C:/Xilinx/Vitis/2023.2/gnu/aarch32/nt/gcc-arm-none-eabi/bin/arm-none-eabi-gcc.exe - skipped
11:33:19 INFO  : -- Detecting C compile features
11:33:19 INFO  : -- Detecting C compile features - done
11:33:19 INFO  : -- Detecting CXX compiler ABI info
11:33:19 INFO  : -- Detecting CXX compiler ABI info - done
11:33:19 INFO  : -- Check for working CXX compiler: C:/Xilinx/Vitis/2023.2/gnu/aarch32/nt/gcc-arm-none-eabi/bin/arm-none-eabi-g++.exe - skipped
11:33:19 INFO  : -- Detecting CXX compile features
11:33:19 INFO  : -- Detecting CXX compile features - done
11:33:19 INFO  : -- Configuring done
11:33:19 INFO  : -- Generating done
11:33:19 INFO  : CMake Warning:
11:33:19 INFO  :   Manually-specified variables were not used by the project:
11:33:19 INFO  : 
11:33:19 INFO  :     CMAKE_LIBRARY_PATH
11:33:19 INFO  : 
11:33:19 INFO  : 
11:33:19 INFO  : -- Build files have been written to: C:/Users/miwoj/Desktop/Zybo/xADC/Vitis/platform/ps7_cortexa9_0/standalone_ps7_cortexa9_0/bsp/libsrc/build_configs/exmetadata
11:33:19 INFO  : Updated Examples in Driver
11:38:04 INFO  : cmd.exe, /C, C:\Xilinx\Vitis\2023.2\tps\win64\lopper-1.1.0\env\Scripts\activate.bat && python C:\Xilinx\Vitis\2023.2\data\embeddedsw\scripts\pyesw\\build_app.py -s c:\Users\miwoj\Desktop\Zybo\xADC\Vitis\hello_world\src -b c:\Users\miwoj\Desktop\Zybo\xADC\Vitis\hello_world\build && C:\Xilinx\Vitis\2023.2\tps\win64\lopper-1.1.0\env\Scripts\deactivate.bat
11:38:11 INFO  : connect -url tcp:127.0.0.1:3121
11:38:11 INFO  : bpremove -all
11:38:12 INFO  : Context for 'APU' is selected.
11:38:12 INFO  : System reset is completed.
11:38:15 INFO  : 'after 3000' command is executed.
11:38:15 INFO  : 'targets -set -filter {jtag_cable_name =~ "Digilent Zybo 210279785460A" && level==0 && jtag_device_ctx=="jsn-Zybo-210279785460A-13722093-0"}' command is executed.
11:38:16 INFO  : Device configured successfully with "C:/Users/miwoj/Desktop/Zybo/xADC/Vitis/hello_world/_ide/bitstream/design_1_wrapper.bit"
11:38:16 INFO  : targets -set -nocase -filter {name =~"APU*"}
11:38:19 INFO  : loadhw -hw C:/Users/miwoj/Desktop/Zybo/xADC/Vitis/platform/export/platform/hw/design_1_wrapper.xsa -mem-ranges [list {0x40000000 0xbfffffff}]
11:38:19 INFO  : configparams force-mem-access 1
11:38:19 INFO  : targets -set -nocase -filter {name =~"APU*"}
11:38:19 INFO  : source C:/Users/miwoj/Desktop/Zybo/xADC/Vitis/hello_world/_ide/psinit/ps7_init.tcl
11:38:19 INFO  : ps7_init
11:38:19 INFO  : ps7_post_config
11:38:19 INFO  : targets -set -nocase -filter {name =~ "*A9*#0"}
11:38:19 INFO  : rst -processor
11:38:19 INFO  : dow C:/Users/miwoj/Desktop/Zybo/xADC/Vitis/hello_world/build/hello_world.elf
11:38:19 INFO  : con
11:38:19 INFO  : configparams force-mem-access 0
11:38:20 INFO  : Testing the connection for 127.0.0.1
11:43:08 INFO  : connection terminated
11:43:08 INFO  : connection terminated
11:43:08 INFO  : scheduling shutdown timer for 2 seconds ...
11:43:10 INFO  : Terminating Vitis C++ Server
11:43:11 INFO  : Vitis C++ Server terminated
