Copyright 1986-2022 Xilinx, Inc. All Rights Reserved. Copyright 2022-2024 Advanced Micro Devices, Inc. All Rights Reserved.
-----------------------------------------------------------------------------------------------------------------------------------------------------------------------------------------------------
| Tool Version : Vivado v.2024.1 (win64) Build 5076996 Wed May 22 18:37:14 MDT 2024
| Date         : Wed Oct 16 09:51:15 2024
| Host         : mikkelsPC running 64-bit major release  (build 9200)
| Command      : report_methodology -file Block_Diagram_wrapper_methodology_drc_routed.rpt -pb Block_Diagram_wrapper_methodology_drc_routed.pb -rpx Block_Diagram_wrapper_methodology_drc_routed.rpx
| Design       : Block_Diagram_wrapper
| Device       : xc7z010clg400-1
| Speed File   : -1
| Design State : Fully Routed
-----------------------------------------------------------------------------------------------------------------------------------------------------------------------------------------------------

Report Methodology

Table of Contents
-----------------
1. REPORT SUMMARY
2. REPORT DETAILS

1. REPORT SUMMARY
-----------------
            Netlist: netlist
          Floorplan: design_1
      Design limits: <entire design considered>
             Max violations: <unlimited>
             Violations found: 17
+-----------+----------+--------------------------------+------------+
| Rule      | Severity | Description                    | Violations |
+-----------+----------+--------------------------------+------------+
| TIMING-20 | Warning  | Non-clocked latch              | 16         |
| LATCH-1   | Advisory | Existing latches in the design | 1          |
+-----------+----------+--------------------------------+------------+

2. REPORT DETAILS
-----------------
TIMING-20#1 Warning
Non-clocked latch  
The latch Block_Diagram_i/SDC_Monitor_CAR_0/U0/IS_SDC_CLOSED_VECTOR_O_reg[0] cannot be properly analyzed as its control pin Block_Diagram_i/SDC_Monitor_CAR_0/U0/IS_SDC_CLOSED_VECTOR_O_reg[0]/G is not reached by a timing clock
Related violations: <none>

TIMING-20#2 Warning
Non-clocked latch  
The latch Block_Diagram_i/SDC_Monitor_CAR_0/U0/IS_SDC_CLOSED_VECTOR_O_reg[10] cannot be properly analyzed as its control pin Block_Diagram_i/SDC_Monitor_CAR_0/U0/IS_SDC_CLOSED_VECTOR_O_reg[10]/G is not reached by a timing clock
Related violations: <none>

TIMING-20#3 Warning
Non-clocked latch  
The latch Block_Diagram_i/SDC_Monitor_CAR_0/U0/IS_SDC_CLOSED_VECTOR_O_reg[11] cannot be properly analyzed as its control pin Block_Diagram_i/SDC_Monitor_CAR_0/U0/IS_SDC_CLOSED_VECTOR_O_reg[11]/G is not reached by a timing clock
Related violations: <none>

TIMING-20#4 Warning
Non-clocked latch  
The latch Block_Diagram_i/SDC_Monitor_CAR_0/U0/IS_SDC_CLOSED_VECTOR_O_reg[12] cannot be properly analyzed as its control pin Block_Diagram_i/SDC_Monitor_CAR_0/U0/IS_SDC_CLOSED_VECTOR_O_reg[12]/G is not reached by a timing clock
Related violations: <none>

TIMING-20#5 Warning
Non-clocked latch  
The latch Block_Diagram_i/SDC_Monitor_CAR_0/U0/IS_SDC_CLOSED_VECTOR_O_reg[13] cannot be properly analyzed as its control pin Block_Diagram_i/SDC_Monitor_CAR_0/U0/IS_SDC_CLOSED_VECTOR_O_reg[13]/G is not reached by a timing clock
Related violations: <none>

TIMING-20#6 Warning
Non-clocked latch  
The latch Block_Diagram_i/SDC_Monitor_CAR_0/U0/IS_SDC_CLOSED_VECTOR_O_reg[14] cannot be properly analyzed as its control pin Block_Diagram_i/SDC_Monitor_CAR_0/U0/IS_SDC_CLOSED_VECTOR_O_reg[14]/G is not reached by a timing clock
Related violations: <none>

TIMING-20#7 Warning
Non-clocked latch  
The latch Block_Diagram_i/SDC_Monitor_CAR_0/U0/IS_SDC_CLOSED_VECTOR_O_reg[15] cannot be properly analyzed as its control pin Block_Diagram_i/SDC_Monitor_CAR_0/U0/IS_SDC_CLOSED_VECTOR_O_reg[15]/G is not reached by a timing clock
Related violations: <none>

TIMING-20#8 Warning
Non-clocked latch  
The latch Block_Diagram_i/SDC_Monitor_CAR_0/U0/IS_SDC_CLOSED_VECTOR_O_reg[1] cannot be properly analyzed as its control pin Block_Diagram_i/SDC_Monitor_CAR_0/U0/IS_SDC_CLOSED_VECTOR_O_reg[1]/G is not reached by a timing clock
Related violations: <none>

TIMING-20#9 Warning
Non-clocked latch  
The latch Block_Diagram_i/SDC_Monitor_CAR_0/U0/IS_SDC_CLOSED_VECTOR_O_reg[2] cannot be properly analyzed as its control pin Block_Diagram_i/SDC_Monitor_CAR_0/U0/IS_SDC_CLOSED_VECTOR_O_reg[2]/G is not reached by a timing clock
Related violations: <none>

TIMING-20#10 Warning
Non-clocked latch  
The latch Block_Diagram_i/SDC_Monitor_CAR_0/U0/IS_SDC_CLOSED_VECTOR_O_reg[3] cannot be properly analyzed as its control pin Block_Diagram_i/SDC_Monitor_CAR_0/U0/IS_SDC_CLOSED_VECTOR_O_reg[3]/G is not reached by a timing clock
Related violations: <none>

TIMING-20#11 Warning
Non-clocked latch  
The latch Block_Diagram_i/SDC_Monitor_CAR_0/U0/IS_SDC_CLOSED_VECTOR_O_reg[4] cannot be properly analyzed as its control pin Block_Diagram_i/SDC_Monitor_CAR_0/U0/IS_SDC_CLOSED_VECTOR_O_reg[4]/G is not reached by a timing clock
Related violations: <none>

TIMING-20#12 Warning
Non-clocked latch  
The latch Block_Diagram_i/SDC_Monitor_CAR_0/U0/IS_SDC_CLOSED_VECTOR_O_reg[5] cannot be properly analyzed as its control pin Block_Diagram_i/SDC_Monitor_CAR_0/U0/IS_SDC_CLOSED_VECTOR_O_reg[5]/G is not reached by a timing clock
Related violations: <none>

TIMING-20#13 Warning
Non-clocked latch  
The latch Block_Diagram_i/SDC_Monitor_CAR_0/U0/IS_SDC_CLOSED_VECTOR_O_reg[6] cannot be properly analyzed as its control pin Block_Diagram_i/SDC_Monitor_CAR_0/U0/IS_SDC_CLOSED_VECTOR_O_reg[6]/G is not reached by a timing clock
Related violations: <none>

TIMING-20#14 Warning
Non-clocked latch  
The latch Block_Diagram_i/SDC_Monitor_CAR_0/U0/IS_SDC_CLOSED_VECTOR_O_reg[7] cannot be properly analyzed as its control pin Block_Diagram_i/SDC_Monitor_CAR_0/U0/IS_SDC_CLOSED_VECTOR_O_reg[7]/G is not reached by a timing clock
Related violations: <none>

TIMING-20#15 Warning
Non-clocked latch  
The latch Block_Diagram_i/SDC_Monitor_CAR_0/U0/IS_SDC_CLOSED_VECTOR_O_reg[8] cannot be properly analyzed as its control pin Block_Diagram_i/SDC_Monitor_CAR_0/U0/IS_SDC_CLOSED_VECTOR_O_reg[8]/G is not reached by a timing clock
Related violations: <none>

TIMING-20#16 Warning
Non-clocked latch  
The latch Block_Diagram_i/SDC_Monitor_CAR_0/U0/IS_SDC_CLOSED_VECTOR_O_reg[9] cannot be properly analyzed as its control pin Block_Diagram_i/SDC_Monitor_CAR_0/U0/IS_SDC_CLOSED_VECTOR_O_reg[9]/G is not reached by a timing clock
Related violations: <none>

LATCH-1#1 Advisory
Existing latches in the design  
There are 16 latches found in the design. Inferred latches are often the result of HDL coding mistakes, such as incomplete if or case statements.
Related violations: <none>


