#-----------------------------------------------------------
# Vivado v2024.1 (64-bit)
# SW Build 5076996 on Wed May 22 18:37:14 MDT 2024
# IP Build 5075265 on Wed May 22 21:45:21 MDT 2024
# SharedData Build 5076995 on Wed May 22 18:29:18 MDT 2024
# Start of session at: Tue Nov 12 12:59:29 2024
# Process ID: 10864
# Current directory: C:/Git/GitHub/MCS/MC/MC_state_machine/V1/Vivado
# Command line: vivado.exe -gui_launcher_event rodinguilauncherevent12400 C:\Git\GitHub\MCS\MC\MC_state_machine\V1\Vivado\Vivado.xpr
# Log file: C:/Git/GitHub/MCS/MC/MC_state_machine/V1/Vivado/vivado.log
# Journal file: C:/Git/GitHub/MCS/MC/MC_state_machine/V1/Vivado\vivado.jou
# Running On        :Soeren-Laptop
# Platform          :Windows Server 2016 or Windows 10
# Operating System  :22631
# Processor Detail  :11th Gen Intel(R) Core(TM) i7-1165G7 @ 2.80GHz
# CPU Frequency     :2803 MHz
# CPU Physical cores:4
# CPU Logical cores :8
# Host memory       :16969 MB
# Swap memory       :16106 MB
# Total Virtual     :33075 MB
# Available Virtual :17242 MB
#-----------------------------------------------------------
start_gui
open_project C:/Git/GitHub/MCS/MC/MC_state_machine/V1/Vivado/Vivado.xpr
WARNING: [Board 49-26] cannot add Board Part xilinx.com:vek280_es:part0:1.0 available at C:/Xilinx/Vivado/2024.1/data/xhub/boards/XilinxBoardStore/boards/Xilinx/vek280/es/rev_a/1.0/board.xml as part xcve2802-vsvh1760-2lp-e-s-es1 specified in board_part file is either invalid or not available
WARNING: [Board 49-26] cannot add Board Part xilinx.com:vek280_es:part0:1.1 available at C:/Xilinx/Vivado/2024.1/data/xhub/boards/XilinxBoardStore/boards/Xilinx/vek280/es/rev_a/1.1/board.xml as part xcve2802-vsvh1760-2lp-e-s-es1 specified in board_part file is either invalid or not available
WARNING: [Board 49-26] cannot add Board Part xilinx.com:vek280_es_revb:part0:1.0 available at C:/Xilinx/Vivado/2024.1/data/xhub/boards/XilinxBoardStore/boards/Xilinx/vek280/es/rev_b/1.0/board.xml as part xcve2802-vsvh1760-2mp-e-s-es1 specified in board_part file is either invalid or not available
WARNING: [Board 49-26] cannot add Board Part xilinx.com:vek280_es_revb:part0:1.1 available at C:/Xilinx/Vivado/2024.1/data/xhub/boards/XilinxBoardStore/boards/Xilinx/vek280/es/rev_b/1.1/board.xml as part xcve2802-vsvh1760-2mp-e-s-es1 specified in board_part file is either invalid or not available
WARNING: [Board 49-26] cannot add Board Part xilinx.com:vhk158_es:part0:1.0 available at C:/Xilinx/Vivado/2024.1/data/xhub/boards/XilinxBoardStore/boards/Xilinx/vhk158/es/1.0/board.xml as part xcvh1582-vsva3697-2mp-e-s-es1 specified in board_part file is either invalid or not available
WARNING: [Board 49-26] cannot add Board Part xilinx.com:vhk158_es:part0:1.1 available at C:/Xilinx/Vivado/2024.1/data/xhub/boards/XilinxBoardStore/boards/Xilinx/vhk158/es/1.1/board.xml as part xcvh1582-vsva3697-2mp-e-s-es1 specified in board_part file is either invalid or not available
WARNING: [Board 49-26] cannot add Board Part xilinx.com:zcu208ld:part0:2.0 available at C:/Xilinx/Vivado/2024.1/data/xhub/boards/XilinxBoardStore/boards/Xilinx/zcu208ld/production/2.0/board.xml as part xczu58dr-fsvg1517-2-i specified in board_part file is either invalid or not available
WARNING: [Board 49-26] cannot add Board Part xilinx.com:zcu216ld:part0:2.0 available at C:/Xilinx/Vivado/2024.1/data/xhub/boards/XilinxBoardStore/boards/Xilinx/zcu216ld/production/2.0/board.xml as part xczu59dr-ffvf1760-2-i specified in board_part file is either invalid or not available
WARNING: [Board 49-26] cannot add Board Part xilinx.com:zcu670ld:part0:1.0 available at C:/Xilinx/Vivado/2024.1/data/xhub/boards/XilinxBoardStore/boards/Xilinx/zcu670ld/1.0/board.xml as part xczu57dr-fsve1156-2-i specified in board_part file is either invalid or not available
Scanning sources...
Finished scanning sources
INFO: [IP_Flow 19-234] Refreshing IP repositories
INFO: [IP_Flow 19-1704] No user IP repositories specified
INFO: [IP_Flow 19-2313] Loaded Vivado IP repository 'C:/Xilinx/Vivado/2024.1/data/ip'.
open_project: Time (s): cpu = 00:00:14 ; elapsed = 00:00:11 . Memory (MB): peak = 1666.562 ; gain = 466.398
reset_run synth_1
INFO: [Project 1-1161] Replacing file C:/Git/GitHub/MCS/MC/MC_state_machine/V1/Vivado/Vivado.srcs/utils_1/imports/synth_1/MC_wrapper.dcp with file C:/Git/GitHub/MCS/MC/MC_state_machine/V1/Vivado/Vivado.runs/synth_1/MC_wrapper.dcp
launch_runs impl_1 -to_step write_bitstream -jobs 6
[Tue Nov 12 13:00:04 2024] Launched synth_1...
Run output will be captured here: C:/Git/GitHub/MCS/MC/MC_state_machine/V1/Vivado/Vivado.runs/synth_1/runme.log
[Tue Nov 12 13:00:04 2024] Launched impl_1...
Run output will be captured here: C:/Git/GitHub/MCS/MC/MC_state_machine/V1/Vivado/Vivado.runs/impl_1/runme.log
launch_runs: Time (s): cpu = 00:00:00 ; elapsed = 00:00:07 . Memory (MB): peak = 1681.434 ; gain = 0.000
update_compile_order -fileset sources_1
reset_run synth_1
INFO: [Project 1-1161] Replacing file C:/Git/GitHub/MCS/MC/MC_state_machine/V1/Vivado/Vivado.srcs/utils_1/imports/synth_1/MC_wrapper.dcp with file C:/Git/GitHub/MCS/MC/MC_state_machine/V1/Vivado/Vivado.runs/synth_1/MC_wrapper.dcp
launch_runs impl_1 -to_step write_bitstream -jobs 6
[Tue Nov 12 13:47:16 2024] Launched synth_1...
Run output will be captured here: C:/Git/GitHub/MCS/MC/MC_state_machine/V1/Vivado/Vivado.runs/synth_1/runme.log
[Tue Nov 12 13:47:16 2024] Launched impl_1...
Run output will be captured here: C:/Git/GitHub/MCS/MC/MC_state_machine/V1/Vivado/Vivado.runs/impl_1/runme.log
reset_run synth_1
INFO: [Project 1-1161] Replacing file C:/Git/GitHub/MCS/MC/MC_state_machine/V1/Vivado/Vivado.srcs/utils_1/imports/synth_1/MC_wrapper.dcp with file C:/Git/GitHub/MCS/MC/MC_state_machine/V1/Vivado/Vivado.runs/synth_1/MC_wrapper.dcp
launch_runs impl_1 -to_step write_bitstream -jobs 6
[Tue Nov 12 14:20:43 2024] Launched synth_1...
Run output will be captured here: C:/Git/GitHub/MCS/MC/MC_state_machine/V1/Vivado/Vivado.runs/synth_1/runme.log
[Tue Nov 12 14:20:43 2024] Launched impl_1...
Run output will be captured here: C:/Git/GitHub/MCS/MC/MC_state_machine/V1/Vivado/Vivado.runs/impl_1/runme.log
reset_run synth_1
INFO: [Project 1-1161] Replacing file C:/Git/GitHub/MCS/MC/MC_state_machine/V1/Vivado/Vivado.srcs/utils_1/imports/synth_1/MC_wrapper.dcp with file C:/Git/GitHub/MCS/MC/MC_state_machine/V1/Vivado/Vivado.runs/synth_1/MC_wrapper.dcp
launch_runs impl_1 -to_step write_bitstream -jobs 6
[Tue Nov 12 14:24:39 2024] Launched synth_1...
Run output will be captured here: C:/Git/GitHub/MCS/MC/MC_state_machine/V1/Vivado/Vivado.runs/synth_1/runme.log
[Tue Nov 12 14:24:39 2024] Launched impl_1...
Run output will be captured here: C:/Git/GitHub/MCS/MC/MC_state_machine/V1/Vivado/Vivado.runs/impl_1/runme.log
exit
INFO: [Common 17-206] Exiting Vivado at Tue Nov 12 14:27:46 2024...
