
*** Running vivado
    with args -log MC_wrapper.vdi -applog -m64 -product Vivado -messageDb vivado.pb -mode batch -source MC_wrapper.tcl -notrace



****** Vivado v2024.1 (64-bit)
  **** SW Build 5076996 on Wed May 22 18:37:14 MDT 2024
  **** IP Build 5075265 on Wed May 22 21:45:21 MDT 2024
  **** SharedData Build 5076995 on Wed May 22 18:29:18 MDT 2024
  **** Start of session at: Thu Dec 26 16:49:42 2024
    ** Copyright 1986-2022 Xilinx, Inc. All Rights Reserved.
    ** Copyright 2022-2024 Advanced Micro Devices, Inc. All Rights Reserved.

source MC_wrapper.tcl -notrace
create_project: Time (s): cpu = 00:00:03 ; elapsed = 00:00:07 . Memory (MB): peak = 611.836 ; gain = 199.324
INFO: [IP_Flow 19-234] Refreshing IP repositories
INFO: [IP_Flow 19-1704] No user IP repositories specified
INFO: [IP_Flow 19-2313] Loaded Vivado IP repository 'C:/Vivado/2024.1/data/ip'.
Command: link_design -top MC_wrapper -part xc7z020clg400-1
Design is defaulting to srcset: sources_1
Design is defaulting to constrset: constrs_1
INFO: [Device 21-403] Loading part xc7z020clg400-1
INFO: [Device 21-9227] Part: xc7z020clg400-1 does not have CEAM library.
INFO: [Project 1-454] Reading design checkpoint 'c:/B_Git/MCS/MC/MC_V1/Vivado/Vivado.gen/sources_1/bd/MC/ip/MC_SDC_Monitor_CAR_0_0/MC_SDC_Monitor_CAR_0_0.dcp' for cell 'MC_i/SDC_Monitor_CAR_0'
INFO: [Project 1-454] Reading design checkpoint 'c:/B_Git/MCS/MC/MC_V1/Vivado/Vivado.gen/sources_1/bd/MC/ip/MC_axi_gpio_0_0/MC_axi_gpio_0_0.dcp' for cell 'MC_i/axi_gpio_0'
INFO: [Project 1-454] Reading design checkpoint 'c:/B_Git/MCS/MC/MC_V1/Vivado/Vivado.gen/sources_1/bd/MC/ip/MC_processing_system7_0_0/MC_processing_system7_0_0.dcp' for cell 'MC_i/processing_system7_0'
INFO: [Project 1-454] Reading design checkpoint 'c:/B_Git/MCS/MC/MC_V1/Vivado/Vivado.gen/sources_1/bd/MC/ip/MC_rst_ps7_0_100M_0/MC_rst_ps7_0_100M_0.dcp' for cell 'MC_i/rst_ps7_0_100M'
INFO: [Project 1-454] Reading design checkpoint 'c:/B_Git/MCS/MC/MC_V1/Vivado/Vivado.gen/sources_1/bd/MC/ip/MC_auto_pc_0/MC_auto_pc_0.dcp' for cell 'MC_i/ps7_0_axi_periph/s00_couplers/auto_pc'
Netlist sorting complete. Time (s): cpu = 00:00:01 ; elapsed = 00:00:00.050 . Memory (MB): peak = 1081.910 ; gain = 0.000
INFO: [Netlist 29-17] Analyzing 30 Unisim elements for replacement
INFO: [Netlist 29-28] Unisim Transformation completed in 0 CPU seconds
INFO: [Project 1-479] Netlist was created with Vivado 2024.1
INFO: [Project 1-570] Preparing netlist for logic optimization
Parsing XDC File [c:/B_Git/MCS/MC/MC_V1/Vivado/Vivado.gen/sources_1/bd/MC/ip/MC_processing_system7_0_0/MC_processing_system7_0_0.xdc] for cell 'MC_i/processing_system7_0/inst'
Finished Parsing XDC File [c:/B_Git/MCS/MC/MC_V1/Vivado/Vivado.gen/sources_1/bd/MC/ip/MC_processing_system7_0_0/MC_processing_system7_0_0.xdc] for cell 'MC_i/processing_system7_0/inst'
Parsing XDC File [c:/B_Git/MCS/MC/MC_V1/Vivado/Vivado.gen/sources_1/bd/MC/ip/MC_axi_gpio_0_0/MC_axi_gpio_0_0_board.xdc] for cell 'MC_i/axi_gpio_0/U0'
Finished Parsing XDC File [c:/B_Git/MCS/MC/MC_V1/Vivado/Vivado.gen/sources_1/bd/MC/ip/MC_axi_gpio_0_0/MC_axi_gpio_0_0_board.xdc] for cell 'MC_i/axi_gpio_0/U0'
Parsing XDC File [c:/B_Git/MCS/MC/MC_V1/Vivado/Vivado.gen/sources_1/bd/MC/ip/MC_axi_gpio_0_0/MC_axi_gpio_0_0.xdc] for cell 'MC_i/axi_gpio_0/U0'
Finished Parsing XDC File [c:/B_Git/MCS/MC/MC_V1/Vivado/Vivado.gen/sources_1/bd/MC/ip/MC_axi_gpio_0_0/MC_axi_gpio_0_0.xdc] for cell 'MC_i/axi_gpio_0/U0'
Parsing XDC File [c:/B_Git/MCS/MC/MC_V1/Vivado/Vivado.gen/sources_1/bd/MC/ip/MC_rst_ps7_0_100M_0/MC_rst_ps7_0_100M_0_board.xdc] for cell 'MC_i/rst_ps7_0_100M/U0'
Finished Parsing XDC File [c:/B_Git/MCS/MC/MC_V1/Vivado/Vivado.gen/sources_1/bd/MC/ip/MC_rst_ps7_0_100M_0/MC_rst_ps7_0_100M_0_board.xdc] for cell 'MC_i/rst_ps7_0_100M/U0'
Parsing XDC File [c:/B_Git/MCS/MC/MC_V1/Vivado/Vivado.gen/sources_1/bd/MC/ip/MC_rst_ps7_0_100M_0/MC_rst_ps7_0_100M_0.xdc] for cell 'MC_i/rst_ps7_0_100M/U0'
Finished Parsing XDC File [c:/B_Git/MCS/MC/MC_V1/Vivado/Vivado.gen/sources_1/bd/MC/ip/MC_rst_ps7_0_100M_0/MC_rst_ps7_0_100M_0.xdc] for cell 'MC_i/rst_ps7_0_100M/U0'
Parsing XDC File [C:/B_Git/MCS/MC/MC_V1/Vivado/Vivado.srcs/constrs_1/new/Constraints.xdc]
Finished Parsing XDC File [C:/B_Git/MCS/MC/MC_V1/Vivado/Vivado.srcs/constrs_1/new/Constraints.xdc]
INFO: [Opt 31-138] Pushed 0 inverter(s) to 0 load pin(s).
Netlist sorting complete. Time (s): cpu = 00:00:00 ; elapsed = 00:00:00.001 . Memory (MB): peak = 1228.391 ; gain = 0.000
INFO: [Project 1-111] Unisim Transformation Summary:
No Unisim elements were transformed.

16 Infos, 0 Warnings, 0 Critical Warnings and 0 Errors encountered.
link_design completed successfully
link_design: Time (s): cpu = 00:00:03 ; elapsed = 00:00:12 . Memory (MB): peak = 1228.391 ; gain = 594.801
Command: opt_design
Attempting to get a license for feature 'Implementation' and/or device 'xc7z020'
INFO: [Common 17-349] Got license for feature 'Implementation' and/or device 'xc7z020'
Running DRC as a precondition to command opt_design

Starting DRC Task
INFO: [DRC 23-27] Running DRC with 2 threads
INFO: [Project 1-461] DRC finished with 0 Errors
INFO: [Project 1-462] Please refer to the DRC report (report_drc) for more information.

Time (s): cpu = 00:00:01 ; elapsed = 00:00:00.984 . Memory (MB): peak = 1260.590 ; gain = 32.199

Starting Cache Timing Information Task
INFO: [Timing 38-35] Done setting XDC timing constraints.
Ending Cache Timing Information Task | Checksum: 249a01f84

Time (s): cpu = 00:00:04 ; elapsed = 00:00:06 . Memory (MB): peak = 1797.562 ; gain = 536.973

Starting Logic Optimization Task

Phase 1 Initialization

Phase 1.1 Core Generation And Design Setup
Phase 1.1 Core Generation And Design Setup | Checksum: 249a01f84

Time (s): cpu = 00:00:00 ; elapsed = 00:00:00.005 . Memory (MB): peak = 2174.512 ; gain = 0.000

Phase 1.2 Setup Constraints And Sort Netlist
Phase 1.2 Setup Constraints And Sort Netlist | Checksum: 249a01f84

Time (s): cpu = 00:00:00 ; elapsed = 00:00:00.009 . Memory (MB): peak = 2174.512 ; gain = 0.000
Phase 1 Initialization | Checksum: 249a01f84

Time (s): cpu = 00:00:00 ; elapsed = 00:00:00.010 . Memory (MB): peak = 2174.512 ; gain = 0.000

Phase 2 Timer Update And Timing Data Collection

Phase 2.1 Timer Update
Phase 2.1 Timer Update | Checksum: 249a01f84

Time (s): cpu = 00:00:00 ; elapsed = 00:00:00.051 . Memory (MB): peak = 2174.512 ; gain = 0.000

Phase 2.2 Timing Data Collection
Phase 2.2 Timing Data Collection | Checksum: 249a01f84

Time (s): cpu = 00:00:00 ; elapsed = 00:00:00.065 . Memory (MB): peak = 2174.512 ; gain = 0.000
Phase 2 Timer Update And Timing Data Collection | Checksum: 249a01f84

Time (s): cpu = 00:00:00 ; elapsed = 00:00:00.066 . Memory (MB): peak = 2174.512 ; gain = 0.000

Phase 3 Retarget
INFO: [Opt 31-1834] Total Chains To Be Transformed Were: 0 AND Number of Transformed insts Created are: 0
INFO: [Opt 31-138] Pushed 0 inverter(s) to 0 load pin(s).
INFO: [Opt 31-49] Retargeted 0 cell(s).
Phase 3 Retarget | Checksum: 168caa8d6

Time (s): cpu = 00:00:00 ; elapsed = 00:00:00.144 . Memory (MB): peak = 2174.512 ; gain = 0.000
Retarget | Checksum: 168caa8d6
INFO: [Opt 31-389] Phase Retarget created 4 cells and removed 29 cells
INFO: [Opt 31-1021] In phase Retarget, 1 netlist objects are constrained preventing optimization. Please run opt_design with -debug_log to get more detail. 

Phase 4 Constant propagation
INFO: [Opt 31-138] Pushed 0 inverter(s) to 0 load pin(s).
Phase 4 Constant propagation | Checksum: 1795dac3e

Time (s): cpu = 00:00:00 ; elapsed = 00:00:00.160 . Memory (MB): peak = 2174.512 ; gain = 0.000
Constant propagation | Checksum: 1795dac3e
INFO: [Opt 31-389] Phase Constant propagation created 0 cells and removed 14 cells

Phase 5 Sweep
Phase 5 Sweep | Checksum: 17c16960b

Time (s): cpu = 00:00:00 ; elapsed = 00:00:00.284 . Memory (MB): peak = 2174.512 ; gain = 0.000
Sweep | Checksum: 17c16960b
INFO: [Opt 31-389] Phase Sweep created 0 cells and removed 163 cells

Phase 6 BUFG optimization
Phase 6 BUFG optimization | Checksum: 17c16960b

Time (s): cpu = 00:00:00 ; elapsed = 00:00:00.330 . Memory (MB): peak = 2174.512 ; gain = 0.000
BUFG optimization | Checksum: 17c16960b
INFO: [Opt 31-662] Phase BUFG optimization created 0 cells of which 0 are BUFGs and removed 0 cells.

Phase 7 Shift Register Optimization
INFO: [Opt 31-1064] SRL Remap converted 0 SRLs to 0 registers and converted 0 registers of register chains to 0 SRLs
Phase 7 Shift Register Optimization | Checksum: 17c16960b

Time (s): cpu = 00:00:00 ; elapsed = 00:00:00.338 . Memory (MB): peak = 2174.512 ; gain = 0.000
Shift Register Optimization | Checksum: 17c16960b
INFO: [Opt 31-389] Phase Shift Register Optimization created 0 cells and removed 0 cells

Phase 8 Post Processing Netlist
Phase 8 Post Processing Netlist | Checksum: 1a11a1e26

Time (s): cpu = 00:00:00 ; elapsed = 00:00:00.352 . Memory (MB): peak = 2174.512 ; gain = 0.000
Post Processing Netlist | Checksum: 1a11a1e26
INFO: [Opt 31-389] Phase Post Processing Netlist created 0 cells and removed 0 cells

Phase 9 Finalization

Phase 9.1 Finalizing Design Cores and Updating Shapes
Phase 9.1 Finalizing Design Cores and Updating Shapes | Checksum: 18f68265f

Time (s): cpu = 00:00:00 ; elapsed = 00:00:00.409 . Memory (MB): peak = 2174.512 ; gain = 0.000

Phase 9.2 Verifying Netlist Connectivity

Starting Connectivity Check Task

Time (s): cpu = 00:00:00 ; elapsed = 00:00:00.004 . Memory (MB): peak = 2174.512 ; gain = 0.000
Phase 9.2 Verifying Netlist Connectivity | Checksum: 18f68265f

Time (s): cpu = 00:00:00 ; elapsed = 00:00:00.414 . Memory (MB): peak = 2174.512 ; gain = 0.000
Phase 9 Finalization | Checksum: 18f68265f

Time (s): cpu = 00:00:00 ; elapsed = 00:00:00.416 . Memory (MB): peak = 2174.512 ; gain = 0.000
Opt_design Change Summary
=========================


-------------------------------------------------------------------------------------------------------------------------
|  Phase                        |  #Cells created  |  #Cells Removed  |  #Constrained objects preventing optimizations  |
-------------------------------------------------------------------------------------------------------------------------
|  Retarget                     |               4  |              29  |                                              1  |
|  Constant propagation         |               0  |              14  |                                              0  |
|  Sweep                        |               0  |             163  |                                              0  |
|  BUFG optimization            |               0  |               0  |                                              0  |
|  Shift Register Optimization  |               0  |               0  |                                              0  |
|  Post Processing Netlist      |               0  |               0  |                                              0  |
-------------------------------------------------------------------------------------------------------------------------


Ending Logic Optimization Task | Checksum: 18f68265f

Time (s): cpu = 00:00:00 ; elapsed = 00:00:00.418 . Memory (MB): peak = 2174.512 ; gain = 0.000

Starting Power Optimization Task
INFO: [Pwropt 34-132] Skipping clock gating for clocks with a period < 2.00 ns.
Ending Power Optimization Task | Checksum: 18f68265f

Time (s): cpu = 00:00:00 ; elapsed = 00:00:00.022 . Memory (MB): peak = 2174.512 ; gain = 0.000

Starting Final Cleanup Task
Ending Final Cleanup Task | Checksum: 18f68265f

Time (s): cpu = 00:00:00 ; elapsed = 00:00:00.001 . Memory (MB): peak = 2174.512 ; gain = 0.000

Starting Netlist Obfuscation Task
Netlist sorting complete. Time (s): cpu = 00:00:00 ; elapsed = 00:00:00.001 . Memory (MB): peak = 2174.512 ; gain = 0.000
Ending Netlist Obfuscation Task | Checksum: 18f68265f

Time (s): cpu = 00:00:00 ; elapsed = 00:00:00.002 . Memory (MB): peak = 2174.512 ; gain = 0.000
INFO: [Common 17-83] Releasing license: Implementation
35 Infos, 0 Warnings, 0 Critical Warnings and 0 Errors encountered.
opt_design completed successfully
opt_design: Time (s): cpu = 00:00:06 ; elapsed = 00:00:11 . Memory (MB): peak = 2174.512 ; gain = 946.121
INFO: [Vivado 12-24828] Executing command : report_drc -file MC_wrapper_drc_opted.rpt -pb MC_wrapper_drc_opted.pb -rpx MC_wrapper_drc_opted.rpx
Command: report_drc -file MC_wrapper_drc_opted.rpt -pb MC_wrapper_drc_opted.pb -rpx MC_wrapper_drc_opted.rpx
INFO: [IP_Flow 19-1839] IP Catalog is up to date.
INFO: [DRC 23-27] Running DRC with 2 threads
INFO: [Vivado_Tcl 2-168] The results of DRC are in file C:/B_Git/MCS/MC/MC_V1/Vivado/Vivado.runs/impl_1/MC_wrapper_drc_opted.rpt.
report_drc completed successfully
INFO: [Timing 38-480] Writing timing data to binary archive.
Write ShapeDB Complete: Time (s): cpu = 00:00:00 ; elapsed = 00:00:00.009 . Memory (MB): peak = 2174.512 ; gain = 0.000
Wrote PlaceDB: Time (s): cpu = 00:00:00 ; elapsed = 00:00:00.019 . Memory (MB): peak = 2174.512 ; gain = 0.000
Wrote PulsedLatchDB: Time (s): cpu = 00:00:00 ; elapsed = 00:00:00.001 . Memory (MB): peak = 2174.512 ; gain = 0.000
Writing XDEF routing.
Writing XDEF routing logical nets.
Writing XDEF routing special nets.
Wrote RouteStorage: Time (s): cpu = 00:00:00 ; elapsed = 00:00:00.061 . Memory (MB): peak = 2174.512 ; gain = 0.000
Wrote Netlist Cache: Time (s): cpu = 00:00:00 ; elapsed = 00:00:00 . Memory (MB): peak = 2174.512 ; gain = 0.000
Wrote Device Cache: Time (s): cpu = 00:00:01 ; elapsed = 00:00:00.012 . Memory (MB): peak = 2174.512 ; gain = 0.000
Write Physdb Complete: Time (s): cpu = 00:00:01 ; elapsed = 00:00:00.103 . Memory (MB): peak = 2174.512 ; gain = 0.000
INFO: [Common 17-1381] The checkpoint 'C:/B_Git/MCS/MC/MC_V1/Vivado/Vivado.runs/impl_1/MC_wrapper_opt.dcp' has been generated.
Command: place_design
Attempting to get a license for feature 'Implementation' and/or device 'xc7z020'
INFO: [Common 17-349] Got license for feature 'Implementation' and/or device 'xc7z020'
INFO: [Common 17-83] Releasing license: Implementation
INFO: [DRC 23-27] Running DRC with 2 threads
INFO: [Vivado_Tcl 4-198] DRC finished with 0 Errors
INFO: [Vivado_Tcl 4-199] Please refer to the DRC report (report_drc) for more information.
Running DRC as a precondition to command place_design
INFO: [DRC 23-27] Running DRC with 2 threads
INFO: [Vivado_Tcl 4-198] DRC finished with 0 Errors
INFO: [Vivado_Tcl 4-199] Please refer to the DRC report (report_drc) for more information.
INFO: [Place 30-611] Multithreading enabled for place_design using a maximum of 2 CPUs

Starting Placer Task

Phase 1 Placer Initialization

Phase 1.1 Placer Initialization Netlist Sorting
Netlist sorting complete. Time (s): cpu = 00:00:00 ; elapsed = 00:00:00.001 . Memory (MB): peak = 2174.512 ; gain = 0.000
Phase 1.1 Placer Initialization Netlist Sorting | Checksum: 15890d80b

Time (s): cpu = 00:00:00 ; elapsed = 00:00:00.013 . Memory (MB): peak = 2174.512 ; gain = 0.000
Netlist sorting complete. Time (s): cpu = 00:00:00 ; elapsed = 00:00:00 . Memory (MB): peak = 2174.512 ; gain = 0.000

Phase 1.2 IO Placement/ Clock Placement/ Build Placer Device
INFO: [Timing 38-35] Done setting XDC timing constraints.
Phase 1.2 IO Placement/ Clock Placement/ Build Placer Device | Checksum: 12875cbd6

Time (s): cpu = 00:00:00 ; elapsed = 00:00:00.490 . Memory (MB): peak = 2174.512 ; gain = 0.000

Phase 1.3 Build Placer Netlist Model
Phase 1.3 Build Placer Netlist Model | Checksum: 111cb559a

Time (s): cpu = 00:00:00 ; elapsed = 00:00:00.829 . Memory (MB): peak = 2174.512 ; gain = 0.000

Phase 1.4 Constrain Clocks/Macros
Phase 1.4 Constrain Clocks/Macros | Checksum: 111cb559a

Time (s): cpu = 00:00:00 ; elapsed = 00:00:00.835 . Memory (MB): peak = 2174.512 ; gain = 0.000
Phase 1 Placer Initialization | Checksum: 111cb559a

Time (s): cpu = 00:00:00 ; elapsed = 00:00:00.856 . Memory (MB): peak = 2174.512 ; gain = 0.000

Phase 2 Global Placement

Phase 2.1 Floorplanning
Phase 2.1 Floorplanning | Checksum: 18594d50c

Time (s): cpu = 00:00:00 ; elapsed = 00:00:00.966 . Memory (MB): peak = 2174.512 ; gain = 0.000

Phase 2.2 Update Timing before SLR Path Opt
Phase 2.2 Update Timing before SLR Path Opt | Checksum: 11b3a6b0c

Time (s): cpu = 00:00:00 ; elapsed = 00:00:01 . Memory (MB): peak = 2174.512 ; gain = 0.000

Phase 2.3 Post-Processing in Floorplanning
Phase 2.3 Post-Processing in Floorplanning | Checksum: 11b3a6b0c

Time (s): cpu = 00:00:00 ; elapsed = 00:00:01 . Memory (MB): peak = 2174.512 ; gain = 0.000

Phase 2.4 Global Placement Core

Phase 2.4.1 UpdateTiming Before Physical Synthesis
Phase 2.4.1 UpdateTiming Before Physical Synthesis | Checksum: c6e3040f

Time (s): cpu = 00:00:01 ; elapsed = 00:00:02 . Memory (MB): peak = 2174.512 ; gain = 0.000

Phase 2.4.2 Physical Synthesis In Placer
INFO: [Physopt 32-1035] Found 0 LUTNM shape to break, 17 LUT instances to create LUTNM shape
INFO: [Physopt 32-1044] Break lutnm for timing: one critical 0, two critical 0, total 0, new lutff created 0
INFO: [Physopt 32-1138] End 1 Pass. Optimized 7 nets or LUTs. Breaked 0 LUT, combined 7 existing LUTs and moved 0 existing LUT
INFO: [Physopt 32-65] No nets found for high-fanout optimization.
INFO: [Physopt 32-232] Optimized 0 net. Created 0 new instance.
INFO: [Physopt 32-775] End 1 Pass. Optimized 0 net or cell. Created 0 new cell, deleted 0 existing cell and moved 0 existing cell
INFO: [Physopt 32-670] No setup violation found.  DSP Register Optimization was not performed.
INFO: [Physopt 32-670] No setup violation found.  Shift Register to Pipeline Optimization was not performed.
INFO: [Physopt 32-670] No setup violation found.  Shift Register Optimization was not performed.
INFO: [Physopt 32-670] No setup violation found.  BRAM Register Optimization was not performed.
INFO: [Physopt 32-670] No setup violation found.  URAM Register Optimization was not performed.
INFO: [Physopt 32-949] No candidate nets found for dynamic/static region interface net replication
INFO: [Physopt 32-775] End 1 Pass. Optimized 0 net or cell. Created 0 new cell, deleted 0 existing cell and moved 0 existing cell
Netlist sorting complete. Time (s): cpu = 00:00:00 ; elapsed = 00:00:00.001 . Memory (MB): peak = 2174.512 ; gain = 0.000

Summary of Physical Synthesis Optimizations
============================================


-----------------------------------------------------------------------------------------------------------------------------------------------------------
|  Optimization                                     |  Added Cells  |  Removed Cells  |  Optimized Cells/Nets  |  Dont Touch  |  Iterations  |  Elapsed   |
-----------------------------------------------------------------------------------------------------------------------------------------------------------
|  LUT Combining                                    |            0  |              7  |                     7  |           0  |           1  |  00:00:00  |
|  Retime                                           |            0  |              0  |                     0  |           0  |           1  |  00:00:00  |
|  Very High Fanout                                 |            0  |              0  |                     0  |           0  |           1  |  00:00:00  |
|  DSP Register                                     |            0  |              0  |                     0  |           0  |           0  |  00:00:00  |
|  Shift Register to Pipeline                       |            0  |              0  |                     0  |           0  |           0  |  00:00:00  |
|  Shift Register                                   |            0  |              0  |                     0  |           0  |           0  |  00:00:00  |
|  BRAM Register                                    |            0  |              0  |                     0  |           0  |           0  |  00:00:00  |
|  URAM Register                                    |            0  |              0  |                     0  |           0  |           0  |  00:00:00  |
|  Dynamic/Static Region Interface Net Replication  |            0  |              0  |                     0  |           0  |           1  |  00:00:00  |
|  Total                                            |            0  |              7  |                     7  |           0  |           4  |  00:00:00  |
-----------------------------------------------------------------------------------------------------------------------------------------------------------


Phase 2.4.2 Physical Synthesis In Placer | Checksum: 154c43d2a

Time (s): cpu = 00:00:01 ; elapsed = 00:00:03 . Memory (MB): peak = 2174.512 ; gain = 0.000
Phase 2.4 Global Placement Core | Checksum: 1f1e7b867

Time (s): cpu = 00:00:01 ; elapsed = 00:00:03 . Memory (MB): peak = 2174.512 ; gain = 0.000
Phase 2 Global Placement | Checksum: 1f1e7b867

Time (s): cpu = 00:00:01 ; elapsed = 00:00:03 . Memory (MB): peak = 2174.512 ; gain = 0.000

Phase 3 Detail Placement

Phase 3.1 Commit Multi Column Macros
Phase 3.1 Commit Multi Column Macros | Checksum: 1f10a2ef7

Time (s): cpu = 00:00:01 ; elapsed = 00:00:03 . Memory (MB): peak = 2174.512 ; gain = 0.000

Phase 3.2 Commit Most Macros & LUTRAMs
Phase 3.2 Commit Most Macros & LUTRAMs | Checksum: 187dd38b8

Time (s): cpu = 00:00:01 ; elapsed = 00:00:03 . Memory (MB): peak = 2174.512 ; gain = 0.000

Phase 3.3 Area Swap Optimization
Phase 3.3 Area Swap Optimization | Checksum: 151ce8ecc

Time (s): cpu = 00:00:01 ; elapsed = 00:00:03 . Memory (MB): peak = 2174.512 ; gain = 0.000

Phase 3.4 Pipeline Register Optimization
Phase 3.4 Pipeline Register Optimization | Checksum: 1c9dabedf

Time (s): cpu = 00:00:01 ; elapsed = 00:00:03 . Memory (MB): peak = 2174.512 ; gain = 0.000

Phase 3.5 Small Shape Detail Placement
Phase 3.5 Small Shape Detail Placement | Checksum: d1e534cc

Time (s): cpu = 00:00:01 ; elapsed = 00:00:03 . Memory (MB): peak = 2174.512 ; gain = 0.000

Phase 3.6 Re-assign LUT pins
Phase 3.6 Re-assign LUT pins | Checksum: eac19096

Time (s): cpu = 00:00:01 ; elapsed = 00:00:03 . Memory (MB): peak = 2174.512 ; gain = 0.000

Phase 3.7 Pipeline Register Optimization
Phase 3.7 Pipeline Register Optimization | Checksum: 172ed6083

Time (s): cpu = 00:00:01 ; elapsed = 00:00:03 . Memory (MB): peak = 2174.512 ; gain = 0.000
Phase 3 Detail Placement | Checksum: 172ed6083

Time (s): cpu = 00:00:01 ; elapsed = 00:00:03 . Memory (MB): peak = 2174.512 ; gain = 0.000

Phase 4 Post Placement Optimization and Clean-Up

Phase 4.1 Post Commit Optimization
INFO: [Timing 38-35] Done setting XDC timing constraints.

Phase 4.1.1 Post Placement Optimization
Post Placement Optimization Initialization | Checksum: 1f1846cf4

Phase 4.1.1.1 BUFG Insertion

Starting Physical Synthesis Task

Phase 1 Physical Synthesis Initialization
INFO: [Physopt 32-721] Multithreading enabled for phys_opt_design using a maximum of 2 CPUs
INFO: [Physopt 32-619] Estimated Timing Summary | WNS=3.097 | TNS=0.000 |
Phase 1 Physical Synthesis Initialization | Checksum: 1b03b3a72

Time (s): cpu = 00:00:00 ; elapsed = 00:00:00.057 . Memory (MB): peak = 2174.512 ; gain = 0.000
INFO: [Place 46-56] BUFG insertion identified 0 candidate nets. Inserted BUFG: 0, Replicated BUFG Driver: 0, Skipped due to Placement/Routing Conflicts: 0, Skipped due to Timing Degradation: 0, Skipped due to netlist editing failed: 0.
Ending Physical Synthesis Task | Checksum: 18fc376eb

Time (s): cpu = 00:00:00 ; elapsed = 00:00:00.069 . Memory (MB): peak = 2174.512 ; gain = 0.000
Phase 4.1.1.1 BUFG Insertion | Checksum: 1f1846cf4

Time (s): cpu = 00:00:01 ; elapsed = 00:00:04 . Memory (MB): peak = 2174.512 ; gain = 0.000

Phase 4.1.1.2 Post Placement Timing Optimization
INFO: [Place 30-746] Post Placement Timing Summary WNS=3.097. For the most accurate timing information please run report_timing.
Phase 4.1.1.2 Post Placement Timing Optimization | Checksum: 1ee940508

Time (s): cpu = 00:00:01 ; elapsed = 00:00:04 . Memory (MB): peak = 2174.512 ; gain = 0.000

Time (s): cpu = 00:00:01 ; elapsed = 00:00:04 . Memory (MB): peak = 2174.512 ; gain = 0.000
Phase 4.1 Post Commit Optimization | Checksum: 1ee940508

Time (s): cpu = 00:00:01 ; elapsed = 00:00:04 . Memory (MB): peak = 2174.512 ; gain = 0.000

Phase 4.2 Post Placement Cleanup
Phase 4.2 Post Placement Cleanup | Checksum: 1ee940508

Time (s): cpu = 00:00:01 ; elapsed = 00:00:04 . Memory (MB): peak = 2174.512 ; gain = 0.000

Phase 4.3 Placer Reporting

Phase 4.3.1 Print Estimated Congestion
INFO: [Place 30-612] Post-Placement Estimated Congestion 
 ____________________________________________________
|           | Global Congestion | Short Congestion  |
| Direction | Region Size       | Region Size       |
|___________|___________________|___________________|
|      North|                1x1|                1x1|
|___________|___________________|___________________|
|      South|                1x1|                1x1|
|___________|___________________|___________________|
|       East|                1x1|                1x1|
|___________|___________________|___________________|
|       West|                1x1|                1x1|
|___________|___________________|___________________|

Phase 4.3.1 Print Estimated Congestion | Checksum: 1ee940508

Time (s): cpu = 00:00:01 ; elapsed = 00:00:04 . Memory (MB): peak = 2174.512 ; gain = 0.000
Phase 4.3 Placer Reporting | Checksum: 1ee940508

Time (s): cpu = 00:00:01 ; elapsed = 00:00:04 . Memory (MB): peak = 2174.512 ; gain = 0.000

Phase 4.4 Final Placement Cleanup
Netlist sorting complete. Time (s): cpu = 00:00:00 ; elapsed = 00:00:00 . Memory (MB): peak = 2174.512 ; gain = 0.000

Time (s): cpu = 00:00:01 ; elapsed = 00:00:04 . Memory (MB): peak = 2174.512 ; gain = 0.000
Phase 4 Post Placement Optimization and Clean-Up | Checksum: 16df66fee

Time (s): cpu = 00:00:01 ; elapsed = 00:00:04 . Memory (MB): peak = 2174.512 ; gain = 0.000
Ending Placer Task | Checksum: d84e937d

Time (s): cpu = 00:00:01 ; elapsed = 00:00:04 . Memory (MB): peak = 2174.512 ; gain = 0.000
70 Infos, 0 Warnings, 0 Critical Warnings and 0 Errors encountered.
place_design completed successfully
place_design: Time (s): cpu = 00:00:02 ; elapsed = 00:00:06 . Memory (MB): peak = 2174.512 ; gain = 0.000
INFO: [Vivado 12-24838] Running report commands "report_control_sets, report_io, report_utilization" in parallel.
Running report generation with 2 threads.
INFO: [Vivado 12-24828] Executing command : report_utilization -file MC_wrapper_utilization_placed.rpt -pb MC_wrapper_utilization_placed.pb
INFO: [Vivado 12-24828] Executing command : report_control_sets -verbose -file MC_wrapper_control_sets_placed.rpt
report_control_sets: Time (s): cpu = 00:00:00 ; elapsed = 00:00:00.005 . Memory (MB): peak = 2174.512 ; gain = 0.000
INFO: [Vivado 12-24828] Executing command : report_io -file MC_wrapper_io_placed.rpt
report_io: Time (s): cpu = 00:00:00 ; elapsed = 00:00:00.072 . Memory (MB): peak = 2174.512 ; gain = 0.000
INFO: [Timing 38-480] Writing timing data to binary archive.
Write ShapeDB Complete: Time (s): cpu = 00:00:01 ; elapsed = 00:00:00.019 . Memory (MB): peak = 2174.512 ; gain = 0.000
Wrote PlaceDB: Time (s): cpu = 00:00:01 ; elapsed = 00:00:00.125 . Memory (MB): peak = 2174.512 ; gain = 0.000
Wrote PulsedLatchDB: Time (s): cpu = 00:00:00 ; elapsed = 00:00:00 . Memory (MB): peak = 2174.512 ; gain = 0.000
Writing XDEF routing.
Writing XDEF routing logical nets.
Writing XDEF routing special nets.
Wrote RouteStorage: Time (s): cpu = 00:00:00 ; elapsed = 00:00:00.031 . Memory (MB): peak = 2174.512 ; gain = 0.000
Wrote Netlist Cache: Time (s): cpu = 00:00:00 ; elapsed = 00:00:00.002 . Memory (MB): peak = 2174.512 ; gain = 0.000
Wrote Device Cache: Time (s): cpu = 00:00:00 ; elapsed = 00:00:00.011 . Memory (MB): peak = 2174.512 ; gain = 0.000
Write Physdb Complete: Time (s): cpu = 00:00:01 ; elapsed = 00:00:00.176 . Memory (MB): peak = 2174.512 ; gain = 0.000
INFO: [Common 17-1381] The checkpoint 'C:/B_Git/MCS/MC/MC_V1/Vivado/Vivado.runs/impl_1/MC_wrapper_placed.dcp' has been generated.
Command: phys_opt_design
Attempting to get a license for feature 'Implementation' and/or device 'xc7z020'
INFO: [Common 17-349] Got license for feature 'Implementation' and/or device 'xc7z020'

Starting Initial Update Timing Task

Time (s): cpu = 00:00:00 ; elapsed = 00:00:00.134 . Memory (MB): peak = 2174.512 ; gain = 0.000
INFO: [Vivado_Tcl 4-2279] Estimated Timing Summary | WNS= 3.097 | TNS= 0.000 | 
INFO: [Vivado_Tcl 4-383] Design worst setup slack (WNS) is greater than or equal to 0.000 ns. All physical synthesis setup optimizations will be skipped.
INFO: [Vivado_Tcl 4-232] No setup violation found. The netlist was not modified.
INFO: [Common 17-83] Releasing license: Implementation
81 Infos, 0 Warnings, 0 Critical Warnings and 0 Errors encountered.
phys_opt_design completed successfully
INFO: [Timing 38-480] Writing timing data to binary archive.
Write ShapeDB Complete: Time (s): cpu = 00:00:00 ; elapsed = 00:00:00.015 . Memory (MB): peak = 2191.770 ; gain = 0.043
Wrote PlaceDB: Time (s): cpu = 00:00:00 ; elapsed = 00:00:00.156 . Memory (MB): peak = 2193.676 ; gain = 1.906
Wrote PulsedLatchDB: Time (s): cpu = 00:00:00 ; elapsed = 00:00:00 . Memory (MB): peak = 2193.676 ; gain = 0.000
Writing XDEF routing.
Writing XDEF routing logical nets.
Writing XDEF routing special nets.
Wrote RouteStorage: Time (s): cpu = 00:00:00 ; elapsed = 00:00:00.034 . Memory (MB): peak = 2193.676 ; gain = 0.000
Wrote Netlist Cache: Time (s): cpu = 00:00:00 ; elapsed = 00:00:00.005 . Memory (MB): peak = 2193.676 ; gain = 0.000
Wrote Device Cache: Time (s): cpu = 00:00:00 ; elapsed = 00:00:00.010 . Memory (MB): peak = 2193.676 ; gain = 0.000
Write Physdb Complete: Time (s): cpu = 00:00:00 ; elapsed = 00:00:00.213 . Memory (MB): peak = 2193.676 ; gain = 1.906
INFO: [Common 17-1381] The checkpoint 'C:/B_Git/MCS/MC/MC_V1/Vivado/Vivado.runs/impl_1/MC_wrapper_physopt.dcp' has been generated.
Command: route_design
Attempting to get a license for feature 'Implementation' and/or device 'xc7z020'
INFO: [Common 17-349] Got license for feature 'Implementation' and/or device 'xc7z020'
Running DRC as a precondition to command route_design
INFO: [DRC 23-27] Running DRC with 2 threads
INFO: [Vivado_Tcl 4-198] DRC finished with 0 Errors
INFO: [Vivado_Tcl 4-199] Please refer to the DRC report (report_drc) for more information.


Starting Routing Task
INFO: [Route 35-254] Multithreading enabled for route_design using a maximum of 8 CPUs

Phase 1 Build RT Design
Checksum: PlaceDB: 62270de6 ConstDB: 0 ShapeSum: 602e12a7 RouteDB: 15f972f0
Post Restoration Checksum: NetGraph: 71ffb5b | NumContArr: d3239fd2 | Constraints: c2a8fa9d | Timing: c2a8fa9d
Phase 1 Build RT Design | Checksum: 25f959067

Time (s): cpu = 00:00:13 ; elapsed = 00:00:20 . Memory (MB): peak = 2315.801 ; gain = 112.566

Phase 2 Router Initialization

Phase 2.1 Fix Topology Constraints
Phase 2.1 Fix Topology Constraints | Checksum: 25f959067

Time (s): cpu = 00:00:13 ; elapsed = 00:00:20 . Memory (MB): peak = 2315.801 ; gain = 112.566

Phase 2.2 Pre Route Cleanup
Phase 2.2 Pre Route Cleanup | Checksum: 25f959067

Time (s): cpu = 00:00:13 ; elapsed = 00:00:20 . Memory (MB): peak = 2315.801 ; gain = 112.566
 Number of Nodes with overlaps = 0

Phase 2.3 Update Timing
Phase 2.3 Update Timing | Checksum: 29ae65361

Time (s): cpu = 00:00:13 ; elapsed = 00:00:21 . Memory (MB): peak = 2387.805 ; gain = 184.570
INFO: [Route 35-416] Intermediate Timing Summary | WNS=3.268  | TNS=0.000  | WHS=-0.189 | THS=-20.775|


Router Utilization Summary
  Global Vertical Routing Utilization    = 0.00113907 %
  Global Horizontal Routing Utilization  = 0.00109872 %
  Routable Net Status*
  *Does not include unroutable nets such as driverless and loadless.
  Run report_route_status for detailed report.
  Number of Failed Nets               = 1344
    (Failed Nets is the sum of unrouted and partially routed nets)
  Number of Unrouted Nets             = 1343
  Number of Partially Routed Nets     = 1
  Number of Node Overlaps             = 0

Phase 2 Router Initialization | Checksum: 2130916ac

Time (s): cpu = 00:00:14 ; elapsed = 00:00:21 . Memory (MB): peak = 2393.270 ; gain = 190.035

Phase 3 Global Routing
Phase 3 Global Routing | Checksum: 2130916ac

Time (s): cpu = 00:00:14 ; elapsed = 00:00:21 . Memory (MB): peak = 2393.270 ; gain = 190.035

Phase 4 Initial Routing

Phase 4.1 Initial Net Routing Pass
Phase 4.1 Initial Net Routing Pass | Checksum: 2fb5d668b

Time (s): cpu = 00:00:14 ; elapsed = 00:00:21 . Memory (MB): peak = 2393.270 ; gain = 190.035
Phase 4 Initial Routing | Checksum: 2fb5d668b

Time (s): cpu = 00:00:14 ; elapsed = 00:00:21 . Memory (MB): peak = 2393.270 ; gain = 190.035

Phase 5 Rip-up And Reroute

Phase 5.1 Global Iteration 0
 Number of Nodes with overlaps = 70
 Number of Nodes with overlaps = 1
 Number of Nodes with overlaps = 0
INFO: [Route 35-416] Intermediate Timing Summary | WNS=3.480  | TNS=0.000  | WHS=N/A    | THS=N/A    |

Phase 5.1 Global Iteration 0 | Checksum: 24cf18e49

Time (s): cpu = 00:00:14 ; elapsed = 00:00:22 . Memory (MB): peak = 2393.270 ; gain = 190.035
Phase 5 Rip-up And Reroute | Checksum: 24cf18e49

Time (s): cpu = 00:00:14 ; elapsed = 00:00:22 . Memory (MB): peak = 2393.270 ; gain = 190.035

Phase 6 Delay and Skew Optimization

Phase 6.1 Delay CleanUp

Phase 6.1.1 Update Timing
Phase 6.1.1 Update Timing | Checksum: 203efde56

Time (s): cpu = 00:00:14 ; elapsed = 00:00:22 . Memory (MB): peak = 2393.270 ; gain = 190.035
INFO: [Route 35-416] Intermediate Timing Summary | WNS=3.494  | TNS=0.000  | WHS=N/A    | THS=N/A    |

Phase 6.1 Delay CleanUp | Checksum: 203efde56

Time (s): cpu = 00:00:14 ; elapsed = 00:00:22 . Memory (MB): peak = 2393.270 ; gain = 190.035

Phase 6.2 Clock Skew Optimization
Phase 6.2 Clock Skew Optimization | Checksum: 203efde56

Time (s): cpu = 00:00:14 ; elapsed = 00:00:22 . Memory (MB): peak = 2393.270 ; gain = 190.035
Phase 6 Delay and Skew Optimization | Checksum: 203efde56

Time (s): cpu = 00:00:14 ; elapsed = 00:00:22 . Memory (MB): peak = 2393.270 ; gain = 190.035

Phase 7 Post Hold Fix

Phase 7.1 Hold Fix Iter
INFO: [Route 35-416] Intermediate Timing Summary | WNS=3.494  | TNS=0.000  | WHS=0.024  | THS=0.000  |

Phase 7.1 Hold Fix Iter | Checksum: 2c69ad59f

Time (s): cpu = 00:00:14 ; elapsed = 00:00:22 . Memory (MB): peak = 2393.270 ; gain = 190.035
Phase 7 Post Hold Fix | Checksum: 2c69ad59f

Time (s): cpu = 00:00:14 ; elapsed = 00:00:22 . Memory (MB): peak = 2393.270 ; gain = 190.035

Phase 8 Route finalize

Router Utilization Summary
  Global Vertical Routing Utilization    = 0.223776 %
  Global Horizontal Routing Utilization  = 0.258367 %
  Routable Net Status*
  *Does not include unroutable nets such as driverless and loadless.
  Run report_route_status for detailed report.
  Number of Failed Nets               = 0
    (Failed Nets is the sum of unrouted and partially routed nets)
  Number of Unrouted Nets             = 0
  Number of Partially Routed Nets     = 0
  Number of Node Overlaps             = 0

Phase 8 Route finalize | Checksum: 2c69ad59f

Time (s): cpu = 00:00:14 ; elapsed = 00:00:22 . Memory (MB): peak = 2393.270 ; gain = 190.035

Phase 9 Verifying routed nets

 Verification completed successfully
Phase 9 Verifying routed nets | Checksum: 2c69ad59f

Time (s): cpu = 00:00:14 ; elapsed = 00:00:22 . Memory (MB): peak = 2393.270 ; gain = 190.035

Phase 10 Depositing Routes
Phase 10 Depositing Routes | Checksum: 37ec2992b

Time (s): cpu = 00:00:14 ; elapsed = 00:00:22 . Memory (MB): peak = 2393.270 ; gain = 190.035

Phase 11 Post Process Routing
Phase 11 Post Process Routing | Checksum: 37ec2992b

Time (s): cpu = 00:00:14 ; elapsed = 00:00:22 . Memory (MB): peak = 2393.270 ; gain = 190.035

Phase 12 Post Router Timing
INFO: [Route 35-57] Estimated Timing Summary | WNS=3.494  | TNS=0.000  | WHS=0.024  | THS=0.000  |

INFO: [Route 35-327] The final timing numbers are based on the router estimated timing analysis. For a complete and accurate timing signoff, please run report_timing_summary.
Phase 12 Post Router Timing | Checksum: 37ec2992b

Time (s): cpu = 00:00:14 ; elapsed = 00:00:22 . Memory (MB): peak = 2393.270 ; gain = 190.035
Total Elapsed time in route_design: 21.953 secs

Phase 13 Post-Route Event Processing
Phase 13 Post-Route Event Processing | Checksum: ccb94ad3

Time (s): cpu = 00:00:14 ; elapsed = 00:00:22 . Memory (MB): peak = 2393.270 ; gain = 190.035
INFO: [Route 35-16] Router Completed Successfully
Ending Routing Task | Checksum: ccb94ad3

Time (s): cpu = 00:00:14 ; elapsed = 00:00:22 . Memory (MB): peak = 2393.270 ; gain = 190.035

Routing Is Done.
INFO: [Common 17-83] Releasing license: Implementation
96 Infos, 0 Warnings, 0 Critical Warnings and 0 Errors encountered.
route_design completed successfully
route_design: Time (s): cpu = 00:00:15 ; elapsed = 00:00:23 . Memory (MB): peak = 2393.270 ; gain = 199.594
INFO: [Vivado 12-24828] Executing command : report_drc -file MC_wrapper_drc_routed.rpt -pb MC_wrapper_drc_routed.pb -rpx MC_wrapper_drc_routed.rpx
Command: report_drc -file MC_wrapper_drc_routed.rpt -pb MC_wrapper_drc_routed.pb -rpx MC_wrapper_drc_routed.rpx
INFO: [IP_Flow 19-1839] IP Catalog is up to date.
INFO: [DRC 23-27] Running DRC with 2 threads
INFO: [Vivado_Tcl 2-168] The results of DRC are in file C:/B_Git/MCS/MC/MC_V1/Vivado/Vivado.runs/impl_1/MC_wrapper_drc_routed.rpt.
report_drc completed successfully
INFO: [Vivado 12-24828] Executing command : report_methodology -file MC_wrapper_methodology_drc_routed.rpt -pb MC_wrapper_methodology_drc_routed.pb -rpx MC_wrapper_methodology_drc_routed.rpx
Command: report_methodology -file MC_wrapper_methodology_drc_routed.rpt -pb MC_wrapper_methodology_drc_routed.pb -rpx MC_wrapper_methodology_drc_routed.rpx
INFO: [Timing 38-35] Done setting XDC timing constraints.
INFO: [DRC 23-133] Running Methodology with 2 threads
INFO: [Vivado_Tcl 2-1520] The results of Report Methodology are in file C:/B_Git/MCS/MC/MC_V1/Vivado/Vivado.runs/impl_1/MC_wrapper_methodology_drc_routed.rpt.
report_methodology completed successfully
INFO: [Vivado 12-24828] Executing command : report_timing_summary -max_paths 10 -report_unconstrained -file MC_wrapper_timing_summary_routed.rpt -pb MC_wrapper_timing_summary_routed.pb -rpx MC_wrapper_timing_summary_routed.rpx -warn_on_violation 
INFO: [Timing 38-35] Done setting XDC timing constraints.
INFO: [Timing 38-91] UpdateTimingParams: Speed grade: -1, Delay Type: min_max.
INFO: [Timing 38-191] Multithreading enabled for timing update using a maximum of 2 CPUs
INFO: [Vivado 12-24838] Running report commands "report_incremental_reuse, report_route_status" in parallel.
Running report generation with 2 threads.
INFO: [Vivado 12-24828] Executing command : report_incremental_reuse -file MC_wrapper_incremental_reuse_routed.rpt
INFO: [Vivado_Tcl 4-1062] Incremental flow is disabled. No incremental reuse Info to report.
INFO: [Vivado 12-24828] Executing command : report_route_status -file MC_wrapper_route_status.rpt -pb MC_wrapper_route_status.pb
INFO: [Vivado 12-24828] Executing command : report_power -file MC_wrapper_power_routed.rpt -pb MC_wrapper_power_summary_routed.pb -rpx MC_wrapper_power_routed.rpx
Command: report_power -file MC_wrapper_power_routed.rpt -pb MC_wrapper_power_summary_routed.pb -rpx MC_wrapper_power_routed.rpx
Running Vector-less Activity Propagation...

Finished Running Vector-less Activity Propagation
113 Infos, 0 Warnings, 0 Critical Warnings and 0 Errors encountered.
report_power completed successfully
INFO: [Vivado 12-24828] Executing command : report_clock_utilization -file MC_wrapper_clock_utilization_routed.rpt
WARNING: [Device 21-9320] Failed to find the Oracle tile group with name 'HSR_BOUNDARY_TOP'. This is required for Clock regions and Virtual grid.
WARNING: [Device 21-2174] Failed to initialize Virtual grid.
INFO: [Vivado 12-24828] Executing command : report_bus_skew -warn_on_violation -file MC_wrapper_bus_skew_routed.rpt -pb MC_wrapper_bus_skew_routed.pb -rpx MC_wrapper_bus_skew_routed.rpx
INFO: [Timing 38-91] UpdateTimingParams: Speed grade: -1, Delay Type: min_max.
INFO: [Timing 38-191] Multithreading enabled for timing update using a maximum of 2 CPUs
INFO: [Timing 38-480] Writing timing data to binary archive.
Write ShapeDB Complete: Time (s): cpu = 00:00:00 ; elapsed = 00:00:00.016 . Memory (MB): peak = 2393.270 ; gain = 0.000
Wrote PlaceDB: Time (s): cpu = 00:00:01 ; elapsed = 00:00:00.150 . Memory (MB): peak = 2393.270 ; gain = 0.000
Wrote PulsedLatchDB: Time (s): cpu = 00:00:00 ; elapsed = 00:00:00 . Memory (MB): peak = 2393.270 ; gain = 0.000
Writing XDEF routing.
Writing XDEF routing logical nets.
Writing XDEF routing special nets.
Wrote RouteStorage: Time (s): cpu = 00:00:00 ; elapsed = 00:00:00.043 . Memory (MB): peak = 2393.270 ; gain = 0.000
Wrote Netlist Cache: Time (s): cpu = 00:00:00 ; elapsed = 00:00:00.002 . Memory (MB): peak = 2393.270 ; gain = 0.000
Wrote Device Cache: Time (s): cpu = 00:00:00 ; elapsed = 00:00:00.015 . Memory (MB): peak = 2393.270 ; gain = 0.000
Write Physdb Complete: Time (s): cpu = 00:00:01 ; elapsed = 00:00:00.217 . Memory (MB): peak = 2393.270 ; gain = 0.000
INFO: [Common 17-1381] The checkpoint 'C:/B_Git/MCS/MC/MC_V1/Vivado/Vivado.runs/impl_1/MC_wrapper_routed.dcp' has been generated.
Command: write_bitstream -force MC_wrapper.bit
Attempting to get a license for feature 'Implementation' and/or device 'xc7z020'
INFO: [Common 17-349] Got license for feature 'Implementation' and/or device 'xc7z020'
Running DRC as a precondition to command write_bitstream
INFO: [IP_Flow 19-1839] IP Catalog is up to date.
INFO: [DRC 23-27] Running DRC with 2 threads
INFO: [Vivado 12-3199] DRC finished with 0 Errors
INFO: [Vivado 12-3200] Please refer to the DRC report (report_drc) for more information.
INFO: [Designutils 20-2272] Running write_bitstream with 2 threads.
Loading data files...
Loading site data...
Loading route data...
Processing options...
Creating bitmap...
Creating bitstream...
Writing bitstream ./MC_wrapper.bit...
INFO: [Vivado 12-1842] Bitgen Completed Successfully.
INFO: [Project 1-1876] WebTalk data collection is mandatory when using a ULT device. To see the specific WebTalk data collected for your design, open the usage_statistics_webtalk.html or usage_statistics_webtalk.xml file in the implementation directory.
INFO: [Common 17-83] Releasing license: Implementation
128 Infos, 2 Warnings, 0 Critical Warnings and 0 Errors encountered.
write_bitstream completed successfully
write_bitstream: Time (s): cpu = 00:00:07 ; elapsed = 00:00:11 . Memory (MB): peak = 2779.574 ; gain = 386.305
INFO: [Common 17-206] Exiting Vivado at Thu Dec 26 16:51:06 2024...
