#-----------------------------------------------------------
# Vivado v2023.2 (64-bit)
# SW Build 4029153 on Fri Oct 13 20:14:34 MDT 2023
# IP Build 4028589 on Sat Oct 14 00:45:43 MDT 2023
# SharedData Build 4025554 on Tue Oct 10 17:18:54 MDT 2023
# Start of session at: Sat Nov  2 12:44:36 2024
# Process ID: 2208
# Current directory: c:/Git/GitHub/MCS/Drivers/xADC_external/xadc_wiz_0_ex
# Command line: vivado.exe -notrace -source c:/Git/GitHub/MCS/Drivers/xADC_external/Vivado/.Xil/xadc_wiz_0/xadc_wiz_0_ex.tcl
# Log file: c:/Git/GitHub/MCS/Drivers/xADC_external/xadc_wiz_0_ex/vivado.log
# Journal file: c:/Git/GitHub/MCS/Drivers/xADC_external/xadc_wiz_0_ex\vivado.jou
# Running On: Soeren-Laptop, OS: Windows, CPU Frequency: 2803 MHz, CPU Physical cores: 4, Host memory: 16969 MB
#-----------------------------------------------------------
start_gui
source c:/Git/GitHub/MCS/Drivers/xADC_external/Vivado/.Xil/xadc_wiz_0/xadc_wiz_0_ex.tcl -notrace
INFO: [open_example_project] Creating new example project...
WARNING: [Board 49-26] cannot add Board Part xilinx.com:vek280_es:part0:1.0 available at C:/Xilinx/Vivado/2023.2/data/xhub/boards/XilinxBoardStore/boards/Xilinx/vek280/es/rev_a/1.0/board.xml as part xcve2802-vsvh1760-2lp-e-s-es1 specified in board_part file is either invalid or not available
WARNING: [Board 49-26] cannot add Board Part xilinx.com:vek280_es:part0:1.1 available at C:/Xilinx/Vivado/2023.2/data/xhub/boards/XilinxBoardStore/boards/Xilinx/vek280/es/rev_a/1.1/board.xml as part xcve2802-vsvh1760-2lp-e-s-es1 specified in board_part file is either invalid or not available
WARNING: [Board 49-26] cannot add Board Part xilinx.com:vek280_es_revb:part0:1.0 available at C:/Xilinx/Vivado/2023.2/data/xhub/boards/XilinxBoardStore/boards/Xilinx/vek280/es/rev_b/1.0/board.xml as part xcve2802-vsvh1760-2mp-e-s-es1 specified in board_part file is either invalid or not available
WARNING: [Board 49-26] cannot add Board Part xilinx.com:vek280_es_revb:part0:1.1 available at C:/Xilinx/Vivado/2023.2/data/xhub/boards/XilinxBoardStore/boards/Xilinx/vek280/es/rev_b/1.1/board.xml as part xcve2802-vsvh1760-2mp-e-s-es1 specified in board_part file is either invalid or not available
WARNING: [Board 49-26] cannot add Board Part xilinx.com:vhk158_es:part0:1.0 available at C:/Xilinx/Vivado/2023.2/data/xhub/boards/XilinxBoardStore/boards/Xilinx/vhk158/es/1.0/board.xml as part xcvh1582-vsva3697-2mp-e-s-es1 specified in board_part file is either invalid or not available
WARNING: [Board 49-26] cannot add Board Part xilinx.com:vhk158_es:part0:1.1 available at C:/Xilinx/Vivado/2023.2/data/xhub/boards/XilinxBoardStore/boards/Xilinx/vhk158/es/1.1/board.xml as part xcvh1582-vsva3697-2mp-e-s-es1 specified in board_part file is either invalid or not available
WARNING: [Board 49-26] cannot add Board Part xilinx.com:zcu208ld:part0:2.0 available at C:/Xilinx/Vivado/2023.2/data/xhub/boards/XilinxBoardStore/boards/Xilinx/zcu208ld/production/2.0/board.xml as part xczu58dr-fsvg1517-2-i specified in board_part file is either invalid or not available
WARNING: [Board 49-26] cannot add Board Part xilinx.com:zcu216ld:part0:2.0 available at C:/Xilinx/Vivado/2023.2/data/xhub/boards/XilinxBoardStore/boards/Xilinx/zcu216ld/production/2.0/board.xml as part xczu59dr-ffvf1760-2-i specified in board_part file is either invalid or not available
WARNING: [Board 49-26] cannot add Board Part xilinx.com:zcu670:part0:2.0 available at C:/Xilinx/Vivado/2023.2/data/xhub/boards/XilinxBoardStore/boards/Xilinx/zcu670/2.0/board.xml as part xczu67dr-fsve1156-2-i specified in board_part file is either invalid or not available
WARNING: [Board 49-26] cannot add Board Part xilinx.com:zcu670ld:part0:1.0 available at C:/Xilinx/Vivado/2023.2/data/xhub/boards/XilinxBoardStore/boards/Xilinx/zcu670ld/1.0/board.xml as part xczu57dr-fsve1156-2-i specified in board_part file is either invalid or not available
INFO: [IP_Flow 19-234] Refreshing IP repositories
INFO: [IP_Flow 19-1704] No user IP repositories specified
INFO: [IP_Flow 19-2313] Loaded Vivado IP repository 'C:/Xilinx/Vivado/2023.2/data/ip'.
create_project: Time (s): cpu = 00:00:25 ; elapsed = 00:00:24 . Memory (MB): peak = 1559.152 ; gain = 277.047
INFO: [open_example_project] Setting board_part_repo_paths...
INFO: [open_example_project] Importing original IP ...
INFO: [open_example_project] Generating the example project IP ...
INFO: [IP_Flow 19-1686] Generating 'Instantiation Template' target for IP 'xadc_wiz_0'...
INFO: [IP_Flow 19-1686] Generating 'Synthesis' target for IP 'xadc_wiz_0'...
INFO: [IP_Flow 19-1686] Generating 'Simulation' target for IP 'xadc_wiz_0'...
INFO: [open_example_project] Adding example synthesis HDL files ...
INFO: [open_example_project] Adding example XDC files ...
INFO: [open_example_project] Adding simulation HDL files ...
INFO: [open_example_project] Adding simulation miscellaneous files ...
INFO: [open_example_project] Rebuilding top IP...
INFO: [IP_Flow 19-1686] Generating 'Miscellaneous' target for IP 'xadc_wiz_0'...
INFO: [IP_Flow 19-1686] Generating 'Change Log' target for IP 'xadc_wiz_0'...
INFO: [exportsim-Tcl-40] Using compiled simulation libraries for IPs
INFO: [SIM-utils-72] Using boost library from 'C:/Xilinx/Vivado/2023.2/tps/boost_1_72_0'
INFO: [exportsim-Tcl-35] Exporting simulation files for "XSIM" (AMD Vivado Simulator)...
INFO: [exportsim-Tcl-29] Pre-compiled simulation library path: 'C:/Xilinx/Vivado/2023.2/data/xsim'
INFO: [exportsim-Tcl-29] Script generated: 'C:/Git/GitHub/MCS/Drivers/xADC_external/xadc_wiz_0_ex/xadc_wiz_0_ex.ip_user_files/sim_scripts/xadc_wiz_0/xsim/xadc_wiz_0.sh'
INFO: [SIM-utils-43] Exported 'C:/Git/GitHub/MCS/Drivers/xADC_external/xadc_wiz_0_ex/xadc_wiz_0_ex.ip_user_files/sim_scripts/xadc_wiz_0/xsim/design.txt'
INFO: [SIM-utils-43] Exported 'C:/Git/GitHub/MCS/Drivers/xADC_external/xadc_wiz_0_ex/xadc_wiz_0_ex.ip_user_files/sim_scripts/xadc_wiz_0/xsim/design.txt'
INFO: [exportsim-Tcl-35] Exporting simulation files for "MODELSIM" (Siemens ModelSim Simulator)...
INFO: [exportsim-Tcl-29] Pre-compiled simulation library path: 'C:/Git/GitHub/MCS/Drivers/xADC_external/xadc_wiz_0_ex/xadc_wiz_0_ex.cache/compile_simlib/modelsim'
INFO: [exportsim-Tcl-29] Script generated: 'C:/Git/GitHub/MCS/Drivers/xADC_external/xadc_wiz_0_ex/xadc_wiz_0_ex.ip_user_files/sim_scripts/xadc_wiz_0/modelsim/xadc_wiz_0.sh'
INFO: [SIM-utils-43] Exported 'C:/Git/GitHub/MCS/Drivers/xADC_external/xadc_wiz_0_ex/xadc_wiz_0_ex.ip_user_files/sim_scripts/xadc_wiz_0/modelsim/design.txt'
INFO: [SIM-utils-43] Exported 'C:/Git/GitHub/MCS/Drivers/xADC_external/xadc_wiz_0_ex/xadc_wiz_0_ex.ip_user_files/sim_scripts/xadc_wiz_0/modelsim/design.txt'
INFO: [exportsim-Tcl-35] Exporting simulation files for "QUESTA" (Siemens Questa Advanced Simulator)...
INFO: [exportsim-Tcl-29] Pre-compiled simulation library path: 'C:/Git/GitHub/MCS/Drivers/xADC_external/xadc_wiz_0_ex/xadc_wiz_0_ex.cache/compile_simlib/questa'
INFO: [exportsim-Tcl-29] Script generated: 'C:/Git/GitHub/MCS/Drivers/xADC_external/xadc_wiz_0_ex/xadc_wiz_0_ex.ip_user_files/sim_scripts/xadc_wiz_0/questa/xadc_wiz_0.sh'
INFO: [SIM-utils-43] Exported 'C:/Git/GitHub/MCS/Drivers/xADC_external/xadc_wiz_0_ex/xadc_wiz_0_ex.ip_user_files/sim_scripts/xadc_wiz_0/questa/design.txt'
INFO: [SIM-utils-43] Exported 'C:/Git/GitHub/MCS/Drivers/xADC_external/xadc_wiz_0_ex/xadc_wiz_0_ex.ip_user_files/sim_scripts/xadc_wiz_0/questa/design.txt'
INFO: [exportsim-Tcl-5] Generating 3-step script for 'xcelium'. To create a single-step script, use the -single_step switch.
INFO: [exportsim-Tcl-35] Exporting simulation files for "XCELIUM" (Cadence Xcelium Parallel Simulator)...
INFO: [exportsim-Tcl-29] Pre-compiled simulation library path: 'C:/Git/GitHub/MCS/Drivers/xADC_external/xadc_wiz_0_ex/xadc_wiz_0_ex.cache/compile_simlib/xcelium'
INFO: [exportsim-Tcl-29] Script generated: 'C:/Git/GitHub/MCS/Drivers/xADC_external/xadc_wiz_0_ex/xadc_wiz_0_ex.ip_user_files/sim_scripts/xadc_wiz_0/xcelium/xadc_wiz_0.sh'
INFO: [SIM-utils-43] Exported 'C:/Git/GitHub/MCS/Drivers/xADC_external/xadc_wiz_0_ex/xadc_wiz_0_ex.ip_user_files/sim_scripts/xadc_wiz_0/xcelium/design.txt'
INFO: [SIM-utils-43] Exported 'C:/Git/GitHub/MCS/Drivers/xADC_external/xadc_wiz_0_ex/xadc_wiz_0_ex.ip_user_files/sim_scripts/xadc_wiz_0/xcelium/design.txt'
INFO: [exportsim-Tcl-35] Exporting simulation files for "VCS" (Synopsys Verilog Compiler Simulator)...
INFO: [exportsim-Tcl-29] Pre-compiled simulation library path: 'C:/Git/GitHub/MCS/Drivers/xADC_external/xadc_wiz_0_ex/xadc_wiz_0_ex.cache/compile_simlib/vcs'
INFO: [exportsim-Tcl-29] Script generated: 'C:/Git/GitHub/MCS/Drivers/xADC_external/xadc_wiz_0_ex/xadc_wiz_0_ex.ip_user_files/sim_scripts/xadc_wiz_0/vcs/xadc_wiz_0.sh'
INFO: [SIM-utils-43] Exported 'C:/Git/GitHub/MCS/Drivers/xADC_external/xadc_wiz_0_ex/xadc_wiz_0_ex.ip_user_files/sim_scripts/xadc_wiz_0/vcs/design.txt'
INFO: [SIM-utils-43] Exported 'C:/Git/GitHub/MCS/Drivers/xADC_external/xadc_wiz_0_ex/xadc_wiz_0_ex.ip_user_files/sim_scripts/xadc_wiz_0/vcs/design.txt'
INFO: [exportsim-Tcl-35] Exporting simulation files for "RIVIERA" (Aldec Riviera-PRO Simulator)...
INFO: [exportsim-Tcl-29] Pre-compiled simulation library path: 'C:/Git/GitHub/MCS/Drivers/xADC_external/xadc_wiz_0_ex/xadc_wiz_0_ex.cache/compile_simlib/riviera'
INFO: [exportsim-Tcl-29] Script generated: 'C:/Git/GitHub/MCS/Drivers/xADC_external/xadc_wiz_0_ex/xadc_wiz_0_ex.ip_user_files/sim_scripts/xadc_wiz_0/riviera/xadc_wiz_0.sh'
INFO: [SIM-utils-43] Exported 'C:/Git/GitHub/MCS/Drivers/xADC_external/xadc_wiz_0_ex/xadc_wiz_0_ex.ip_user_files/sim_scripts/xadc_wiz_0/riviera/design.txt'
INFO: [SIM-utils-43] Exported 'C:/Git/GitHub/MCS/Drivers/xADC_external/xadc_wiz_0_ex/xadc_wiz_0_ex.ip_user_files/sim_scripts/xadc_wiz_0/riviera/design.txt'
INFO: [exportsim-Tcl-35] Exporting simulation files for "ACTIVEHDL" (Aldec Active-HDL Simulator)...
INFO: [exportsim-Tcl-29] Pre-compiled simulation library path: 'C:/Git/GitHub/MCS/Drivers/xADC_external/xadc_wiz_0_ex/xadc_wiz_0_ex.cache/compile_simlib/activehdl'
INFO: [exportsim-Tcl-29] Script generated: 'C:/Git/GitHub/MCS/Drivers/xADC_external/xadc_wiz_0_ex/xadc_wiz_0_ex.ip_user_files/sim_scripts/xadc_wiz_0/activehdl/xadc_wiz_0.sh'
INFO: [SIM-utils-43] Exported 'C:/Git/GitHub/MCS/Drivers/xADC_external/xadc_wiz_0_ex/xadc_wiz_0_ex.ip_user_files/sim_scripts/xadc_wiz_0/activehdl/design.txt'
INFO: [SIM-utils-43] Exported 'C:/Git/GitHub/MCS/Drivers/xADC_external/xadc_wiz_0_ex/xadc_wiz_0_ex.ip_user_files/sim_scripts/xadc_wiz_0/activehdl/design.txt'
export_ip_user_files: Time (s): cpu = 00:00:02 ; elapsed = 00:00:06 . Memory (MB): peak = 2295.137 ; gain = 0.000
INFO: [open_example_project] Open Example Project completed
update_compile_order -fileset sources_1
exit
INFO: [Common 17-206] Exiting Vivado at Sat Nov  2 12:46:31 2024...
