#-----------------------------------------------------------
# Vivado v2024.1 (64-bit)
# SW Build 5076996 on Wed May 22 18:37:14 MDT 2024
# IP Build 5075265 on Wed May 22 21:45:21 MDT 2024
# SharedData Build 5076995 on Wed May 22 18:29:18 MDT 2024
# Start of session at: Wed Oct 30 11:18:28 2024
# Process ID: 19856
# Current directory: C:/B_Git/MCS/MC/MC_V1/Vivado
# Command line: vivado.exe -gui_launcher_event rodinguilauncherevent18456 C:\B_Git\MCS\MC\MC_V1\Vivado\Vivado.xpr
# Log file: C:/B_Git/MCS/MC/MC_V1/Vivado/vivado.log
# Journal file: C:/B_Git/MCS/MC/MC_V1/Vivado\vivado.jou
# Running On        :mikkelsPC
# Platform          :Windows Server 2016 or Windows 10
# Operating System  :22631
# Processor Detail  :11th Gen Intel(R) Core(TM) i5-1135G7 @ 2.40GHz
# CPU Frequency     :2419 MHz
# CPU Physical cores:4
# CPU Logical cores :8
# Host memory       :8379 MB
# Swap memory       :25769 MB
# Total Virtual     :34149 MB
# Available Virtual :17135 MB
#-----------------------------------------------------------
start_gui
open_project C:/B_Git/MCS/MC/MC_V1/Vivado/Vivado.xpr
WARNING: [Board 49-26] cannot add Board Part xilinx.com:vek280_es:part0:1.0 available at C:/Vivado/2024.1/data/xhub/boards/XilinxBoardStore/boards/Xilinx/vek280/es/rev_a/1.0/board.xml as part xcve2802-vsvh1760-2lp-e-s-es1 specified in board_part file is either invalid or not available
WARNING: [Board 49-26] cannot add Board Part xilinx.com:vek280_es:part0:1.1 available at C:/Vivado/2024.1/data/xhub/boards/XilinxBoardStore/boards/Xilinx/vek280/es/rev_a/1.1/board.xml as part xcve2802-vsvh1760-2lp-e-s-es1 specified in board_part file is either invalid or not available
WARNING: [Board 49-26] cannot add Board Part xilinx.com:vek280_es_revb:part0:1.0 available at C:/Vivado/2024.1/data/xhub/boards/XilinxBoardStore/boards/Xilinx/vek280/es/rev_b/1.0/board.xml as part xcve2802-vsvh1760-2mp-e-s-es1 specified in board_part file is either invalid or not available
WARNING: [Board 49-26] cannot add Board Part xilinx.com:vek280_es_revb:part0:1.1 available at C:/Vivado/2024.1/data/xhub/boards/XilinxBoardStore/boards/Xilinx/vek280/es/rev_b/1.1/board.xml as part xcve2802-vsvh1760-2mp-e-s-es1 specified in board_part file is either invalid or not available
WARNING: [Board 49-26] cannot add Board Part xilinx.com:vhk158_es:part0:1.0 available at C:/Vivado/2024.1/data/xhub/boards/XilinxBoardStore/boards/Xilinx/vhk158/es/1.0/board.xml as part xcvh1582-vsva3697-2mp-e-s-es1 specified in board_part file is either invalid or not available
WARNING: [Board 49-26] cannot add Board Part xilinx.com:vhk158_es:part0:1.1 available at C:/Vivado/2024.1/data/xhub/boards/XilinxBoardStore/boards/Xilinx/vhk158/es/1.1/board.xml as part xcvh1582-vsva3697-2mp-e-s-es1 specified in board_part file is either invalid or not available
WARNING: [Board 49-26] cannot add Board Part xilinx.com:zcu208ld:part0:2.0 available at C:/Vivado/2024.1/data/xhub/boards/XilinxBoardStore/boards/Xilinx/zcu208ld/production/2.0/board.xml as part xczu58dr-fsvg1517-2-i specified in board_part file is either invalid or not available
WARNING: [Board 49-26] cannot add Board Part xilinx.com:zcu216ld:part0:2.0 available at C:/Vivado/2024.1/data/xhub/boards/XilinxBoardStore/boards/Xilinx/zcu216ld/production/2.0/board.xml as part xczu59dr-ffvf1760-2-i specified in board_part file is either invalid or not available
WARNING: [Board 49-26] cannot add Board Part xilinx.com:zcu670ld:part0:1.0 available at C:/Vivado/2024.1/data/xhub/boards/XilinxBoardStore/boards/Xilinx/zcu670ld/1.0/board.xml as part xczu57dr-fsve1156-2-i specified in board_part file is either invalid or not available
Scanning sources...
Finished scanning sources
INFO: [IP_Flow 19-234] Refreshing IP repositories
INFO: [IP_Flow 19-1704] No user IP repositories specified
INFO: [IP_Flow 19-2313] Loaded Vivado IP repository 'C:/Vivado/2024.1/data/ip'.
open_project: Time (s): cpu = 00:00:09 ; elapsed = 00:00:16 . Memory (MB): peak = 1653.973 ; gain = 458.008
update_compile_order -fileset sources_1
open_bd_design {C:/B_Git/MCS/MC/MC_V1/Vivado/Vivado.srcs/sources_1/bd/MC/MC.bd}
Reading block design file <C:/B_Git/MCS/MC/MC_V1/Vivado/Vivado.srcs/sources_1/bd/MC/MC.bd>...
Adding component instance block -- xilinx.com:ip:processing_system7:5.5 - processing_system7_0
Adding component instance block -- xilinx.com:ip:axi_gpio:2.0 - axi_gpio_0
Adding component instance block -- xilinx.com:ip:axi_interconnect:2.1 - ps7_0_axi_periph
Adding component instance block -- xilinx.com:ip:axi_protocol_converter:2.1 - auto_pc
Adding component instance block -- xilinx.com:ip:proc_sys_reset:5.0 - rst_ps7_0_100M
Adding component instance block -- xilinx.com:ip:xlconstant:1.1 - xlconstant_0
Adding component instance block -- xilinx.com:module_ref:SDC_Monitor_CAR:1.0 - SDC_Monitor_CAR_0
Adding component instance block -- xilinx.com:ip:xlconstant:1.1 - xlconstant_1
Adding component instance block -- xilinx.com:module_ref:CLK_divider:1.0 - CLK_divider_0
Successfully read diagram <MC> from block design file <C:/B_Git/MCS/MC/MC_V1/Vivado/Vivado.srcs/sources_1/bd/MC/MC.bd>
open_bd_design: Time (s): cpu = 00:00:04 ; elapsed = 00:00:06 . Memory (MB): peak = 1803.004 ; gain = 124.570
delete_bd_objs [get_bd_nets axi_gpio_0_gpio2_io_o] [get_bd_ports PL_USER_LED]
startgroup
make_bd_intf_pins_external  [get_bd_intf_pins axi_gpio_0/GPIO2]
endgroup
set_property name PL_USER_LED [get_bd_intf_ports GPIO2_0]
regenerate_bd_layout
save_bd_design
Wrote  : <C:\B_Git\MCS\MC\MC_V1\Vivado\Vivado.srcs\sources_1\bd\MC\MC.bd> 
Wrote  : <C:/B_Git/MCS/MC/MC_V1/Vivado/Vivado.srcs/sources_1/bd/MC/ui/bd_1fb9e3f6.ui> 
reset_run synth_1
INFO: [Project 1-1161] Replacing file C:/B_Git/MCS/MC/MC_V1/Vivado/Vivado.srcs/utils_1/imports/synth_1/MC_wrapper.dcp with file C:/B_Git/MCS/MC/MC_V1/Vivado/Vivado.runs/synth_1/MC_wrapper.dcp
launch_runs impl_1 -to_step write_bitstream -jobs 6
WARNING: [#UNDEF] When using EMIO pins for SPI_0 tie SSIN High in the PL bitstream
Wrote  : <C:\B_Git\MCS\MC\MC_V1\Vivado\Vivado.srcs\sources_1\bd\MC\MC.bd> 
Wrote  : <C:/B_Git/MCS/MC/MC_V1/Vivado/Vivado.srcs/sources_1/bd/MC/ui/bd_1fb9e3f6.ui> 
VHDL Output written to : c:/B_Git/MCS/MC/MC_V1/Vivado/Vivado.gen/sources_1/bd/MC/synth/MC.vhd
VHDL Output written to : c:/B_Git/MCS/MC/MC_V1/Vivado/Vivado.gen/sources_1/bd/MC/sim/MC.vhd
VHDL Output written to : c:/B_Git/MCS/MC/MC_V1/Vivado/Vivado.gen/sources_1/bd/MC/hdl/MC_wrapper.vhd
WARNING: [IP_Flow 19-4994] Overwriting existing constraint file 'c:/B_Git/MCS/MC/MC_V1/Vivado/Vivado.gen/sources_1/bd/MC/ip/MC_auto_pc_0/MC_auto_pc_0_ooc.xdc'
INFO: [BD 41-1029] Generation completed for the IP Integrator block ps7_0_axi_periph/s00_couplers/auto_pc .
Exporting to file c:/B_Git/MCS/MC/MC_V1/Vivado/Vivado.gen/sources_1/bd/MC/hw_handoff/MC.hwh
Generated Hardware Definition File c:/B_Git/MCS/MC/MC_V1/Vivado/Vivado.gen/sources_1/bd/MC/synth/MC.hwdef
INFO: [IP_Flow 19-6924] IPCACHE: Running cache check for IP inst: MC_auto_pc_0
INFO: [IP_Flow 19-6922] IPCACHE: Exporting cached entry cc2c65d4154d723c to dir: c:/B_Git/MCS/MC/MC_V1/Vivado/Vivado.gen/sources_1/bd/MC/ip/MC_auto_pc_0
INFO: [IP_Flow 19-6928] IPCACHE: copied cached file c:/B_Git/MCS/MC/MC_V1/Vivado/Vivado.cache/ip/2024.1/c/c/cc2c65d4154d723c/MC_auto_pc_0.dcp to c:/B_Git/MCS/MC/MC_V1/Vivado/Vivado.gen/sources_1/bd/MC/ip/MC_auto_pc_0/MC_auto_pc_0.dcp.
INFO: [IP_Flow 19-6926] IPCACHE: added file to list for BOM: c:/B_Git/MCS/MC/MC_V1/Vivado/Vivado.gen/sources_1/bd/MC/ip/MC_auto_pc_0/MC_auto_pc_0.dcp
INFO: [IP_Flow 19-6928] IPCACHE: copied cached file c:/B_Git/MCS/MC/MC_V1/Vivado/Vivado.cache/ip/2024.1/c/c/cc2c65d4154d723c/MC_auto_pc_0_sim_netlist.v to c:/B_Git/MCS/MC/MC_V1/Vivado/Vivado.gen/sources_1/bd/MC/ip/MC_auto_pc_0/MC_auto_pc_0_sim_netlist.v.
INFO: [IP_Flow 19-6926] IPCACHE: added file to list for BOM: c:/B_Git/MCS/MC/MC_V1/Vivado/Vivado.gen/sources_1/bd/MC/ip/MC_auto_pc_0/MC_auto_pc_0_sim_netlist.v
INFO: [IP_Flow 19-6928] IPCACHE: copied cached file c:/B_Git/MCS/MC/MC_V1/Vivado/Vivado.cache/ip/2024.1/c/c/cc2c65d4154d723c/MC_auto_pc_0_sim_netlist.vhdl to c:/B_Git/MCS/MC/MC_V1/Vivado/Vivado.gen/sources_1/bd/MC/ip/MC_auto_pc_0/MC_auto_pc_0_sim_netlist.vhdl.
INFO: [IP_Flow 19-6926] IPCACHE: added file to list for BOM: c:/B_Git/MCS/MC/MC_V1/Vivado/Vivado.gen/sources_1/bd/MC/ip/MC_auto_pc_0/MC_auto_pc_0_sim_netlist.vhdl
INFO: [IP_Flow 19-6928] IPCACHE: copied cached file c:/B_Git/MCS/MC/MC_V1/Vivado/Vivado.cache/ip/2024.1/c/c/cc2c65d4154d723c/MC_auto_pc_0_stub.v to c:/B_Git/MCS/MC/MC_V1/Vivado/Vivado.gen/sources_1/bd/MC/ip/MC_auto_pc_0/MC_auto_pc_0_stub.v.
INFO: [IP_Flow 19-6926] IPCACHE: added file to list for BOM: c:/B_Git/MCS/MC/MC_V1/Vivado/Vivado.gen/sources_1/bd/MC/ip/MC_auto_pc_0/MC_auto_pc_0_stub.v
INFO: [IP_Flow 19-6928] IPCACHE: copied cached file c:/B_Git/MCS/MC/MC_V1/Vivado/Vivado.cache/ip/2024.1/c/c/cc2c65d4154d723c/MC_auto_pc_0_stub.vhdl to c:/B_Git/MCS/MC/MC_V1/Vivado/Vivado.gen/sources_1/bd/MC/ip/MC_auto_pc_0/MC_auto_pc_0_stub.vhdl.
INFO: [IP_Flow 19-6926] IPCACHE: added file to list for BOM: c:/B_Git/MCS/MC/MC_V1/Vivado/Vivado.gen/sources_1/bd/MC/ip/MC_auto_pc_0/MC_auto_pc_0_stub.vhdl
INFO: [IP_Flow 19-4993] Using cached IP synthesis design for IP MC_auto_pc_0, cache-ID = cc2c65d4154d723c; cache size = 2.610 MB.
[Wed Oct 30 11:31:41 2024] Launched synth_1...
Run output will be captured here: C:/B_Git/MCS/MC/MC_V1/Vivado/Vivado.runs/synth_1/runme.log
[Wed Oct 30 11:31:41 2024] Launched impl_1...
Run output will be captured here: C:/B_Git/MCS/MC/MC_V1/Vivado/Vivado.runs/impl_1/runme.log
launch_runs: Time (s): cpu = 00:00:02 ; elapsed = 00:00:17 . Memory (MB): peak = 2107.359 ; gain = 258.121
INFO: [Ipptcl 7-1463] No Compatible Board Interface found. Board Tab not created in customize GUI
reset_run synth_1
INFO: [Project 1-1161] Replacing file C:/B_Git/MCS/MC/MC_V1/Vivado/Vivado.srcs/utils_1/imports/synth_1/MC_wrapper.dcp with file C:/B_Git/MCS/MC/MC_V1/Vivado/Vivado.runs/synth_1/MC_wrapper.dcp
launch_runs impl_1 -to_step write_bitstream -jobs 6
[Wed Oct 30 11:46:37 2024] Launched synth_1...
Run output will be captured here: C:/B_Git/MCS/MC/MC_V1/Vivado/Vivado.runs/synth_1/runme.log
[Wed Oct 30 11:46:37 2024] Launched impl_1...
Run output will be captured here: C:/B_Git/MCS/MC/MC_V1/Vivado/Vivado.runs/impl_1/runme.log
write_hw_platform -fixed -include_bit -force -file C:/B_Git/MCS/MC/MC_V1/Vitis/MC_wrapper_v6.xsa
INFO: [Project 1-1918] Creating Hardware Platform: C:/B_Git/MCS/MC/MC_V1/Vitis/MC_wrapper_v6.xsa ...
INFO: [Project 1-1943] The Hardware Platform can be used for Hardware
INFO: [Project 1-1941] Successfully created Hardware Platform: C:/B_Git/MCS/MC/MC_V1/Vitis/MC_wrapper_v6.xsa
INFO: [Hsi 55-2053] elapsed time for repository (C:/Vivado/2024.1/data/embeddedsw) loading 2 seconds
write_hw_platform: Time (s): cpu = 00:00:02 ; elapsed = 00:00:07 . Memory (MB): peak = 2409.074 ; gain = 185.332
