
*** Running vivado
    with args -log MC_wrapper.vdi -applog -m64 -product Vivado -messageDb vivado.pb -mode batch -source MC_wrapper.tcl -notrace



****** Vivado v2024.1 (64-bit)
  **** SW Build 5076996 on Wed May 22 18:37:14 MDT 2024
  **** IP Build 5075265 on Wed May 22 21:45:21 MDT 2024
  **** SharedData Build 5076995 on Wed May 22 18:29:18 MDT 2024
  **** Start of session at: Tue Nov 19 15:25:21 2024
    ** Copyright 1986-2022 Xilinx, Inc. All Rights Reserved.
    ** Copyright 2022-2024 Advanced Micro Devices, Inc. All Rights Reserved.

source MC_wrapper.tcl -notrace
create_project: Time (s): cpu = 00:00:04 ; elapsed = 00:00:07 . Memory (MB): peak = 610.887 ; gain = 196.836
INFO: [IP_Flow 19-234] Refreshing IP repositories
INFO: [IP_Flow 19-1704] No user IP repositories specified
INFO: [IP_Flow 19-2313] Loaded Vivado IP repository 'C:/Xilinx/Vivado/2024.1/data/ip'.
Command: link_design -top MC_wrapper -part xc7z020clg400-1
Design is defaulting to srcset: sources_1
Design is defaulting to constrset: constrs_1
INFO: [Device 21-403] Loading part xc7z020clg400-1
INFO: [Device 21-9227] Part: xc7z020clg400-1 does not have CEAM library.
INFO: [Project 1-454] Reading design checkpoint 'c:/Users/Soeren-SDU/Downloads/Timer/Vivado/Vivado.gen/sources_1/bd/MC/ip/MC_SDC_Monitor_CAR_0_0/MC_SDC_Monitor_CAR_0_0.dcp' for cell 'MC_i/SDC_Monitor_CAR_0'
INFO: [Project 1-454] Reading design checkpoint 'c:/Users/Soeren-SDU/Downloads/Timer/Vivado/Vivado.gen/sources_1/bd/MC/ip/MC_axi_gpio_0_0/MC_axi_gpio_0_0.dcp' for cell 'MC_i/axi_gpio_0'
INFO: [Project 1-454] Reading design checkpoint 'c:/Users/Soeren-SDU/Downloads/Timer/Vivado/Vivado.gen/sources_1/bd/MC/ip/MC_axi_timer_0_0/MC_axi_timer_0_0.dcp' for cell 'MC_i/axi_timer_0'
INFO: [Project 1-454] Reading design checkpoint 'c:/Users/Soeren-SDU/Downloads/Timer/Vivado/Vivado.gen/sources_1/bd/MC/ip/MC_processing_system7_0_0/MC_processing_system7_0_0.dcp' for cell 'MC_i/processing_system7_0'
INFO: [Project 1-454] Reading design checkpoint 'c:/Users/Soeren-SDU/Downloads/Timer/Vivado/Vivado.gen/sources_1/bd/MC/ip/MC_rst_ps7_0_100M_0/MC_rst_ps7_0_100M_0.dcp' for cell 'MC_i/rst_ps7_0_100M'
INFO: [Project 1-454] Reading design checkpoint 'c:/Users/Soeren-SDU/Downloads/Timer/Vivado/Vivado.gen/sources_1/bd/MC/ip/MC_xbar_0/MC_xbar_0.dcp' for cell 'MC_i/ps7_0_axi_periph/xbar'
INFO: [Project 1-454] Reading design checkpoint 'c:/Users/Soeren-SDU/Downloads/Timer/Vivado/Vivado.gen/sources_1/bd/MC/ip/MC_auto_pc_0/MC_auto_pc_0.dcp' for cell 'MC_i/ps7_0_axi_periph/s00_couplers/auto_pc'
Netlist sorting complete. Time (s): cpu = 00:00:00 ; elapsed = 00:00:00.086 . Memory (MB): peak = 1089.562 ; gain = 0.000
INFO: [Netlist 29-17] Analyzing 74 Unisim elements for replacement
INFO: [Netlist 29-28] Unisim Transformation completed in 0 CPU seconds
INFO: [Project 1-479] Netlist was created with Vivado 2024.1
INFO: [Project 1-570] Preparing netlist for logic optimization
Parsing XDC File [c:/Users/Soeren-SDU/Downloads/Timer/Vivado/Vivado.gen/sources_1/bd/MC/ip/MC_processing_system7_0_0/MC_processing_system7_0_0.xdc] for cell 'MC_i/processing_system7_0/inst'
Finished Parsing XDC File [c:/Users/Soeren-SDU/Downloads/Timer/Vivado/Vivado.gen/sources_1/bd/MC/ip/MC_processing_system7_0_0/MC_processing_system7_0_0.xdc] for cell 'MC_i/processing_system7_0/inst'
Parsing XDC File [c:/Users/Soeren-SDU/Downloads/Timer/Vivado/Vivado.gen/sources_1/bd/MC/ip/MC_axi_gpio_0_0/MC_axi_gpio_0_0_board.xdc] for cell 'MC_i/axi_gpio_0/U0'
Finished Parsing XDC File [c:/Users/Soeren-SDU/Downloads/Timer/Vivado/Vivado.gen/sources_1/bd/MC/ip/MC_axi_gpio_0_0/MC_axi_gpio_0_0_board.xdc] for cell 'MC_i/axi_gpio_0/U0'
Parsing XDC File [c:/Users/Soeren-SDU/Downloads/Timer/Vivado/Vivado.gen/sources_1/bd/MC/ip/MC_axi_gpio_0_0/MC_axi_gpio_0_0.xdc] for cell 'MC_i/axi_gpio_0/U0'
Finished Parsing XDC File [c:/Users/Soeren-SDU/Downloads/Timer/Vivado/Vivado.gen/sources_1/bd/MC/ip/MC_axi_gpio_0_0/MC_axi_gpio_0_0.xdc] for cell 'MC_i/axi_gpio_0/U0'
Parsing XDC File [c:/Users/Soeren-SDU/Downloads/Timer/Vivado/Vivado.gen/sources_1/bd/MC/ip/MC_rst_ps7_0_100M_0/MC_rst_ps7_0_100M_0_board.xdc] for cell 'MC_i/rst_ps7_0_100M/U0'
Finished Parsing XDC File [c:/Users/Soeren-SDU/Downloads/Timer/Vivado/Vivado.gen/sources_1/bd/MC/ip/MC_rst_ps7_0_100M_0/MC_rst_ps7_0_100M_0_board.xdc] for cell 'MC_i/rst_ps7_0_100M/U0'
Parsing XDC File [c:/Users/Soeren-SDU/Downloads/Timer/Vivado/Vivado.gen/sources_1/bd/MC/ip/MC_rst_ps7_0_100M_0/MC_rst_ps7_0_100M_0.xdc] for cell 'MC_i/rst_ps7_0_100M/U0'
Finished Parsing XDC File [c:/Users/Soeren-SDU/Downloads/Timer/Vivado/Vivado.gen/sources_1/bd/MC/ip/MC_rst_ps7_0_100M_0/MC_rst_ps7_0_100M_0.xdc] for cell 'MC_i/rst_ps7_0_100M/U0'
Parsing XDC File [c:/Users/Soeren-SDU/Downloads/Timer/Vivado/Vivado.gen/sources_1/bd/MC/ip/MC_axi_timer_0_0/MC_axi_timer_0_0.xdc] for cell 'MC_i/axi_timer_0/U0'
Finished Parsing XDC File [c:/Users/Soeren-SDU/Downloads/Timer/Vivado/Vivado.gen/sources_1/bd/MC/ip/MC_axi_timer_0_0/MC_axi_timer_0_0.xdc] for cell 'MC_i/axi_timer_0/U0'
Parsing XDC File [C:/Users/Soeren-SDU/Downloads/Timer/Vivado/Vivado.srcs/constrs_1/new/Constraints.xdc]
Finished Parsing XDC File [C:/Users/Soeren-SDU/Downloads/Timer/Vivado/Vivado.srcs/constrs_1/new/Constraints.xdc]
INFO: [Opt 31-138] Pushed 0 inverter(s) to 0 load pin(s).
Netlist sorting complete. Time (s): cpu = 00:00:00 ; elapsed = 00:00:00.002 . Memory (MB): peak = 1244.168 ; gain = 0.000
INFO: [Project 1-111] Unisim Transformation Summary:
No Unisim elements were transformed.

18 Infos, 0 Warnings, 0 Critical Warnings and 0 Errors encountered.
link_design completed successfully
link_design: Time (s): cpu = 00:00:06 ; elapsed = 00:00:15 . Memory (MB): peak = 1244.168 ; gain = 603.449
Command: opt_design
Attempting to get a license for feature 'Implementation' and/or device 'xc7z020'
INFO: [Common 17-349] Got license for feature 'Implementation' and/or device 'xc7z020'
Running DRC as a precondition to command opt_design

Starting DRC Task
INFO: [DRC 23-27] Running DRC with 2 threads
INFO: [Project 1-461] DRC finished with 0 Errors
INFO: [Project 1-462] Please refer to the DRC report (report_drc) for more information.

Time (s): cpu = 00:00:01 ; elapsed = 00:00:01 . Memory (MB): peak = 1277.816 ; gain = 33.648

Starting Cache Timing Information Task
INFO: [Timing 38-35] Done setting XDC timing constraints.
Ending Cache Timing Information Task | Checksum: 178374bce

Time (s): cpu = 00:00:05 ; elapsed = 00:00:08 . Memory (MB): peak = 1820.520 ; gain = 542.703

Starting Logic Optimization Task

Phase 1 Initialization

Phase 1.1 Core Generation And Design Setup
Phase 1.1 Core Generation And Design Setup | Checksum: 178374bce

Time (s): cpu = 00:00:00 ; elapsed = 00:00:00.004 . Memory (MB): peak = 2197.402 ; gain = 0.000

Phase 1.2 Setup Constraints And Sort Netlist
Phase 1.2 Setup Constraints And Sort Netlist | Checksum: 178374bce

Time (s): cpu = 00:00:00 ; elapsed = 00:00:00.010 . Memory (MB): peak = 2197.402 ; gain = 0.000
Phase 1 Initialization | Checksum: 178374bce

Time (s): cpu = 00:00:00 ; elapsed = 00:00:00.012 . Memory (MB): peak = 2197.402 ; gain = 0.000

Phase 2 Timer Update And Timing Data Collection

Phase 2.1 Timer Update
Phase 2.1 Timer Update | Checksum: 178374bce

Time (s): cpu = 00:00:00 ; elapsed = 00:00:00.079 . Memory (MB): peak = 2197.402 ; gain = 0.000

Phase 2.2 Timing Data Collection
Phase 2.2 Timing Data Collection | Checksum: 178374bce

Time (s): cpu = 00:00:00 ; elapsed = 00:00:00.093 . Memory (MB): peak = 2197.402 ; gain = 0.000
Phase 2 Timer Update And Timing Data Collection | Checksum: 178374bce

Time (s): cpu = 00:00:00 ; elapsed = 00:00:00.095 . Memory (MB): peak = 2197.402 ; gain = 0.000

Phase 3 Retarget
INFO: [Opt 31-1834] Total Chains To Be Transformed Were: 0 AND Number of Transformed insts Created are: 0
INFO: [Opt 31-138] Pushed 0 inverter(s) to 0 load pin(s).
INFO: [Opt 31-49] Retargeted 0 cell(s).
Phase 3 Retarget | Checksum: d85876af

Time (s): cpu = 00:00:00 ; elapsed = 00:00:00.214 . Memory (MB): peak = 2197.402 ; gain = 0.000
Retarget | Checksum: d85876af
INFO: [Opt 31-389] Phase Retarget created 53 cells and removed 88 cells
INFO: [Opt 31-1021] In phase Retarget, 2 netlist objects are constrained preventing optimization. Please run opt_design with -debug_log to get more detail. 

Phase 4 Constant propagation
INFO: [Opt 31-138] Pushed 0 inverter(s) to 0 load pin(s).
Phase 4 Constant propagation | Checksum: d85876af

Time (s): cpu = 00:00:00 ; elapsed = 00:00:00.241 . Memory (MB): peak = 2197.402 ; gain = 0.000
Constant propagation | Checksum: d85876af
INFO: [Opt 31-389] Phase Constant propagation created 0 cells and removed 0 cells
INFO: [Opt 31-1021] In phase Constant propagation, 1 netlist objects are constrained preventing optimization. Please run opt_design with -debug_log to get more detail. 

Phase 5 Sweep
Phase 5 Sweep | Checksum: aa66466b

Time (s): cpu = 00:00:00 ; elapsed = 00:00:00.419 . Memory (MB): peak = 2197.402 ; gain = 0.000
Sweep | Checksum: aa66466b
INFO: [Opt 31-389] Phase Sweep created 0 cells and removed 100 cells
INFO: [Opt 31-1021] In phase Sweep, 32 netlist objects are constrained preventing optimization. Please run opt_design with -debug_log to get more detail. 

Phase 6 BUFG optimization
Phase 6 BUFG optimization | Checksum: aa66466b

Time (s): cpu = 00:00:00 ; elapsed = 00:00:00.483 . Memory (MB): peak = 2197.402 ; gain = 0.000
BUFG optimization | Checksum: aa66466b
INFO: [Opt 31-662] Phase BUFG optimization created 0 cells of which 0 are BUFGs and removed 0 cells.
INFO: [Opt 31-1021] In phase BUFG optimization, 1 netlist objects are constrained preventing optimization. Please run opt_design with -debug_log to get more detail. 

Phase 7 Shift Register Optimization
INFO: [Opt 31-1064] SRL Remap converted 0 SRLs to 0 registers and converted 0 registers of register chains to 0 SRLs
Phase 7 Shift Register Optimization | Checksum: aa66466b

Time (s): cpu = 00:00:00 ; elapsed = 00:00:00.498 . Memory (MB): peak = 2197.402 ; gain = 0.000
Shift Register Optimization | Checksum: aa66466b
INFO: [Opt 31-389] Phase Shift Register Optimization created 0 cells and removed 0 cells

Phase 8 Post Processing Netlist
Phase 8 Post Processing Netlist | Checksum: 1094ba19f

Time (s): cpu = 00:00:00 ; elapsed = 00:00:00.517 . Memory (MB): peak = 2197.402 ; gain = 0.000
Post Processing Netlist | Checksum: 1094ba19f
INFO: [Opt 31-389] Phase Post Processing Netlist created 0 cells and removed 0 cells

Phase 9 Finalization

Phase 9.1 Finalizing Design Cores and Updating Shapes
Phase 9.1 Finalizing Design Cores and Updating Shapes | Checksum: 1a251110e

Time (s): cpu = 00:00:00 ; elapsed = 00:00:00.622 . Memory (MB): peak = 2197.402 ; gain = 0.000

Phase 9.2 Verifying Netlist Connectivity

Starting Connectivity Check Task

Time (s): cpu = 00:00:00 ; elapsed = 00:00:00.015 . Memory (MB): peak = 2197.402 ; gain = 0.000
Phase 9.2 Verifying Netlist Connectivity | Checksum: 1a251110e

Time (s): cpu = 00:00:00 ; elapsed = 00:00:00.640 . Memory (MB): peak = 2197.402 ; gain = 0.000
Phase 9 Finalization | Checksum: 1a251110e

Time (s): cpu = 00:00:00 ; elapsed = 00:00:00.642 . Memory (MB): peak = 2197.402 ; gain = 0.000
Opt_design Change Summary
=========================


-------------------------------------------------------------------------------------------------------------------------
|  Phase                        |  #Cells created  |  #Cells Removed  |  #Constrained objects preventing optimizations  |
-------------------------------------------------------------------------------------------------------------------------
|  Retarget                     |              53  |              88  |                                              2  |
|  Constant propagation         |               0  |               0  |                                              1  |
|  Sweep                        |               0  |             100  |                                             32  |
|  BUFG optimization            |               0  |               0  |                                              1  |
|  Shift Register Optimization  |               0  |               0  |                                              0  |
|  Post Processing Netlist      |               0  |               0  |                                              0  |
-------------------------------------------------------------------------------------------------------------------------


Ending Logic Optimization Task | Checksum: 1a251110e

Time (s): cpu = 00:00:00 ; elapsed = 00:00:00.644 . Memory (MB): peak = 2197.402 ; gain = 0.000

Starting Power Optimization Task
INFO: [Pwropt 34-132] Skipping clock gating for clocks with a period < 2.00 ns.
Ending Power Optimization Task | Checksum: 1a251110e

Time (s): cpu = 00:00:00 ; elapsed = 00:00:00.022 . Memory (MB): peak = 2197.402 ; gain = 0.000

Starting Final Cleanup Task
Ending Final Cleanup Task | Checksum: 1a251110e

Time (s): cpu = 00:00:00 ; elapsed = 00:00:00.003 . Memory (MB): peak = 2197.402 ; gain = 0.000

Starting Netlist Obfuscation Task
Netlist sorting complete. Time (s): cpu = 00:00:00 ; elapsed = 00:00:00.001 . Memory (MB): peak = 2197.402 ; gain = 0.000
Ending Netlist Obfuscation Task | Checksum: 1a251110e

Time (s): cpu = 00:00:00 ; elapsed = 00:00:00.003 . Memory (MB): peak = 2197.402 ; gain = 0.000
INFO: [Common 17-83] Releasing license: Implementation
40 Infos, 0 Warnings, 0 Critical Warnings and 0 Errors encountered.
opt_design completed successfully
opt_design: Time (s): cpu = 00:00:08 ; elapsed = 00:00:14 . Memory (MB): peak = 2197.402 ; gain = 953.234
INFO: [Vivado 12-24828] Executing command : report_drc -file MC_wrapper_drc_opted.rpt -pb MC_wrapper_drc_opted.pb -rpx MC_wrapper_drc_opted.rpx
Command: report_drc -file MC_wrapper_drc_opted.rpt -pb MC_wrapper_drc_opted.pb -rpx MC_wrapper_drc_opted.rpx
INFO: [IP_Flow 19-1839] IP Catalog is up to date.
INFO: [DRC 23-27] Running DRC with 2 threads
INFO: [Vivado_Tcl 2-168] The results of DRC are in file C:/Users/Soeren-SDU/Downloads/Timer/Vivado/Vivado.runs/impl_1/MC_wrapper_drc_opted.rpt.
report_drc completed successfully
INFO: [Timing 38-480] Writing timing data to binary archive.
Write ShapeDB Complete: Time (s): cpu = 00:00:00 ; elapsed = 00:00:00.020 . Memory (MB): peak = 2197.402 ; gain = 0.000
Wrote PlaceDB: Time (s): cpu = 00:00:00 ; elapsed = 00:00:00.035 . Memory (MB): peak = 2197.402 ; gain = 0.000
Wrote PulsedLatchDB: Time (s): cpu = 00:00:00 ; elapsed = 00:00:00 . Memory (MB): peak = 2197.402 ; gain = 0.000
Writing XDEF routing.
Writing XDEF routing logical nets.
Writing XDEF routing special nets.
Wrote RouteStorage: Time (s): cpu = 00:00:00 ; elapsed = 00:00:00.089 . Memory (MB): peak = 2197.402 ; gain = 0.000
Wrote Netlist Cache: Time (s): cpu = 00:00:00 ; elapsed = 00:00:00.001 . Memory (MB): peak = 2197.402 ; gain = 0.000
Wrote Device Cache: Time (s): cpu = 00:00:00 ; elapsed = 00:00:00.019 . Memory (MB): peak = 2197.402 ; gain = 0.000
Write Physdb Complete: Time (s): cpu = 00:00:00 ; elapsed = 00:00:00.155 . Memory (MB): peak = 2197.402 ; gain = 0.000
INFO: [Common 17-1381] The checkpoint 'C:/Users/Soeren-SDU/Downloads/Timer/Vivado/Vivado.runs/impl_1/MC_wrapper_opt.dcp' has been generated.
Command: place_design
Attempting to get a license for feature 'Implementation' and/or device 'xc7z020'
INFO: [Common 17-349] Got license for feature 'Implementation' and/or device 'xc7z020'
INFO: [Common 17-83] Releasing license: Implementation
INFO: [DRC 23-27] Running DRC with 2 threads
INFO: [Vivado_Tcl 4-198] DRC finished with 0 Errors
INFO: [Vivado_Tcl 4-199] Please refer to the DRC report (report_drc) for more information.
Running DRC as a precondition to command place_design
INFO: [DRC 23-27] Running DRC with 2 threads
INFO: [Vivado_Tcl 4-198] DRC finished with 0 Errors
INFO: [Vivado_Tcl 4-199] Please refer to the DRC report (report_drc) for more information.
INFO: [Place 30-611] Multithreading enabled for place_design using a maximum of 2 CPUs

Starting Placer Task

Phase 1 Placer Initialization

Phase 1.1 Placer Initialization Netlist Sorting
Netlist sorting complete. Time (s): cpu = 00:00:00 ; elapsed = 00:00:00.001 . Memory (MB): peak = 2197.402 ; gain = 0.000
Phase 1.1 Placer Initialization Netlist Sorting | Checksum: d2caaf62

Time (s): cpu = 00:00:00 ; elapsed = 00:00:00.011 . Memory (MB): peak = 2197.402 ; gain = 0.000
Netlist sorting complete. Time (s): cpu = 00:00:00 ; elapsed = 00:00:00.002 . Memory (MB): peak = 2197.402 ; gain = 0.000

Phase 1.2 IO Placement/ Clock Placement/ Build Placer Device
INFO: [Timing 38-35] Done setting XDC timing constraints.
Phase 1.2 IO Placement/ Clock Placement/ Build Placer Device | Checksum: 197697a06

Time (s): cpu = 00:00:00 ; elapsed = 00:00:00.705 . Memory (MB): peak = 2197.402 ; gain = 0.000

Phase 1.3 Build Placer Netlist Model
Phase 1.3 Build Placer Netlist Model | Checksum: 12ddec2d6

Time (s): cpu = 00:00:00 ; elapsed = 00:00:01 . Memory (MB): peak = 2197.402 ; gain = 0.000

Phase 1.4 Constrain Clocks/Macros
Phase 1.4 Constrain Clocks/Macros | Checksum: 12ddec2d6

Time (s): cpu = 00:00:00 ; elapsed = 00:00:01 . Memory (MB): peak = 2197.402 ; gain = 0.000
Phase 1 Placer Initialization | Checksum: 12ddec2d6

Time (s): cpu = 00:00:00 ; elapsed = 00:00:01 . Memory (MB): peak = 2197.402 ; gain = 0.000

Phase 2 Global Placement

Phase 2.1 Floorplanning
Phase 2.1 Floorplanning | Checksum: 1d89b0d59

Time (s): cpu = 00:00:00 ; elapsed = 00:00:01 . Memory (MB): peak = 2197.402 ; gain = 0.000

Phase 2.2 Update Timing before SLR Path Opt
Phase 2.2 Update Timing before SLR Path Opt | Checksum: 1ec3b2277

Time (s): cpu = 00:00:01 ; elapsed = 00:00:02 . Memory (MB): peak = 2197.402 ; gain = 0.000

Phase 2.3 Post-Processing in Floorplanning
Phase 2.3 Post-Processing in Floorplanning | Checksum: 1ec3b2277

Time (s): cpu = 00:00:01 ; elapsed = 00:00:02 . Memory (MB): peak = 2197.402 ; gain = 0.000

Phase 2.4 Global Placement Core

Phase 2.4.1 UpdateTiming Before Physical Synthesis
Phase 2.4.1 UpdateTiming Before Physical Synthesis | Checksum: 19bb8aa1e

Time (s): cpu = 00:00:02 ; elapsed = 00:00:03 . Memory (MB): peak = 2197.402 ; gain = 0.000

Phase 2.4.2 Physical Synthesis In Placer
INFO: [Physopt 32-1035] Found 0 LUTNM shape to break, 57 LUT instances to create LUTNM shape
INFO: [Physopt 32-1044] Break lutnm for timing: one critical 0, two critical 0, total 0, new lutff created 0
INFO: [Physopt 32-1138] End 1 Pass. Optimized 18 nets or LUTs. Breaked 0 LUT, combined 18 existing LUTs and moved 0 existing LUT
INFO: [Physopt 32-65] No nets found for high-fanout optimization.
INFO: [Physopt 32-232] Optimized 0 net. Created 0 new instance.
INFO: [Physopt 32-775] End 1 Pass. Optimized 0 net or cell. Created 0 new cell, deleted 0 existing cell and moved 0 existing cell
INFO: [Physopt 32-670] No setup violation found.  DSP Register Optimization was not performed.
INFO: [Physopt 32-670] No setup violation found.  Shift Register to Pipeline Optimization was not performed.
INFO: [Physopt 32-670] No setup violation found.  Shift Register Optimization was not performed.
INFO: [Physopt 32-670] No setup violation found.  BRAM Register Optimization was not performed.
INFO: [Physopt 32-670] No setup violation found.  URAM Register Optimization was not performed.
INFO: [Physopt 32-949] No candidate nets found for dynamic/static region interface net replication
INFO: [Physopt 32-775] End 1 Pass. Optimized 0 net or cell. Created 0 new cell, deleted 0 existing cell and moved 0 existing cell
Netlist sorting complete. Time (s): cpu = 00:00:00 ; elapsed = 00:00:00.001 . Memory (MB): peak = 2197.402 ; gain = 0.000

Summary of Physical Synthesis Optimizations
============================================


-----------------------------------------------------------------------------------------------------------------------------------------------------------
|  Optimization                                     |  Added Cells  |  Removed Cells  |  Optimized Cells/Nets  |  Dont Touch  |  Iterations  |  Elapsed   |
-----------------------------------------------------------------------------------------------------------------------------------------------------------
|  LUT Combining                                    |            0  |             18  |                    18  |           0  |           1  |  00:00:00  |
|  Retime                                           |            0  |              0  |                     0  |           0  |           1  |  00:00:00  |
|  Very High Fanout                                 |            0  |              0  |                     0  |           0  |           1  |  00:00:00  |
|  DSP Register                                     |            0  |              0  |                     0  |           0  |           0  |  00:00:00  |
|  Shift Register to Pipeline                       |            0  |              0  |                     0  |           0  |           0  |  00:00:00  |
|  Shift Register                                   |            0  |              0  |                     0  |           0  |           0  |  00:00:00  |
|  BRAM Register                                    |            0  |              0  |                     0  |           0  |           0  |  00:00:00  |
|  URAM Register                                    |            0  |              0  |                     0  |           0  |           0  |  00:00:00  |
|  Dynamic/Static Region Interface Net Replication  |            0  |              0  |                     0  |           0  |           1  |  00:00:00  |
|  Total                                            |            0  |             18  |                    18  |           0  |           4  |  00:00:00  |
-----------------------------------------------------------------------------------------------------------------------------------------------------------


Phase 2.4.2 Physical Synthesis In Placer | Checksum: 1bdb0d65d

Time (s): cpu = 00:00:02 ; elapsed = 00:00:04 . Memory (MB): peak = 2197.402 ; gain = 0.000
Phase 2.4 Global Placement Core | Checksum: 28fb5c00e

Time (s): cpu = 00:00:02 ; elapsed = 00:00:04 . Memory (MB): peak = 2197.402 ; gain = 0.000
Phase 2 Global Placement | Checksum: 28fb5c00e

Time (s): cpu = 00:00:02 ; elapsed = 00:00:04 . Memory (MB): peak = 2197.402 ; gain = 0.000

Phase 3 Detail Placement

Phase 3.1 Commit Multi Column Macros
Phase 3.1 Commit Multi Column Macros | Checksum: 2525db738

Time (s): cpu = 00:00:02 ; elapsed = 00:00:04 . Memory (MB): peak = 2197.402 ; gain = 0.000

Phase 3.2 Commit Most Macros & LUTRAMs
Phase 3.2 Commit Most Macros & LUTRAMs | Checksum: 2251746a2

Time (s): cpu = 00:00:02 ; elapsed = 00:00:04 . Memory (MB): peak = 2197.402 ; gain = 0.000

Phase 3.3 Area Swap Optimization
Phase 3.3 Area Swap Optimization | Checksum: 1d86a62c6

Time (s): cpu = 00:00:02 ; elapsed = 00:00:04 . Memory (MB): peak = 2197.402 ; gain = 0.000

Phase 3.4 Pipeline Register Optimization
Phase 3.4 Pipeline Register Optimization | Checksum: 21f4cc9ca

Time (s): cpu = 00:00:02 ; elapsed = 00:00:04 . Memory (MB): peak = 2197.402 ; gain = 0.000

Phase 3.5 Small Shape Detail Placement
Phase 3.5 Small Shape Detail Placement | Checksum: 1d0c08986

Time (s): cpu = 00:00:02 ; elapsed = 00:00:05 . Memory (MB): peak = 2197.402 ; gain = 0.000

Phase 3.6 Re-assign LUT pins
Phase 3.6 Re-assign LUT pins | Checksum: 2338f6799

Time (s): cpu = 00:00:03 ; elapsed = 00:00:05 . Memory (MB): peak = 2197.402 ; gain = 0.000

Phase 3.7 Pipeline Register Optimization
Phase 3.7 Pipeline Register Optimization | Checksum: 1fa731295

Time (s): cpu = 00:00:03 ; elapsed = 00:00:05 . Memory (MB): peak = 2197.402 ; gain = 0.000
Phase 3 Detail Placement | Checksum: 1fa731295

Time (s): cpu = 00:00:03 ; elapsed = 00:00:05 . Memory (MB): peak = 2197.402 ; gain = 0.000

Phase 4 Post Placement Optimization and Clean-Up

Phase 4.1 Post Commit Optimization
INFO: [Timing 38-35] Done setting XDC timing constraints.

Phase 4.1.1 Post Placement Optimization
Post Placement Optimization Initialization | Checksum: 12b396e4d

Phase 4.1.1.1 BUFG Insertion

Starting Physical Synthesis Task

Phase 1 Physical Synthesis Initialization
INFO: [Physopt 32-721] Multithreading enabled for phys_opt_design using a maximum of 2 CPUs
INFO: [Physopt 32-619] Estimated Timing Summary | WNS=2.884 | TNS=0.000 |
Phase 1 Physical Synthesis Initialization | Checksum: f0cb671a

Time (s): cpu = 00:00:00 ; elapsed = 00:00:00.103 . Memory (MB): peak = 2197.402 ; gain = 0.000
INFO: [Place 46-56] BUFG insertion identified 0 candidate nets. Inserted BUFG: 0, Replicated BUFG Driver: 0, Skipped due to Placement/Routing Conflicts: 0, Skipped due to Timing Degradation: 0, Skipped due to netlist editing failed: 0.
Ending Physical Synthesis Task | Checksum: 1f8a0f8cf

Time (s): cpu = 00:00:00 ; elapsed = 00:00:00.143 . Memory (MB): peak = 2197.402 ; gain = 0.000
Phase 4.1.1.1 BUFG Insertion | Checksum: 12b396e4d

Time (s): cpu = 00:00:03 ; elapsed = 00:00:06 . Memory (MB): peak = 2197.402 ; gain = 0.000

Phase 4.1.1.2 Post Placement Timing Optimization
INFO: [Place 30-746] Post Placement Timing Summary WNS=2.884. For the most accurate timing information please run report_timing.
Phase 4.1.1.2 Post Placement Timing Optimization | Checksum: 20f1076b2

Time (s): cpu = 00:00:03 ; elapsed = 00:00:06 . Memory (MB): peak = 2197.402 ; gain = 0.000

Time (s): cpu = 00:00:03 ; elapsed = 00:00:06 . Memory (MB): peak = 2197.402 ; gain = 0.000
Phase 4.1 Post Commit Optimization | Checksum: 20f1076b2

Time (s): cpu = 00:00:03 ; elapsed = 00:00:06 . Memory (MB): peak = 2197.402 ; gain = 0.000

Phase 4.2 Post Placement Cleanup
Phase 4.2 Post Placement Cleanup | Checksum: 20f1076b2

Time (s): cpu = 00:00:03 ; elapsed = 00:00:06 . Memory (MB): peak = 2197.402 ; gain = 0.000

Phase 4.3 Placer Reporting

Phase 4.3.1 Print Estimated Congestion
INFO: [Place 30-612] Post-Placement Estimated Congestion 
 ____________________________________________________
|           | Global Congestion | Short Congestion  |
| Direction | Region Size       | Region Size       |
|___________|___________________|___________________|
|      North|                1x1|                1x1|
|___________|___________________|___________________|
|      South|                1x1|                1x1|
|___________|___________________|___________________|
|       East|                1x1|                1x1|
|___________|___________________|___________________|
|       West|                1x1|                1x1|
|___________|___________________|___________________|

Phase 4.3.1 Print Estimated Congestion | Checksum: 20f1076b2

Time (s): cpu = 00:00:03 ; elapsed = 00:00:06 . Memory (MB): peak = 2197.402 ; gain = 0.000
Phase 4.3 Placer Reporting | Checksum: 20f1076b2

Time (s): cpu = 00:00:03 ; elapsed = 00:00:06 . Memory (MB): peak = 2197.402 ; gain = 0.000

Phase 4.4 Final Placement Cleanup
Netlist sorting complete. Time (s): cpu = 00:00:00 ; elapsed = 00:00:00.002 . Memory (MB): peak = 2197.402 ; gain = 0.000

Time (s): cpu = 00:00:03 ; elapsed = 00:00:06 . Memory (MB): peak = 2197.402 ; gain = 0.000
Phase 4 Post Placement Optimization and Clean-Up | Checksum: 214858ed6

Time (s): cpu = 00:00:03 ; elapsed = 00:00:06 . Memory (MB): peak = 2197.402 ; gain = 0.000
Ending Placer Task | Checksum: 12e8faf47

Time (s): cpu = 00:00:03 ; elapsed = 00:00:06 . Memory (MB): peak = 2197.402 ; gain = 0.000
75 Infos, 0 Warnings, 0 Critical Warnings and 0 Errors encountered.
place_design completed successfully
place_design: Time (s): cpu = 00:00:05 ; elapsed = 00:00:09 . Memory (MB): peak = 2197.402 ; gain = 0.000
INFO: [Vivado 12-24838] Running report commands "report_control_sets, report_io, report_utilization" in parallel.
Running report generation with 2 threads.
INFO: [Vivado 12-24828] Executing command : report_utilization -file MC_wrapper_utilization_placed.rpt -pb MC_wrapper_utilization_placed.pb
INFO: [Vivado 12-24828] Executing command : report_control_sets -verbose -file MC_wrapper_control_sets_placed.rpt
report_control_sets: Time (s): cpu = 00:00:00 ; elapsed = 00:00:00.011 . Memory (MB): peak = 2197.402 ; gain = 0.000
INFO: [Vivado 12-24828] Executing command : report_io -file MC_wrapper_io_placed.rpt
report_io: Time (s): cpu = 00:00:00 ; elapsed = 00:00:00.121 . Memory (MB): peak = 2197.402 ; gain = 0.000
INFO: [Timing 38-480] Writing timing data to binary archive.
Write ShapeDB Complete: Time (s): cpu = 00:00:00 ; elapsed = 00:00:00.029 . Memory (MB): peak = 2197.402 ; gain = 0.000
Wrote PlaceDB: Time (s): cpu = 00:00:00 ; elapsed = 00:00:00.247 . Memory (MB): peak = 2197.402 ; gain = 0.000
Wrote PulsedLatchDB: Time (s): cpu = 00:00:00 ; elapsed = 00:00:00 . Memory (MB): peak = 2197.402 ; gain = 0.000
Writing XDEF routing.
Writing XDEF routing logical nets.
Writing XDEF routing special nets.
Wrote RouteStorage: Time (s): cpu = 00:00:00 ; elapsed = 00:00:00.045 . Memory (MB): peak = 2197.402 ; gain = 0.000
Wrote Netlist Cache: Time (s): cpu = 00:00:00 ; elapsed = 00:00:00.005 . Memory (MB): peak = 2197.402 ; gain = 0.000
Wrote Device Cache: Time (s): cpu = 00:00:00 ; elapsed = 00:00:00.017 . Memory (MB): peak = 2197.402 ; gain = 0.000
Write Physdb Complete: Time (s): cpu = 00:00:00 ; elapsed = 00:00:00.327 . Memory (MB): peak = 2197.402 ; gain = 0.000
INFO: [Common 17-1381] The checkpoint 'C:/Users/Soeren-SDU/Downloads/Timer/Vivado/Vivado.runs/impl_1/MC_wrapper_placed.dcp' has been generated.
Command: phys_opt_design
Attempting to get a license for feature 'Implementation' and/or device 'xc7z020'
INFO: [Common 17-349] Got license for feature 'Implementation' and/or device 'xc7z020'

Starting Initial Update Timing Task

Time (s): cpu = 00:00:00 ; elapsed = 00:00:00.360 . Memory (MB): peak = 2205.379 ; gain = 7.977
INFO: [Vivado_Tcl 4-2279] Estimated Timing Summary | WNS= 2.884 | TNS= 0.000 | 
INFO: [Vivado_Tcl 4-383] Design worst setup slack (WNS) is greater than or equal to 0.000 ns. All physical synthesis setup optimizations will be skipped.
INFO: [Vivado_Tcl 4-232] No setup violation found. The netlist was not modified.
INFO: [Common 17-83] Releasing license: Implementation
86 Infos, 0 Warnings, 0 Critical Warnings and 0 Errors encountered.
phys_opt_design completed successfully
INFO: [Timing 38-480] Writing timing data to binary archive.
Write ShapeDB Complete: Time (s): cpu = 00:00:00 ; elapsed = 00:00:00.019 . Memory (MB): peak = 2223.266 ; gain = 0.004
Wrote PlaceDB: Time (s): cpu = 00:00:01 ; elapsed = 00:00:00.284 . Memory (MB): peak = 2225.188 ; gain = 1.922
Wrote PulsedLatchDB: Time (s): cpu = 00:00:00 ; elapsed = 00:00:00 . Memory (MB): peak = 2225.188 ; gain = 0.000
Writing XDEF routing.
Writing XDEF routing logical nets.
Writing XDEF routing special nets.
Wrote RouteStorage: Time (s): cpu = 00:00:00 ; elapsed = 00:00:00.055 . Memory (MB): peak = 2225.188 ; gain = 0.000
Wrote Netlist Cache: Time (s): cpu = 00:00:00 ; elapsed = 00:00:00.004 . Memory (MB): peak = 2225.188 ; gain = 0.000
Wrote Device Cache: Time (s): cpu = 00:00:00 ; elapsed = 00:00:00.015 . Memory (MB): peak = 2225.188 ; gain = 0.000
Write Physdb Complete: Time (s): cpu = 00:00:01 ; elapsed = 00:00:00.366 . Memory (MB): peak = 2225.188 ; gain = 1.922
INFO: [Common 17-1381] The checkpoint 'C:/Users/Soeren-SDU/Downloads/Timer/Vivado/Vivado.runs/impl_1/MC_wrapper_physopt.dcp' has been generated.
Command: route_design
Attempting to get a license for feature 'Implementation' and/or device 'xc7z020'
INFO: [Common 17-349] Got license for feature 'Implementation' and/or device 'xc7z020'
Running DRC as a precondition to command route_design
INFO: [DRC 23-27] Running DRC with 2 threads
INFO: [Vivado_Tcl 4-198] DRC finished with 0 Errors
INFO: [Vivado_Tcl 4-199] Please refer to the DRC report (report_drc) for more information.


Starting Routing Task
INFO: [Route 35-254] Multithreading enabled for route_design using a maximum of 8 CPUs

Phase 1 Build RT Design
Checksum: PlaceDB: f3faf5ef ConstDB: 0 ShapeSum: 249b4668 RouteDB: 15f972f0
Post Restoration Checksum: NetGraph: e1d2d45f | NumContArr: d824b645 | Constraints: c2a8fa9d | Timing: c2a8fa9d
Phase 1 Build RT Design | Checksum: 33f497fde

Time (s): cpu = 00:00:21 ; elapsed = 00:00:24 . Memory (MB): peak = 2348.801 ; gain = 114.074

Phase 2 Router Initialization

Phase 2.1 Fix Topology Constraints
Phase 2.1 Fix Topology Constraints | Checksum: 33f497fde

Time (s): cpu = 00:00:21 ; elapsed = 00:00:24 . Memory (MB): peak = 2348.801 ; gain = 114.074

Phase 2.2 Pre Route Cleanup
Phase 2.2 Pre Route Cleanup | Checksum: 33f497fde

Time (s): cpu = 00:00:21 ; elapsed = 00:00:24 . Memory (MB): peak = 2348.801 ; gain = 114.074
 Number of Nodes with overlaps = 0

Phase 2.3 Update Timing
Phase 2.3 Update Timing | Checksum: 280117bd1

Time (s): cpu = 00:00:22 ; elapsed = 00:00:25 . Memory (MB): peak = 2419.012 ; gain = 184.285
INFO: [Route 35-416] Intermediate Timing Summary | WNS=3.066  | TNS=0.000  | WHS=-0.239 | THS=-26.734|


Router Utilization Summary
  Global Vertical Routing Utilization    = 0.000465983 %
  Global Horizontal Routing Utilization  = 0.00169033 %
  Routable Net Status*
  *Does not include unroutable nets such as driverless and loadless.
  Run report_route_status for detailed report.
  Number of Failed Nets               = 2069
    (Failed Nets is the sum of unrouted and partially routed nets)
  Number of Unrouted Nets             = 2068
  Number of Partially Routed Nets     = 1
  Number of Node Overlaps             = 0

Phase 2 Router Initialization | Checksum: 22726608a

Time (s): cpu = 00:00:23 ; elapsed = 00:00:25 . Memory (MB): peak = 2423.988 ; gain = 189.262

Phase 3 Global Routing
Phase 3 Global Routing | Checksum: 22726608a

Time (s): cpu = 00:00:23 ; elapsed = 00:00:25 . Memory (MB): peak = 2423.988 ; gain = 189.262

Phase 4 Initial Routing

Phase 4.1 Initial Net Routing Pass
Phase 4.1 Initial Net Routing Pass | Checksum: 1b8b0aafd

Time (s): cpu = 00:00:23 ; elapsed = 00:00:26 . Memory (MB): peak = 2423.988 ; gain = 189.262
Phase 4 Initial Routing | Checksum: 1b8b0aafd

Time (s): cpu = 00:00:23 ; elapsed = 00:00:26 . Memory (MB): peak = 2423.988 ; gain = 189.262

Phase 5 Rip-up And Reroute

Phase 5.1 Global Iteration 0
 Number of Nodes with overlaps = 131
 Number of Nodes with overlaps = 2
 Number of Nodes with overlaps = 0
INFO: [Route 35-416] Intermediate Timing Summary | WNS=2.925  | TNS=0.000  | WHS=N/A    | THS=N/A    |

Phase 5.1 Global Iteration 0 | Checksum: 29d3ef8c5

Time (s): cpu = 00:00:23 ; elapsed = 00:00:26 . Memory (MB): peak = 2423.988 ; gain = 189.262

Phase 5.2 Global Iteration 1
 Number of Nodes with overlaps = 0
INFO: [Route 35-416] Intermediate Timing Summary | WNS=2.925  | TNS=0.000  | WHS=N/A    | THS=N/A    |

Phase 5.2 Global Iteration 1 | Checksum: 1abac4ae5

Time (s): cpu = 00:00:23 ; elapsed = 00:00:26 . Memory (MB): peak = 2423.988 ; gain = 189.262
Phase 5 Rip-up And Reroute | Checksum: 1abac4ae5

Time (s): cpu = 00:00:23 ; elapsed = 00:00:26 . Memory (MB): peak = 2423.988 ; gain = 189.262

Phase 6 Delay and Skew Optimization

Phase 6.1 Delay CleanUp
Phase 6.1 Delay CleanUp | Checksum: 1abac4ae5

Time (s): cpu = 00:00:23 ; elapsed = 00:00:26 . Memory (MB): peak = 2423.988 ; gain = 189.262

Phase 6.2 Clock Skew Optimization
Phase 6.2 Clock Skew Optimization | Checksum: 1abac4ae5

Time (s): cpu = 00:00:23 ; elapsed = 00:00:26 . Memory (MB): peak = 2423.988 ; gain = 189.262
Phase 6 Delay and Skew Optimization | Checksum: 1abac4ae5

Time (s): cpu = 00:00:23 ; elapsed = 00:00:26 . Memory (MB): peak = 2423.988 ; gain = 189.262

Phase 7 Post Hold Fix

Phase 7.1 Hold Fix Iter
INFO: [Route 35-416] Intermediate Timing Summary | WNS=2.939  | TNS=0.000  | WHS=0.045  | THS=0.000  |

Phase 7.1 Hold Fix Iter | Checksum: 1953e3d12

Time (s): cpu = 00:00:23 ; elapsed = 00:00:26 . Memory (MB): peak = 2423.988 ; gain = 189.262
Phase 7 Post Hold Fix | Checksum: 1953e3d12

Time (s): cpu = 00:00:23 ; elapsed = 00:00:26 . Memory (MB): peak = 2423.988 ; gain = 189.262

Phase 8 Route finalize

Router Utilization Summary
  Global Vertical Routing Utilization    = 0.332194 %
  Global Horizontal Routing Utilization  = 0.418611 %
  Routable Net Status*
  *Does not include unroutable nets such as driverless and loadless.
  Run report_route_status for detailed report.
  Number of Failed Nets               = 0
    (Failed Nets is the sum of unrouted and partially routed nets)
  Number of Unrouted Nets             = 0
  Number of Partially Routed Nets     = 0
  Number of Node Overlaps             = 0

Phase 8 Route finalize | Checksum: 1953e3d12

Time (s): cpu = 00:00:23 ; elapsed = 00:00:26 . Memory (MB): peak = 2423.988 ; gain = 189.262

Phase 9 Verifying routed nets

 Verification completed successfully
Phase 9 Verifying routed nets | Checksum: 1953e3d12

Time (s): cpu = 00:00:23 ; elapsed = 00:00:26 . Memory (MB): peak = 2423.988 ; gain = 189.262

Phase 10 Depositing Routes
Phase 10 Depositing Routes | Checksum: 174b6f190

Time (s): cpu = 00:00:24 ; elapsed = 00:00:27 . Memory (MB): peak = 2423.988 ; gain = 189.262

Phase 11 Post Process Routing
Phase 11 Post Process Routing | Checksum: 174b6f190

Time (s): cpu = 00:00:24 ; elapsed = 00:00:27 . Memory (MB): peak = 2423.988 ; gain = 189.262

Phase 12 Post Router Timing
INFO: [Route 35-57] Estimated Timing Summary | WNS=2.939  | TNS=0.000  | WHS=0.045  | THS=0.000  |

INFO: [Route 35-327] The final timing numbers are based on the router estimated timing analysis. For a complete and accurate timing signoff, please run report_timing_summary.
Phase 12 Post Router Timing | Checksum: 174b6f190

Time (s): cpu = 00:00:24 ; elapsed = 00:00:27 . Memory (MB): peak = 2423.988 ; gain = 189.262
Total Elapsed time in route_design: 26.588 secs

Phase 13 Post-Route Event Processing
Phase 13 Post-Route Event Processing | Checksum: 1462b0170

Time (s): cpu = 00:00:24 ; elapsed = 00:00:27 . Memory (MB): peak = 2423.988 ; gain = 189.262
INFO: [Route 35-16] Router Completed Successfully
Ending Routing Task | Checksum: 1462b0170

Time (s): cpu = 00:00:24 ; elapsed = 00:00:27 . Memory (MB): peak = 2423.988 ; gain = 189.262

Routing Is Done.
INFO: [Common 17-83] Releasing license: Implementation
101 Infos, 0 Warnings, 0 Critical Warnings and 0 Errors encountered.
route_design completed successfully
route_design: Time (s): cpu = 00:00:25 ; elapsed = 00:00:28 . Memory (MB): peak = 2423.988 ; gain = 198.801
INFO: [Vivado 12-24828] Executing command : report_drc -file MC_wrapper_drc_routed.rpt -pb MC_wrapper_drc_routed.pb -rpx MC_wrapper_drc_routed.rpx
Command: report_drc -file MC_wrapper_drc_routed.rpt -pb MC_wrapper_drc_routed.pb -rpx MC_wrapper_drc_routed.rpx
INFO: [IP_Flow 19-1839] IP Catalog is up to date.
INFO: [DRC 23-27] Running DRC with 2 threads
INFO: [Vivado_Tcl 2-168] The results of DRC are in file C:/Users/Soeren-SDU/Downloads/Timer/Vivado/Vivado.runs/impl_1/MC_wrapper_drc_routed.rpt.
report_drc completed successfully
INFO: [Vivado 12-24828] Executing command : report_methodology -file MC_wrapper_methodology_drc_routed.rpt -pb MC_wrapper_methodology_drc_routed.pb -rpx MC_wrapper_methodology_drc_routed.rpx
Command: report_methodology -file MC_wrapper_methodology_drc_routed.rpt -pb MC_wrapper_methodology_drc_routed.pb -rpx MC_wrapper_methodology_drc_routed.rpx
INFO: [Timing 38-35] Done setting XDC timing constraints.
INFO: [DRC 23-133] Running Methodology with 2 threads
INFO: [Vivado_Tcl 2-1520] The results of Report Methodology are in file C:/Users/Soeren-SDU/Downloads/Timer/Vivado/Vivado.runs/impl_1/MC_wrapper_methodology_drc_routed.rpt.
report_methodology completed successfully
INFO: [Vivado 12-24828] Executing command : report_timing_summary -max_paths 10 -report_unconstrained -file MC_wrapper_timing_summary_routed.rpt -pb MC_wrapper_timing_summary_routed.pb -rpx MC_wrapper_timing_summary_routed.rpx -warn_on_violation 
INFO: [Timing 38-35] Done setting XDC timing constraints.
INFO: [Timing 38-91] UpdateTimingParams: Speed grade: -1, Delay Type: min_max.
INFO: [Timing 38-191] Multithreading enabled for timing update using a maximum of 2 CPUs
INFO: [Vivado 12-24838] Running report commands "report_incremental_reuse, report_route_status" in parallel.
Running report generation with 2 threads.
INFO: [Vivado 12-24828] Executing command : report_incremental_reuse -file MC_wrapper_incremental_reuse_routed.rpt
INFO: [Vivado_Tcl 4-1062] Incremental flow is disabled. No incremental reuse Info to report.
INFO: [Vivado 12-24828] Executing command : report_route_status -file MC_wrapper_route_status.rpt -pb MC_wrapper_route_status.pb
INFO: [Vivado 12-24828] Executing command : report_power -file MC_wrapper_power_routed.rpt -pb MC_wrapper_power_summary_routed.pb -rpx MC_wrapper_power_routed.rpx
Command: report_power -file MC_wrapper_power_routed.rpt -pb MC_wrapper_power_summary_routed.pb -rpx MC_wrapper_power_routed.rpx
Running Vector-less Activity Propagation...

Finished Running Vector-less Activity Propagation
118 Infos, 0 Warnings, 0 Critical Warnings and 0 Errors encountered.
report_power completed successfully
INFO: [Vivado 12-24828] Executing command : report_clock_utilization -file MC_wrapper_clock_utilization_routed.rpt
WARNING: [Device 21-9320] Failed to find the Oracle tile group with name 'HSR_BOUNDARY_TOP'. This is required for Clock regions and Virtual grid.
WARNING: [Device 21-2174] Failed to initialize Virtual grid.
INFO: [Vivado 12-24828] Executing command : report_bus_skew -warn_on_violation -file MC_wrapper_bus_skew_routed.rpt -pb MC_wrapper_bus_skew_routed.pb -rpx MC_wrapper_bus_skew_routed.rpx
INFO: [Timing 38-91] UpdateTimingParams: Speed grade: -1, Delay Type: min_max.
INFO: [Timing 38-191] Multithreading enabled for timing update using a maximum of 2 CPUs
INFO: [Timing 38-480] Writing timing data to binary archive.
Write ShapeDB Complete: Time (s): cpu = 00:00:01 ; elapsed = 00:00:00.027 . Memory (MB): peak = 2423.988 ; gain = 0.000
Wrote PlaceDB: Time (s): cpu = 00:00:01 ; elapsed = 00:00:00.264 . Memory (MB): peak = 2423.988 ; gain = 0.000
Wrote PulsedLatchDB: Time (s): cpu = 00:00:00 ; elapsed = 00:00:00 . Memory (MB): peak = 2423.988 ; gain = 0.000
Writing XDEF routing.
Writing XDEF routing logical nets.
Writing XDEF routing special nets.
Wrote RouteStorage: Time (s): cpu = 00:00:00 ; elapsed = 00:00:00.072 . Memory (MB): peak = 2423.988 ; gain = 0.000
Wrote Netlist Cache: Time (s): cpu = 00:00:00 ; elapsed = 00:00:00.009 . Memory (MB): peak = 2423.988 ; gain = 0.000
Wrote Device Cache: Time (s): cpu = 00:00:00 ; elapsed = 00:00:00.015 . Memory (MB): peak = 2423.988 ; gain = 0.000
Write Physdb Complete: Time (s): cpu = 00:00:01 ; elapsed = 00:00:00.371 . Memory (MB): peak = 2423.988 ; gain = 0.000
INFO: [Common 17-1381] The checkpoint 'C:/Users/Soeren-SDU/Downloads/Timer/Vivado/Vivado.runs/impl_1/MC_wrapper_routed.dcp' has been generated.
Command: write_bitstream -force MC_wrapper.bit
Attempting to get a license for feature 'Implementation' and/or device 'xc7z020'
INFO: [Common 17-349] Got license for feature 'Implementation' and/or device 'xc7z020'
Running DRC as a precondition to command write_bitstream
INFO: [IP_Flow 19-1839] IP Catalog is up to date.
INFO: [DRC 23-27] Running DRC with 2 threads
INFO: [Vivado 12-3199] DRC finished with 0 Errors
INFO: [Vivado 12-3200] Please refer to the DRC report (report_drc) for more information.
INFO: [Designutils 20-2272] Running write_bitstream with 2 threads.
Loading data files...
Loading site data...
Loading route data...
Processing options...
Creating bitmap...
Creating bitstream...
Writing bitstream ./MC_wrapper.bit...
INFO: [Vivado 12-1842] Bitgen Completed Successfully.
INFO: [Project 1-1876] WebTalk data collection is mandatory when using a ULT device. To see the specific WebTalk data collected for your design, open the usage_statistics_webtalk.html or usage_statistics_webtalk.xml file in the implementation directory.
INFO: [Common 17-83] Releasing license: Implementation
133 Infos, 2 Warnings, 0 Critical Warnings and 0 Errors encountered.
write_bitstream completed successfully
write_bitstream: Time (s): cpu = 00:00:12 ; elapsed = 00:00:14 . Memory (MB): peak = 2820.379 ; gain = 396.391
INFO: [Common 17-206] Exiting Vivado at Tue Nov 19 15:27:06 2024...
