
*** Running vivado
    with args -log MC_SDC_Monitor_CAR_0_0.vds -m64 -product Vivado -mode batch -messageDb vivado.pb -notrace -source MC_SDC_Monitor_CAR_0_0.tcl



****** Vivado v2024.1 (64-bit)
  **** SW Build 5076996 on Wed May 22 18:37:14 MDT 2024
  **** IP Build 5075265 on Wed May 22 21:45:21 MDT 2024
  **** SharedData Build 5076995 on Wed May 22 18:29:18 MDT 2024
  **** Start of session at: Thu Oct 24 10:21:23 2024
    ** Copyright 1986-2022 Xilinx, Inc. All Rights Reserved.
    ** Copyright 2022-2024 Advanced Micro Devices, Inc. All Rights Reserved.

source MC_SDC_Monitor_CAR_0_0.tcl -notrace
create_project: Time (s): cpu = 00:00:03 ; elapsed = 00:00:10 . Memory (MB): peak = 611.477 ; gain = 199.305
INFO: [IP_Flow 19-234] Refreshing IP repositories
INFO: [IP_Flow 19-1704] No user IP repositories specified
INFO: [IP_Flow 19-2313] Loaded Vivado IP repository 'C:/Vivado/2024.1/data/ip'.
Command: synth_design -top MC_SDC_Monitor_CAR_0_0 -part xc7z020clg400-1 -incremental_mode off -mode out_of_context
Starting synth_design
Attempting to get a license for feature 'Synthesis' and/or device 'xc7z020'
INFO: [Common 17-349] Got license for feature 'Synthesis' and/or device 'xc7z020'
INFO: [Device 21-403] Loading part xc7z020clg400-1
INFO: [Device 21-9227] Part: xc7z020clg400-1 does not have CEAM library.
INFO: [Synth 8-7079] Multithreading enabled for synth_design using a maximum of 2 processes.
INFO: [Synth 8-7078] Launching helper process for spawning children vivado processes
INFO: [Synth 8-7075] Helper process launched with PID 24852
---------------------------------------------------------------------------------
Starting RTL Elaboration : Time (s): cpu = 00:00:04 ; elapsed = 00:00:14 . Memory (MB): peak = 1501.289 ; gain = 447.887
---------------------------------------------------------------------------------
INFO: [Synth 8-638] synthesizing module 'MC_SDC_Monitor_CAR_0_0' [c:/B_Git/MCS/MC/MC_V1/Vivado/Vivado.gen/sources_1/bd/MC/ip/MC_SDC_Monitor_CAR_0_0/synth/MC_SDC_Monitor_CAR_0_0.vhd:80]
	Parameter No_of_inputs bound to: 17 - type: integer 
	Parameter ClK_divider bound to: 100000000 - type: integer 
INFO: [Synth 8-3491] module 'SDC_Monitor_CAR' declared at 'C:/B_Git/MCS/MC/MC_V1/Vivado/Vivado.srcs/sources_1/new/SDC_Monitor_CAR.vhd:9' bound to instance 'U0' of component 'SDC_Monitor_CAR' [c:/B_Git/MCS/MC/MC_V1/Vivado/Vivado.gen/sources_1/bd/MC/ip/MC_SDC_Monitor_CAR_0_0/synth/MC_SDC_Monitor_CAR_0_0.vhd:119]
INFO: [Synth 8-638] synthesizing module 'SDC_Monitor_CAR' [C:/B_Git/MCS/MC/MC_V1/Vivado/Vivado.srcs/sources_1/new/SDC_Monitor_CAR.vhd:54]
WARNING: [Synth 8-614] signal 'startup_delay_1sec' is read in the process but is not in the sensitivity list [C:/B_Git/MCS/MC/MC_V1/Vivado/Vivado.srcs/sources_1/new/SDC_Monitor_CAR.vhd:98]
INFO: [Synth 8-256] done synthesizing module 'SDC_Monitor_CAR' (0#1) [C:/B_Git/MCS/MC/MC_V1/Vivado/Vivado.srcs/sources_1/new/SDC_Monitor_CAR.vhd:54]
INFO: [Synth 8-256] done synthesizing module 'MC_SDC_Monitor_CAR_0_0' (0#1) [c:/B_Git/MCS/MC/MC_V1/Vivado/Vivado.gen/sources_1/bd/MC/ip/MC_SDC_Monitor_CAR_0_0/synth/MC_SDC_Monitor_CAR_0_0.vhd:80]
WARNING: [Synth 8-6014] Unused sequential element clock_1Hz_enable_reg was removed.  [C:/B_Git/MCS/MC/MC_V1/Vivado/Vivado.srcs/sources_1/new/SDC_Monitor_CAR.vhd:109]
WARNING: [Synth 8-7129] Port SDC_SUPPLY_I in module SDC_Monitor_CAR is either unconnected or has no load
---------------------------------------------------------------------------------
Finished RTL Elaboration : Time (s): cpu = 00:00:04 ; elapsed = 00:00:17 . Memory (MB): peak = 1614.727 ; gain = 561.324
---------------------------------------------------------------------------------
---------------------------------------------------------------------------------
Start Handling Custom Attributes
---------------------------------------------------------------------------------
---------------------------------------------------------------------------------
Finished Handling Custom Attributes : Time (s): cpu = 00:00:04 ; elapsed = 00:00:19 . Memory (MB): peak = 1614.727 ; gain = 561.324
---------------------------------------------------------------------------------
---------------------------------------------------------------------------------
Finished RTL Optimization Phase 1 : Time (s): cpu = 00:00:04 ; elapsed = 00:00:19 . Memory (MB): peak = 1614.727 ; gain = 561.324
---------------------------------------------------------------------------------
Netlist sorting complete. Time (s): cpu = 00:00:00 ; elapsed = 00:00:00.004 . Memory (MB): peak = 1614.727 ; gain = 0.000
INFO: [Project 1-570] Preparing netlist for logic optimization

Processing XDC Constraints
Initializing timing engine
Completed Processing XDC Constraints

Netlist sorting complete. Time (s): cpu = 00:00:00 ; elapsed = 00:00:00 . Memory (MB): peak = 1675.828 ; gain = 0.000
INFO: [Project 1-111] Unisim Transformation Summary:
No Unisim elements were transformed.

Constraint Validation Runtime : Time (s): cpu = 00:00:00 ; elapsed = 00:00:00.090 . Memory (MB): peak = 1676.129 ; gain = 0.301
INFO: [Designutils 20-5008] Incremental synthesis strategy off
---------------------------------------------------------------------------------
Finished Constraint Validation : Time (s): cpu = 00:00:07 ; elapsed = 00:00:30 . Memory (MB): peak = 1676.129 ; gain = 622.727
---------------------------------------------------------------------------------
---------------------------------------------------------------------------------
Start Loading Part and Timing Information
---------------------------------------------------------------------------------
Loading part: xc7z020clg400-1
---------------------------------------------------------------------------------
Finished Loading Part and Timing Information : Time (s): cpu = 00:00:07 ; elapsed = 00:00:30 . Memory (MB): peak = 1676.129 ; gain = 622.727
---------------------------------------------------------------------------------
---------------------------------------------------------------------------------
Start Applying 'set_property' XDC Constraints
---------------------------------------------------------------------------------
---------------------------------------------------------------------------------
Finished applying 'set_property' XDC Constraints : Time (s): cpu = 00:00:07 ; elapsed = 00:00:30 . Memory (MB): peak = 1676.129 ; gain = 622.727
---------------------------------------------------------------------------------
WARNING: [Synth 8-327] inferring latch for variable 'IS_SDC_CLOSED_VECTOR_O_reg' [C:/B_Git/MCS/MC/MC_V1/Vivado/Vivado.srcs/sources_1/new/SDC_Monitor_CAR.vhd:100]
---------------------------------------------------------------------------------
Finished RTL Optimization Phase 2 : Time (s): cpu = 00:00:07 ; elapsed = 00:00:30 . Memory (MB): peak = 1676.129 ; gain = 622.727
---------------------------------------------------------------------------------
---------------------------------------------------------------------------------
Start RTL Component Statistics 
---------------------------------------------------------------------------------
Detailed RTL Component Info : 
+---Adders : 
	   2 Input   31 Bit       Adders := 1     
+---Registers : 
	               31 Bit    Registers := 1     
	                1 Bit    Registers := 1     
---------------------------------------------------------------------------------
Finished RTL Component Statistics 
---------------------------------------------------------------------------------
---------------------------------------------------------------------------------
Start Part Resource Summary
---------------------------------------------------------------------------------
Part Resources:
DSPs: 220 (col length:60)
BRAMs: 280 (col length: RAMB18 60 RAMB36 30)
---------------------------------------------------------------------------------
Finished Part Resource Summary
---------------------------------------------------------------------------------
---------------------------------------------------------------------------------
Start Cross Boundary and Area Optimization
---------------------------------------------------------------------------------
WARNING: [Synth 8-7080] Parallel synthesis criteria is not met
WARNING: [Synth 8-7129] Port SDC_SUPPLY_I in module MC_SDC_Monitor_CAR_0_0 is either unconnected or has no load
INFO: [Synth 8-3332] Sequential element (U0/IS_SDC_CLOSED_VECTOR_O_reg[16]) is unused and will be removed from module MC_SDC_Monitor_CAR_0_0.
---------------------------------------------------------------------------------
Finished Cross Boundary and Area Optimization : Time (s): cpu = 00:00:08 ; elapsed = 00:00:32 . Memory (MB): peak = 1676.129 ; gain = 622.727
---------------------------------------------------------------------------------
---------------------------------------------------------------------------------
Start Applying XDC Timing Constraints
---------------------------------------------------------------------------------
---------------------------------------------------------------------------------
Finished Applying XDC Timing Constraints : Time (s): cpu = 00:00:10 ; elapsed = 00:00:40 . Memory (MB): peak = 1676.129 ; gain = 622.727
---------------------------------------------------------------------------------
---------------------------------------------------------------------------------
Start Timing Optimization
---------------------------------------------------------------------------------
---------------------------------------------------------------------------------
Finished Timing Optimization : Time (s): cpu = 00:00:10 ; elapsed = 00:00:40 . Memory (MB): peak = 1676.129 ; gain = 622.727
---------------------------------------------------------------------------------
---------------------------------------------------------------------------------
Start Technology Mapping
---------------------------------------------------------------------------------
---------------------------------------------------------------------------------
Finished Technology Mapping : Time (s): cpu = 00:00:10 ; elapsed = 00:00:40 . Memory (MB): peak = 1676.129 ; gain = 622.727
---------------------------------------------------------------------------------
---------------------------------------------------------------------------------
Start IO Insertion
---------------------------------------------------------------------------------
---------------------------------------------------------------------------------
Start Flattening Before IO Insertion
---------------------------------------------------------------------------------
---------------------------------------------------------------------------------
Finished Flattening Before IO Insertion
---------------------------------------------------------------------------------
---------------------------------------------------------------------------------
Start Final Netlist Cleanup
---------------------------------------------------------------------------------
---------------------------------------------------------------------------------
Finished Final Netlist Cleanup
---------------------------------------------------------------------------------
---------------------------------------------------------------------------------
Finished IO Insertion : Time (s): cpu = 00:00:12 ; elapsed = 00:00:45 . Memory (MB): peak = 1676.129 ; gain = 622.727
---------------------------------------------------------------------------------
---------------------------------------------------------------------------------
Start Renaming Generated Instances
---------------------------------------------------------------------------------
---------------------------------------------------------------------------------
Finished Renaming Generated Instances : Time (s): cpu = 00:00:12 ; elapsed = 00:00:45 . Memory (MB): peak = 1676.129 ; gain = 622.727
---------------------------------------------------------------------------------
---------------------------------------------------------------------------------
Start Rebuilding User Hierarchy
---------------------------------------------------------------------------------
---------------------------------------------------------------------------------
Finished Rebuilding User Hierarchy : Time (s): cpu = 00:00:12 ; elapsed = 00:00:45 . Memory (MB): peak = 1676.129 ; gain = 622.727
---------------------------------------------------------------------------------
---------------------------------------------------------------------------------
Start Renaming Generated Ports
---------------------------------------------------------------------------------
---------------------------------------------------------------------------------
Finished Renaming Generated Ports : Time (s): cpu = 00:00:12 ; elapsed = 00:00:45 . Memory (MB): peak = 1676.129 ; gain = 622.727
---------------------------------------------------------------------------------
---------------------------------------------------------------------------------
Start Handling Custom Attributes
---------------------------------------------------------------------------------
---------------------------------------------------------------------------------
Finished Handling Custom Attributes : Time (s): cpu = 00:00:12 ; elapsed = 00:00:45 . Memory (MB): peak = 1676.129 ; gain = 622.727
---------------------------------------------------------------------------------
---------------------------------------------------------------------------------
Start Renaming Generated Nets
---------------------------------------------------------------------------------
---------------------------------------------------------------------------------
Finished Renaming Generated Nets : Time (s): cpu = 00:00:12 ; elapsed = 00:00:45 . Memory (MB): peak = 1676.129 ; gain = 622.727
---------------------------------------------------------------------------------
---------------------------------------------------------------------------------
Start Writing Synthesis Report
---------------------------------------------------------------------------------

Report BlackBoxes: 
+-+--------------+----------+
| |BlackBox name |Instances |
+-+--------------+----------+
+-+--------------+----------+

Report Cell Usage: 
+------+-------+------+
|      |Cell   |Count |
+------+-------+------+
|1     |CARRY4 |     8|
|2     |LUT1   |     1|
|3     |LUT3   |     1|
|4     |LUT4   |     6|
|5     |LUT5   |     2|
|6     |LUT6   |     1|
|7     |FDRE   |    32|
|8     |LD     |    16|
+------+-------+------+
---------------------------------------------------------------------------------
Finished Writing Synthesis Report : Time (s): cpu = 00:00:12 ; elapsed = 00:00:45 . Memory (MB): peak = 1676.129 ; gain = 622.727
---------------------------------------------------------------------------------
Synthesis finished with 0 errors, 0 critical warnings and 3 warnings.
Synthesis Optimization Runtime : Time (s): cpu = 00:00:07 ; elapsed = 00:00:42 . Memory (MB): peak = 1676.129 ; gain = 561.324
Synthesis Optimization Complete : Time (s): cpu = 00:00:12 ; elapsed = 00:00:46 . Memory (MB): peak = 1676.129 ; gain = 622.727
INFO: [Project 1-571] Translating synthesized netlist
Netlist sorting complete. Time (s): cpu = 00:00:00 ; elapsed = 00:00:00 . Memory (MB): peak = 1676.129 ; gain = 0.000
INFO: [Netlist 29-17] Analyzing 24 Unisim elements for replacement
INFO: [Netlist 29-28] Unisim Transformation completed in 0 CPU seconds
INFO: [Project 1-570] Preparing netlist for logic optimization
INFO: [Opt 31-138] Pushed 0 inverter(s) to 0 load pin(s).
Netlist sorting complete. Time (s): cpu = 00:00:00 ; elapsed = 00:00:00 . Memory (MB): peak = 1676.129 ; gain = 0.000
INFO: [Project 1-111] Unisim Transformation Summary:
  A total of 16 instances were transformed.
  LD => LDCE: 16 instances

Synth Design complete | Checksum: 97917b69
INFO: [Common 17-83] Releasing license: Synthesis
25 Infos, 6 Warnings, 0 Critical Warnings and 0 Errors encountered.
synth_design completed successfully
synth_design: Time (s): cpu = 00:00:14 ; elapsed = 00:01:05 . Memory (MB): peak = 1676.129 ; gain = 1048.691
Write ShapeDB Complete: Time (s): cpu = 00:00:00 ; elapsed = 00:00:00.005 . Memory (MB): peak = 1676.129 ; gain = 0.000
INFO: [Common 17-1381] The checkpoint 'C:/B_Git/MCS/MC/MC_V1/Vivado/Vivado.runs/MC_SDC_Monitor_CAR_0_0_synth_1/MC_SDC_Monitor_CAR_0_0.dcp' has been generated.
INFO: [Vivado 12-24828] Executing command : report_utilization -file MC_SDC_Monitor_CAR_0_0_utilization_synth.rpt -pb MC_SDC_Monitor_CAR_0_0_utilization_synth.pb
INFO: [Common 17-206] Exiting Vivado at Thu Oct 24 10:22:55 2024...
