2024-10-04 10:55:39 [info] : [Platform Server] Creating platform platform  output stream finished - platform. 
2024-10-04 10:57:59 [info] : [Platform Server] Generate platform output stream finished - platform. 
2024-10-04 10:58:54 [info] : [Platform Server] Regenerating BSP for standalone_ps7_cortexa9_0 domain of C:\Users\miwoj\Desktop\Zybo\MIO_GPIO\Vitis\platform platform output stream finished - platform. 
2024-10-04 11:00:03 [info] : [Platform Server] Generate platform output stream finished - platform. 
2024-10-04 11:00:06 [info] : [Build Server] Build output stream finished - hello_world::. 
2024-10-04 11:09:00 [info] : [Build Server] Build output stream finished - hello_world::. 
2024-10-04 11:09:16 [info] : [Debug Manager] Successfully verified the target connection used  Local 
2024-10-04 11:09:16 [info] : [Debug Manager] Starting launch in 'run' mode using configuration: {"type":"tcf-debug","request":"launch","name":"hello_world_app_hw_1","debugType":"baremetal-zynq","attachToRunningTargetOptions":{"targetSetupMode":"standalone","executeScript":true,"scriptPath":""},"autoAttachProcessChildren":false,"target":{"targetConnectionId":"Local","peersIniPath":"../../../.peers.ini","context":"zynq"},"targetSetup":{"resetSystem":true,"programDevice":true,"resetAPU":false,"bitstreamFile":"${workspaceFolder}\\hello_world\\_ide\\bitstream\\design_1_wrapper.bit","zynqInitialization":{"isFsbl":false,"usingFSBL":{"initWithFSBL":true,"fsblFile":"${workspaceFolder}\\platform\\export\\platform\\sw\\boot\\fsbl.elf","fsblExitSymbol":"FsblHandoffJtagExit"},"usingPs7Init":{"runPs7Init":true,"runPs7PostInit":true,"ps7InitTclFile":"${workspaceFolder}\\hello_world\\_ide\\psinit\\ps7_init.tcl"}},"downloadElf":[{"core":"ps7_cortexa9_0","resetProcessor":true,"elfFile":"${workspaceFolder}\\hello_world\\build\\hello_world.elf","stopAtEntry":false}],"crossTriggerBreakpoints":{"isSelected":false,"breakpoints":[]}},"internalConsoleOptions":"openOnSessionStart","__configUri":"file:///c%3A/Users/miwoj/Desktop/Zybo/MIO_GPIO/Vitis/hello_world/_ide/.theia/launch.json"} 
2024-10-04 11:09:17 [info] : [Debug Manager] Disabling breakpoints in the tool to enable run mode for 'hello_world_app_hw_1'. 
2024-10-04 11:09:17 [info] : [Debug Manager] Launch session has started on the configuration 'hello_world_app_hw_1' 
2024-10-04 11:09:33 [info] : [Debug Manager] Launch session has terminated on the configuration 'hello_world_app_hw_1' 
2024-10-04 11:09:33 [info] : [Debug Manager] Enabling breakpoints after running the application using 'hello_world_app_hw_1'. 
2024-10-04 11:09:37 [info] : [Build Server] Build output stream finished - hello_world::. 
2024-10-04 11:09:48 [info] : [Debug Manager] Successfully verified the target connection used  Local 
2024-10-04 11:09:48 [info] : [Debug Manager] Starting launch in 'run' mode using configuration: {"type":"tcf-debug","request":"launch","name":"hello_world_app_hw_1","debugType":"baremetal-zynq","attachToRunningTargetOptions":{"targetSetupMode":"standalone","executeScript":true,"scriptPath":""},"autoAttachProcessChildren":false,"target":{"targetConnectionId":"Local","peersIniPath":"../../../.peers.ini","context":"zynq"},"targetSetup":{"resetSystem":true,"programDevice":true,"resetAPU":false,"bitstreamFile":"${workspaceFolder}\\hello_world\\_ide\\bitstream\\design_1_wrapper.bit","zynqInitialization":{"isFsbl":false,"usingFSBL":{"initWithFSBL":true,"fsblFile":"${workspaceFolder}\\platform\\export\\platform\\sw\\boot\\fsbl.elf","fsblExitSymbol":"FsblHandoffJtagExit"},"usingPs7Init":{"runPs7Init":true,"runPs7PostInit":true,"ps7InitTclFile":"${workspaceFolder}\\hello_world\\_ide\\psinit\\ps7_init.tcl"}},"downloadElf":[{"core":"ps7_cortexa9_0","resetProcessor":true,"elfFile":"${workspaceFolder}\\hello_world\\build\\hello_world.elf","stopAtEntry":false}],"crossTriggerBreakpoints":{"isSelected":false,"breakpoints":[]}},"internalConsoleOptions":"openOnSessionStart","__configUri":"file:///c%3A/Users/miwoj/Desktop/Zybo/MIO_GPIO/Vitis/hello_world/_ide/.theia/launch.json"} 
2024-10-04 11:09:48 [info] : [Debug Manager] Disabling breakpoints in the tool to enable run mode for 'hello_world_app_hw_1'. 
2024-10-04 11:09:49 [info] : [Debug Manager] Launch session has started on the configuration 'hello_world_app_hw_1' 
2024-10-04 11:10:02 [info] : [Debug Manager] Launch session has terminated on the configuration 'hello_world_app_hw_1' 
2024-10-04 11:10:02 [info] : [Debug Manager] Enabling breakpoints after running the application using 'hello_world_app_hw_1'. 
2024-10-04 11:10:05 [info] : [Build Server] Build output stream finished - hello_world::. 
2024-10-04 11:10:15 [info] : [Debug Manager] Successfully verified the target connection used  Local 
2024-10-04 11:10:15 [info] : [Debug Manager] Starting launch in 'run' mode using configuration: {"type":"tcf-debug","request":"launch","name":"hello_world_app_hw_1","debugType":"baremetal-zynq","attachToRunningTargetOptions":{"targetSetupMode":"standalone","executeScript":true,"scriptPath":""},"autoAttachProcessChildren":false,"target":{"targetConnectionId":"Local","peersIniPath":"../../../.peers.ini","context":"zynq"},"targetSetup":{"resetSystem":true,"programDevice":true,"resetAPU":false,"bitstreamFile":"${workspaceFolder}\\hello_world\\_ide\\bitstream\\design_1_wrapper.bit","zynqInitialization":{"isFsbl":false,"usingFSBL":{"initWithFSBL":true,"fsblFile":"${workspaceFolder}\\platform\\export\\platform\\sw\\boot\\fsbl.elf","fsblExitSymbol":"FsblHandoffJtagExit"},"usingPs7Init":{"runPs7Init":true,"runPs7PostInit":true,"ps7InitTclFile":"${workspaceFolder}\\hello_world\\_ide\\psinit\\ps7_init.tcl"}},"downloadElf":[{"core":"ps7_cortexa9_0","resetProcessor":true,"elfFile":"${workspaceFolder}\\hello_world\\build\\hello_world.elf","stopAtEntry":false}],"crossTriggerBreakpoints":{"isSelected":false,"breakpoints":[]}},"internalConsoleOptions":"openOnSessionStart","__configUri":"file:///c%3A/Users/miwoj/Desktop/Zybo/MIO_GPIO/Vitis/hello_world/_ide/.theia/launch.json"} 
2024-10-04 11:10:15 [info] : [Debug Manager] Disabling breakpoints in the tool to enable run mode for 'hello_world_app_hw_1'. 
2024-10-04 11:10:15 [info] : [Debug Manager] Launch session has started on the configuration 'hello_world_app_hw_1' 
2024-10-04 11:10:51 [info] : [Build Server] Build output stream finished - hello_world::. 
2024-10-04 11:11:01 [info] : [Debug Manager] Successfully verified the target connection used  Local 
2024-10-04 11:11:01 [info] : [Debug Manager] Starting launch in 'run' mode using configuration: {"type":"tcf-debug","request":"launch","name":"hello_world_app_hw_1","debugType":"baremetal-zynq","attachToRunningTargetOptions":{"targetSetupMode":"standalone","executeScript":true,"scriptPath":""},"autoAttachProcessChildren":false,"target":{"targetConnectionId":"Local","peersIniPath":"../../../.peers.ini","context":"zynq"},"targetSetup":{"resetSystem":true,"programDevice":true,"resetAPU":false,"bitstreamFile":"${workspaceFolder}\\hello_world\\_ide\\bitstream\\design_1_wrapper.bit","zynqInitialization":{"isFsbl":false,"usingFSBL":{"initWithFSBL":true,"fsblFile":"${workspaceFolder}\\platform\\export\\platform\\sw\\boot\\fsbl.elf","fsblExitSymbol":"FsblHandoffJtagExit"},"usingPs7Init":{"runPs7Init":true,"runPs7PostInit":true,"ps7InitTclFile":"${workspaceFolder}\\hello_world\\_ide\\psinit\\ps7_init.tcl"}},"downloadElf":[{"core":"ps7_cortexa9_0","resetProcessor":true,"elfFile":"${workspaceFolder}\\hello_world\\build\\hello_world.elf","stopAtEntry":false}],"crossTriggerBreakpoints":{"isSelected":false,"breakpoints":[]}},"internalConsoleOptions":"openOnSessionStart","__configUri":"file:///c%3A/Users/miwoj/Desktop/Zybo/MIO_GPIO/Vitis/hello_world/_ide/.theia/launch.json"} 
2024-10-04 11:11:10 [info] : [Debug Manager] Launch session has terminated on the configuration 'hello_world_app_hw_1' 
2024-10-04 11:11:10 [info] : [Debug Manager] Enabling breakpoints after running the application using 'hello_world_app_hw_1'. 
2024-10-04 11:12:48 [info] : [Debug Manager] Successfully verified the target connection used  Local 
2024-10-04 11:12:48 [info] : [Debug Manager] Starting launch in 'debug' mode using configuration: {"type":"tcf-debug","request":"launch","name":"hello_world_app_hw_1","debugType":"baremetal-zynq","attachToRunningTargetOptions":{"targetSetupMode":"standalone","executeScript":true,"scriptPath":""},"autoAttachProcessChildren":false,"target":{"targetConnectionId":"Local","peersIniPath":"../../../.peers.ini","context":"zynq"},"targetSetup":{"resetSystem":true,"programDevice":true,"resetAPU":false,"bitstreamFile":"${workspaceFolder}\\hello_world\\_ide\\bitstream\\design_1_wrapper.bit","zynqInitialization":{"isFsbl":false,"usingFSBL":{"initWithFSBL":true,"fsblFile":"${workspaceFolder}\\platform\\export\\platform\\sw\\boot\\fsbl.elf","fsblExitSymbol":"FsblHandoffJtagExit"},"usingPs7Init":{"runPs7Init":true,"runPs7PostInit":true,"ps7InitTclFile":"${workspaceFolder}\\hello_world\\_ide\\psinit\\ps7_init.tcl"}},"downloadElf":[{"core":"ps7_cortexa9_0","resetProcessor":true,"elfFile":"${workspaceFolder}\\hello_world\\build\\hello_world.elf","stopAtEntry":false}],"crossTriggerBreakpoints":{"isSelected":false,"breakpoints":[]}},"internalConsoleOptions":"openOnSessionStart","__configUri":"file:///c%3A/Users/miwoj/Desktop/Zybo/MIO_GPIO/Vitis/hello_world/_ide/.theia/launch.json"} 
2024-10-04 11:12:48 [info] : [Debug Manager] Added breakpoint:main 
2024-10-04 11:12:48 [info] : [Debug Manager] Added breakpoint:_exit 
2024-10-04 11:12:48 [info] : [Debug Manager] Launch session has started on the configuration 'hello_world_app_hw_1' 
2024-10-04 11:13:16 [info] : [Debug Manager] Removed breakpoint: main 
2024-10-04 11:13:16 [info] : [Debug Manager] Removed breakpoint: _exit 
2024-10-04 11:13:16 [info] : [Debug Manager] Launch session has terminated on the configuration 'hello_world_app_hw_1' 
2024-10-04 11:13:16 [info] : [Debug Manager] Added breakpoint:main 
2024-10-04 11:13:16 [info] : [Debug Manager] Added breakpoint:_exit 
2024-10-04 11:13:17 [info] : [Debug Manager] Launch session has started on the configuration 'hello_world_app_hw_1' 
2024-10-04 11:13:17 [info] : [Debug Manager] Removed breakpoint: main 
2024-10-04 11:13:17 [info] : [Debug Manager] Removed breakpoint: _exit 
2024-10-04 11:13:17 [info] : [Debug Manager] Launch session has terminated on the configuration 'hello_world_app_hw_1' 
2024-10-04 11:13:27 [info] : [Debug Manager] Successfully verified the target connection used  Local 
2024-10-04 11:13:27 [info] : [Debug Manager] Starting launch in 'debug' mode using configuration: {"type":"tcf-debug","request":"launch","name":"hello_world_app_hw_1","debugType":"baremetal-zynq","attachToRunningTargetOptions":{"targetSetupMode":"standalone","executeScript":true,"scriptPath":""},"autoAttachProcessChildren":false,"target":{"targetConnectionId":"Local","peersIniPath":"../../../.peers.ini","context":"zynq"},"targetSetup":{"resetSystem":true,"programDevice":true,"resetAPU":false,"bitstreamFile":"${workspaceFolder}\\hello_world\\_ide\\bitstream\\design_1_wrapper.bit","zynqInitialization":{"isFsbl":false,"usingFSBL":{"initWithFSBL":true,"fsblFile":"${workspaceFolder}\\platform\\export\\platform\\sw\\boot\\fsbl.elf","fsblExitSymbol":"FsblHandoffJtagExit"},"usingPs7Init":{"runPs7Init":true,"runPs7PostInit":true,"ps7InitTclFile":"${workspaceFolder}\\hello_world\\_ide\\psinit\\ps7_init.tcl"}},"downloadElf":[{"core":"ps7_cortexa9_0","resetProcessor":true,"elfFile":"${workspaceFolder}\\hello_world\\build\\hello_world.elf","stopAtEntry":false}],"crossTriggerBreakpoints":{"isSelected":false,"breakpoints":[]}},"internalConsoleOptions":"openOnSessionStart","__configUri":"file:///c%3A/Users/miwoj/Desktop/Zybo/MIO_GPIO/Vitis/hello_world/_ide/.theia/launch.json"} 
2024-10-04 11:13:27 [info] : [Debug Manager] Added breakpoint:main 
2024-10-04 11:13:27 [info] : [Debug Manager] Added breakpoint:_exit 
2024-10-04 11:13:27 [info] : [Debug Manager] Launch session has started on the configuration 'hello_world_app_hw_1' 
2024-10-04 11:15:09 [info] : [Debug Manager] Removed breakpoint: main 
2024-10-04 11:15:09 [info] : [Debug Manager] Removed breakpoint: _exit 
2024-10-04 11:15:09 [info] : [Debug Manager] Launch session has terminated on the configuration 'hello_world_app_hw_1' 
2024-10-04 11:15:18 [info] : [Build Server] Build output stream finished - hello_world::. 
2024-10-04 11:15:20 [info] : [Build Server] Build output stream finished - hello_world::. 
2024-10-04 11:15:29 [info] : [Build Server] Build output stream finished - hello_world::. 
2024-10-04 11:15:41 [info] : [Debug Manager] Successfully verified the target connection used  Local 
2024-10-04 11:15:41 [info] : [Debug Manager] Starting launch in 'run' mode using configuration: {"type":"tcf-debug","request":"launch","name":"hello_world_app_hw_1","debugType":"baremetal-zynq","attachToRunningTargetOptions":{"targetSetupMode":"standalone","executeScript":true,"scriptPath":""},"autoAttachProcessChildren":false,"target":{"targetConnectionId":"Local","peersIniPath":"../../../.peers.ini","context":"zynq"},"targetSetup":{"resetSystem":true,"programDevice":true,"resetAPU":false,"bitstreamFile":"${workspaceFolder}\\hello_world\\_ide\\bitstream\\design_1_wrapper.bit","zynqInitialization":{"isFsbl":false,"usingFSBL":{"initWithFSBL":true,"fsblFile":"${workspaceFolder}\\platform\\export\\platform\\sw\\boot\\fsbl.elf","fsblExitSymbol":"FsblHandoffJtagExit"},"usingPs7Init":{"runPs7Init":true,"runPs7PostInit":true,"ps7InitTclFile":"${workspaceFolder}\\hello_world\\_ide\\psinit\\ps7_init.tcl"}},"downloadElf":[{"core":"ps7_cortexa9_0","resetProcessor":true,"elfFile":"${workspaceFolder}\\hello_world\\build\\hello_world.elf","stopAtEntry":false}],"crossTriggerBreakpoints":{"isSelected":false,"breakpoints":[]}},"internalConsoleOptions":"openOnSessionStart","__configUri":"file:///c%3A/Users/miwoj/Desktop/Zybo/MIO_GPIO/Vitis/hello_world/_ide/.theia/launch.json"} 
2024-10-04 11:15:42 [info] : [Debug Manager] Disabling breakpoints in the tool to enable run mode for 'hello_world_app_hw_1'. 
2024-10-04 11:15:42 [info] : [Debug Manager] Launch session has started on the configuration 'hello_world_app_hw_1' 
2024-10-04 11:16:02 [info] : [Build Server] Build output stream finished - hello_world::. 
2024-10-04 11:16:11 [info] : [Debug Manager] Successfully verified the target connection used  Local 
2024-10-04 11:16:11 [info] : [Debug Manager] Starting launch in 'run' mode using configuration: {"type":"tcf-debug","request":"launch","name":"hello_world_app_hw_1","debugType":"baremetal-zynq","attachToRunningTargetOptions":{"targetSetupMode":"standalone","executeScript":true,"scriptPath":""},"autoAttachProcessChildren":false,"target":{"targetConnectionId":"Local","peersIniPath":"../../../.peers.ini","context":"zynq"},"targetSetup":{"resetSystem":true,"programDevice":true,"resetAPU":false,"bitstreamFile":"${workspaceFolder}\\hello_world\\_ide\\bitstream\\design_1_wrapper.bit","zynqInitialization":{"isFsbl":false,"usingFSBL":{"initWithFSBL":true,"fsblFile":"${workspaceFolder}\\platform\\export\\platform\\sw\\boot\\fsbl.elf","fsblExitSymbol":"FsblHandoffJtagExit"},"usingPs7Init":{"runPs7Init":true,"runPs7PostInit":true,"ps7InitTclFile":"${workspaceFolder}\\hello_world\\_ide\\psinit\\ps7_init.tcl"}},"downloadElf":[{"core":"ps7_cortexa9_0","resetProcessor":true,"elfFile":"${workspaceFolder}\\hello_world\\build\\hello_world.elf","stopAtEntry":false}],"crossTriggerBreakpoints":{"isSelected":false,"breakpoints":[]}},"internalConsoleOptions":"openOnSessionStart","__configUri":"file:///c%3A/Users/miwoj/Desktop/Zybo/MIO_GPIO/Vitis/hello_world/_ide/.theia/launch.json"} 
2024-10-04 11:16:26 [info] : [Debug Manager] Launch session has terminated on the configuration 'hello_world_app_hw_1' 
2024-10-04 11:16:26 [info] : [Debug Manager] Enabling breakpoints after running the application using 'hello_world_app_hw_1'. 
2024-10-04 11:16:30 [info] : [Build Server] Build output stream finished - hello_world::. 
2024-10-04 11:16:39 [info] : [Debug Manager] Successfully verified the target connection used  Local 
2024-10-04 11:16:39 [info] : [Debug Manager] Starting launch in 'run' mode using configuration: {"type":"tcf-debug","request":"launch","name":"hello_world_app_hw_1","debugType":"baremetal-zynq","attachToRunningTargetOptions":{"targetSetupMode":"standalone","executeScript":true,"scriptPath":""},"autoAttachProcessChildren":false,"target":{"targetConnectionId":"Local","peersIniPath":"../../../.peers.ini","context":"zynq"},"targetSetup":{"resetSystem":true,"programDevice":true,"resetAPU":false,"bitstreamFile":"${workspaceFolder}\\hello_world\\_ide\\bitstream\\design_1_wrapper.bit","zynqInitialization":{"isFsbl":false,"usingFSBL":{"initWithFSBL":true,"fsblFile":"${workspaceFolder}\\platform\\export\\platform\\sw\\boot\\fsbl.elf","fsblExitSymbol":"FsblHandoffJtagExit"},"usingPs7Init":{"runPs7Init":true,"runPs7PostInit":true,"ps7InitTclFile":"${workspaceFolder}\\hello_world\\_ide\\psinit\\ps7_init.tcl"}},"downloadElf":[{"core":"ps7_cortexa9_0","resetProcessor":true,"elfFile":"${workspaceFolder}\\hello_world\\build\\hello_world.elf","stopAtEntry":false}],"crossTriggerBreakpoints":{"isSelected":false,"breakpoints":[]}},"internalConsoleOptions":"openOnSessionStart","__configUri":"file:///c%3A/Users/miwoj/Desktop/Zybo/MIO_GPIO/Vitis/hello_world/_ide/.theia/launch.json"} 
2024-10-04 11:16:39 [info] : [Debug Manager] Disabling breakpoints in the tool to enable run mode for 'hello_world_app_hw_1'. 
2024-10-04 11:16:40 [info] : [Debug Manager] Launch session has started on the configuration 'hello_world_app_hw_1' 
2024-10-04 11:17:20 [info] : [Build Server] Build output stream finished - hello_world::. 
2024-10-04 11:17:22 [info] : [Build Server] Build output stream finished - hello_world::. 
2024-10-04 11:17:35 [info] : [Build Server] Build output stream finished - hello_world::. 
2024-10-04 11:17:44 [info] : [Debug Manager] Successfully verified the target connection used  Local 
2024-10-04 11:17:44 [info] : [Debug Manager] Starting launch in 'run' mode using configuration: {"type":"tcf-debug","request":"launch","name":"hello_world_app_hw_1","debugType":"baremetal-zynq","attachToRunningTargetOptions":{"targetSetupMode":"standalone","executeScript":true,"scriptPath":""},"autoAttachProcessChildren":false,"target":{"targetConnectionId":"Local","peersIniPath":"../../../.peers.ini","context":"zynq"},"targetSetup":{"resetSystem":true,"programDevice":true,"resetAPU":false,"bitstreamFile":"${workspaceFolder}\\hello_world\\_ide\\bitstream\\design_1_wrapper.bit","zynqInitialization":{"isFsbl":false,"usingFSBL":{"initWithFSBL":true,"fsblFile":"${workspaceFolder}\\platform\\export\\platform\\sw\\boot\\fsbl.elf","fsblExitSymbol":"FsblHandoffJtagExit"},"usingPs7Init":{"runPs7Init":true,"runPs7PostInit":true,"ps7InitTclFile":"${workspaceFolder}\\hello_world\\_ide\\psinit\\ps7_init.tcl"}},"downloadElf":[{"core":"ps7_cortexa9_0","resetProcessor":true,"elfFile":"${workspaceFolder}\\hello_world\\build\\hello_world.elf","stopAtEntry":false}],"crossTriggerBreakpoints":{"isSelected":false,"breakpoints":[]}},"internalConsoleOptions":"openOnSessionStart","__configUri":"file:///c%3A/Users/miwoj/Desktop/Zybo/MIO_GPIO/Vitis/hello_world/_ide/.theia/launch.json"} 
2024-10-04 11:19:24 [info] : [Build Server] Build output stream finished - hello_world::. 
2024-10-04 11:19:31 [info] : [Debug Manager] Successfully verified the target connection used  Local 
2024-10-04 11:19:31 [info] : [Debug Manager] Starting launch in 'run' mode using configuration: {"type":"tcf-debug","request":"launch","name":"hello_world_app_hw_1","debugType":"baremetal-zynq","attachToRunningTargetOptions":{"targetSetupMode":"standalone","executeScript":true,"scriptPath":""},"autoAttachProcessChildren":false,"target":{"targetConnectionId":"Local","peersIniPath":"../../../.peers.ini","context":"zynq"},"targetSetup":{"resetSystem":true,"programDevice":true,"resetAPU":false,"bitstreamFile":"${workspaceFolder}\\hello_world\\_ide\\bitstream\\design_1_wrapper.bit","zynqInitialization":{"isFsbl":false,"usingFSBL":{"initWithFSBL":true,"fsblFile":"${workspaceFolder}\\platform\\export\\platform\\sw\\boot\\fsbl.elf","fsblExitSymbol":"FsblHandoffJtagExit"},"usingPs7Init":{"runPs7Init":true,"runPs7PostInit":true,"ps7InitTclFile":"${workspaceFolder}\\hello_world\\_ide\\psinit\\ps7_init.tcl"}},"downloadElf":[{"core":"ps7_cortexa9_0","resetProcessor":true,"elfFile":"${workspaceFolder}\\hello_world\\build\\hello_world.elf","stopAtEntry":false}],"crossTriggerBreakpoints":{"isSelected":false,"breakpoints":[]}},"internalConsoleOptions":"openOnSessionStart","__configUri":"file:///c%3A/Users/miwoj/Desktop/Zybo/MIO_GPIO/Vitis/hello_world/_ide/.theia/launch.json"} 
2024-10-04 11:20:34 [info] : [Build Server] Build output stream finished - hello_world::. 
2024-10-04 11:20:41 [info] : [Debug Manager] Successfully verified the target connection used  Local 
2024-10-04 11:20:41 [info] : [Debug Manager] Starting launch in 'run' mode using configuration: {"type":"tcf-debug","request":"launch","name":"hello_world_app_hw_1","debugType":"baremetal-zynq","attachToRunningTargetOptions":{"targetSetupMode":"standalone","executeScript":true,"scriptPath":""},"autoAttachProcessChildren":false,"target":{"targetConnectionId":"Local","peersIniPath":"../../../.peers.ini","context":"zynq"},"targetSetup":{"resetSystem":true,"programDevice":true,"resetAPU":false,"bitstreamFile":"${workspaceFolder}\\hello_world\\_ide\\bitstream\\design_1_wrapper.bit","zynqInitialization":{"isFsbl":false,"usingFSBL":{"initWithFSBL":true,"fsblFile":"${workspaceFolder}\\platform\\export\\platform\\sw\\boot\\fsbl.elf","fsblExitSymbol":"FsblHandoffJtagExit"},"usingPs7Init":{"runPs7Init":true,"runPs7PostInit":true,"ps7InitTclFile":"${workspaceFolder}\\hello_world\\_ide\\psinit\\ps7_init.tcl"}},"downloadElf":[{"core":"ps7_cortexa9_0","resetProcessor":true,"elfFile":"${workspaceFolder}\\hello_world\\build\\hello_world.elf","stopAtEntry":false}],"crossTriggerBreakpoints":{"isSelected":false,"breakpoints":[]}},"internalConsoleOptions":"openOnSessionStart","__configUri":"file:///c%3A/Users/miwoj/Desktop/Zybo/MIO_GPIO/Vitis/hello_world/_ide/.theia/launch.json"} 
2024-10-04 11:21:21 [info] : [Debug Manager] Launch session has terminated on the configuration 'hello_world_app_hw_1' 
2024-10-04 11:21:21 [info] : [Debug Manager] Enabling breakpoints after running the application using 'hello_world_app_hw_1'. 
2024-10-04 11:21:28 [info] : [Build Server] Build output stream finished - hello_world::. 
2024-10-04 11:21:44 [info] : [Debug Manager] Successfully verified the target connection used  Local 
2024-10-04 11:21:44 [info] : [Debug Manager] Starting launch in 'run' mode using configuration: {"type":"tcf-debug","request":"launch","name":"hello_world_app_hw_1","debugType":"baremetal-zynq","attachToRunningTargetOptions":{"targetSetupMode":"standalone","executeScript":true,"scriptPath":""},"autoAttachProcessChildren":false,"target":{"targetConnectionId":"Local","peersIniPath":"../../../.peers.ini","context":"zynq"},"targetSetup":{"resetSystem":true,"programDevice":true,"resetAPU":false,"bitstreamFile":"${workspaceFolder}\\hello_world\\_ide\\bitstream\\design_1_wrapper.bit","zynqInitialization":{"isFsbl":false,"usingFSBL":{"initWithFSBL":true,"fsblFile":"${workspaceFolder}\\platform\\export\\platform\\sw\\boot\\fsbl.elf","fsblExitSymbol":"FsblHandoffJtagExit"},"usingPs7Init":{"runPs7Init":true,"runPs7PostInit":true,"ps7InitTclFile":"${workspaceFolder}\\hello_world\\_ide\\psinit\\ps7_init.tcl"}},"downloadElf":[{"core":"ps7_cortexa9_0","resetProcessor":true,"elfFile":"${workspaceFolder}\\hello_world\\build\\hello_world.elf","stopAtEntry":false}],"crossTriggerBreakpoints":{"isSelected":false,"breakpoints":[]}},"internalConsoleOptions":"openOnSessionStart","__configUri":"file:///c%3A/Users/miwoj/Desktop/Zybo/MIO_GPIO/Vitis/hello_world/_ide/.theia/launch.json"} 
2024-10-04 11:21:44 [info] : [Debug Manager] Disabling breakpoints in the tool to enable run mode for 'hello_world_app_hw_1'. 
2024-10-04 11:21:45 [info] : [Debug Manager] Launch session has started on the configuration 'hello_world_app_hw_1' 
2024-10-04 11:21:56 [info] : [Build Server] Build output stream finished - hello_world::. 
2024-10-04 11:22:05 [info] : [Debug Manager] Successfully verified the target connection used  Local 
2024-10-04 11:22:05 [info] : [Debug Manager] Starting launch in 'run' mode using configuration: {"type":"tcf-debug","request":"launch","name":"hello_world_app_hw_1","debugType":"baremetal-zynq","attachToRunningTargetOptions":{"targetSetupMode":"standalone","executeScript":true,"scriptPath":""},"autoAttachProcessChildren":false,"target":{"targetConnectionId":"Local","peersIniPath":"../../../.peers.ini","context":"zynq"},"targetSetup":{"resetSystem":true,"programDevice":true,"resetAPU":false,"bitstreamFile":"${workspaceFolder}\\hello_world\\_ide\\bitstream\\design_1_wrapper.bit","zynqInitialization":{"isFsbl":false,"usingFSBL":{"initWithFSBL":true,"fsblFile":"${workspaceFolder}\\platform\\export\\platform\\sw\\boot\\fsbl.elf","fsblExitSymbol":"FsblHandoffJtagExit"},"usingPs7Init":{"runPs7Init":true,"runPs7PostInit":true,"ps7InitTclFile":"${workspaceFolder}\\hello_world\\_ide\\psinit\\ps7_init.tcl"}},"downloadElf":[{"core":"ps7_cortexa9_0","resetProcessor":true,"elfFile":"${workspaceFolder}\\hello_world\\build\\hello_world.elf","stopAtEntry":false}],"crossTriggerBreakpoints":{"isSelected":false,"breakpoints":[]}},"internalConsoleOptions":"openOnSessionStart","__configUri":"file:///c%3A/Users/miwoj/Desktop/Zybo/MIO_GPIO/Vitis/hello_world/_ide/.theia/launch.json"} 
2024-10-04 11:22:39 [info] : [Debug Manager] Launch session has terminated on the configuration 'hello_world_app_hw_1' 
2024-10-04 11:22:39 [info] : [Debug Manager] Enabling breakpoints after running the application using 'hello_world_app_hw_1'. 
2024-10-04 11:22:54 [info] : [Build Server] Build output stream finished - hello_world::. 
2024-10-04 11:23:07 [info] : [Debug Manager] Successfully verified the target connection used  Local 
2024-10-04 11:23:07 [info] : [Debug Manager] Starting launch in 'run' mode using configuration: {"type":"tcf-debug","request":"launch","name":"hello_world_app_hw_1","debugType":"baremetal-zynq","attachToRunningTargetOptions":{"targetSetupMode":"standalone","executeScript":true,"scriptPath":""},"autoAttachProcessChildren":false,"target":{"targetConnectionId":"Local","peersIniPath":"../../../.peers.ini","context":"zynq"},"targetSetup":{"resetSystem":true,"programDevice":true,"resetAPU":false,"bitstreamFile":"${workspaceFolder}\\hello_world\\_ide\\bitstream\\design_1_wrapper.bit","zynqInitialization":{"isFsbl":false,"usingFSBL":{"initWithFSBL":true,"fsblFile":"${workspaceFolder}\\platform\\export\\platform\\sw\\boot\\fsbl.elf","fsblExitSymbol":"FsblHandoffJtagExit"},"usingPs7Init":{"runPs7Init":true,"runPs7PostInit":true,"ps7InitTclFile":"${workspaceFolder}\\hello_world\\_ide\\psinit\\ps7_init.tcl"}},"downloadElf":[{"core":"ps7_cortexa9_0","resetProcessor":true,"elfFile":"${workspaceFolder}\\hello_world\\build\\hello_world.elf","stopAtEntry":false}],"crossTriggerBreakpoints":{"isSelected":false,"breakpoints":[]}},"internalConsoleOptions":"openOnSessionStart","__configUri":"file:///c%3A/Users/miwoj/Desktop/Zybo/MIO_GPIO/Vitis/hello_world/_ide/.theia/launch.json"} 
2024-10-04 11:23:07 [info] : [Debug Manager] Disabling breakpoints in the tool to enable run mode for 'hello_world_app_hw_1'. 
2024-10-04 11:23:08 [info] : [Debug Manager] Launch session has started on the configuration 'hello_world_app_hw_1' 
