10:45:22 INFO  : updated workspace path: C:\Users\miwoj\Desktop\Zybo\MIO_GPIO\Vitis
10:45:22 INFO  : Marking the target connection as default Local
10:45:22 INFO  : Marking the target connection as default Linux Agent
10:45:22 INFO  : Marking the target connection as default XRTServer
10:45:22 INFO  : Marking the target connection as default LinuxEmulation
10:45:22 INFO  : Marking the target connection as default QEMU
10:45:22 INFO  : created .gitignore file for the project C:\Users\miwoj\Desktop\Zybo\MIO_GPIO\Vitis
10:45:22 INFO  : updated workspace path: C:\Users\miwoj\Desktop\Zybo\MIO_GPIO\Vitis
10:45:22 INFO  : created .gitignore file for the project C:\Users\miwoj\Desktop\Zybo\MIO_GPIO\Vitis
10:45:23 INFO  : Successfully created repository data at C:\Users\miwoj\AppData\Local\Temp\rigel_lopper_miwoj239123738970326039
10:45:23 INFO  : cmd.exe, /C, C:\Xilinx\Vitis\2023.2\tps\win64\lopper-1.1.0\env\Scripts\activate.bat && python C:\Xilinx\Vitis\2023.2\data\embeddedsw\scripts\pyesw\\get_template_data.py -d C:\Users\miwoj\AppData\Local\Temp\rigel_lopper_miwoj14211291852977211621 -r C:\Users\miwoj\AppData\Local\Temp\rigel_lopper_miwoj239123738970326039\.repo.yaml && C:\Xilinx\Vitis\2023.2\tps\win64\lopper-1.1.0\env\Scripts\deactivate.bat
10:45:24 INFO  : Embedded Template List generated successfully
10:45:24 INFO  : cmd.exe, /C, C:\Xilinx\Vitis\2023.2\tps\win64\lopper-1.1.0\env\Scripts\activate.bat && python C:\Xilinx\Vitis\2023.2\data\embeddedsw\scripts\pyesw\\repo.py -st   C:\Xilinx\Vitis\2023.2\data\embeddedsw && C:\Xilinx\Vitis\2023.2\tps\win64\lopper-1.1.0\env\Scripts\deactivate.bat
10:45:25 INFO  : Successfully created repository data at C:\Users\miwoj\Desktop\Zybo\MIO_GPIO\Vitis
10:45:25 INFO  : cmd.exe, /C, C:\Xilinx\Vitis\2023.2\tps\win64\lopper-1.1.0\env\Scripts\activate.bat && python C:\Xilinx\Vitis\2023.2\data\embeddedsw\scripts\pyesw\\get_template_data.py -d C:\Users\miwoj\AppData\Local\Temp\rigel_lopper_miwoj13633999109284767929 -r C:\Users\miwoj\Desktop\Zybo\MIO_GPIO\Vitis\.repo.yaml && C:\Xilinx\Vitis\2023.2\tps\win64\lopper-1.1.0\env\Scripts\deactivate.bat
10:45:26 INFO  : Embedded Template List generated successfully
10:45:26 INFO  : cmd.exe, /C, C:\Xilinx\Vitis\2023.2\tps\win64\lopper-1.1.0\env\Scripts\activate.bat && python C:\Xilinx\Vitis\2023.2\data\embeddedsw\scripts\pyesw\\get_template_data.py -d C:\Users\miwoj\AppData\Local\Temp\rigel_lopper_miwoj8155434145032093095 -r C:\Users\miwoj\Desktop\Zybo\MIO_GPIO\Vitis\.repo.yaml && C:\Xilinx\Vitis\2023.2\tps\win64\lopper-1.1.0\env\Scripts\deactivate.bat
10:45:26 INFO  : Embedded Template List generated successfully
10:54:57 INFO  : Found no platform with name 'design_1_wrapper' in install repositories
10:54:57 INFO  : cmd.exe, /C, C:\Xilinx\Vitis\2023.2\tps\win64\lopper-1.1.0\env\Scripts\activate.bat && xsct.bat C:\Xilinx\Vitis\2023.2\vitisng-server\scripts\platformutil.tcl C:\Users\miwoj\Desktop\Zybo\MIO_GPIO\Vitis\design_1_wrapper.xsa C:\Users\miwoj\Desktop\Zybo\MIO_GPIO\Vitis\.rigel_lopper_temp_platform\design_1_wrapper\hw\sdt && C:\Xilinx\Vitis\2023.2\tps\win64\lopper-1.1.0\env\Scripts\deactivate.bat
10:55:05 INFO  : INFO: [Hsi 55-2053] elapsed time for repository (C:/Xilinx/Vitis/2023.2/data/embeddedsw) loading 2 seconds
10:55:05 INFO  : WARNING: [Common 17-673] Cannot get value of property 'C_EMIO_GPIO_WIDTH' because this property is not valid in conjunction with other property setting on this object.
10:55:05 INFO  : WARNING: [Common 17-673] Cannot get value of property 'C_MIO_GPIO_MASK' because this property is not valid in conjunction with other property setting on this object.
10:55:05 INFO  : SDT generated successfully
10:55:05 INFO  : Lopper command for cpu List generation: lopper -O C:\Users\miwoj\Desktop\Zybo\MIO_GPIO\Vitis\.rigel_lopper -f -i C:\Xilinx\Vitis\2023.2\tps\win64\lopper-1.1.0\env\Lib\site-packages\lopper\lops\lop-cpulist.dts C:\Users\miwoj\Desktop\Zybo\MIO_GPIO\Vitis\.rigel_lopper_temp_platform\design_1_wrapper\hw\sdt\system-top.dts
10:55:05 INFO  : cmd.exe, /C, C:\Xilinx\Vitis\2023.2\tps\win64\lopper-1.1.0\env\Scripts\activate.bat && lopper -O C:\Users\miwoj\Desktop\Zybo\MIO_GPIO\Vitis\.rigel_lopper -f -i C:\Xilinx\Vitis\2023.2\tps\win64\lopper-1.1.0\env\Lib\site-packages\lopper\lops\lop-cpulist.dts C:\Users\miwoj\Desktop\Zybo\MIO_GPIO\Vitis\.rigel_lopper_temp_platform\design_1_wrapper\hw\sdt\system-top.dts && C:\Xilinx\Vitis\2023.2\tps\win64\lopper-1.1.0\env\Scripts\deactivate.bat
10:55:06 INFO  : ps7_cortexa9_0
10:55:06 INFO  : ps7_cortexa9_1
10:55:06 INFO  : CPU List generated successfully
10:55:11 INFO  : Platform  platform creation started.
10:55:11 INFO  : Found no platform with name 'design_1_wrapper' in install repositories
10:55:11 INFO  : Lopper command for cpu List generation: lopper -O C:\Users\miwoj\Desktop\Zybo\MIO_GPIO\Vitis\.rigel_lopper -f -i C:\Xilinx\Vitis\2023.2\tps\win64\lopper-1.1.0\env\Lib\site-packages\lopper\lops\lop-cpulist.dts C:\Users\miwoj\Desktop\Zybo\MIO_GPIO\Vitis\platform\hw\sdt\system-top.dts
10:55:11 INFO  : cmd.exe, /C, C:\Xilinx\Vitis\2023.2\tps\win64\lopper-1.1.0\env\Scripts\activate.bat && lopper -O C:\Users\miwoj\Desktop\Zybo\MIO_GPIO\Vitis\.rigel_lopper -f -i C:\Xilinx\Vitis\2023.2\tps\win64\lopper-1.1.0\env\Lib\site-packages\lopper\lops\lop-cpulist.dts C:\Users\miwoj\Desktop\Zybo\MIO_GPIO\Vitis\platform\hw\sdt\system-top.dts && C:\Xilinx\Vitis\2023.2\tps\win64\lopper-1.1.0\env\Scripts\deactivate.bat
10:55:12 INFO  : ps7_cortexa9_0
10:55:12 INFO  : ps7_cortexa9_1
10:55:12 INFO  : CPU List generated successfully
10:55:12 INFO  : SDT generated successfully.
10:55:12 INFO  : created .gitignore file for the project C:\Users\miwoj\Desktop\Zybo\MIO_GPIO\Vitis\platform
10:55:12 INFO  : ZYNQ: Using the QEMU args from install at  : C:\Xilinx\Vitis\2023.2\data\emulation\platforms\zynq\sw\a9_linux\qemu\qemu_args.txt
10:55:12 INFO  : ZYNQ: Using the QEMU args from install at  : C:\Xilinx\Vitis\2023.2\data\emulation\platforms\zynq\sw\a9_standalone\qemu\qemu_args.txt
10:55:12 INFO  : ZYNQ: Using the QEMU args from install at  : C:\Xilinx\Vitis\2023.2\data\emulation\platforms\zynq\sw\a9_standalone\qemu\qemu_args.txt
10:55:12 INFO  : lopper command to generate BSP :python C:\Xilinx\Vitis\2023.2\data\embeddedsw/scripts/pyesw//create_bsp.py -w C:\Users\miwoj\Desktop\Zybo\MIO_GPIO\Vitis\platform\zynq_fsbl\zynq_fsbl_bsp -p ps7_cortexa9_0 -o standalone -s C:\Users\miwoj\Desktop\Zybo\MIO_GPIO\Vitis\platform\hw\sdt\system-top.dts -t zynq_fsbl -r C:\Users\miwoj\Desktop\Zybo\MIO_GPIO\Vitis\.repo.yaml
10:55:12 INFO  : lopper command to generate BSP :python C:\Xilinx\Vitis\2023.2\data\embeddedsw/scripts/pyesw//create_bsp.py -w C:\Users\miwoj\Desktop\Zybo\MIO_GPIO\Vitis\platform\ps7_cortexa9_0\standalone_ps7_cortexa9_0\bsp -p ps7_cortexa9_0 -o standalone -s C:\Users\miwoj\Desktop\Zybo\MIO_GPIO\Vitis\platform\hw\sdt\system-top.dts -t empty_application -r C:\Users\miwoj\Desktop\Zybo\MIO_GPIO\Vitis\.repo.yaml
10:55:12 INFO  : cmd.exe, /C, C:\Xilinx\Vitis\2023.2\tps\win64\lopper-1.1.0\env\Scripts\activate.bat && python C:\Xilinx\Vitis\2023.2\data\embeddedsw\scripts\pyesw\\create_bsp.py -w C:\Users\miwoj\Desktop\Zybo\MIO_GPIO\Vitis\platform\zynq_fsbl\zynq_fsbl_bsp -p ps7_cortexa9_0 -o standalone -s C:\Users\miwoj\Desktop\Zybo\MIO_GPIO\Vitis\platform\hw\sdt\system-top.dts -t zynq_fsbl -r C:\Users\miwoj\Desktop\Zybo\MIO_GPIO\Vitis\.repo.yaml && C:\Xilinx\Vitis\2023.2\tps\win64\lopper-1.1.0\env\Scripts\deactivate.bat
10:55:12 INFO  : cmd.exe, /C, C:\Xilinx\Vitis\2023.2\tps\win64\lopper-1.1.0\env\Scripts\activate.bat && python C:\Xilinx\Vitis\2023.2\data\embeddedsw\scripts\pyesw\\create_bsp.py -w C:\Users\miwoj\Desktop\Zybo\MIO_GPIO\Vitis\platform\ps7_cortexa9_0\standalone_ps7_cortexa9_0\bsp -p ps7_cortexa9_0 -o standalone -s C:\Users\miwoj\Desktop\Zybo\MIO_GPIO\Vitis\platform\hw\sdt\system-top.dts -t empty_application -r C:\Users\miwoj\Desktop\Zybo\MIO_GPIO\Vitis\.repo.yaml && C:\Xilinx\Vitis\2023.2\tps\win64\lopper-1.1.0\env\Scripts\deactivate.bat
10:55:34 INFO  : -- The C compiler identification is GNU 12.2.0
10:55:34 INFO  : -- The CXX compiler identification is GNU 12.2.0
10:55:34 INFO  : -- Detecting C compiler ABI info
10:55:34 INFO  : -- Detecting C compiler ABI info - done
10:55:34 INFO  : -- Check for working C compiler: C:/Xilinx/Vitis/2023.2/gnu/aarch32/nt/gcc-arm-none-eabi/bin/arm-none-eabi-gcc.exe - skipped
10:55:34 INFO  : -- Detecting C compile features
10:55:34 INFO  : -- Detecting C compile features - done
10:55:34 INFO  : -- Detecting CXX compiler ABI info
10:55:34 INFO  : -- Detecting CXX compiler ABI info - done
10:55:34 INFO  : -- Check for working CXX compiler: C:/Xilinx/Vitis/2023.2/gnu/aarch32/nt/gcc-arm-none-eabi/bin/arm-none-eabi-g++.exe - skipped
10:55:34 INFO  : -- Detecting CXX compile features
10:55:34 INFO  : -- Detecting CXX compile features - done
10:55:34 INFO  : -- Configuring done
10:55:34 INFO  : -- Generating done
10:55:34 INFO  : CMake Warning:
10:55:34 INFO  :   Manually-specified variables were not used by the project:
10:55:34 INFO  : 
10:55:34 INFO  :     CMAKE_LIBRARY_PATH
10:55:34 INFO  : 
10:55:34 INFO  : 
10:55:34 INFO  : -- Build files have been written to: C:/Users/miwoj/Desktop/Zybo/MIO_GPIO/Vitis/platform/ps7_cortexa9_0/standalone_ps7_cortexa9_0/bsp/libsrc/build_configs/gen_bsp
10:55:34 INFO  : Successfully created Domain at C:/Users/miwoj/Desktop/Zybo/MIO_GPIO/Vitis/platform/ps7_cortexa9_0/standalone_ps7_cortexa9_0/bsp
10:55:34 INFO  : Successfully Generated Domain C:\Users\miwoj\Desktop\Zybo\MIO_GPIO\Vitis\platform\ps7_cortexa9_0\standalone_ps7_cortexa9_0\bsp
10:55:34 INFO  : Domain standalone_ps7_cortexa9_0 added successfully.
10:55:35 INFO  : -- The C compiler identification is GNU 12.2.0
10:55:35 INFO  : -- The CXX compiler identification is GNU 12.2.0
10:55:35 INFO  : -- Detecting C compiler ABI info
10:55:35 INFO  : -- Detecting C compiler ABI info - done
10:55:35 INFO  : -- Check for working C compiler: C:/Xilinx/Vitis/2023.2/gnu/aarch32/nt/gcc-arm-none-eabi/bin/arm-none-eabi-gcc.exe - skipped
10:55:35 INFO  : -- Detecting C compile features
10:55:35 INFO  : -- Detecting C compile features - done
10:55:35 INFO  : -- Detecting CXX compiler ABI info
10:55:35 INFO  : -- Detecting CXX compiler ABI info - done
10:55:35 INFO  : -- Check for working CXX compiler: C:/Xilinx/Vitis/2023.2/gnu/aarch32/nt/gcc-arm-none-eabi/bin/arm-none-eabi-g++.exe - skipped
10:55:35 INFO  : -- Detecting CXX compile features
10:55:35 INFO  : -- Detecting CXX compile features - done
10:55:35 INFO  : -- Configuring done
10:55:35 INFO  : -- Generating done
10:55:35 INFO  : CMake Warning:
10:55:35 INFO  :   Manually-specified variables were not used by the project:
10:55:35 INFO  : 
10:55:35 INFO  :     CMAKE_LIBRARY_PATH
10:55:35 INFO  : 
10:55:35 INFO  : 
10:55:35 INFO  : -- Build files have been written to: C:/Users/miwoj/Desktop/Zybo/MIO_GPIO/Vitis/platform/zynq_fsbl/zynq_fsbl_bsp/libsrc/build_configs/gen_bsp
10:55:35 INFO  : Successfully created Domain at C:/Users/miwoj/Desktop/Zybo/MIO_GPIO/Vitis/platform/zynq_fsbl/zynq_fsbl_bsp
10:55:35 INFO  : Successfully Generated Domain C:\Users\miwoj\Desktop\Zybo\MIO_GPIO\Vitis\platform\zynq_fsbl\zynq_fsbl_bsp
10:55:35 INFO  : lopper command to create baremetal application :python C:\Xilinx\Vitis\2023.2\data\embeddedsw/scripts/pyesw//create_app.py -s C:\Users\miwoj\Desktop\Zybo\MIO_GPIO\Vitis\platform\zynq_fsbl -t zynq_fsbl -d C:\Users\miwoj\Desktop\Zybo\MIO_GPIO\Vitis\platform\zynq_fsbl\zynq_fsbl_bsp -n fsbl -r C:\Users\miwoj\Desktop\Zybo\MIO_GPIO\Vitis\.repo.yaml
10:55:35 INFO  : cmd.exe, /C, C:\Xilinx\Vitis\2023.2\tps\win64\lopper-1.1.0\env\Scripts\activate.bat && python C:\Xilinx\Vitis\2023.2\data\embeddedsw\scripts\pyesw\\validate_bsp.py -t zynq_fsbl -d C:\Users\miwoj\Desktop\Zybo\MIO_GPIO\Vitis\platform\zynq_fsbl\zynq_fsbl_bsp -r C:\Users\miwoj\Desktop\Zybo\MIO_GPIO\Vitis\.repo.yaml && C:\Xilinx\Vitis\2023.2\tps\win64\lopper-1.1.0\env\Scripts\deactivate.bat
10:55:36 INFO  : Successfully validated template zynq_fsbl
10:55:36 INFO  : cmd.exe, /C, C:\Xilinx\Vitis\2023.2\tps\win64\lopper-1.1.0\env\Scripts\activate.bat && python C:\Xilinx\Vitis\2023.2\data\embeddedsw\scripts\pyesw\\create_app.py -s C:\Users\miwoj\Desktop\Zybo\MIO_GPIO\Vitis\platform\zynq_fsbl -t zynq_fsbl -d C:\Users\miwoj\Desktop\Zybo\MIO_GPIO\Vitis\platform\zynq_fsbl\zynq_fsbl_bsp -n fsbl -r C:\Users\miwoj\Desktop\Zybo\MIO_GPIO\Vitis\.repo.yaml && C:\Xilinx\Vitis\2023.2\tps\win64\lopper-1.1.0\env\Scripts\deactivate.bat
10:55:38 INFO  : Successfully Created Application sources at C:/Users/miwoj/Desktop/Zybo/MIO_GPIO/Vitis/platform/zynq_fsbl
10:55:38 INFO  : Successfully created Application C:\Users\miwoj\Desktop\Zybo\MIO_GPIO\Vitis\platform\zynq_fsbl
10:55:38 INFO  : Platform FSBL Boot domain added successfully.
10:55:38 INFO  : Platform creation finished successfully.
10:55:38 INFO  : Platform Quick Build initiated.
10:55:39 INFO  : Generating Export directory
10:55:39 INFO  : Generated platform metadata for creating application(s) based on platform platform.
10:57:34 INFO  : BSP build will be initiated for Domain standalone_ps7_cortexa9_0
10:57:34 INFO  : Generating BSP for the domain C:\Users\miwoj\Desktop\Zybo\MIO_GPIO\Vitis\platform\ps7_cortexa9_0\standalone_ps7_cortexa9_0\bsp
10:57:34 INFO  : lopper command to build BSP :python C:\Xilinx\Vitis\2023.2\data\embeddedsw/scripts/pyesw//build_bsp.py -d C:\Users\miwoj\Desktop\Zybo\MIO_GPIO\Vitis\platform\ps7_cortexa9_0\standalone_ps7_cortexa9_0\bsp
10:57:34 INFO  : cmd.exe, /C, C:\Xilinx\Vitis\2023.2\tps\win64\lopper-1.1.0\env\Scripts\activate.bat && python C:\Xilinx\Vitis\2023.2\data\embeddedsw\scripts\pyesw\\build_bsp.py -d C:\Users\miwoj\Desktop\Zybo\MIO_GPIO\Vitis\platform\ps7_cortexa9_0\standalone_ps7_cortexa9_0\bsp && C:\Xilinx\Vitis\2023.2\tps\win64\lopper-1.1.0\env\Scripts\deactivate.bat
10:57:34 INFO  : BSP build will be initiated for Domain zynq_fsbl
10:57:34 INFO  : Generating BSP for the domain C:\Users\miwoj\Desktop\Zybo\MIO_GPIO\Vitis\platform\zynq_fsbl\zynq_fsbl_bsp
10:57:34 INFO  : lopper command to build BSP :python C:\Xilinx\Vitis\2023.2\data\embeddedsw/scripts/pyesw//build_bsp.py -d C:\Users\miwoj\Desktop\Zybo\MIO_GPIO\Vitis\platform\zynq_fsbl\zynq_fsbl_bsp
10:57:34 INFO  : cmd.exe, /C, C:\Xilinx\Vitis\2023.2\tps\win64\lopper-1.1.0\env\Scripts\activate.bat && python C:\Xilinx\Vitis\2023.2\data\embeddedsw\scripts\pyesw\\build_bsp.py -d C:\Users\miwoj\Desktop\Zybo\MIO_GPIO\Vitis\platform\zynq_fsbl\zynq_fsbl_bsp && C:\Xilinx\Vitis\2023.2\tps\win64\lopper-1.1.0\env\Scripts\deactivate.bat
10:57:55 INFO  : Domain build successfully
10:57:55 INFO  : Domain build successfully
10:57:55 INFO  : Generating Boot ELFs
10:57:55 INFO  : lopper command to build baremetal application :python C:\Xilinx\Vitis\2023.2\data\embeddedsw/scripts/pyesw//build_app.py -s C:\Users\miwoj\Desktop\Zybo\MIO_GPIO\Vitis\platform\zynq_fsbl -b C:\Users\miwoj\Desktop\Zybo\MIO_GPIO\Vitis\platform\zynq_fsbl\build
10:57:55 INFO  : cmd.exe, /C, C:\Xilinx\Vitis\2023.2\tps\win64\lopper-1.1.0\env\Scripts\activate.bat && python C:\Xilinx\Vitis\2023.2\data\embeddedsw\scripts\pyesw\\build_app.py -s C:\Users\miwoj\Desktop\Zybo\MIO_GPIO\Vitis\platform\zynq_fsbl -b C:\Users\miwoj\Desktop\Zybo\MIO_GPIO\Vitis\platform\zynq_fsbl\build && C:\Xilinx\Vitis\2023.2\tps\win64\lopper-1.1.0\env\Scripts\deactivate.bat
10:57:58 INFO  : Successfully building the baremetal applicationC:\Users\miwoj\Desktop\Zybo\MIO_GPIO\Vitis\platform\zynq_fsbl\build
10:57:58 INFO  : Generating Export directory
10:57:59 INFO  : Platform Build Finished successfully.
10:58:06 INFO  : cmd.exe, /C, C:\Xilinx\Vitis\2023.2\tps\win64\lopper-1.1.0\env\Scripts\activate.bat && python C:\Xilinx\Vitis\2023.2\data\embeddedsw\scripts\pyesw\\validate_bsp.py -t hello_world -d C:\Users\miwoj\Desktop\Zybo\MIO_GPIO\Vitis\platform\export\platform\sw\standalone_ps7_cortexa9_0 -r C:\Users\miwoj\Desktop\Zybo\MIO_GPIO\Vitis\.repo.yaml && C:\Xilinx\Vitis\2023.2\tps\win64\lopper-1.1.0\env\Scripts\deactivate.bat
10:58:07 INFO  : Successfully validated template hello_world
10:58:10 INFO  : lopper command to create baremetal application :python C:\Xilinx\Vitis\2023.2\data\embeddedsw/scripts/pyesw//create_app.py -s C:\Users\miwoj\Desktop\Zybo\MIO_GPIO\Vitis\hello_world\src -t hello_world -d C:\Users\miwoj\Desktop\Zybo\MIO_GPIO\Vitis\platform\export\platform\sw\standalone_ps7_cortexa9_0 -n hello_world -r C:\Users\miwoj\Desktop\Zybo\MIO_GPIO\Vitis\.repo.yaml
10:58:10 INFO  : cmd.exe, /C, C:\Xilinx\Vitis\2023.2\tps\win64\lopper-1.1.0\env\Scripts\activate.bat && python C:\Xilinx\Vitis\2023.2\data\embeddedsw\scripts\pyesw\\validate_bsp.py -t hello_world -d C:\Users\miwoj\Desktop\Zybo\MIO_GPIO\Vitis\platform\export\platform\sw\standalone_ps7_cortexa9_0 -r C:\Users\miwoj\Desktop\Zybo\MIO_GPIO\Vitis\.repo.yaml && C:\Xilinx\Vitis\2023.2\tps\win64\lopper-1.1.0\env\Scripts\deactivate.bat
10:58:10 INFO  : Successfully validated template hello_world
10:58:10 INFO  : cmd.exe, /C, C:\Xilinx\Vitis\2023.2\tps\win64\lopper-1.1.0\env\Scripts\activate.bat && python C:\Xilinx\Vitis\2023.2\data\embeddedsw\scripts\pyesw\\create_app.py -s C:\Users\miwoj\Desktop\Zybo\MIO_GPIO\Vitis\hello_world\src -t hello_world -d C:\Users\miwoj\Desktop\Zybo\MIO_GPIO\Vitis\platform\export\platform\sw\standalone_ps7_cortexa9_0 -n hello_world -r C:\Users\miwoj\Desktop\Zybo\MIO_GPIO\Vitis\.repo.yaml && C:\Xilinx\Vitis\2023.2\tps\win64\lopper-1.1.0\env\Scripts\deactivate.bat
10:58:13 INFO  : Successfully Created Application sources at C:/Users/miwoj/Desktop/Zybo/MIO_GPIO/Vitis/hello_world/src
10:58:13 INFO  : Successfully created Application C:\Users\miwoj\Desktop\Zybo\MIO_GPIO\Vitis\hello_world\src
10:58:13 INFO  : created .gitignore file for the project C:\Users\miwoj\Desktop\Zybo\MIO_GPIO\Vitis\hello_world
10:58:13 INFO  : The hardware specification used by project 'C:\Users\miwoj\Desktop\Zybo\MIO_GPIO\Vitis\hello_world' is out of sync with the platform. Resource files extracted from the hardware specification will be updated.
10:58:13 INFO  : The updated bitstream files are copied from platform to folder 'C:\Users\miwoj\Desktop\Zybo\MIO_GPIO\Vitis\hello_world\_ide\bitstream' in project 'C:\Users\miwoj\Desktop\Zybo\MIO_GPIO\Vitis\hello_world'.
10:58:13 INFO  : The updated ps init files are copied from platform to folder 'C:\Users\miwoj\Desktop\Zybo\MIO_GPIO\Vitis\hello_world\_ide\psinit' in project 'C:\Users\miwoj\Desktop\Zybo\MIO_GPIO\Vitis\hello_world'.
10:58:30 INFO  : cmd.exe, /C, C:\Xilinx\Vitis\2023.2\tps\win64\lopper-1.1.0\env\Scripts\activate.bat && lopper -O  . C:\Users\miwoj\Desktop\Zybo\MIO_GPIO\Vitis\platform\hw\sdt\system-top.dts -- baremetal_getsupported_comp_xlnx ps7_cortexa9_0 C:\Users\miwoj\Desktop\Zybo\MIO_GPIO\Vitis\.repo.yaml && C:\Xilinx\Vitis\2023.2\tps\win64\lopper-1.1.0\env\Scripts\deactivate.bat
10:58:31 INFO  : Supported Library List generated.
10:58:33 INFO  : Adding Library to the given BSP C:\Users\miwoj\Desktop\Zybo\MIO_GPIO\Vitis\platform\ps7_cortexa9_0\standalone_ps7_cortexa9_0\bsp
10:58:33 INFO  : cmd.exe, /C, C:\Xilinx\Vitis\2023.2\tps\win64\lopper-1.1.0\env\Scripts\activate.bat && python C:\Xilinx\Vitis\2023.2\data\embeddedsw\scripts\pyesw\\config_bsp.py -d C:\Users\miwoj\Desktop\Zybo\MIO_GPIO\Vitis\platform\ps7_cortexa9_0\standalone_ps7_cortexa9_0\bsp -al  xilflash C:\Xilinx\Vitis\2023.2\data\embeddedsw\lib\sw_services\xilflash_v4_10 -r C:\Users\miwoj\Desktop\Zybo\MIO_GPIO\Vitis\.repo.yaml && C:\Xilinx\Vitis\2023.2\tps\win64\lopper-1.1.0\env\Scripts\deactivate.bat
10:58:34 INFO  : Library added to BSP successfully
10:58:34 INFO  : cmd.exe, /C, C:\Xilinx\Vitis\2023.2\tps\win64\lopper-1.1.0\env\Scripts\activate.bat && lopper -O  . C:\Users\miwoj\Desktop\Zybo\MIO_GPIO\Vitis\platform\hw\sdt\system-top.dts -- baremetal_getsupported_comp_xlnx ps7_cortexa9_0 C:\Users\miwoj\Desktop\Zybo\MIO_GPIO\Vitis\.repo.yaml && C:\Xilinx\Vitis\2023.2\tps\win64\lopper-1.1.0\env\Scripts\deactivate.bat
10:58:35 INFO  : Supported Library List generated.
10:58:39 INFO  : cmd.exe, /C, C:\Xilinx\Vitis\2023.2\tps\win64\lopper-1.1.0\env\Scripts\activate.bat && lopper -O  . C:\Users\miwoj\Desktop\Zybo\MIO_GPIO\Vitis\platform\hw\sdt\system-top.dts -- baremetal_getsupported_comp_xlnx ps7_cortexa9_0 C:\Users\miwoj\Desktop\Zybo\MIO_GPIO\Vitis\.repo.yaml && C:\Xilinx\Vitis\2023.2\tps\win64\lopper-1.1.0\env\Scripts\deactivate.bat
10:58:40 INFO  : Supported Library List generated.
10:58:41 INFO  : Regenerating BSP 
10:58:41 INFO  : lopper command to regenerate BSP :python C:\Xilinx\Vitis\2023.2\data\embeddedsw/scripts/pyesw//regen_bsp.py -s C:\Users\miwoj\Desktop\Zybo\MIO_GPIO\Vitis\platform\hw\sdt\system-top.dts -d C:\Users\miwoj\Desktop\Zybo\MIO_GPIO\Vitis\platform\ps7_cortexa9_0\standalone_ps7_cortexa9_0\bsp -r C:\Users\miwoj\Desktop\Zybo\MIO_GPIO\Vitis\.repo.yaml
10:58:41 INFO  : cmd.exe, /C, C:\Xilinx\Vitis\2023.2\tps\win64\lopper-1.1.0\env\Scripts\activate.bat && python C:\Xilinx\Vitis\2023.2\data\embeddedsw\scripts\pyesw\\regen_bsp.py -s C:\Users\miwoj\Desktop\Zybo\MIO_GPIO\Vitis\platform\hw\sdt\system-top.dts -d C:\Users\miwoj\Desktop\Zybo\MIO_GPIO\Vitis\platform\ps7_cortexa9_0\standalone_ps7_cortexa9_0\bsp -r C:\Users\miwoj\Desktop\Zybo\MIO_GPIO\Vitis\.repo.yaml && C:\Xilinx\Vitis\2023.2\tps\win64\lopper-1.1.0\env\Scripts\deactivate.bat
10:58:54 INFO  : -- The C compiler identification is GNU 12.2.0
10:58:54 INFO  : -- The CXX compiler identification is GNU 12.2.0
10:58:54 INFO  : -- Detecting C compiler ABI info
10:58:54 INFO  : -- Detecting C compiler ABI info - done
10:58:54 INFO  : -- Check for working C compiler: C:/Xilinx/Vitis/2023.2/gnu/aarch32/nt/gcc-arm-none-eabi/bin/arm-none-eabi-gcc.exe - skipped
10:58:54 INFO  : -- Detecting C compile features
10:58:54 INFO  : -- Detecting C compile features - done
10:58:54 INFO  : -- Detecting CXX compiler ABI info
10:58:54 INFO  : -- Detecting CXX compiler ABI info - done
10:58:54 INFO  : -- Check for working CXX compiler: C:/Xilinx/Vitis/2023.2/gnu/aarch32/nt/gcc-arm-none-eabi/bin/arm-none-eabi-g++.exe - skipped
10:58:54 INFO  : -- Detecting CXX compile features
10:58:54 INFO  : -- Detecting CXX compile features - done
10:58:54 INFO  : -- Configuring done
10:58:54 INFO  : -- Generating done
10:58:54 INFO  : CMake Warning:
10:58:54 INFO  :   Manually-specified variables were not used by the project:
10:58:54 INFO  : 
10:58:54 INFO  :     CMAKE_LIBRARY_PATH
10:58:54 INFO  : 
10:58:54 INFO  : 
10:58:54 INFO  : -- Build files have been written to: C:/Users/miwoj/Desktop/Zybo/MIO_GPIO/Vitis/platform/ps7_cortexa9_0/standalone_ps7_cortexa9_0/bsp/libsrc/build_configs/gen_bsp
10:58:54 INFO  : -- Configuring done
10:58:54 INFO  : -- Generating done
10:58:54 INFO  : -- Build files have been written to: C:/Users/miwoj/Desktop/Zybo/MIO_GPIO/Vitis/platform/ps7_cortexa9_0/standalone_ps7_cortexa9_0/bsp/libsrc/build_configs/gen_bsp
10:58:54 INFO  : Successfully created Domain at C:/Users/miwoj/Desktop/Zybo/MIO_GPIO/Vitis/platform/ps7_cortexa9_0/standalone_ps7_cortexa9_0/bsp
10:58:54 INFO  : BSP regenerated successfully
10:58:54 INFO  : BSP regeneration finished successfully
10:58:54 INFO  : cmd.exe, /C, C:\Xilinx\Vitis\2023.2\tps\win64\lopper-1.1.0\env\Scripts\activate.bat && lopper -O  . C:\Users\miwoj\Desktop\Zybo\MIO_GPIO\Vitis\platform\hw\sdt\system-top.dts -- baremetal_getsupported_comp_xlnx ps7_cortexa9_0 C:\Users\miwoj\Desktop\Zybo\MIO_GPIO\Vitis\.repo.yaml && C:\Xilinx\Vitis\2023.2\tps\win64\lopper-1.1.0\env\Scripts\deactivate.bat
10:58:55 INFO  : Supported Library List generated.
10:59:40 INFO  : BSP build will be initiated for Domain zynq_fsbl
10:59:40 INFO  : Generating BSP for the domain C:\Users\miwoj\Desktop\Zybo\MIO_GPIO\Vitis\platform\zynq_fsbl\zynq_fsbl_bsp
10:59:40 INFO  : lopper command to build BSP :python C:\Xilinx\Vitis\2023.2\data\embeddedsw/scripts/pyesw//build_bsp.py -d C:\Users\miwoj\Desktop\Zybo\MIO_GPIO\Vitis\platform\zynq_fsbl\zynq_fsbl_bsp
10:59:40 INFO  : cmd.exe, /C, C:\Xilinx\Vitis\2023.2\tps\win64\lopper-1.1.0\env\Scripts\activate.bat && python C:\Xilinx\Vitis\2023.2\data\embeddedsw\scripts\pyesw\\build_bsp.py -d C:\Users\miwoj\Desktop\Zybo\MIO_GPIO\Vitis\platform\zynq_fsbl\zynq_fsbl_bsp && C:\Xilinx\Vitis\2023.2\tps\win64\lopper-1.1.0\env\Scripts\deactivate.bat
10:59:40 INFO  : BSP build will be initiated for Domain standalone_ps7_cortexa9_0
10:59:40 INFO  : Generating BSP for the domain C:\Users\miwoj\Desktop\Zybo\MIO_GPIO\Vitis\platform\ps7_cortexa9_0\standalone_ps7_cortexa9_0\bsp
10:59:40 INFO  : lopper command to build BSP :python C:\Xilinx\Vitis\2023.2\data\embeddedsw/scripts/pyesw//build_bsp.py -d C:\Users\miwoj\Desktop\Zybo\MIO_GPIO\Vitis\platform\ps7_cortexa9_0\standalone_ps7_cortexa9_0\bsp
10:59:40 INFO  : cmd.exe, /C, C:\Xilinx\Vitis\2023.2\tps\win64\lopper-1.1.0\env\Scripts\activate.bat && python C:\Xilinx\Vitis\2023.2\data\embeddedsw\scripts\pyesw\\build_bsp.py -d C:\Users\miwoj\Desktop\Zybo\MIO_GPIO\Vitis\platform\ps7_cortexa9_0\standalone_ps7_cortexa9_0\bsp && C:\Xilinx\Vitis\2023.2\tps\win64\lopper-1.1.0\env\Scripts\deactivate.bat
11:00:00 INFO  : Domain build successfully
11:00:01 INFO  : Domain build successfully
11:00:01 INFO  : Generating Boot ELFs
11:00:01 INFO  : lopper command to build baremetal application :python C:\Xilinx\Vitis\2023.2\data\embeddedsw/scripts/pyesw//build_app.py -s C:\Users\miwoj\Desktop\Zybo\MIO_GPIO\Vitis\platform\zynq_fsbl -b C:\Users\miwoj\Desktop\Zybo\MIO_GPIO\Vitis\platform\zynq_fsbl\build
11:00:01 INFO  : cmd.exe, /C, C:\Xilinx\Vitis\2023.2\tps\win64\lopper-1.1.0\env\Scripts\activate.bat && python C:\Xilinx\Vitis\2023.2\data\embeddedsw\scripts\pyesw\\build_app.py -s C:\Users\miwoj\Desktop\Zybo\MIO_GPIO\Vitis\platform\zynq_fsbl -b C:\Users\miwoj\Desktop\Zybo\MIO_GPIO\Vitis\platform\zynq_fsbl\build && C:\Xilinx\Vitis\2023.2\tps\win64\lopper-1.1.0\env\Scripts\deactivate.bat
11:00:03 INFO  : Successfully building the baremetal applicationC:\Users\miwoj\Desktop\Zybo\MIO_GPIO\Vitis\platform\zynq_fsbl\build
11:00:03 INFO  : Generating Export directory
11:00:03 INFO  : Platform Build Finished successfully.
11:00:03 INFO  : cmd.exe, /C, C:\Xilinx\Vitis\2023.2\tps\win64\lopper-1.1.0\env\Scripts\activate.bat && python C:\Xilinx\Vitis\2023.2\data\embeddedsw\scripts\pyesw\\build_app.py -s c:\Users\miwoj\Desktop\Zybo\MIO_GPIO\Vitis\hello_world\src -b c:\Users\miwoj\Desktop\Zybo\MIO_GPIO\Vitis\hello_world\build && C:\Xilinx\Vitis\2023.2\tps\win64\lopper-1.1.0\env\Scripts\deactivate.bat
11:08:56 INFO  : cmd.exe, /C, C:\Xilinx\Vitis\2023.2\tps\win64\lopper-1.1.0\env\Scripts\activate.bat && python C:\Xilinx\Vitis\2023.2\data\embeddedsw\scripts\pyesw\\build_app.py -s c:\Users\miwoj\Desktop\Zybo\MIO_GPIO\Vitis\hello_world\src -b c:\Users\miwoj\Desktop\Zybo\MIO_GPIO\Vitis\hello_world\build && C:\Xilinx\Vitis\2023.2\tps\win64\lopper-1.1.0\env\Scripts\deactivate.bat
11:09:03 INFO  : XSDB server has started successfully from frontend.
11:09:03 INFO  : It has taken  2secs.
11:09:04 INFO  : Connection to XSDB Server established.
11:09:04 INFO  : It has taken  1secs.
11:09:07 INFO  : connect -url tcp:127.0.0.1:3121
11:09:07 INFO  : Done
11:09:09 INFO  : bpremove -all
11:09:10 INFO  : Context for 'APU' is selected.
11:09:10 INFO  : System reset is completed.
11:09:13 INFO  : 'after 3000' command is executed.
11:09:13 INFO  : 'targets -set -filter {jtag_cable_name =~ "Digilent Zybo 210279785460A" && level==0 && jtag_device_ctx=="jsn-Zybo-210279785460A-13722093-0"}' command is executed.
11:09:14 INFO  : Device configured successfully with "C:/Users/miwoj/Desktop/Zybo/MIO_GPIO/Vitis/hello_world/_ide/bitstream/design_1_wrapper.bit"
11:09:14 INFO  : targets -set -nocase -filter {name =~"APU*"}
11:09:15 INFO  : loadhw -hw C:/Users/miwoj/Desktop/Zybo/MIO_GPIO/Vitis/platform/export/platform/hw/design_1_wrapper.xsa -mem-ranges [list {0x40000000 0xbfffffff}]
11:09:15 INFO  : configparams force-mem-access 1
11:09:15 INFO  : targets -set -nocase -filter {name =~"APU*"}
11:09:15 INFO  : source C:/Users/miwoj/Desktop/Zybo/MIO_GPIO/Vitis/hello_world/_ide/psinit/ps7_init.tcl
11:09:15 INFO  : ps7_init
11:09:15 INFO  : ps7_post_config
11:09:15 INFO  : targets -set -nocase -filter {name =~ "*A9*#0"}
11:09:15 INFO  : rst -processor
11:09:15 INFO  : dow C:/Users/miwoj/Desktop/Zybo/MIO_GPIO/Vitis/hello_world/build/hello_world.elf
11:09:15 INFO  : con
11:09:15 INFO  : configparams force-mem-access 0
11:09:16 INFO  : Testing the connection for 127.0.0.1
11:09:33 INFO  : disconnect
11:09:35 INFO  : cmd.exe, /C, C:\Xilinx\Vitis\2023.2\tps\win64\lopper-1.1.0\env\Scripts\activate.bat && python C:\Xilinx\Vitis\2023.2\data\embeddedsw\scripts\pyesw\\build_app.py -s c:\Users\miwoj\Desktop\Zybo\MIO_GPIO\Vitis\hello_world\src -b c:\Users\miwoj\Desktop\Zybo\MIO_GPIO\Vitis\hello_world\build && C:\Xilinx\Vitis\2023.2\tps\win64\lopper-1.1.0\env\Scripts\deactivate.bat
11:09:40 INFO  : connect -url tcp:127.0.0.1:3121
11:09:40 INFO  : bpremove -all
11:09:40 INFO  : Context for 'APU' is selected.
11:09:40 INFO  : System reset is completed.
11:09:43 INFO  : 'after 3000' command is executed.
11:09:43 INFO  : 'targets -set -filter {jtag_cable_name =~ "Digilent Zybo 210279785460A" && level==0 && jtag_device_ctx=="jsn-Zybo-210279785460A-13722093-0"}' command is executed.
11:09:44 INFO  : Device configured successfully with "C:/Users/miwoj/Desktop/Zybo/MIO_GPIO/Vitis/hello_world/_ide/bitstream/design_1_wrapper.bit"
11:09:44 INFO  : targets -set -nocase -filter {name =~"APU*"}
11:09:46 INFO  : loadhw -hw C:/Users/miwoj/Desktop/Zybo/MIO_GPIO/Vitis/platform/export/platform/hw/design_1_wrapper.xsa -mem-ranges [list {0x40000000 0xbfffffff}]
11:09:46 INFO  : configparams force-mem-access 1
11:09:46 INFO  : targets -set -nocase -filter {name =~"APU*"}
11:09:46 INFO  : source C:/Users/miwoj/Desktop/Zybo/MIO_GPIO/Vitis/hello_world/_ide/psinit/ps7_init.tcl
11:09:47 INFO  : ps7_init
11:09:47 INFO  : ps7_post_config
11:09:47 INFO  : targets -set -nocase -filter {name =~ "*A9*#0"}
11:09:47 INFO  : rst -processor
11:09:47 INFO  : dow C:/Users/miwoj/Desktop/Zybo/MIO_GPIO/Vitis/hello_world/build/hello_world.elf
11:09:47 INFO  : con
11:09:47 INFO  : configparams force-mem-access 0
11:09:48 INFO  : Testing the connection for 127.0.0.1
11:10:02 INFO  : disconnect
11:10:03 INFO  : cmd.exe, /C, C:\Xilinx\Vitis\2023.2\tps\win64\lopper-1.1.0\env\Scripts\activate.bat && python C:\Xilinx\Vitis\2023.2\data\embeddedsw\scripts\pyesw\\build_app.py -s c:\Users\miwoj\Desktop\Zybo\MIO_GPIO\Vitis\hello_world\src -b c:\Users\miwoj\Desktop\Zybo\MIO_GPIO\Vitis\hello_world\build && C:\Xilinx\Vitis\2023.2\tps\win64\lopper-1.1.0\env\Scripts\deactivate.bat
11:10:06 INFO  : connect -url tcp:127.0.0.1:3121
11:10:07 INFO  : bpremove -all
11:10:07 INFO  : Context for 'APU' is selected.
11:10:07 INFO  : System reset is completed.
11:10:10 INFO  : 'after 3000' command is executed.
11:10:10 INFO  : 'targets -set -filter {jtag_cable_name =~ "Digilent Zybo 210279785460A" && level==0 && jtag_device_ctx=="jsn-Zybo-210279785460A-13722093-0"}' command is executed.
11:10:11 INFO  : Device configured successfully with "C:/Users/miwoj/Desktop/Zybo/MIO_GPIO/Vitis/hello_world/_ide/bitstream/design_1_wrapper.bit"
11:10:11 INFO  : targets -set -nocase -filter {name =~"APU*"}
11:10:13 INFO  : loadhw -hw C:/Users/miwoj/Desktop/Zybo/MIO_GPIO/Vitis/platform/export/platform/hw/design_1_wrapper.xsa -mem-ranges [list {0x40000000 0xbfffffff}]
11:10:13 INFO  : configparams force-mem-access 1
11:10:13 INFO  : targets -set -nocase -filter {name =~"APU*"}
11:10:13 INFO  : source C:/Users/miwoj/Desktop/Zybo/MIO_GPIO/Vitis/hello_world/_ide/psinit/ps7_init.tcl
11:10:13 INFO  : ps7_init
11:10:13 INFO  : ps7_post_config
11:10:13 INFO  : targets -set -nocase -filter {name =~ "*A9*#0"}
11:10:13 INFO  : rst -processor
11:10:13 INFO  : dow C:/Users/miwoj/Desktop/Zybo/MIO_GPIO/Vitis/hello_world/build/hello_world.elf
11:10:13 INFO  : con
11:10:13 INFO  : configparams force-mem-access 0
11:10:15 INFO  : Testing the connection for 127.0.0.1
11:10:49 INFO  : cmd.exe, /C, C:\Xilinx\Vitis\2023.2\tps\win64\lopper-1.1.0\env\Scripts\activate.bat && python C:\Xilinx\Vitis\2023.2\data\embeddedsw\scripts\pyesw\\build_app.py -s c:\Users\miwoj\Desktop\Zybo\MIO_GPIO\Vitis\hello_world\src -b c:\Users\miwoj\Desktop\Zybo\MIO_GPIO\Vitis\hello_world\build && C:\Xilinx\Vitis\2023.2\tps\win64\lopper-1.1.0\env\Scripts\deactivate.bat
11:10:55 INFO  : connect -url tcp:127.0.0.1:3121
11:10:55 INFO  : bpremove -all
11:10:55 INFO  : Context for 'APU' is selected.
11:10:55 INFO  : System reset is completed.
11:10:58 INFO  : 'after 3000' command is executed.
11:10:58 INFO  : 'targets -set -filter {jtag_cable_name =~ "Digilent Zybo 210279785460A" && level==0 && jtag_device_ctx=="jsn-Zybo-210279785460A-13722093-0"}' command is executed.
11:10:59 INFO  : Device configured successfully with "C:/Users/miwoj/Desktop/Zybo/MIO_GPIO/Vitis/hello_world/_ide/bitstream/design_1_wrapper.bit"
11:10:59 INFO  : targets -set -nocase -filter {name =~"APU*"}
11:10:59 INFO  : loadhw -hw C:/Users/miwoj/Desktop/Zybo/MIO_GPIO/Vitis/platform/export/platform/hw/design_1_wrapper.xsa -mem-ranges [list {0x40000000 0xbfffffff}]
11:10:59 INFO  : configparams force-mem-access 1
11:10:59 INFO  : targets -set -nocase -filter {name =~"APU*"}
11:10:59 INFO  : source C:/Users/miwoj/Desktop/Zybo/MIO_GPIO/Vitis/hello_world/_ide/psinit/ps7_init.tcl
11:11:00 INFO  : ps7_init
11:11:00 INFO  : ps7_post_config
11:11:00 INFO  : targets -set -nocase -filter {name =~ "*A9*#0"}
11:11:00 INFO  : rst -processor
11:11:00 INFO  : dow C:/Users/miwoj/Desktop/Zybo/MIO_GPIO/Vitis/hello_world/build/hello_world.elf
11:11:00 INFO  : con
11:11:00 INFO  : configparams force-mem-access 0
11:11:01 INFO  : Testing the connection for 127.0.0.1
11:11:10 INFO  : disconnect
11:12:39 INFO  : connect -url tcp:127.0.0.1:3121
11:12:39 INFO  : bpremove -all
11:12:39 INFO  : Context for 'APU' is selected.
11:12:39 INFO  : System reset is completed.
11:12:42 INFO  : 'after 3000' command is executed.
11:12:42 INFO  : 'targets -set -filter {jtag_cable_name =~ "Digilent Zybo 210279785460A" && level==0 && jtag_device_ctx=="jsn-Zybo-210279785460A-13722093-0"}' command is executed.
11:12:44 INFO  : Device configured successfully with "C:/Users/miwoj/Desktop/Zybo/MIO_GPIO/Vitis/hello_world/_ide/bitstream/design_1_wrapper.bit"
11:12:44 INFO  : targets -set -nocase -filter {name =~"APU*"}
11:12:46 INFO  : loadhw -hw C:/Users/miwoj/Desktop/Zybo/MIO_GPIO/Vitis/platform/export/platform/hw/design_1_wrapper.xsa -mem-ranges [list {0x40000000 0xbfffffff}]
11:12:46 INFO  : configparams force-mem-access 1
11:12:46 INFO  : targets -set -nocase -filter {name =~"APU*"}
11:12:46 INFO  : source C:/Users/miwoj/Desktop/Zybo/MIO_GPIO/Vitis/hello_world/_ide/psinit/ps7_init.tcl
11:12:46 INFO  : ps7_init
11:12:46 INFO  : ps7_post_config
11:12:46 INFO  : targets -set -nocase -filter {name =~ "*A9*#0"}
11:12:46 INFO  : rst -processor
11:12:46 INFO  : dow C:/Users/miwoj/Desktop/Zybo/MIO_GPIO/Vitis/hello_world/build/hello_world.elf
11:12:47 INFO  : bpadd main
11:12:47 INFO  : con
11:12:47 INFO  : configparams force-mem-access 0
11:12:48 INFO  : Testing the connection for 127.0.0.1
11:13:16 INFO  : disconnect
11:13:17 ERROR : no channel specified
11:13:17 ERROR : Error in handling the notification no channel specified
11:13:19 INFO  : connect -url tcp:127.0.0.1:3121
11:13:19 INFO  : bpremove -all
11:13:19 INFO  : Context for 'APU' is selected.
11:13:19 INFO  : System reset is completed.
11:13:22 INFO  : 'after 3000' command is executed.
11:13:22 INFO  : 'targets -set -filter {jtag_cable_name =~ "Digilent Zybo 210279785460A" && level==0 && jtag_device_ctx=="jsn-Zybo-210279785460A-13722093-0"}' command is executed.
11:13:23 INFO  : Device configured successfully with "C:/Users/miwoj/Desktop/Zybo/MIO_GPIO/Vitis/hello_world/_ide/bitstream/design_1_wrapper.bit"
11:13:23 INFO  : targets -set -nocase -filter {name =~"APU*"}
11:13:25 INFO  : loadhw -hw C:/Users/miwoj/Desktop/Zybo/MIO_GPIO/Vitis/platform/export/platform/hw/design_1_wrapper.xsa -mem-ranges [list {0x40000000 0xbfffffff}]
11:13:25 INFO  : configparams force-mem-access 1
11:13:25 INFO  : targets -set -nocase -filter {name =~"APU*"}
11:13:25 INFO  : source C:/Users/miwoj/Desktop/Zybo/MIO_GPIO/Vitis/hello_world/_ide/psinit/ps7_init.tcl
11:13:25 INFO  : ps7_init
11:13:25 INFO  : ps7_post_config
11:13:25 INFO  : targets -set -nocase -filter {name =~ "*A9*#0"}
11:13:25 INFO  : rst -processor
11:13:26 INFO  : dow C:/Users/miwoj/Desktop/Zybo/MIO_GPIO/Vitis/hello_world/build/hello_world.elf
11:13:26 INFO  : bpadd main
11:13:26 INFO  : con
11:13:26 INFO  : configparams force-mem-access 0
11:13:27 INFO  : Testing the connection for 127.0.0.1
11:15:09 INFO  : disconnect
11:15:14 INFO  : cmd.exe, /C, C:\Xilinx\Vitis\2023.2\tps\win64\lopper-1.1.0\env\Scripts\activate.bat && python C:\Xilinx\Vitis\2023.2\data\embeddedsw\scripts\pyesw\\build_app.py -s c:\Users\miwoj\Desktop\Zybo\MIO_GPIO\Vitis\hello_world\src -b c:\Users\miwoj\Desktop\Zybo\MIO_GPIO\Vitis\hello_world\build && C:\Xilinx\Vitis\2023.2\tps\win64\lopper-1.1.0\env\Scripts\deactivate.bat
11:15:20 INFO  : cmd.exe, /C, C:\Xilinx\Vitis\2023.2\tps\win64\lopper-1.1.0\env\Scripts\activate.bat && python C:\Xilinx\Vitis\2023.2\data\embeddedsw\scripts\pyesw\\build_app.py -s c:\Users\miwoj\Desktop\Zybo\MIO_GPIO\Vitis\hello_world\src -b c:\Users\miwoj\Desktop\Zybo\MIO_GPIO\Vitis\hello_world\build && C:\Xilinx\Vitis\2023.2\tps\win64\lopper-1.1.0\env\Scripts\deactivate.bat
11:15:28 INFO  : cmd.exe, /C, C:\Xilinx\Vitis\2023.2\tps\win64\lopper-1.1.0\env\Scripts\activate.bat && python C:\Xilinx\Vitis\2023.2\data\embeddedsw\scripts\pyesw\\build_app.py -s c:\Users\miwoj\Desktop\Zybo\MIO_GPIO\Vitis\hello_world\src -b c:\Users\miwoj\Desktop\Zybo\MIO_GPIO\Vitis\hello_world\build && C:\Xilinx\Vitis\2023.2\tps\win64\lopper-1.1.0\env\Scripts\deactivate.bat
11:15:33 INFO  : connect -url tcp:127.0.0.1:3121
11:15:33 INFO  : bpremove -all
11:15:33 INFO  : Context for 'APU' is selected.
11:15:34 INFO  : System reset is completed.
11:15:37 INFO  : 'after 3000' command is executed.
11:15:37 INFO  : 'targets -set -filter {jtag_cable_name =~ "Digilent Zybo 210279785460A" && level==0 && jtag_device_ctx=="jsn-Zybo-210279785460A-13722093-0"}' command is executed.
11:15:38 INFO  : Device configured successfully with "C:/Users/miwoj/Desktop/Zybo/MIO_GPIO/Vitis/hello_world/_ide/bitstream/design_1_wrapper.bit"
11:15:38 INFO  : targets -set -nocase -filter {name =~"APU*"}
11:15:40 INFO  : loadhw -hw C:/Users/miwoj/Desktop/Zybo/MIO_GPIO/Vitis/platform/export/platform/hw/design_1_wrapper.xsa -mem-ranges [list {0x40000000 0xbfffffff}]
11:15:40 INFO  : configparams force-mem-access 1
11:15:40 INFO  : targets -set -nocase -filter {name =~"APU*"}
11:15:40 INFO  : source C:/Users/miwoj/Desktop/Zybo/MIO_GPIO/Vitis/hello_world/_ide/psinit/ps7_init.tcl
11:15:40 INFO  : ps7_init
11:15:40 INFO  : ps7_post_config
11:15:40 INFO  : targets -set -nocase -filter {name =~ "*A9*#0"}
11:15:40 INFO  : rst -processor
11:15:40 INFO  : dow C:/Users/miwoj/Desktop/Zybo/MIO_GPIO/Vitis/hello_world/build/hello_world.elf
11:15:40 INFO  : con
11:15:40 INFO  : configparams force-mem-access 0
11:15:41 INFO  : Testing the connection for 127.0.0.1
11:16:01 INFO  : cmd.exe, /C, C:\Xilinx\Vitis\2023.2\tps\win64\lopper-1.1.0\env\Scripts\activate.bat && python C:\Xilinx\Vitis\2023.2\data\embeddedsw\scripts\pyesw\\build_app.py -s c:\Users\miwoj\Desktop\Zybo\MIO_GPIO\Vitis\hello_world\src -b c:\Users\miwoj\Desktop\Zybo\MIO_GPIO\Vitis\hello_world\build && C:\Xilinx\Vitis\2023.2\tps\win64\lopper-1.1.0\env\Scripts\deactivate.bat
11:16:05 INFO  : connect -url tcp:127.0.0.1:3121
11:16:05 INFO  : bpremove -all
11:16:05 INFO  : Context for 'APU' is selected.
11:16:05 INFO  : System reset is completed.
11:16:08 INFO  : 'after 3000' command is executed.
11:16:08 INFO  : 'targets -set -filter {jtag_cable_name =~ "Digilent Zybo 210279785460A" && level==0 && jtag_device_ctx=="jsn-Zybo-210279785460A-13722093-0"}' command is executed.
11:16:09 INFO  : Device configured successfully with "C:/Users/miwoj/Desktop/Zybo/MIO_GPIO/Vitis/hello_world/_ide/bitstream/design_1_wrapper.bit"
11:16:09 INFO  : targets -set -nocase -filter {name =~"APU*"}
11:16:09 INFO  : loadhw -hw C:/Users/miwoj/Desktop/Zybo/MIO_GPIO/Vitis/platform/export/platform/hw/design_1_wrapper.xsa -mem-ranges [list {0x40000000 0xbfffffff}]
11:16:09 INFO  : configparams force-mem-access 1
11:16:09 INFO  : targets -set -nocase -filter {name =~"APU*"}
11:16:09 INFO  : source C:/Users/miwoj/Desktop/Zybo/MIO_GPIO/Vitis/hello_world/_ide/psinit/ps7_init.tcl
11:16:10 INFO  : ps7_init
11:16:10 INFO  : ps7_post_config
11:16:10 INFO  : targets -set -nocase -filter {name =~ "*A9*#0"}
11:16:10 INFO  : rst -processor
11:16:10 INFO  : dow C:/Users/miwoj/Desktop/Zybo/MIO_GPIO/Vitis/hello_world/build/hello_world.elf
11:16:10 INFO  : con
11:16:10 INFO  : configparams force-mem-access 0
11:16:11 INFO  : Testing the connection for 127.0.0.1
11:16:27 INFO  : disconnect
11:16:28 INFO  : cmd.exe, /C, C:\Xilinx\Vitis\2023.2\tps\win64\lopper-1.1.0\env\Scripts\activate.bat && python C:\Xilinx\Vitis\2023.2\data\embeddedsw\scripts\pyesw\\build_app.py -s c:\Users\miwoj\Desktop\Zybo\MIO_GPIO\Vitis\hello_world\src -b c:\Users\miwoj\Desktop\Zybo\MIO_GPIO\Vitis\hello_world\build && C:\Xilinx\Vitis\2023.2\tps\win64\lopper-1.1.0\env\Scripts\deactivate.bat
11:16:31 INFO  : connect -url tcp:127.0.0.1:3121
11:16:31 INFO  : bpremove -all
11:16:31 INFO  : Context for 'APU' is selected.
11:16:31 INFO  : System reset is completed.
11:16:34 INFO  : 'after 3000' command is executed.
11:16:35 INFO  : 'targets -set -filter {jtag_cable_name =~ "Digilent Zybo 210279785460A" && level==0 && jtag_device_ctx=="jsn-Zybo-210279785460A-13722093-0"}' command is executed.
11:16:36 INFO  : Device configured successfully with "C:/Users/miwoj/Desktop/Zybo/MIO_GPIO/Vitis/hello_world/_ide/bitstream/design_1_wrapper.bit"
11:16:36 INFO  : targets -set -nocase -filter {name =~"APU*"}
11:16:38 INFO  : loadhw -hw C:/Users/miwoj/Desktop/Zybo/MIO_GPIO/Vitis/platform/export/platform/hw/design_1_wrapper.xsa -mem-ranges [list {0x40000000 0xbfffffff}]
11:16:38 INFO  : configparams force-mem-access 1
11:16:38 INFO  : targets -set -nocase -filter {name =~"APU*"}
11:16:38 INFO  : source C:/Users/miwoj/Desktop/Zybo/MIO_GPIO/Vitis/hello_world/_ide/psinit/ps7_init.tcl
11:16:38 INFO  : ps7_init
11:16:38 INFO  : ps7_post_config
11:16:38 INFO  : targets -set -nocase -filter {name =~ "*A9*#0"}
11:16:38 INFO  : rst -processor
11:16:38 INFO  : dow C:/Users/miwoj/Desktop/Zybo/MIO_GPIO/Vitis/hello_world/build/hello_world.elf
11:16:38 INFO  : con
11:16:38 INFO  : configparams force-mem-access 0
11:16:39 INFO  : Testing the connection for 127.0.0.1
11:17:18 INFO  : cmd.exe, /C, C:\Xilinx\Vitis\2023.2\tps\win64\lopper-1.1.0\env\Scripts\activate.bat && python C:\Xilinx\Vitis\2023.2\data\embeddedsw\scripts\pyesw\\build_app.py -s c:\Users\miwoj\Desktop\Zybo\MIO_GPIO\Vitis\hello_world\src -b c:\Users\miwoj\Desktop\Zybo\MIO_GPIO\Vitis\hello_world\build && C:\Xilinx\Vitis\2023.2\tps\win64\lopper-1.1.0\env\Scripts\deactivate.bat
11:17:20 ERROR : hello_world build failed. 
11:17:22 INFO  : cmd.exe, /C, C:\Xilinx\Vitis\2023.2\tps\win64\lopper-1.1.0\env\Scripts\activate.bat && python C:\Xilinx\Vitis\2023.2\data\embeddedsw\scripts\pyesw\\build_app.py -s c:\Users\miwoj\Desktop\Zybo\MIO_GPIO\Vitis\hello_world\src -b c:\Users\miwoj\Desktop\Zybo\MIO_GPIO\Vitis\hello_world\build && C:\Xilinx\Vitis\2023.2\tps\win64\lopper-1.1.0\env\Scripts\deactivate.bat
11:17:22 ERROR : hello_world build failed. 
11:17:33 INFO  : cmd.exe, /C, C:\Xilinx\Vitis\2023.2\tps\win64\lopper-1.1.0\env\Scripts\activate.bat && python C:\Xilinx\Vitis\2023.2\data\embeddedsw\scripts\pyesw\\build_app.py -s c:\Users\miwoj\Desktop\Zybo\MIO_GPIO\Vitis\hello_world\src -b c:\Users\miwoj\Desktop\Zybo\MIO_GPIO\Vitis\hello_world\build && C:\Xilinx\Vitis\2023.2\tps\win64\lopper-1.1.0\env\Scripts\deactivate.bat
11:17:38 INFO  : connect -url tcp:127.0.0.1:3121
11:17:38 INFO  : bpremove -all
11:17:38 INFO  : Context for 'APU' is selected.
11:17:38 INFO  : System reset is completed.
11:17:41 INFO  : 'after 3000' command is executed.
11:17:41 INFO  : 'targets -set -filter {jtag_cable_name =~ "Digilent Zybo 210279785460A" && level==0 && jtag_device_ctx=="jsn-Zybo-210279785460A-13722093-0"}' command is executed.
11:17:42 INFO  : Device configured successfully with "C:/Users/miwoj/Desktop/Zybo/MIO_GPIO/Vitis/hello_world/_ide/bitstream/design_1_wrapper.bit"
11:17:42 INFO  : targets -set -nocase -filter {name =~"APU*"}
11:17:42 INFO  : loadhw -hw C:/Users/miwoj/Desktop/Zybo/MIO_GPIO/Vitis/platform/export/platform/hw/design_1_wrapper.xsa -mem-ranges [list {0x40000000 0xbfffffff}]
11:17:42 INFO  : configparams force-mem-access 1
11:17:42 INFO  : targets -set -nocase -filter {name =~"APU*"}
11:17:42 INFO  : source C:/Users/miwoj/Desktop/Zybo/MIO_GPIO/Vitis/hello_world/_ide/psinit/ps7_init.tcl
11:17:43 INFO  : ps7_init
11:17:43 INFO  : ps7_post_config
11:17:43 INFO  : targets -set -nocase -filter {name =~ "*A9*#0"}
11:17:43 INFO  : rst -processor
11:17:43 INFO  : dow C:/Users/miwoj/Desktop/Zybo/MIO_GPIO/Vitis/hello_world/build/hello_world.elf
11:17:43 INFO  : con
11:17:43 INFO  : configparams force-mem-access 0
11:17:44 INFO  : Testing the connection for 127.0.0.1
11:19:21 INFO  : cmd.exe, /C, C:\Xilinx\Vitis\2023.2\tps\win64\lopper-1.1.0\env\Scripts\activate.bat && python C:\Xilinx\Vitis\2023.2\data\embeddedsw\scripts\pyesw\\build_app.py -s c:\Users\miwoj\Desktop\Zybo\MIO_GPIO\Vitis\hello_world\src -b c:\Users\miwoj\Desktop\Zybo\MIO_GPIO\Vitis\hello_world\build && C:\Xilinx\Vitis\2023.2\tps\win64\lopper-1.1.0\env\Scripts\deactivate.bat
11:19:25 INFO  : connect -url tcp:127.0.0.1:3121
11:19:25 INFO  : bpremove -all
11:19:25 INFO  : Context for 'APU' is selected.
11:19:25 INFO  : System reset is completed.
11:19:28 INFO  : 'after 3000' command is executed.
11:19:28 INFO  : 'targets -set -filter {jtag_cable_name =~ "Digilent Zybo 210279785460A" && level==0 && jtag_device_ctx=="jsn-Zybo-210279785460A-13722093-0"}' command is executed.
11:19:30 INFO  : Device configured successfully with "C:/Users/miwoj/Desktop/Zybo/MIO_GPIO/Vitis/hello_world/_ide/bitstream/design_1_wrapper.bit"
11:19:30 INFO  : targets -set -nocase -filter {name =~"APU*"}
11:19:30 INFO  : loadhw -hw C:/Users/miwoj/Desktop/Zybo/MIO_GPIO/Vitis/platform/export/platform/hw/design_1_wrapper.xsa -mem-ranges [list {0x40000000 0xbfffffff}]
11:19:30 INFO  : configparams force-mem-access 1
11:19:30 INFO  : targets -set -nocase -filter {name =~"APU*"}
11:19:30 INFO  : source C:/Users/miwoj/Desktop/Zybo/MIO_GPIO/Vitis/hello_world/_ide/psinit/ps7_init.tcl
11:19:30 INFO  : ps7_init
11:19:30 INFO  : ps7_post_config
11:19:30 INFO  : targets -set -nocase -filter {name =~ "*A9*#0"}
11:19:30 INFO  : rst -processor
11:19:30 INFO  : dow C:/Users/miwoj/Desktop/Zybo/MIO_GPIO/Vitis/hello_world/build/hello_world.elf
11:19:30 INFO  : con
11:19:30 INFO  : configparams force-mem-access 0
11:19:31 INFO  : Testing the connection for 127.0.0.1
11:20:31 INFO  : cmd.exe, /C, C:\Xilinx\Vitis\2023.2\tps\win64\lopper-1.1.0\env\Scripts\activate.bat && python C:\Xilinx\Vitis\2023.2\data\embeddedsw\scripts\pyesw\\build_app.py -s c:\Users\miwoj\Desktop\Zybo\MIO_GPIO\Vitis\hello_world\src -b c:\Users\miwoj\Desktop\Zybo\MIO_GPIO\Vitis\hello_world\build && C:\Xilinx\Vitis\2023.2\tps\win64\lopper-1.1.0\env\Scripts\deactivate.bat
11:20:35 INFO  : connect -url tcp:127.0.0.1:3121
11:20:35 INFO  : bpremove -all
11:20:35 INFO  : Context for 'APU' is selected.
11:20:35 INFO  : System reset is completed.
11:20:38 INFO  : 'after 3000' command is executed.
11:20:38 INFO  : 'targets -set -filter {jtag_cable_name =~ "Digilent Zybo 210279785460A" && level==0 && jtag_device_ctx=="jsn-Zybo-210279785460A-13722093-0"}' command is executed.
11:20:39 INFO  : Device configured successfully with "C:/Users/miwoj/Desktop/Zybo/MIO_GPIO/Vitis/hello_world/_ide/bitstream/design_1_wrapper.bit"
11:20:39 INFO  : targets -set -nocase -filter {name =~"APU*"}
11:20:39 INFO  : loadhw -hw C:/Users/miwoj/Desktop/Zybo/MIO_GPIO/Vitis/platform/export/platform/hw/design_1_wrapper.xsa -mem-ranges [list {0x40000000 0xbfffffff}]
11:20:39 INFO  : configparams force-mem-access 1
11:20:39 INFO  : targets -set -nocase -filter {name =~"APU*"}
11:20:39 INFO  : source C:/Users/miwoj/Desktop/Zybo/MIO_GPIO/Vitis/hello_world/_ide/psinit/ps7_init.tcl
11:20:39 INFO  : ps7_init
11:20:39 INFO  : ps7_post_config
11:20:39 INFO  : targets -set -nocase -filter {name =~ "*A9*#0"}
11:20:40 INFO  : rst -processor
11:20:40 INFO  : dow C:/Users/miwoj/Desktop/Zybo/MIO_GPIO/Vitis/hello_world/build/hello_world.elf
11:20:40 INFO  : con
11:20:40 INFO  : configparams force-mem-access 0
11:20:41 INFO  : Testing the connection for 127.0.0.1
11:21:21 INFO  : disconnect
11:21:26 INFO  : cmd.exe, /C, C:\Xilinx\Vitis\2023.2\tps\win64\lopper-1.1.0\env\Scripts\activate.bat && python C:\Xilinx\Vitis\2023.2\data\embeddedsw\scripts\pyesw\\build_app.py -s c:\Users\miwoj\Desktop\Zybo\MIO_GPIO\Vitis\hello_world\src -b c:\Users\miwoj\Desktop\Zybo\MIO_GPIO\Vitis\hello_world\build && C:\Xilinx\Vitis\2023.2\tps\win64\lopper-1.1.0\env\Scripts\deactivate.bat
11:21:36 INFO  : connect -url tcp:127.0.0.1:3121
11:21:36 INFO  : bpremove -all
11:21:36 INFO  : Context for 'APU' is selected.
11:21:36 INFO  : System reset is completed.
11:21:39 INFO  : 'after 3000' command is executed.
11:21:39 INFO  : 'targets -set -filter {jtag_cable_name =~ "Digilent Zybo 210279785460A" && level==0 && jtag_device_ctx=="jsn-Zybo-210279785460A-13722093-0"}' command is executed.
11:21:41 INFO  : Device configured successfully with "C:/Users/miwoj/Desktop/Zybo/MIO_GPIO/Vitis/hello_world/_ide/bitstream/design_1_wrapper.bit"
11:21:41 INFO  : targets -set -nocase -filter {name =~"APU*"}
11:21:43 INFO  : loadhw -hw C:/Users/miwoj/Desktop/Zybo/MIO_GPIO/Vitis/platform/export/platform/hw/design_1_wrapper.xsa -mem-ranges [list {0x40000000 0xbfffffff}]
11:21:43 INFO  : configparams force-mem-access 1
11:21:43 INFO  : targets -set -nocase -filter {name =~"APU*"}
11:21:43 INFO  : source C:/Users/miwoj/Desktop/Zybo/MIO_GPIO/Vitis/hello_world/_ide/psinit/ps7_init.tcl
11:21:43 INFO  : ps7_init
11:21:43 INFO  : ps7_post_config
11:21:43 INFO  : targets -set -nocase -filter {name =~ "*A9*#0"}
11:21:43 INFO  : rst -processor
11:21:43 INFO  : dow C:/Users/miwoj/Desktop/Zybo/MIO_GPIO/Vitis/hello_world/build/hello_world.elf
11:21:43 INFO  : con
11:21:43 INFO  : configparams force-mem-access 0
11:21:44 INFO  : Testing the connection for 127.0.0.1
11:21:54 INFO  : cmd.exe, /C, C:\Xilinx\Vitis\2023.2\tps\win64\lopper-1.1.0\env\Scripts\activate.bat && python C:\Xilinx\Vitis\2023.2\data\embeddedsw\scripts\pyesw\\build_app.py -s c:\Users\miwoj\Desktop\Zybo\MIO_GPIO\Vitis\hello_world\src -b c:\Users\miwoj\Desktop\Zybo\MIO_GPIO\Vitis\hello_world\build && C:\Xilinx\Vitis\2023.2\tps\win64\lopper-1.1.0\env\Scripts\deactivate.bat
11:21:59 INFO  : connect -url tcp:127.0.0.1:3121
11:21:59 INFO  : bpremove -all
11:21:59 INFO  : Context for 'APU' is selected.
11:21:59 INFO  : System reset is completed.
11:22:02 INFO  : 'after 3000' command is executed.
11:22:02 INFO  : 'targets -set -filter {jtag_cable_name =~ "Digilent Zybo 210279785460A" && level==0 && jtag_device_ctx=="jsn-Zybo-210279785460A-13722093-0"}' command is executed.
11:22:03 INFO  : Device configured successfully with "C:/Users/miwoj/Desktop/Zybo/MIO_GPIO/Vitis/hello_world/_ide/bitstream/design_1_wrapper.bit"
11:22:03 INFO  : targets -set -nocase -filter {name =~"APU*"}
11:22:03 INFO  : loadhw -hw C:/Users/miwoj/Desktop/Zybo/MIO_GPIO/Vitis/platform/export/platform/hw/design_1_wrapper.xsa -mem-ranges [list {0x40000000 0xbfffffff}]
11:22:03 INFO  : configparams force-mem-access 1
11:22:03 INFO  : targets -set -nocase -filter {name =~"APU*"}
11:22:03 INFO  : source C:/Users/miwoj/Desktop/Zybo/MIO_GPIO/Vitis/hello_world/_ide/psinit/ps7_init.tcl
11:22:03 INFO  : ps7_init
11:22:03 INFO  : ps7_post_config
11:22:03 INFO  : targets -set -nocase -filter {name =~ "*A9*#0"}
11:22:03 INFO  : rst -processor
11:22:04 INFO  : dow C:/Users/miwoj/Desktop/Zybo/MIO_GPIO/Vitis/hello_world/build/hello_world.elf
11:22:04 INFO  : con
11:22:04 INFO  : configparams force-mem-access 0
11:22:05 INFO  : Testing the connection for 127.0.0.1
11:22:39 INFO  : disconnect
11:22:51 INFO  : cmd.exe, /C, C:\Xilinx\Vitis\2023.2\tps\win64\lopper-1.1.0\env\Scripts\activate.bat && python C:\Xilinx\Vitis\2023.2\data\embeddedsw\scripts\pyesw\\build_app.py -s c:\Users\miwoj\Desktop\Zybo\MIO_GPIO\Vitis\hello_world\src -b c:\Users\miwoj\Desktop\Zybo\MIO_GPIO\Vitis\hello_world\build && C:\Xilinx\Vitis\2023.2\tps\win64\lopper-1.1.0\env\Scripts\deactivate.bat
11:22:59 INFO  : connect -url tcp:127.0.0.1:3121
11:22:59 INFO  : bpremove -all
11:22:59 INFO  : Context for 'APU' is selected.
11:22:59 INFO  : System reset is completed.
11:23:02 INFO  : 'after 3000' command is executed.
11:23:02 INFO  : 'targets -set -filter {jtag_cable_name =~ "Digilent Zybo 210279785460A" && level==0 && jtag_device_ctx=="jsn-Zybo-210279785460A-13722093-0"}' command is executed.
11:23:04 INFO  : Device configured successfully with "C:/Users/miwoj/Desktop/Zybo/MIO_GPIO/Vitis/hello_world/_ide/bitstream/design_1_wrapper.bit"
11:23:04 INFO  : targets -set -nocase -filter {name =~"APU*"}
11:23:05 INFO  : loadhw -hw C:/Users/miwoj/Desktop/Zybo/MIO_GPIO/Vitis/platform/export/platform/hw/design_1_wrapper.xsa -mem-ranges [list {0x40000000 0xbfffffff}]
11:23:05 INFO  : configparams force-mem-access 1
11:23:05 INFO  : targets -set -nocase -filter {name =~"APU*"}
11:23:05 INFO  : source C:/Users/miwoj/Desktop/Zybo/MIO_GPIO/Vitis/hello_world/_ide/psinit/ps7_init.tcl
11:23:06 INFO  : ps7_init
11:23:06 INFO  : ps7_post_config
11:23:06 INFO  : targets -set -nocase -filter {name =~ "*A9*#0"}
11:23:06 INFO  : rst -processor
11:23:06 INFO  : dow C:/Users/miwoj/Desktop/Zybo/MIO_GPIO/Vitis/hello_world/build/hello_world.elf
11:23:06 INFO  : con
11:23:06 INFO  : configparams force-mem-access 0
11:23:07 INFO  : Testing the connection for 127.0.0.1
11:25:32 INFO  : connection terminated
11:25:32 INFO  : connection terminated
11:25:32 INFO  : scheduling shutdown timer for 2 seconds ...
11:25:32 INFO  : scheduling shutdown timer for 2 seconds ...
11:25:34 INFO  : Terminating Vitis C++ Server
11:25:34 INFO  : Terminating Vitis C++ Server
11:25:34 INFO  : Vitis C++ Server terminated
11:25:34 INFO  : Vitis C++ Server terminated
