#-----------------------------------------------------------
# Vivado v2024.1 (64-bit)
# SW Build 5076996 on Wed May 22 18:37:14 MDT 2024
# IP Build 5075265 on Wed May 22 21:45:21 MDT 2024
# SharedData Build 5076995 on Wed May 22 18:29:18 MDT 2024
# Start of session at: Tue Nov 19 14:59:31 2024
# Process ID: 43272
# Current directory: C:/Users/Soeren-SDU/Downloads/Timer/Vivado
# Command line: vivado.exe -gui_launcher_event rodinguilauncherevent52724 C:\Users\Soeren-SDU\Downloads\Timer\Vivado\Vivado.xpr
# Log file: C:/Users/Soeren-SDU/Downloads/Timer/Vivado/vivado.log
# Journal file: C:/Users/Soeren-SDU/Downloads/Timer/Vivado\vivado.jou
# Running On        :Soeren-Laptop
# Platform          :Windows Server 2016 or Windows 10
# Operating System  :22631
# Processor Detail  :11th Gen Intel(R) Core(TM) i7-1165G7 @ 2.80GHz
# CPU Frequency     :2803 MHz
# CPU Physical cores:4
# CPU Logical cores :8
# Host memory       :16969 MB
# Swap memory       :16106 MB
# Total Virtual     :33075 MB
# Available Virtual :9086 MB
#-----------------------------------------------------------
start_gui
open_project C:/Users/Soeren-SDU/Downloads/Timer/Vivado/Vivado.xpr
WARNING: [Board 49-26] cannot add Board Part xilinx.com:vek280_es:part0:1.0 available at C:/Xilinx/Vivado/2024.1/data/xhub/boards/XilinxBoardStore/boards/Xilinx/vek280/es/rev_a/1.0/board.xml as part xcve2802-vsvh1760-2lp-e-s-es1 specified in board_part file is either invalid or not available
WARNING: [Board 49-26] cannot add Board Part xilinx.com:vek280_es:part0:1.1 available at C:/Xilinx/Vivado/2024.1/data/xhub/boards/XilinxBoardStore/boards/Xilinx/vek280/es/rev_a/1.1/board.xml as part xcve2802-vsvh1760-2lp-e-s-es1 specified in board_part file is either invalid or not available
WARNING: [Board 49-26] cannot add Board Part xilinx.com:vek280_es_revb:part0:1.0 available at C:/Xilinx/Vivado/2024.1/data/xhub/boards/XilinxBoardStore/boards/Xilinx/vek280/es/rev_b/1.0/board.xml as part xcve2802-vsvh1760-2mp-e-s-es1 specified in board_part file is either invalid or not available
WARNING: [Board 49-26] cannot add Board Part xilinx.com:vek280_es_revb:part0:1.1 available at C:/Xilinx/Vivado/2024.1/data/xhub/boards/XilinxBoardStore/boards/Xilinx/vek280/es/rev_b/1.1/board.xml as part xcve2802-vsvh1760-2mp-e-s-es1 specified in board_part file is either invalid or not available
WARNING: [Board 49-26] cannot add Board Part xilinx.com:vhk158_es:part0:1.0 available at C:/Xilinx/Vivado/2024.1/data/xhub/boards/XilinxBoardStore/boards/Xilinx/vhk158/es/1.0/board.xml as part xcvh1582-vsva3697-2mp-e-s-es1 specified in board_part file is either invalid or not available
WARNING: [Board 49-26] cannot add Board Part xilinx.com:vhk158_es:part0:1.1 available at C:/Xilinx/Vivado/2024.1/data/xhub/boards/XilinxBoardStore/boards/Xilinx/vhk158/es/1.1/board.xml as part xcvh1582-vsva3697-2mp-e-s-es1 specified in board_part file is either invalid or not available
WARNING: [Board 49-26] cannot add Board Part xilinx.com:zcu208ld:part0:2.0 available at C:/Xilinx/Vivado/2024.1/data/xhub/boards/XilinxBoardStore/boards/Xilinx/zcu208ld/production/2.0/board.xml as part xczu58dr-fsvg1517-2-i specified in board_part file is either invalid or not available
WARNING: [Board 49-26] cannot add Board Part xilinx.com:zcu216ld:part0:2.0 available at C:/Xilinx/Vivado/2024.1/data/xhub/boards/XilinxBoardStore/boards/Xilinx/zcu216ld/production/2.0/board.xml as part xczu59dr-ffvf1760-2-i specified in board_part file is either invalid or not available
WARNING: [Board 49-26] cannot add Board Part xilinx.com:zcu670ld:part0:1.0 available at C:/Xilinx/Vivado/2024.1/data/xhub/boards/XilinxBoardStore/boards/Xilinx/zcu670ld/1.0/board.xml as part xczu57dr-fsve1156-2-i specified in board_part file is either invalid or not available
INFO: [Project 1-313] Project file moved from 'C:/Git/GitHub/MCS/MC/MC_state_machine_SDC/V2/Vivado' since last save.
Scanning sources...
Finished scanning sources
INFO: [IP_Flow 19-234] Refreshing IP repositories
INFO: [IP_Flow 19-1704] No user IP repositories specified
INFO: [IP_Flow 19-2313] Loaded Vivado IP repository 'C:/Xilinx/Vivado/2024.1/data/ip'.
open_project: Time (s): cpu = 00:00:13 ; elapsed = 00:00:14 . Memory (MB): peak = 1666.785 ; gain = 479.215
update_compile_order -fileset sources_1
reset_run synth_1
INFO: [Project 1-1161] Replacing file C:/Users/Soeren-SDU/Downloads/Timer/Vivado/Vivado.srcs/utils_1/imports/synth_1/MC_wrapper.dcp with file C:/Users/Soeren-SDU/Downloads/Timer/Vivado/Vivado.runs/synth_1/MC_wrapper.dcp
launch_runs impl_1 -to_step write_bitstream -jobs 6
[Tue Nov 19 15:00:22 2024] Launched synth_1...
Run output will be captured here: C:/Users/Soeren-SDU/Downloads/Timer/Vivado/Vivado.runs/synth_1/runme.log
[Tue Nov 19 15:00:22 2024] Launched impl_1...
Run output will be captured here: C:/Users/Soeren-SDU/Downloads/Timer/Vivado/Vivado.runs/impl_1/runme.log
write_hw_platform -fixed -include_bit -force -file C:/Users/Soeren-SDU/Downloads/Timer/Vivado/MC_wrapper_V5.xsa
INFO: [Project 1-1918] Creating Hardware Platform: C:/Users/Soeren-SDU/Downloads/Timer/Vivado/MC_wrapper_V5.xsa ...
INFO: [Project 1-1943] The Hardware Platform can be used for Hardware
INFO: [Project 1-1941] Successfully created Hardware Platform: C:/Users/Soeren-SDU/Downloads/Timer/Vivado/MC_wrapper_V5.xsa
INFO: [Hsi 55-2053] elapsed time for repository (C:/Xilinx/Vivado/2024.1/data/embeddedsw) loading 1 seconds
open_bd_design {C:/Users/Soeren-SDU/Downloads/Timer/Vivado/Vivado.srcs/sources_1/bd/MC/MC.bd}
Reading block design file <C:/Users/Soeren-SDU/Downloads/Timer/Vivado/Vivado.srcs/sources_1/bd/MC/MC.bd>...
Adding component instance block -- xilinx.com:ip:processing_system7:5.5 - processing_system7_0
Adding component instance block -- xilinx.com:ip:axi_gpio:2.0 - axi_gpio_0
Adding component instance block -- xilinx.com:ip:axi_interconnect:2.1 - ps7_0_axi_periph
Adding component instance block -- xilinx.com:ip:axi_crossbar:2.1 - xbar
Adding component instance block -- xilinx.com:ip:axi_protocol_converter:2.1 - auto_pc
Adding component instance block -- xilinx.com:ip:proc_sys_reset:5.0 - rst_ps7_0_100M
Adding component instance block -- xilinx.com:ip:xlconstant:1.1 - xlconstant_0
Adding component instance block -- xilinx.com:module_ref:SDC_Monitor_CAR:1.0 - SDC_Monitor_CAR_0
Adding component instance block -- xilinx.com:ip:xlconstant:1.1 - xlconstant_1
Adding component instance block -- xilinx.com:ip:xlconstant:1.1 - xlconstant
Successfully read diagram <MC> from block design file <C:/Users/Soeren-SDU/Downloads/Timer/Vivado/Vivado.srcs/sources_1/bd/MC/MC.bd>
open_bd_design: Time (s): cpu = 00:00:05 ; elapsed = 00:00:06 . Memory (MB): peak = 1849.406 ; gain = 0.000
startgroup
create_bd_cell -type ip -vlnv xilinx.com:ip:axi_timer:2.0 axi_timer_0
endgroup
apply_bd_automation -rule xilinx.com:bd_rule:axi4 -config { Clk_master {/processing_system7_0/FCLK_CLK0 (100 MHz)} Clk_slave {Auto} Clk_xbar {/processing_system7_0/FCLK_CLK0 (100 MHz)} Master {/processing_system7_0/M_AXI_GP0} Slave {/axi_timer_0/S_AXI} ddr_seg {Auto} intc_ip {/ps7_0_axi_periph} master_apm {0}}  [get_bd_intf_pins axi_timer_0/S_AXI]
Slave segment '/axi_timer_0/S_AXI/Reg' is being assigned into address space '/processing_system7_0/Data' at <0x4280_0000 [ 64K ]>.
save_bd_design
Wrote  : <C:\Users\Soeren-SDU\Downloads\Timer\Vivado\Vivado.srcs\sources_1\bd\MC\MC.bd> 
Wrote  : <C:/Users/Soeren-SDU/Downloads/Timer/Vivado/Vivado.srcs/sources_1/bd/MC/ui/bd_1fb9e3f6.ui> 
reset_run synth_1
INFO: [Project 1-1161] Replacing file C:/Users/Soeren-SDU/Downloads/Timer/Vivado/Vivado.srcs/utils_1/imports/synth_1/MC_wrapper.dcp with file C:/Users/Soeren-SDU/Downloads/Timer/Vivado/Vivado.runs/synth_1/MC_wrapper.dcp
launch_runs impl_1 -to_step write_bitstream -jobs 6
WARNING: [BD 41-2670] Found an incomplete address path from address space '/processing_system7_0/Data' to master interface '/ps7_0_axi_periph/M02_AXI'. Please either complete or remove this path to resolve.
WARNING: [BD 5-699] No address segments matched 'get_bd_addr_segs -addressables -of_objects /ps7_0_axi_periph/xbar/M02_AXI'
WARNING: [#UNDEF] When using EMIO pins for SPI_0 tie SSIN High in the PL bitstream
Wrote  : <C:\Users\Soeren-SDU\Downloads\Timer\Vivado\Vivado.srcs\sources_1\bd\MC\MC.bd> 
VHDL Output written to : c:/Users/Soeren-SDU/Downloads/Timer/Vivado/Vivado.gen/sources_1/bd/MC/synth/MC.vhd
VHDL Output written to : c:/Users/Soeren-SDU/Downloads/Timer/Vivado/Vivado.gen/sources_1/bd/MC/sim/MC.vhd
VHDL Output written to : c:/Users/Soeren-SDU/Downloads/Timer/Vivado/Vivado.gen/sources_1/bd/MC/hdl/MC_wrapper.vhd
INFO: [BD 41-1029] Generation completed for the IP Integrator block ps7_0_axi_periph/xbar .
WARNING: [IP_Flow 19-4994] Overwriting existing constraint file 'c:/Users/Soeren-SDU/Downloads/Timer/Vivado/Vivado.gen/sources_1/bd/MC/ip/MC_axi_timer_0_0/MC_axi_timer_0_0_ooc.xdc'
INFO: [BD 41-1029] Generation completed for the IP Integrator block axi_timer_0 .
WARNING: [IP_Flow 19-4994] Overwriting existing constraint file 'c:/Users/Soeren-SDU/Downloads/Timer/Vivado/Vivado.gen/sources_1/bd/MC/ip/MC_auto_pc_0/MC_auto_pc_0_ooc.xdc'
INFO: [BD 41-1029] Generation completed for the IP Integrator block ps7_0_axi_periph/s00_couplers/auto_pc .
Exporting to file c:/Users/Soeren-SDU/Downloads/Timer/Vivado/Vivado.gen/sources_1/bd/MC/hw_handoff/MC.hwh
Generated Hardware Definition File c:/Users/Soeren-SDU/Downloads/Timer/Vivado/Vivado.gen/sources_1/bd/MC/synth/MC.hwdef
INFO: [IP_Flow 19-6930] IPCACHE: runCacheChecks() number of threads = 8
INFO: [IP_Flow 19-6921] IPCACHE: Adding cache check func to thread queue for IP MC_auto_pc_0
INFO: [IP_Flow 19-6921] IPCACHE: Adding cache check func to thread queue for IP MC_axi_timer_0_0
INFO: [IP_Flow 19-6921] IPCACHE: Adding cache check func to thread queue for IP MC_xbar_0
INFO: [IP_Flow 19-8020] IPCACHE: runCacheChecks() calling threadPool finishWork()
INFO: [IP_Flow 19-6924] IPCACHE: Running cache check for IP inst: MC_auto_pc_0
INFO: [IP_Flow 19-6922] IPCACHE: Exporting cached entry cc2c65d4154d723c to dir: c:/Users/Soeren-SDU/Downloads/Timer/Vivado/Vivado.gen/sources_1/bd/MC/ip/MC_auto_pc_0
INFO: [IP_Flow 19-6928] IPCACHE: copied cached file c:/Users/Soeren-SDU/Downloads/Timer/Vivado/Vivado.cache/ip/2024.1/c/c/cc2c65d4154d723c/MC_auto_pc_0.dcp to c:/Users/Soeren-SDU/Downloads/Timer/Vivado/Vivado.gen/sources_1/bd/MC/ip/MC_auto_pc_0/MC_auto_pc_0.dcp.
INFO: [IP_Flow 19-6926] IPCACHE: added file to list for BOM: c:/Users/Soeren-SDU/Downloads/Timer/Vivado/Vivado.gen/sources_1/bd/MC/ip/MC_auto_pc_0/MC_auto_pc_0.dcp
INFO: [IP_Flow 19-6928] IPCACHE: copied cached file c:/Users/Soeren-SDU/Downloads/Timer/Vivado/Vivado.cache/ip/2024.1/c/c/cc2c65d4154d723c/MC_auto_pc_0_sim_netlist.v to c:/Users/Soeren-SDU/Downloads/Timer/Vivado/Vivado.gen/sources_1/bd/MC/ip/MC_auto_pc_0/MC_auto_pc_0_sim_netlist.v.
INFO: [IP_Flow 19-6926] IPCACHE: added file to list for BOM: c:/Users/Soeren-SDU/Downloads/Timer/Vivado/Vivado.gen/sources_1/bd/MC/ip/MC_auto_pc_0/MC_auto_pc_0_sim_netlist.v
INFO: [IP_Flow 19-6928] IPCACHE: copied cached file c:/Users/Soeren-SDU/Downloads/Timer/Vivado/Vivado.cache/ip/2024.1/c/c/cc2c65d4154d723c/MC_auto_pc_0_sim_netlist.vhdl to c:/Users/Soeren-SDU/Downloads/Timer/Vivado/Vivado.gen/sources_1/bd/MC/ip/MC_auto_pc_0/MC_auto_pc_0_sim_netlist.vhdl.
INFO: [IP_Flow 19-6926] IPCACHE: added file to list for BOM: c:/Users/Soeren-SDU/Downloads/Timer/Vivado/Vivado.gen/sources_1/bd/MC/ip/MC_auto_pc_0/MC_auto_pc_0_sim_netlist.vhdl
INFO: [IP_Flow 19-6928] IPCACHE: copied cached file c:/Users/Soeren-SDU/Downloads/Timer/Vivado/Vivado.cache/ip/2024.1/c/c/cc2c65d4154d723c/MC_auto_pc_0_stub.v to c:/Users/Soeren-SDU/Downloads/Timer/Vivado/Vivado.gen/sources_1/bd/MC/ip/MC_auto_pc_0/MC_auto_pc_0_stub.v.
INFO: [IP_Flow 19-6926] IPCACHE: added file to list for BOM: c:/Users/Soeren-SDU/Downloads/Timer/Vivado/Vivado.gen/sources_1/bd/MC/ip/MC_auto_pc_0/MC_auto_pc_0_stub.v
INFO: [IP_Flow 19-6928] IPCACHE: copied cached file c:/Users/Soeren-SDU/Downloads/Timer/Vivado/Vivado.cache/ip/2024.1/c/c/cc2c65d4154d723c/MC_auto_pc_0_stub.vhdl to c:/Users/Soeren-SDU/Downloads/Timer/Vivado/Vivado.gen/sources_1/bd/MC/ip/MC_auto_pc_0/MC_auto_pc_0_stub.vhdl.
INFO: [IP_Flow 19-6926] IPCACHE: added file to list for BOM: c:/Users/Soeren-SDU/Downloads/Timer/Vivado/Vivado.gen/sources_1/bd/MC/ip/MC_auto_pc_0/MC_auto_pc_0_stub.vhdl
INFO: [IP_Flow 19-4993] Using cached IP synthesis design for IP MC_auto_pc_0, cache-ID = cc2c65d4154d723c; cache size = 18.730 MB.
INFO: [IP_Flow 19-6924] IPCACHE: Running cache check for IP inst: MC_axi_timer_0_0
INFO: [IP_Flow 19-6924] IPCACHE: Running cache check for IP inst: MC_xbar_0
[Tue Nov 19 15:22:58 2024] Launched MC_xbar_0_synth_1, MC_axi_timer_0_0_synth_1, synth_1...
Run output will be captured here:
MC_xbar_0_synth_1: C:/Users/Soeren-SDU/Downloads/Timer/Vivado/Vivado.runs/MC_xbar_0_synth_1/runme.log
MC_axi_timer_0_0_synth_1: C:/Users/Soeren-SDU/Downloads/Timer/Vivado/Vivado.runs/MC_axi_timer_0_0_synth_1/runme.log
synth_1: C:/Users/Soeren-SDU/Downloads/Timer/Vivado/Vivado.runs/synth_1/runme.log
[Tue Nov 19 15:22:58 2024] Launched impl_1...
Run output will be captured here: C:/Users/Soeren-SDU/Downloads/Timer/Vivado/Vivado.runs/impl_1/runme.log
launch_runs: Time (s): cpu = 00:00:08 ; elapsed = 00:00:15 . Memory (MB): peak = 2129.586 ; gain = 280.180
write_hw_platform -fixed -include_bit -force -file C:/Users/Soeren-SDU/Downloads/Timer/Vivado/MC_wrapper_V6.xsa
INFO: [Project 1-1918] Creating Hardware Platform: C:/Users/Soeren-SDU/Downloads/Timer/Vivado/MC_wrapper_V6.xsa ...
INFO: [Project 1-1943] The Hardware Platform can be used for Hardware
INFO: [Project 1-1941] Successfully created Hardware Platform: C:/Users/Soeren-SDU/Downloads/Timer/Vivado/MC_wrapper_V6.xsa
exit
INFO: [Common 17-206] Exiting Vivado at Tue Nov 19 16:07:29 2024...
