
*** Running vivado
    with args -log MC_wrapper.vdi -applog -m64 -product Vivado -messageDb vivado.pb -mode batch -source MC_wrapper.tcl -notrace



****** Vivado v2024.1 (64-bit)
  **** SW Build 5076996 on Wed May 22 18:37:14 MDT 2024
  **** IP Build 5075265 on Wed May 22 21:45:21 MDT 2024
  **** SharedData Build 5076995 on Wed May 22 18:29:18 MDT 2024
  **** Start of session at: Thu Nov 14 08:34:23 2024
    ** Copyright 1986-2022 Xilinx, Inc. All Rights Reserved.
    ** Copyright 2022-2024 Advanced Micro Devices, Inc. All Rights Reserved.

source MC_wrapper.tcl -notrace
create_project: Time (s): cpu = 00:00:04 ; elapsed = 00:00:09 . Memory (MB): peak = 613.066 ; gain = 201.109
INFO: [IP_Flow 19-234] Refreshing IP repositories
INFO: [IP_Flow 19-1704] No user IP repositories specified
INFO: [IP_Flow 19-2313] Loaded Vivado IP repository 'C:/Vivado/2024.1/data/ip'.
Command: link_design -top MC_wrapper -part xc7z020clg400-1
Design is defaulting to srcset: sources_1
Design is defaulting to constrset: constrs_1
INFO: [Device 21-403] Loading part xc7z020clg400-1
INFO: [Device 21-9227] Part: xc7z020clg400-1 does not have CEAM library.
INFO: [Project 1-454] Reading design checkpoint 'c:/B_Git/MCS/MC/MC_V1/Vivado/Vivado.gen/sources_1/bd/MC/ip/MC_SDC_Monitor_CAR_0_0/MC_SDC_Monitor_CAR_0_0.dcp' for cell 'MC_i/SDC_Monitor_CAR_0'
INFO: [Project 1-454] Reading design checkpoint 'c:/B_Git/MCS/MC/MC_V1/Vivado/Vivado.gen/sources_1/bd/MC/ip/MC_axi_gpio_0_0/MC_axi_gpio_0_0.dcp' for cell 'MC_i/axi_gpio_0'
INFO: [Project 1-454] Reading design checkpoint 'c:/B_Git/MCS/MC/MC_V1/Vivado/Vivado.gen/sources_1/bd/MC/ip/MC_processing_system7_0_0/MC_processing_system7_0_0.dcp' for cell 'MC_i/processing_system7_0'
INFO: [Project 1-454] Reading design checkpoint 'c:/B_Git/MCS/MC/MC_V1/Vivado/Vivado.gen/sources_1/bd/MC/ip/MC_rst_ps7_0_100M_0/MC_rst_ps7_0_100M_0.dcp' for cell 'MC_i/rst_ps7_0_100M'
INFO: [Project 1-454] Reading design checkpoint 'c:/B_Git/MCS/MC/MC_V1/Vivado/Vivado.gen/sources_1/bd/MC/ip/MC_auto_pc_0/MC_auto_pc_0.dcp' for cell 'MC_i/ps7_0_axi_periph/s00_couplers/auto_pc'
Netlist sorting complete. Time (s): cpu = 00:00:00 ; elapsed = 00:00:00.058 . Memory (MB): peak = 1081.145 ; gain = 0.000
INFO: [Netlist 29-17] Analyzing 26 Unisim elements for replacement
INFO: [Netlist 29-28] Unisim Transformation completed in 0 CPU seconds
INFO: [Project 1-479] Netlist was created with Vivado 2024.1
INFO: [Project 1-570] Preparing netlist for logic optimization
Parsing XDC File [c:/B_Git/MCS/MC/MC_V1/Vivado/Vivado.gen/sources_1/bd/MC/ip/MC_processing_system7_0_0/MC_processing_system7_0_0.xdc] for cell 'MC_i/processing_system7_0/inst'
Finished Parsing XDC File [c:/B_Git/MCS/MC/MC_V1/Vivado/Vivado.gen/sources_1/bd/MC/ip/MC_processing_system7_0_0/MC_processing_system7_0_0.xdc] for cell 'MC_i/processing_system7_0/inst'
Parsing XDC File [c:/B_Git/MCS/MC/MC_V1/Vivado/Vivado.gen/sources_1/bd/MC/ip/MC_axi_gpio_0_0/MC_axi_gpio_0_0_board.xdc] for cell 'MC_i/axi_gpio_0/U0'
Finished Parsing XDC File [c:/B_Git/MCS/MC/MC_V1/Vivado/Vivado.gen/sources_1/bd/MC/ip/MC_axi_gpio_0_0/MC_axi_gpio_0_0_board.xdc] for cell 'MC_i/axi_gpio_0/U0'
Parsing XDC File [c:/B_Git/MCS/MC/MC_V1/Vivado/Vivado.gen/sources_1/bd/MC/ip/MC_axi_gpio_0_0/MC_axi_gpio_0_0.xdc] for cell 'MC_i/axi_gpio_0/U0'
Finished Parsing XDC File [c:/B_Git/MCS/MC/MC_V1/Vivado/Vivado.gen/sources_1/bd/MC/ip/MC_axi_gpio_0_0/MC_axi_gpio_0_0.xdc] for cell 'MC_i/axi_gpio_0/U0'
Parsing XDC File [c:/B_Git/MCS/MC/MC_V1/Vivado/Vivado.gen/sources_1/bd/MC/ip/MC_rst_ps7_0_100M_0/MC_rst_ps7_0_100M_0_board.xdc] for cell 'MC_i/rst_ps7_0_100M/U0'
Finished Parsing XDC File [c:/B_Git/MCS/MC/MC_V1/Vivado/Vivado.gen/sources_1/bd/MC/ip/MC_rst_ps7_0_100M_0/MC_rst_ps7_0_100M_0_board.xdc] for cell 'MC_i/rst_ps7_0_100M/U0'
Parsing XDC File [c:/B_Git/MCS/MC/MC_V1/Vivado/Vivado.gen/sources_1/bd/MC/ip/MC_rst_ps7_0_100M_0/MC_rst_ps7_0_100M_0.xdc] for cell 'MC_i/rst_ps7_0_100M/U0'
Finished Parsing XDC File [c:/B_Git/MCS/MC/MC_V1/Vivado/Vivado.gen/sources_1/bd/MC/ip/MC_rst_ps7_0_100M_0/MC_rst_ps7_0_100M_0.xdc] for cell 'MC_i/rst_ps7_0_100M/U0'
Parsing XDC File [C:/B_Git/MCS/MC/MC_V1/Vivado/Vivado.srcs/constrs_1/new/Constraints.xdc]
Finished Parsing XDC File [C:/B_Git/MCS/MC/MC_V1/Vivado/Vivado.srcs/constrs_1/new/Constraints.xdc]
INFO: [Opt 31-138] Pushed 0 inverter(s) to 0 load pin(s).
Netlist sorting complete. Time (s): cpu = 00:00:00 ; elapsed = 00:00:00.001 . Memory (MB): peak = 1229.297 ; gain = 0.000
INFO: [Project 1-111] Unisim Transformation Summary:
No Unisim elements were transformed.

16 Infos, 0 Warnings, 0 Critical Warnings and 0 Errors encountered.
link_design completed successfully
link_design: Time (s): cpu = 00:00:05 ; elapsed = 00:00:17 . Memory (MB): peak = 1229.297 ; gain = 594.055
Command: opt_design
Attempting to get a license for feature 'Implementation' and/or device 'xc7z020'
INFO: [Common 17-349] Got license for feature 'Implementation' and/or device 'xc7z020'
Running DRC as a precondition to command opt_design

Starting DRC Task
INFO: [DRC 23-27] Running DRC with 2 threads
INFO: [Project 1-461] DRC finished with 0 Errors
INFO: [Project 1-462] Please refer to the DRC report (report_drc) for more information.

Time (s): cpu = 00:00:00 ; elapsed = 00:00:01 . Memory (MB): peak = 1260.719 ; gain = 31.422

Starting Cache Timing Information Task
INFO: [Timing 38-35] Done setting XDC timing constraints.
Ending Cache Timing Information Task | Checksum: 123657b8f

Time (s): cpu = 00:00:05 ; elapsed = 00:00:09 . Memory (MB): peak = 1797.637 ; gain = 536.918

Starting Logic Optimization Task

Phase 1 Initialization

Phase 1.1 Core Generation And Design Setup

Phase 1.1.1 Generate And Synthesize Debug Cores
INFO: [Chipscope 16-329] Generating Script for core instance : dbg_hub 
INFO: [IP_Flow 19-3806] Processing IP xilinx.com:ip:xsdbm:3.0 for cell dbg_hub_CV.
INFO: [Chipscope 16-329] Generating Script for core instance : u_ila_0 
INFO: [IP_Flow 19-3806] Processing IP xilinx.com:ip:ila:6.2 for cell u_ila_0_CV.
INFO: [Chipscope 16-469] Using cached IP synthesis design for IP xilinx.com:ip:xsdbm:3.0, cache-ID = 430062fdb361fbe4.
INFO: [Chipscope 16-469] Using cached IP synthesis design for IP xilinx.com:ip:ila:6.2, cache-ID = 66ecf9b8c23ace54.
Done building netlist checker database: Time (s): cpu = 00:00:00 ; elapsed = 00:00:00.002 . Memory (MB): peak = 2189.605 ; gain = 0.000
Done building netlist checker database: Time (s): cpu = 00:00:00 ; elapsed = 00:00:00.002 . Memory (MB): peak = 2189.605 ; gain = 0.000
Netlist sorting complete. Time (s): cpu = 00:00:00 ; elapsed = 00:00:00.062 . Memory (MB): peak = 2204.410 ; gain = 0.000
Phase 1.1.1 Generate And Synthesize Debug Cores | Checksum: 164e46138

Time (s): cpu = 00:00:01 ; elapsed = 00:00:57 . Memory (MB): peak = 2204.410 ; gain = 37.000
Phase 1.1 Core Generation And Design Setup | Checksum: 164e46138

Time (s): cpu = 00:00:01 ; elapsed = 00:00:57 . Memory (MB): peak = 2204.410 ; gain = 37.000

Phase 1.2 Setup Constraints And Sort Netlist
Phase 1.2 Setup Constraints And Sort Netlist | Checksum: 164e46138

Time (s): cpu = 00:00:01 ; elapsed = 00:00:57 . Memory (MB): peak = 2204.410 ; gain = 37.000
Phase 1 Initialization | Checksum: 164e46138

Time (s): cpu = 00:00:01 ; elapsed = 00:00:57 . Memory (MB): peak = 2204.410 ; gain = 37.000

Phase 2 Timer Update And Timing Data Collection

Phase 2.1 Timer Update
Phase 2.1 Timer Update | Checksum: 164e46138

Time (s): cpu = 00:00:01 ; elapsed = 00:00:57 . Memory (MB): peak = 2204.410 ; gain = 37.000

Phase 2.2 Timing Data Collection
Phase 2.2 Timing Data Collection | Checksum: 164e46138

Time (s): cpu = 00:00:01 ; elapsed = 00:00:57 . Memory (MB): peak = 2204.410 ; gain = 37.000
Phase 2 Timer Update And Timing Data Collection | Checksum: 164e46138

Time (s): cpu = 00:00:01 ; elapsed = 00:00:57 . Memory (MB): peak = 2204.410 ; gain = 37.000

Phase 3 Retarget
INFO: [Opt 31-1834] Total Chains To Be Transformed Were: 0 AND Number of Transformed insts Created are: 0
INFO: [Opt 31-1566] Pulled 1 inverters resulting in an inversion of 12 pins
INFO: [Opt 31-138] Pushed 1 inverter(s) to 1 load pin(s).
INFO: [Opt 31-49] Retargeted 0 cell(s).
Phase 3 Retarget | Checksum: 1db759069

Time (s): cpu = 00:00:01 ; elapsed = 00:00:57 . Memory (MB): peak = 2204.410 ; gain = 37.000
Retarget | Checksum: 1db759069
INFO: [Opt 31-389] Phase Retarget created 9 cells and removed 42 cells
INFO: [Opt 31-1021] In phase Retarget, 78 netlist objects are constrained preventing optimization. Please run opt_design with -debug_log to get more detail. 

Phase 4 Constant propagation
INFO: [Opt 31-138] Pushed 0 inverter(s) to 0 load pin(s).
Phase 4 Constant propagation | Checksum: 2096a42cf

Time (s): cpu = 00:00:01 ; elapsed = 00:00:57 . Memory (MB): peak = 2204.410 ; gain = 37.000
Constant propagation | Checksum: 2096a42cf
INFO: [Opt 31-389] Phase Constant propagation created 0 cells and removed 24 cells
INFO: [Opt 31-1021] In phase Constant propagation, 50 netlist objects are constrained preventing optimization. Please run opt_design with -debug_log to get more detail. 

Phase 5 Sweep
Phase 5 Sweep | Checksum: 215694190

Time (s): cpu = 00:00:01 ; elapsed = 00:00:57 . Memory (MB): peak = 2204.410 ; gain = 37.000
Sweep | Checksum: 215694190
INFO: [Opt 31-389] Phase Sweep created 0 cells and removed 210 cells
INFO: [Opt 31-1021] In phase Sweep, 924 netlist objects are constrained preventing optimization. Please run opt_design with -debug_log to get more detail. 

Phase 6 BUFG optimization
Phase 6 BUFG optimization | Checksum: 215694190

Time (s): cpu = 00:00:01 ; elapsed = 00:00:57 . Memory (MB): peak = 2204.410 ; gain = 37.000
BUFG optimization | Checksum: 215694190
INFO: [Opt 31-662] Phase BUFG optimization created 0 cells of which 0 are BUFGs and removed 0 cells.
INFO: [Opt 31-1021] In phase BUFG optimization, 1 netlist objects are constrained preventing optimization. Please run opt_design with -debug_log to get more detail. 

Phase 7 Shift Register Optimization
INFO: [Opt 31-1064] SRL Remap converted 0 SRLs to 0 registers and converted 0 registers of register chains to 0 SRLs
Phase 7 Shift Register Optimization | Checksum: 215694190

Time (s): cpu = 00:00:01 ; elapsed = 00:00:58 . Memory (MB): peak = 2204.410 ; gain = 37.000
Shift Register Optimization | Checksum: 215694190
INFO: [Opt 31-389] Phase Shift Register Optimization created 0 cells and removed 0 cells

Phase 8 Post Processing Netlist
Phase 8 Post Processing Netlist | Checksum: 20d2a2b52

Time (s): cpu = 00:00:01 ; elapsed = 00:00:58 . Memory (MB): peak = 2204.410 ; gain = 37.000
Post Processing Netlist | Checksum: 20d2a2b52
INFO: [Opt 31-389] Phase Post Processing Netlist created 0 cells and removed 0 cells
INFO: [Opt 31-1021] In phase Post Processing Netlist, 57 netlist objects are constrained preventing optimization. Please run opt_design with -debug_log to get more detail. 

Phase 9 Finalization

Phase 9.1 Finalizing Design Cores and Updating Shapes
Phase 9.1 Finalizing Design Cores and Updating Shapes | Checksum: 1dbae0e71

Time (s): cpu = 00:00:01 ; elapsed = 00:00:58 . Memory (MB): peak = 2204.410 ; gain = 37.000

Phase 9.2 Verifying Netlist Connectivity

Starting Connectivity Check Task

Time (s): cpu = 00:00:00 ; elapsed = 00:00:00.009 . Memory (MB): peak = 2204.410 ; gain = 0.000
Phase 9.2 Verifying Netlist Connectivity | Checksum: 1dbae0e71

Time (s): cpu = 00:00:01 ; elapsed = 00:00:58 . Memory (MB): peak = 2204.410 ; gain = 37.000
Phase 9 Finalization | Checksum: 1dbae0e71

Time (s): cpu = 00:00:01 ; elapsed = 00:00:58 . Memory (MB): peak = 2204.410 ; gain = 37.000
Opt_design Change Summary
=========================


-------------------------------------------------------------------------------------------------------------------------
|  Phase                        |  #Cells created  |  #Cells Removed  |  #Constrained objects preventing optimizations  |
-------------------------------------------------------------------------------------------------------------------------
|  Retarget                     |               9  |              42  |                                             78  |
|  Constant propagation         |               0  |              24  |                                             50  |
|  Sweep                        |               0  |             210  |                                            924  |
|  BUFG optimization            |               0  |               0  |                                              1  |
|  Shift Register Optimization  |               0  |               0  |                                              0  |
|  Post Processing Netlist      |               0  |               0  |                                             57  |
-------------------------------------------------------------------------------------------------------------------------


Ending Logic Optimization Task | Checksum: 1dbae0e71

Time (s): cpu = 00:00:01 ; elapsed = 00:00:58 . Memory (MB): peak = 2204.410 ; gain = 37.000

Starting Power Optimization Task
INFO: [Pwropt 34-132] Skipping clock gating for clocks with a period < 2.00 ns.
INFO: [Pwropt 34-9] Applying IDT optimizations ...
INFO: [Pwropt 34-10] Applying ODC optimizations ...
INFO: [Timing 38-35] Done setting XDC timing constraints.
Running Vector-less Activity Propagation...

Finished Running Vector-less Activity Propagation


Starting PowerOpt Patch Enables Task
INFO: [Pwropt 34-162] WRITE_MODE attribute of 0 BRAM(s) out of a total of 1 has been updated to save power. Run report_power_opt to get a complete listing of the BRAMs updated.
INFO: [Pwropt 34-201] Structural ODC has moved 0 WE to EN ports
Number of BRAM Ports augmented: 1 newly gated: 0 Total Ports: 2
Ending PowerOpt Patch Enables Task | Checksum: 1c4a5fd13

Time (s): cpu = 00:00:00 ; elapsed = 00:00:00.037 . Memory (MB): peak = 2292.398 ; gain = 0.000
Ending Power Optimization Task | Checksum: 1c4a5fd13

Time (s): cpu = 00:00:01 ; elapsed = 00:00:02 . Memory (MB): peak = 2292.398 ; gain = 87.988

Starting Final Cleanup Task
Ending Final Cleanup Task | Checksum: 1c4a5fd13

Time (s): cpu = 00:00:00 ; elapsed = 00:00:00.002 . Memory (MB): peak = 2292.398 ; gain = 0.000

Starting Netlist Obfuscation Task
Netlist sorting complete. Time (s): cpu = 00:00:00 ; elapsed = 00:00:00.002 . Memory (MB): peak = 2292.398 ; gain = 0.000
Ending Netlist Obfuscation Task | Checksum: 1b9003fd9

Time (s): cpu = 00:00:00 ; elapsed = 00:00:00.004 . Memory (MB): peak = 2292.398 ; gain = 0.000
INFO: [Common 17-83] Releasing license: Implementation
60 Infos, 2 Warnings, 0 Critical Warnings and 0 Errors encountered.
opt_design completed successfully
opt_design: Time (s): cpu = 00:00:10 ; elapsed = 00:01:14 . Memory (MB): peak = 2292.398 ; gain = 1063.102
INFO: [Vivado 12-24828] Executing command : report_drc -file MC_wrapper_drc_opted.rpt -pb MC_wrapper_drc_opted.pb -rpx MC_wrapper_drc_opted.rpx
Command: report_drc -file MC_wrapper_drc_opted.rpt -pb MC_wrapper_drc_opted.pb -rpx MC_wrapper_drc_opted.rpx
INFO: [IP_Flow 19-1839] IP Catalog is up to date.
INFO: [DRC 23-27] Running DRC with 2 threads
INFO: [Vivado_Tcl 2-168] The results of DRC are in file C:/B_Git/MCS/MC/MC_V1/Vivado/Vivado.runs/impl_1/MC_wrapper_drc_opted.rpt.
report_drc completed successfully
INFO: [Timing 38-35] Done setting XDC timing constraints.
INFO: [Timing 38-480] Writing timing data to binary archive.
Write ShapeDB Complete: Time (s): cpu = 00:00:00 ; elapsed = 00:00:00.030 . Memory (MB): peak = 2292.398 ; gain = 0.000
Wrote PlaceDB: Time (s): cpu = 00:00:00 ; elapsed = 00:00:00.041 . Memory (MB): peak = 2292.398 ; gain = 0.000
Wrote PulsedLatchDB: Time (s): cpu = 00:00:00 ; elapsed = 00:00:00.002 . Memory (MB): peak = 2292.398 ; gain = 0.000
Writing XDEF routing.
Writing XDEF routing logical nets.
Writing XDEF routing special nets.
Wrote RouteStorage: Time (s): cpu = 00:00:00 ; elapsed = 00:00:00.263 . Memory (MB): peak = 2292.398 ; gain = 0.000
Wrote Netlist Cache: Time (s): cpu = 00:00:00 ; elapsed = 00:00:00.001 . Memory (MB): peak = 2292.398 ; gain = 0.000
Wrote Device Cache: Time (s): cpu = 00:00:00 ; elapsed = 00:00:00.022 . Memory (MB): peak = 2292.398 ; gain = 0.000
Write Physdb Complete: Time (s): cpu = 00:00:00 ; elapsed = 00:00:00.349 . Memory (MB): peak = 2292.398 ; gain = 0.000
INFO: [Common 17-1381] The checkpoint 'C:/B_Git/MCS/MC/MC_V1/Vivado/Vivado.runs/impl_1/MC_wrapper_opt.dcp' has been generated.
INFO: [Chipscope 16-240] Debug cores have already been implemented
Command: place_design
Attempting to get a license for feature 'Implementation' and/or device 'xc7z020'
INFO: [Common 17-349] Got license for feature 'Implementation' and/or device 'xc7z020'
INFO: [Common 17-83] Releasing license: Implementation
INFO: [DRC 23-27] Running DRC with 2 threads
INFO: [Vivado_Tcl 4-198] DRC finished with 0 Errors
INFO: [Vivado_Tcl 4-199] Please refer to the DRC report (report_drc) for more information.
Running DRC as a precondition to command place_design
INFO: [DRC 23-27] Running DRC with 2 threads
INFO: [Vivado_Tcl 4-198] DRC finished with 0 Errors
INFO: [Vivado_Tcl 4-199] Please refer to the DRC report (report_drc) for more information.
INFO: [Place 30-611] Multithreading enabled for place_design using a maximum of 2 CPUs

Starting Placer Task

Phase 1 Placer Initialization

Phase 1.1 Placer Initialization Netlist Sorting
Netlist sorting complete. Time (s): cpu = 00:00:00 ; elapsed = 00:00:00.002 . Memory (MB): peak = 2292.398 ; gain = 0.000
Phase 1.1 Placer Initialization Netlist Sorting | Checksum: 10f6072e7

Time (s): cpu = 00:00:00 ; elapsed = 00:00:00.019 . Memory (MB): peak = 2292.398 ; gain = 0.000
Netlist sorting complete. Time (s): cpu = 00:00:00 ; elapsed = 00:00:00.003 . Memory (MB): peak = 2292.398 ; gain = 0.000

Phase 1.2 IO Placement/ Clock Placement/ Build Placer Device
Phase 1.2 IO Placement/ Clock Placement/ Build Placer Device | Checksum: f6b51a1f

Time (s): cpu = 00:00:01 ; elapsed = 00:00:00.908 . Memory (MB): peak = 2292.398 ; gain = 0.000

Phase 1.3 Build Placer Netlist Model
Phase 1.3 Build Placer Netlist Model | Checksum: 1cf219535

Time (s): cpu = 00:00:01 ; elapsed = 00:00:02 . Memory (MB): peak = 2292.398 ; gain = 0.000

Phase 1.4 Constrain Clocks/Macros
Phase 1.4 Constrain Clocks/Macros | Checksum: 1cf219535

Time (s): cpu = 00:00:01 ; elapsed = 00:00:02 . Memory (MB): peak = 2292.398 ; gain = 0.000
Phase 1 Placer Initialization | Checksum: 1cf219535

Time (s): cpu = 00:00:01 ; elapsed = 00:00:02 . Memory (MB): peak = 2292.398 ; gain = 0.000

Phase 2 Global Placement

Phase 2.1 Floorplanning
Phase 2.1 Floorplanning | Checksum: 1e5943cb3

Time (s): cpu = 00:00:01 ; elapsed = 00:00:02 . Memory (MB): peak = 2292.398 ; gain = 0.000

Phase 2.2 Update Timing before SLR Path Opt
Phase 2.2 Update Timing before SLR Path Opt | Checksum: 11e75bd2f

Time (s): cpu = 00:00:01 ; elapsed = 00:00:03 . Memory (MB): peak = 2292.398 ; gain = 0.000

Phase 2.3 Post-Processing in Floorplanning
Phase 2.3 Post-Processing in Floorplanning | Checksum: 11e75bd2f

Time (s): cpu = 00:00:01 ; elapsed = 00:00:03 . Memory (MB): peak = 2292.398 ; gain = 0.000

Phase 2.4 Global Placement Core

Phase 2.4.1 UpdateTiming Before Physical Synthesis
Phase 2.4.1 UpdateTiming Before Physical Synthesis | Checksum: c7d1b14a

Time (s): cpu = 00:00:03 ; elapsed = 00:00:06 . Memory (MB): peak = 2292.398 ; gain = 0.000

Phase 2.4.2 Physical Synthesis In Placer
INFO: [Physopt 32-1035] Found 0 LUTNM shape to break, 130 LUT instances to create LUTNM shape
INFO: [Physopt 32-1044] Break lutnm for timing: one critical 0, two critical 0, total 0, new lutff created 0
INFO: [Physopt 32-1138] End 1 Pass. Optimized 58 nets or LUTs. Breaked 0 LUT, combined 58 existing LUTs and moved 0 existing LUT
INFO: [Physopt 32-65] No nets found for high-fanout optimization.
INFO: [Physopt 32-232] Optimized 0 net. Created 0 new instance.
INFO: [Physopt 32-775] End 1 Pass. Optimized 0 net or cell. Created 0 new cell, deleted 0 existing cell and moved 0 existing cell
INFO: [Physopt 32-670] No setup violation found.  DSP Register Optimization was not performed.
INFO: [Physopt 32-670] No setup violation found.  Shift Register to Pipeline Optimization was not performed.
INFO: [Physopt 32-670] No setup violation found.  Shift Register Optimization was not performed.
INFO: [Physopt 32-670] No setup violation found.  BRAM Register Optimization was not performed.
INFO: [Physopt 32-670] No setup violation found.  URAM Register Optimization was not performed.
INFO: [Physopt 32-949] No candidate nets found for dynamic/static region interface net replication
INFO: [Physopt 32-775] End 1 Pass. Optimized 0 net or cell. Created 0 new cell, deleted 0 existing cell and moved 0 existing cell
Netlist sorting complete. Time (s): cpu = 00:00:00 ; elapsed = 00:00:00.003 . Memory (MB): peak = 2292.398 ; gain = 0.000

Summary of Physical Synthesis Optimizations
============================================


-----------------------------------------------------------------------------------------------------------------------------------------------------------
|  Optimization                                     |  Added Cells  |  Removed Cells  |  Optimized Cells/Nets  |  Dont Touch  |  Iterations  |  Elapsed   |
-----------------------------------------------------------------------------------------------------------------------------------------------------------
|  LUT Combining                                    |            0  |             58  |                    58  |           0  |           1  |  00:00:00  |
|  Retime                                           |            0  |              0  |                     0  |           0  |           1  |  00:00:00  |
|  Very High Fanout                                 |            0  |              0  |                     0  |           0  |           1  |  00:00:00  |
|  DSP Register                                     |            0  |              0  |                     0  |           0  |           0  |  00:00:00  |
|  Shift Register to Pipeline                       |            0  |              0  |                     0  |           0  |           0  |  00:00:00  |
|  Shift Register                                   |            0  |              0  |                     0  |           0  |           0  |  00:00:00  |
|  BRAM Register                                    |            0  |              0  |                     0  |           0  |           0  |  00:00:00  |
|  URAM Register                                    |            0  |              0  |                     0  |           0  |           0  |  00:00:00  |
|  Dynamic/Static Region Interface Net Replication  |            0  |              0  |                     0  |           0  |           1  |  00:00:00  |
|  Total                                            |            0  |             58  |                    58  |           0  |           4  |  00:00:00  |
-----------------------------------------------------------------------------------------------------------------------------------------------------------


Phase 2.4.2 Physical Synthesis In Placer | Checksum: 178ed88ad

Time (s): cpu = 00:00:03 ; elapsed = 00:00:06 . Memory (MB): peak = 2292.398 ; gain = 0.000
Phase 2.4 Global Placement Core | Checksum: 1ea1e256b

Time (s): cpu = 00:00:03 ; elapsed = 00:00:06 . Memory (MB): peak = 2292.398 ; gain = 0.000
Phase 2 Global Placement | Checksum: 1ea1e256b

Time (s): cpu = 00:00:03 ; elapsed = 00:00:07 . Memory (MB): peak = 2292.398 ; gain = 0.000

Phase 3 Detail Placement

Phase 3.1 Commit Multi Column Macros
Phase 3.1 Commit Multi Column Macros | Checksum: 1cf3c2984

Time (s): cpu = 00:00:03 ; elapsed = 00:00:07 . Memory (MB): peak = 2292.398 ; gain = 0.000

Phase 3.2 Commit Most Macros & LUTRAMs
Phase 3.2 Commit Most Macros & LUTRAMs | Checksum: 284798c8d

Time (s): cpu = 00:00:03 ; elapsed = 00:00:07 . Memory (MB): peak = 2292.398 ; gain = 0.000

Phase 3.3 Area Swap Optimization
Phase 3.3 Area Swap Optimization | Checksum: 196d53d9b

Time (s): cpu = 00:00:03 ; elapsed = 00:00:07 . Memory (MB): peak = 2292.398 ; gain = 0.000

Phase 3.4 Pipeline Register Optimization
Phase 3.4 Pipeline Register Optimization | Checksum: 204869e1e

Time (s): cpu = 00:00:03 ; elapsed = 00:00:07 . Memory (MB): peak = 2292.398 ; gain = 0.000

Phase 3.5 Small Shape Detail Placement
Phase 3.5 Small Shape Detail Placement | Checksum: 26c126e0b

Time (s): cpu = 00:00:04 ; elapsed = 00:00:09 . Memory (MB): peak = 2292.398 ; gain = 0.000

Phase 3.6 Re-assign LUT pins
Phase 3.6 Re-assign LUT pins | Checksum: 252282271

Time (s): cpu = 00:00:04 ; elapsed = 00:00:09 . Memory (MB): peak = 2292.398 ; gain = 0.000

Phase 3.7 Pipeline Register Optimization
Phase 3.7 Pipeline Register Optimization | Checksum: 1ff0ecca2

Time (s): cpu = 00:00:04 ; elapsed = 00:00:09 . Memory (MB): peak = 2292.398 ; gain = 0.000
Phase 3 Detail Placement | Checksum: 1ff0ecca2

Time (s): cpu = 00:00:04 ; elapsed = 00:00:09 . Memory (MB): peak = 2292.398 ; gain = 0.000

Phase 4 Post Placement Optimization and Clean-Up

Phase 4.1 Post Commit Optimization
INFO: [Timing 38-35] Done setting XDC timing constraints.

Phase 4.1.1 Post Placement Optimization
Post Placement Optimization Initialization | Checksum: 172d8a3b4

Phase 4.1.1.1 BUFG Insertion

Starting Physical Synthesis Task

Phase 1 Physical Synthesis Initialization
INFO: [Physopt 32-721] Multithreading enabled for phys_opt_design using a maximum of 2 CPUs
INFO: [Physopt 32-619] Estimated Timing Summary | WNS=2.900 | TNS=0.000 |
Phase 1 Physical Synthesis Initialization | Checksum: 14732a33d

Time (s): cpu = 00:00:00 ; elapsed = 00:00:00.196 . Memory (MB): peak = 2292.398 ; gain = 0.000
INFO: [Place 46-56] BUFG insertion identified 0 candidate nets. Inserted BUFG: 0, Replicated BUFG Driver: 0, Skipped due to Placement/Routing Conflicts: 0, Skipped due to Timing Degradation: 0, Skipped due to netlist editing failed: 0.
Ending Physical Synthesis Task | Checksum: 181fc8bf0

Time (s): cpu = 00:00:01 ; elapsed = 00:00:00.227 . Memory (MB): peak = 2292.398 ; gain = 0.000
Phase 4.1.1.1 BUFG Insertion | Checksum: 172d8a3b4

Time (s): cpu = 00:00:05 ; elapsed = 00:00:10 . Memory (MB): peak = 2292.398 ; gain = 0.000

Phase 4.1.1.2 Post Placement Timing Optimization
INFO: [Place 30-746] Post Placement Timing Summary WNS=2.900. For the most accurate timing information please run report_timing.
Phase 4.1.1.2 Post Placement Timing Optimization | Checksum: 12b38e062

Time (s): cpu = 00:00:05 ; elapsed = 00:00:10 . Memory (MB): peak = 2292.398 ; gain = 0.000

Time (s): cpu = 00:00:05 ; elapsed = 00:00:10 . Memory (MB): peak = 2292.398 ; gain = 0.000
Phase 4.1 Post Commit Optimization | Checksum: 12b38e062

Time (s): cpu = 00:00:05 ; elapsed = 00:00:10 . Memory (MB): peak = 2292.398 ; gain = 0.000

Phase 4.2 Post Placement Cleanup
Phase 4.2 Post Placement Cleanup | Checksum: 12b38e062

Time (s): cpu = 00:00:05 ; elapsed = 00:00:10 . Memory (MB): peak = 2292.398 ; gain = 0.000

Phase 4.3 Placer Reporting

Phase 4.3.1 Print Estimated Congestion
INFO: [Place 30-612] Post-Placement Estimated Congestion 
 ____________________________________________________
|           | Global Congestion | Short Congestion  |
| Direction | Region Size       | Region Size       |
|___________|___________________|___________________|
|      North|                1x1|                1x1|
|___________|___________________|___________________|
|      South|                1x1|                1x1|
|___________|___________________|___________________|
|       East|                1x1|                1x1|
|___________|___________________|___________________|
|       West|                1x1|                1x1|
|___________|___________________|___________________|

Phase 4.3.1 Print Estimated Congestion | Checksum: 12b38e062

Time (s): cpu = 00:00:05 ; elapsed = 00:00:10 . Memory (MB): peak = 2292.398 ; gain = 0.000
Phase 4.3 Placer Reporting | Checksum: 12b38e062

Time (s): cpu = 00:00:05 ; elapsed = 00:00:10 . Memory (MB): peak = 2292.398 ; gain = 0.000

Phase 4.4 Final Placement Cleanup
Netlist sorting complete. Time (s): cpu = 00:00:00 ; elapsed = 00:00:00.002 . Memory (MB): peak = 2292.398 ; gain = 0.000

Time (s): cpu = 00:00:05 ; elapsed = 00:00:10 . Memory (MB): peak = 2292.398 ; gain = 0.000
Phase 4 Post Placement Optimization and Clean-Up | Checksum: 21b771476

Time (s): cpu = 00:00:05 ; elapsed = 00:00:10 . Memory (MB): peak = 2292.398 ; gain = 0.000
Ending Placer Task | Checksum: 1c89af312

Time (s): cpu = 00:00:05 ; elapsed = 00:00:10 . Memory (MB): peak = 2292.398 ; gain = 0.000
96 Infos, 2 Warnings, 0 Critical Warnings and 0 Errors encountered.
place_design completed successfully
place_design: Time (s): cpu = 00:00:07 ; elapsed = 00:00:13 . Memory (MB): peak = 2292.398 ; gain = 0.000
INFO: [Vivado 12-24838] Running report commands "report_control_sets, report_io, report_utilization" in parallel.
Running report generation with 2 threads.
INFO: [Vivado 12-24828] Executing command : report_io -file MC_wrapper_io_placed.rpt
report_io: Time (s): cpu = 00:00:00 ; elapsed = 00:00:00.108 . Memory (MB): peak = 2292.398 ; gain = 0.000
INFO: [Vivado 12-24828] Executing command : report_utilization -file MC_wrapper_utilization_placed.rpt -pb MC_wrapper_utilization_placed.pb
INFO: [Vivado 12-24828] Executing command : report_control_sets -verbose -file MC_wrapper_control_sets_placed.rpt
report_control_sets: Time (s): cpu = 00:00:00 ; elapsed = 00:00:00.025 . Memory (MB): peak = 2292.398 ; gain = 0.000
INFO: [Timing 38-480] Writing timing data to binary archive.
Write ShapeDB Complete: Time (s): cpu = 00:00:00 ; elapsed = 00:00:00.019 . Memory (MB): peak = 2292.398 ; gain = 0.000
Wrote PlaceDB: Time (s): cpu = 00:00:01 ; elapsed = 00:00:00.440 . Memory (MB): peak = 2292.398 ; gain = 0.000
Wrote PulsedLatchDB: Time (s): cpu = 00:00:00 ; elapsed = 00:00:00 . Memory (MB): peak = 2292.398 ; gain = 0.000
Writing XDEF routing.
Writing XDEF routing logical nets.
Writing XDEF routing special nets.
Wrote RouteStorage: Time (s): cpu = 00:00:00 ; elapsed = 00:00:00.037 . Memory (MB): peak = 2292.398 ; gain = 0.000
Wrote Netlist Cache: Time (s): cpu = 00:00:00 ; elapsed = 00:00:00.010 . Memory (MB): peak = 2292.398 ; gain = 0.000
Wrote Device Cache: Time (s): cpu = 00:00:00 ; elapsed = 00:00:00.020 . Memory (MB): peak = 2292.398 ; gain = 0.000
Write Physdb Complete: Time (s): cpu = 00:00:01 ; elapsed = 00:00:00.518 . Memory (MB): peak = 2292.398 ; gain = 0.000
INFO: [Common 17-1381] The checkpoint 'C:/B_Git/MCS/MC/MC_V1/Vivado/Vivado.runs/impl_1/MC_wrapper_placed.dcp' has been generated.
Command: phys_opt_design
Attempting to get a license for feature 'Implementation' and/or device 'xc7z020'
INFO: [Common 17-349] Got license for feature 'Implementation' and/or device 'xc7z020'

Starting Initial Update Timing Task

Time (s): cpu = 00:00:01 ; elapsed = 00:00:00.558 . Memory (MB): peak = 2292.398 ; gain = 0.000
INFO: [Vivado_Tcl 4-2279] Estimated Timing Summary | WNS= 2.900 | TNS= 0.000 | 
INFO: [Vivado_Tcl 4-383] Design worst setup slack (WNS) is greater than or equal to 0.000 ns. All physical synthesis setup optimizations will be skipped.
INFO: [Vivado_Tcl 4-232] No setup violation found. The netlist was not modified.
INFO: [Common 17-83] Releasing license: Implementation
107 Infos, 2 Warnings, 0 Critical Warnings and 0 Errors encountered.
phys_opt_design completed successfully
INFO: [Timing 38-480] Writing timing data to binary archive.
Write ShapeDB Complete: Time (s): cpu = 00:00:00 ; elapsed = 00:00:00.028 . Memory (MB): peak = 2292.398 ; gain = 0.000
Wrote PlaceDB: Time (s): cpu = 00:00:00 ; elapsed = 00:00:00.434 . Memory (MB): peak = 2292.398 ; gain = 0.000
Wrote PulsedLatchDB: Time (s): cpu = 00:00:00 ; elapsed = 00:00:00 . Memory (MB): peak = 2292.398 ; gain = 0.000
Writing XDEF routing.
Writing XDEF routing logical nets.
Writing XDEF routing special nets.
Wrote RouteStorage: Time (s): cpu = 00:00:00 ; elapsed = 00:00:00.049 . Memory (MB): peak = 2292.398 ; gain = 0.000
Wrote Netlist Cache: Time (s): cpu = 00:00:00 ; elapsed = 00:00:00.011 . Memory (MB): peak = 2292.398 ; gain = 0.000
Wrote Device Cache: Time (s): cpu = 00:00:00 ; elapsed = 00:00:00.024 . Memory (MB): peak = 2292.398 ; gain = 0.000
Write Physdb Complete: Time (s): cpu = 00:00:00 ; elapsed = 00:00:00.532 . Memory (MB): peak = 2292.398 ; gain = 0.000
INFO: [Common 17-1381] The checkpoint 'C:/B_Git/MCS/MC/MC_V1/Vivado/Vivado.runs/impl_1/MC_wrapper_physopt.dcp' has been generated.
Command: route_design
Attempting to get a license for feature 'Implementation' and/or device 'xc7z020'
INFO: [Common 17-349] Got license for feature 'Implementation' and/or device 'xc7z020'
Running DRC as a precondition to command route_design
INFO: [DRC 23-27] Running DRC with 2 threads
INFO: [Vivado_Tcl 4-198] DRC finished with 0 Errors
INFO: [Vivado_Tcl 4-199] Please refer to the DRC report (report_drc) for more information.


Starting Routing Task
INFO: [Route 35-254] Multithreading enabled for route_design using a maximum of 8 CPUs

Phase 1 Build RT Design
Checksum: PlaceDB: bf4c5a79 ConstDB: 0 ShapeSum: f35525a9 RouteDB: 15f972f0
Post Restoration Checksum: NetGraph: c4bcfc4a | NumContArr: 5f9676cd | Constraints: c2a8fa9d | Timing: c2a8fa9d
Phase 1 Build RT Design | Checksum: 2a9a56851

Time (s): cpu = 00:00:21 ; elapsed = 00:00:29 . Memory (MB): peak = 2412.059 ; gain = 119.660

Phase 2 Router Initialization

Phase 2.1 Fix Topology Constraints
Phase 2.1 Fix Topology Constraints | Checksum: 2a9a56851

Time (s): cpu = 00:00:21 ; elapsed = 00:00:29 . Memory (MB): peak = 2412.059 ; gain = 119.660

Phase 2.2 Pre Route Cleanup
Phase 2.2 Pre Route Cleanup | Checksum: 2a9a56851

Time (s): cpu = 00:00:21 ; elapsed = 00:00:29 . Memory (MB): peak = 2412.059 ; gain = 119.660
 Number of Nodes with overlaps = 0

Phase 2.3 Update Timing
Phase 2.3 Update Timing | Checksum: 2578ce6f0

Time (s): cpu = 00:00:22 ; elapsed = 00:00:31 . Memory (MB): peak = 2484.461 ; gain = 192.062
INFO: [Route 35-416] Intermediate Timing Summary | WNS=2.981  | TNS=0.000  | WHS=-0.168 | THS=-97.720|


Phase 2.4 Update Timing for Bus Skew

Phase 2.4.1 Update Timing
Phase 2.4.1 Update Timing | Checksum: 2c064e0c6

Time (s): cpu = 00:00:23 ; elapsed = 00:00:31 . Memory (MB): peak = 2484.461 ; gain = 192.062
INFO: [Route 35-416] Intermediate Timing Summary | WNS=2.981  | TNS=0.000  | WHS=-0.121 | THS=-3.781 |

Phase 2.4 Update Timing for Bus Skew | Checksum: 2c9b46854

Time (s): cpu = 00:00:23 ; elapsed = 00:00:32 . Memory (MB): peak = 2484.461 ; gain = 192.062

Router Utilization Summary
  Global Vertical Routing Utilization    = 0.0012944 %
  Global Horizontal Routing Utilization  = 0.00236646 %
  Routable Net Status*
  *Does not include unroutable nets such as driverless and loadless.
  Run report_route_status for detailed report.
  Number of Failed Nets               = 3929
    (Failed Nets is the sum of unrouted and partially routed nets)
  Number of Unrouted Nets             = 3928
  Number of Partially Routed Nets     = 1
  Number of Node Overlaps             = 0

Phase 2 Router Initialization | Checksum: 2365e4a9a

Time (s): cpu = 00:00:23 ; elapsed = 00:00:32 . Memory (MB): peak = 2504.254 ; gain = 211.855

Phase 3 Global Routing
Phase 3 Global Routing | Checksum: 2365e4a9a

Time (s): cpu = 00:00:23 ; elapsed = 00:00:32 . Memory (MB): peak = 2504.254 ; gain = 211.855

Phase 4 Initial Routing

Phase 4.1 Initial Net Routing Pass
Phase 4.1 Initial Net Routing Pass | Checksum: 1e77b4499

Time (s): cpu = 00:00:24 ; elapsed = 00:00:32 . Memory (MB): peak = 2504.254 ; gain = 211.855
Phase 4 Initial Routing | Checksum: 1e77b4499

Time (s): cpu = 00:00:24 ; elapsed = 00:00:32 . Memory (MB): peak = 2504.254 ; gain = 211.855

Phase 5 Rip-up And Reroute

Phase 5.1 Global Iteration 0
 Number of Nodes with overlaps = 233
 Number of Nodes with overlaps = 2
 Number of Nodes with overlaps = 0
INFO: [Route 35-416] Intermediate Timing Summary | WNS=3.277  | TNS=0.000  | WHS=N/A    | THS=N/A    |

Phase 5.1 Global Iteration 0 | Checksum: 2d88ae105

Time (s): cpu = 00:00:25 ; elapsed = 00:00:33 . Memory (MB): peak = 2504.254 ; gain = 211.855

Phase 5.2 Global Iteration 1
 Number of Nodes with overlaps = 1
 Number of Nodes with overlaps = 0
INFO: [Route 35-416] Intermediate Timing Summary | WNS=3.277  | TNS=0.000  | WHS=N/A    | THS=N/A    |

Phase 5.2 Global Iteration 1 | Checksum: 1e56093b3

Time (s): cpu = 00:00:25 ; elapsed = 00:00:34 . Memory (MB): peak = 2504.254 ; gain = 211.855
Phase 5 Rip-up And Reroute | Checksum: 1e56093b3

Time (s): cpu = 00:00:25 ; elapsed = 00:00:34 . Memory (MB): peak = 2504.254 ; gain = 211.855

Phase 6 Delay and Skew Optimization

Phase 6.1 Delay CleanUp
Phase 6.1 Delay CleanUp | Checksum: 1e56093b3

Time (s): cpu = 00:00:25 ; elapsed = 00:00:34 . Memory (MB): peak = 2504.254 ; gain = 211.855

Phase 6.2 Clock Skew Optimization
Phase 6.2 Clock Skew Optimization | Checksum: 1e56093b3

Time (s): cpu = 00:00:25 ; elapsed = 00:00:34 . Memory (MB): peak = 2504.254 ; gain = 211.855
Phase 6 Delay and Skew Optimization | Checksum: 1e56093b3

Time (s): cpu = 00:00:25 ; elapsed = 00:00:34 . Memory (MB): peak = 2504.254 ; gain = 211.855

Phase 7 Post Hold Fix

Phase 7.1 Hold Fix Iter
INFO: [Route 35-416] Intermediate Timing Summary | WNS=3.392  | TNS=0.000  | WHS=0.021  | THS=0.000  |

Phase 7.1 Hold Fix Iter | Checksum: 20060d07f

Time (s): cpu = 00:00:25 ; elapsed = 00:00:34 . Memory (MB): peak = 2504.254 ; gain = 211.855
Phase 7 Post Hold Fix | Checksum: 20060d07f

Time (s): cpu = 00:00:25 ; elapsed = 00:00:34 . Memory (MB): peak = 2504.254 ; gain = 211.855

Phase 8 Route finalize

Router Utilization Summary
  Global Vertical Routing Utilization    = 0.601118 %
  Global Horizontal Routing Utilization  = 0.701572 %
  Routable Net Status*
  *Does not include unroutable nets such as driverless and loadless.
  Run report_route_status for detailed report.
  Number of Failed Nets               = 0
    (Failed Nets is the sum of unrouted and partially routed nets)
  Number of Unrouted Nets             = 0
  Number of Partially Routed Nets     = 0
  Number of Node Overlaps             = 0

Phase 8 Route finalize | Checksum: 20060d07f

Time (s): cpu = 00:00:25 ; elapsed = 00:00:34 . Memory (MB): peak = 2504.254 ; gain = 211.855

Phase 9 Verifying routed nets

 Verification completed successfully
Phase 9 Verifying routed nets | Checksum: 20060d07f

Time (s): cpu = 00:00:25 ; elapsed = 00:00:34 . Memory (MB): peak = 2504.254 ; gain = 211.855

Phase 10 Depositing Routes
Phase 10 Depositing Routes | Checksum: 1fea7c186

Time (s): cpu = 00:00:26 ; elapsed = 00:00:34 . Memory (MB): peak = 2504.254 ; gain = 211.855

Phase 11 Post Process Routing
Phase 11 Post Process Routing | Checksum: 1fea7c186

Time (s): cpu = 00:00:26 ; elapsed = 00:00:34 . Memory (MB): peak = 2504.254 ; gain = 211.855

Phase 12 Post Router Timing
INFO: [Route 35-57] Estimated Timing Summary | WNS=3.392  | TNS=0.000  | WHS=0.021  | THS=0.000  |

INFO: [Route 35-327] The final timing numbers are based on the router estimated timing analysis. For a complete and accurate timing signoff, please run report_timing_summary.
Phase 12 Post Router Timing | Checksum: 1fea7c186

Time (s): cpu = 00:00:26 ; elapsed = 00:00:34 . Memory (MB): peak = 2504.254 ; gain = 211.855
Total Elapsed time in route_design: 34.207 secs

Phase 13 Post-Route Event Processing
Phase 13 Post-Route Event Processing | Checksum: 240373aad

Time (s): cpu = 00:00:26 ; elapsed = 00:00:34 . Memory (MB): peak = 2504.254 ; gain = 211.855
INFO: [Route 35-16] Router Completed Successfully
Ending Routing Task | Checksum: 240373aad

Time (s): cpu = 00:00:26 ; elapsed = 00:00:34 . Memory (MB): peak = 2504.254 ; gain = 211.855

Routing Is Done.
INFO: [Common 17-83] Releasing license: Implementation
123 Infos, 2 Warnings, 0 Critical Warnings and 0 Errors encountered.
route_design completed successfully
route_design: Time (s): cpu = 00:00:27 ; elapsed = 00:00:36 . Memory (MB): peak = 2504.254 ; gain = 211.855
INFO: [Vivado 12-24828] Executing command : report_drc -file MC_wrapper_drc_routed.rpt -pb MC_wrapper_drc_routed.pb -rpx MC_wrapper_drc_routed.rpx
Command: report_drc -file MC_wrapper_drc_routed.rpt -pb MC_wrapper_drc_routed.pb -rpx MC_wrapper_drc_routed.rpx
INFO: [IP_Flow 19-1839] IP Catalog is up to date.
INFO: [DRC 23-27] Running DRC with 2 threads
INFO: [Vivado_Tcl 2-168] The results of DRC are in file C:/B_Git/MCS/MC/MC_V1/Vivado/Vivado.runs/impl_1/MC_wrapper_drc_routed.rpt.
report_drc completed successfully
INFO: [Vivado 12-24828] Executing command : report_methodology -file MC_wrapper_methodology_drc_routed.rpt -pb MC_wrapper_methodology_drc_routed.pb -rpx MC_wrapper_methodology_drc_routed.rpx
Command: report_methodology -file MC_wrapper_methodology_drc_routed.rpt -pb MC_wrapper_methodology_drc_routed.pb -rpx MC_wrapper_methodology_drc_routed.rpx
INFO: [Timing 38-35] Done setting XDC timing constraints.
INFO: [DRC 23-133] Running Methodology with 2 threads
INFO: [Vivado_Tcl 2-1520] The results of Report Methodology are in file C:/B_Git/MCS/MC/MC_V1/Vivado/Vivado.runs/impl_1/MC_wrapper_methodology_drc_routed.rpt.
report_methodology completed successfully
INFO: [Vivado 12-24828] Executing command : report_timing_summary -max_paths 10 -report_unconstrained -file MC_wrapper_timing_summary_routed.rpt -pb MC_wrapper_timing_summary_routed.pb -rpx MC_wrapper_timing_summary_routed.rpx -warn_on_violation 
INFO: [Timing 38-35] Done setting XDC timing constraints.
INFO: [Timing 38-91] UpdateTimingParams: Speed grade: -1, Delay Type: min_max.
INFO: [Timing 38-191] Multithreading enabled for timing update using a maximum of 2 CPUs
WARNING: [Timing 38-436] There are set_bus_skew constraint(s) in this design. Please run report_bus_skew to ensure that bus skew requirements are met.
INFO: [Vivado 12-24838] Running report commands "report_incremental_reuse, report_route_status" in parallel.
Running report generation with 2 threads.
INFO: [Vivado 12-24828] Executing command : report_incremental_reuse -file MC_wrapper_incremental_reuse_routed.rpt
INFO: [Vivado_Tcl 4-1062] Incremental flow is disabled. No incremental reuse Info to report.
INFO: [Vivado 12-24828] Executing command : report_route_status -file MC_wrapper_route_status.rpt -pb MC_wrapper_route_status.pb
INFO: [Vivado 12-24828] Executing command : report_power -file MC_wrapper_power_routed.rpt -pb MC_wrapper_power_summary_routed.pb -rpx MC_wrapper_power_routed.rpx
Command: report_power -file MC_wrapper_power_routed.rpt -pb MC_wrapper_power_summary_routed.pb -rpx MC_wrapper_power_routed.rpx
Running Vector-less Activity Propagation...

Finished Running Vector-less Activity Propagation
140 Infos, 3 Warnings, 0 Critical Warnings and 0 Errors encountered.
report_power completed successfully
INFO: [Vivado 12-24828] Executing command : report_clock_utilization -file MC_wrapper_clock_utilization_routed.rpt
WARNING: [Device 21-9320] Failed to find the Oracle tile group with name 'HSR_BOUNDARY_TOP'. This is required for Clock regions and Virtual grid.
WARNING: [Device 21-2174] Failed to initialize Virtual grid.
INFO: [Vivado 12-24828] Executing command : report_bus_skew -warn_on_violation -file MC_wrapper_bus_skew_routed.rpt -pb MC_wrapper_bus_skew_routed.pb -rpx MC_wrapper_bus_skew_routed.rpx
INFO: [Timing 38-91] UpdateTimingParams: Speed grade: -1, Delay Type: min_max.
INFO: [Timing 38-191] Multithreading enabled for timing update using a maximum of 2 CPUs
generate_parallel_reports: Time (s): cpu = 00:00:06 ; elapsed = 00:00:09 . Memory (MB): peak = 2504.254 ; gain = 0.000
INFO: [Timing 38-480] Writing timing data to binary archive.
Write ShapeDB Complete: Time (s): cpu = 00:00:00 ; elapsed = 00:00:00.029 . Memory (MB): peak = 2504.254 ; gain = 0.000
Wrote PlaceDB: Time (s): cpu = 00:00:00 ; elapsed = 00:00:00.484 . Memory (MB): peak = 2504.254 ; gain = 0.000
Wrote PulsedLatchDB: Time (s): cpu = 00:00:00 ; elapsed = 00:00:00 . Memory (MB): peak = 2504.254 ; gain = 0.000
Writing XDEF routing.
Writing XDEF routing logical nets.
Writing XDEF routing special nets.
Wrote RouteStorage: Time (s): cpu = 00:00:00 ; elapsed = 00:00:00.135 . Memory (MB): peak = 2504.254 ; gain = 0.000
Wrote Netlist Cache: Time (s): cpu = 00:00:00 ; elapsed = 00:00:00.007 . Memory (MB): peak = 2504.254 ; gain = 0.000
Wrote Device Cache: Time (s): cpu = 00:00:00 ; elapsed = 00:00:00.026 . Memory (MB): peak = 2504.254 ; gain = 0.000
Write Physdb Complete: Time (s): cpu = 00:00:00 ; elapsed = 00:00:00.677 . Memory (MB): peak = 2504.254 ; gain = 0.000
INFO: [Common 17-1381] The checkpoint 'C:/B_Git/MCS/MC/MC_V1/Vivado/Vivado.runs/impl_1/MC_wrapper_routed.dcp' has been generated.
Command: write_bitstream -force MC_wrapper.bit
Attempting to get a license for feature 'Implementation' and/or device 'xc7z020'
INFO: [Common 17-349] Got license for feature 'Implementation' and/or device 'xc7z020'
Running DRC as a precondition to command write_bitstream
INFO: [IP_Flow 19-1839] IP Catalog is up to date.
INFO: [DRC 23-27] Running DRC with 2 threads
WARNING: [DRC PDCN-1569] LUT equation term check: Used physical LUT pin 'A1' of cell dbg_hub/inst/BSCANID.u_xsdbm_id/SWITCH_N_EXT_BSCAN.bscan_switch/temp_curid[31]_i_1 (pin dbg_hub/inst/BSCANID.u_xsdbm_id/SWITCH_N_EXT_BSCAN.bscan_switch/temp_curid[31]_i_1/I1) is not included in the LUT equation: 'O5=(A2*A4)+(A2*(~A4)*(~A3))+((~A2))'. If this cell is a user instantiated LUT in the design, please remove connectivity to the pin or change the equation and/or INIT string of the LUT to prevent this issue. If the cell is inferred or IP created LUT, please regenerate the IP and/or resynthesize the design to attempt to correct the issue.
WARNING: [DRC PDCN-1569] LUT equation term check: Used physical LUT pin 'A2' of cell dbg_hub/inst/BSCANID.u_xsdbm_id/SWITCH_N_EXT_BSCAN.id_state[0]_i_1 (pin dbg_hub/inst/BSCANID.u_xsdbm_id/SWITCH_N_EXT_BSCAN.id_state[0]_i_1/I0) is not included in the LUT equation: 'O6=(A6+~A6)*((A5))'. If this cell is a user instantiated LUT in the design, please remove connectivity to the pin or change the equation and/or INIT string of the LUT to prevent this issue. If the cell is inferred or IP created LUT, please regenerate the IP and/or resynthesize the design to attempt to correct the issue.
WARNING: [DRC PDCN-1569] LUT equation term check: Used physical LUT pin 'A5' of cell dbg_hub/inst/BSCANID.u_xsdbm_id/SWITCH_N_EXT_BSCAN.bscan_switch/temp_curid[31]_i_1 (pin dbg_hub/inst/BSCANID.u_xsdbm_id/SWITCH_N_EXT_BSCAN.bscan_switch/temp_curid[31]_i_1/I0) is not included in the LUT equation: 'O5=(A2*A4)+(A2*(~A4)*(~A3))+((~A2))'. If this cell is a user instantiated LUT in the design, please remove connectivity to the pin or change the equation and/or INIT string of the LUT to prevent this issue. If the cell is inferred or IP created LUT, please regenerate the IP and/or resynthesize the design to attempt to correct the issue.
WARNING: [DRC RTSTAT-10] No routable loads: 25 net(s) have no routable loads. The problem bus(es) and/or net(s) are dbg_hub/inst/BSCANID.u_xsdbm_id/SWITCH_N_EXT_BSCAN.bscan_inst/TMS, dbg_hub/inst/BSCANID.u_xsdbm_id/CORE_XSDB.UUT_MASTER/U_ICON_INTERFACE/U_CMD6_RD/U_RD_FIFO/SUBCORE_FIFO.xsdbm_v3_0_2_rdfifo_inst/inst_fifo_gen/gconvfifo.rf/grf.rf/gntv_or_sync_fifo.gl0.rd/gr1.gr1_int.rfwft/aempty_fwft_i, dbg_hub/inst/BSCANID.u_xsdbm_id/CORE_XSDB.UUT_MASTER/U_ICON_INTERFACE/U_CMD7_CTL/ctl_reg[2:0], dbg_hub/inst/BSCANID.u_xsdbm_id/CORE_XSDB.UUT_MASTER/U_ICON_INTERFACE/U_CMD1/ctl_reg_en_2[1], dbg_hub/inst/BSCANID.u_xsdbm_id/CORE_XSDB.UUT_MASTER/U_ICON_INTERFACE/U_CMD7_CTL/ctl_reg_en_2[1], dbg_hub/inst/BSCANID.u_xsdbm_id/SWITCH_N_EXT_BSCAN.bscan_switch/m_bscan_capture[0], dbg_hub/inst/BSCANID.u_xsdbm_id/SWITCH_N_EXT_BSCAN.bscan_switch/m_bscan_drck[0], dbg_hub/inst/BSCANID.u_xsdbm_id/SWITCH_N_EXT_BSCAN.bscan_switch/m_bscan_runtest[0], dbg_hub/inst/BSCANID.u_xsdbm_id/CORE_XSDB.UUT_MASTER/U_ICON_INTERFACE/U_CMD6_WR/U_WR_FIFO/SUBCORE_FIFO.xsdbm_v3_0_2_wrfifo_inst/inst_fifo_gen/gconvfifo.rf/grf.rf/rstblk/ngwrdrst.grst.rd_rst_reg[0], dbg_hub/inst/BSCANID.u_xsdbm_id/CORE_XSDB.UUT_MASTER/U_ICON_INTERFACE/U_CMD6_RD/U_RD_FIFO/SUBCORE_FIFO.xsdbm_v3_0_2_rdfifo_inst/inst_fifo_gen/gconvfifo.rf/grf.rf/rstblk/ngwrdrst.grst.wr_rst_reg[2], dbg_hub/inst/BSCANID.u_xsdbm_id/CORE_XSDB.UUT_MASTER/U_ICON_INTERFACE/U_CMD6_WR/U_WR_FIFO/SUBCORE_FIFO.xsdbm_v3_0_2_wrfifo_inst/inst_fifo_gen/gconvfifo.rf/grf.rf/rstblk/ngwrdrst.grst.wr_rst_reg[2], dbg_hub/inst/BSCANID.u_xsdbm_id/CORE_XSDB.UUT_MASTER/U_ICON_INTERFACE/U_CMD6_WR/U_WR_FIFO/SUBCORE_FIFO.xsdbm_v3_0_2_wrfifo_inst/inst_fifo_gen/gconvfifo.rf/grf.rf/gntv_or_sync_fifo.gl0.wr/gwhf.whf/overflow, dbg_hub/inst/BSCANID.u_xsdbm_id/CORE_XSDB.UUT_MASTER/U_ICON_INTERFACE/U_CMD6_RD/U_RD_FIFO/SUBCORE_FIFO.xsdbm_v3_0_2_rdfifo_inst/inst_fifo_gen/gconvfifo.rf/grf.rf/gntv_or_sync_fifo.gl0.wr/gwhf.whf/overflow, dbg_hub/inst/BSCANID.u_xsdbm_id/CORE_XSDB.UUT_MASTER/U_ICON_INTERFACE/U_CMD6_RD/U_RD_FIFO/SUBCORE_FIFO.xsdbm_v3_0_2_rdfifo_inst/inst_fifo_gen/gconvfifo.rf/grf.rf/gntv_or_sync_fifo.gl0.rd/gras.rsts/ram_empty_i, dbg_hub/inst/BSCANID.u_xsdbm_id/CORE_XSDB.UUT_MASTER/U_ICON_INTERFACE/U_CMD6_WR/U_WR_FIFO/SUBCORE_FIFO.xsdbm_v3_0_2_wrfifo_inst/inst_fifo_gen/gconvfifo.rf/grf.rf/gntv_or_sync_fifo.gl0.wr/gwas.wsts/ram_full_i... and (the first 15 of 23 listed).
INFO: [Vivado 12-3199] DRC finished with 0 Errors, 4 Warnings
INFO: [Vivado 12-3200] Please refer to the DRC report (report_drc) for more information.
INFO: [Designutils 20-2272] Running write_bitstream with 2 threads.
Loading data files...
Loading site data...
Loading route data...
Processing options...
Creating bitmap...
Creating bitstream...
Writing bitstream ./MC_wrapper.bit...
INFO: [Vivado 12-1842] Bitgen Completed Successfully.
INFO: [Project 1-1876] WebTalk data collection is mandatory when using a ULT device. To see the specific WebTalk data collected for your design, open the usage_statistics_webtalk.html or usage_statistics_webtalk.xml file in the implementation directory.
INFO: [Common 17-83] Releasing license: Implementation
155 Infos, 9 Warnings, 0 Critical Warnings and 0 Errors encountered.
write_bitstream completed successfully
write_bitstream: Time (s): cpu = 00:00:12 ; elapsed = 00:00:17 . Memory (MB): peak = 2920.609 ; gain = 416.355
INFO: [Common 17-206] Exiting Vivado at Thu Nov 14 08:37:37 2024...
